[1.792s] Invoking command in '/home/xinhongwang/nav2_ws/src/autopartol_robot': PYTHONPATH=/home/xinhongwang/nav2_ws/build/autopartol_robot/prefix_override:/usr/lib/python3/dist-packages/colcon_core/task/python/colcon_distutils_commands:/home/xinhongwang/nav2_ws/install/autopartol_robot/lib/python3.10/site-packages:${PYTHONPATH} /usr/bin/python3 -W ignore:setup.py install is deprecated -W ignore:easy_install command is deprecated setup.py egg_info --egg-base ../../build/autopartol_robot build --build-base /home/xinhongwang/nav2_ws/build/autopartol_robot/build install --record /home/xinhongwang/nav2_ws/build/autopartol_robot/install.log --single-version-externally-managed install_data
[2.142s] running egg_info
[2.144s] writing ../../build/autopartol_robot/autopartol_robot.egg-info/PKG-INFO
[2.146s] writing dependency_links to ../../build/autopartol_robot/autopartol_robot.egg-info/dependency_links.txt
[2.147s] writing entry points to ../../build/autopartol_robot/autopartol_robot.egg-info/entry_points.txt
[2.147s] writing requirements to ../../build/autopartol_robot/autopartol_robot.egg-info/requires.txt
[2.149s] writing top-level names to ../../build/autopartol_robot/autopartol_robot.egg-info/top_level.txt
[2.150s] reading manifest file '../../build/autopartol_robot/autopartol_robot.egg-info/SOURCES.txt'
[2.152s] writing manifest file '../../build/autopartol_robot/autopartol_robot.egg-info/SOURCES.txt'
[2.152s] running build
[2.152s] running build_py
[2.153s] copying autopartol_robot/partol_node.py -> /home/xinhongwang/nav2_ws/build/autopartol_robot/build/lib/autopartol_robot
[2.153s] copying autopartol_robot/speaker.py -> /home/xinhongwang/nav2_ws/build/autopartol_robot/build/lib/autopartol_robot
[2.154s] running install
[2.155s] running install_lib
[2.156s] copying /home/xinhongwang/nav2_ws/build/autopartol_robot/build/lib/autopartol_robot/partol_node.py -> /home/xinhongwang/nav2_ws/install/autopartol_robot/lib/python3.10/site-packages/autopartol_robot
[2.156s] copying /home/xinhongwang/nav2_ws/build/autopartol_robot/build/lib/autopartol_robot/speaker.py -> /home/xinhongwang/nav2_ws/install/autopartol_robot/lib/python3.10/site-packages/autopartol_robot
[2.156s] byte-compiling /home/xinhongwang/nav2_ws/install/autopartol_robot/lib/python3.10/site-packages/autopartol_robot/partol_node.py to partol_node.cpython-310.pyc
[2.158s] byte-compiling /home/xinhongwang/nav2_ws/install/autopartol_robot/lib/python3.10/site-packages/autopartol_robot/speaker.py to speaker.cpython-310.pyc
[2.159s] running install_data
[2.159s] copying launch/autopartol.launch.py -> /home/xinhongwang/nav2_ws/install/autopartol_robot/share/autopartol_robot/launch
[2.159s] running install_egg_info
[2.162s] removing '/home/xinhongwang/nav2_ws/install/autopartol_robot/lib/python3.10/site-packages/autopartol_robot-0.0.0-py3.10.egg-info' (and everything under it)
[2.166s] Copying ../../build/autopartol_robot/autopartol_robot.egg-info to /home/xinhongwang/nav2_ws/install/autopartol_robot/lib/python3.10/site-packages/autopartol_robot-0.0.0-py3.10.egg-info
[2.167s] running install_scripts
[2.196s] Installing partol_node script to /home/xinhongwang/nav2_ws/install/autopartol_robot/lib/autopartol_robot
[2.196s] Installing speaker script to /home/xinhongwang/nav2_ws/install/autopartol_robot/lib/autopartol_robot
[2.197s] writing list of installed files to '/home/xinhongwang/nav2_ws/build/autopartol_robot/install.log'
[2.275s] Invoked command in '/home/xinhongwang/nav2_ws/src/autopartol_robot' returned '0': PYTHONPATH=/home/xinhongwang/nav2_ws/build/autopartol_robot/prefix_override:/usr/lib/python3/dist-packages/colcon_core/task/python/colcon_distutils_commands:/home/xinhongwang/nav2_ws/install/autopartol_robot/lib/python3.10/site-packages:${PYTHONPATH} /usr/bin/python3 -W ignore:setup.py install is deprecated -W ignore:easy_install command is deprecated setup.py egg_info --egg-base ../../build/autopartol_robot build --build-base /home/xinhongwang/nav2_ws/build/autopartol_robot/build install --record /home/xinhongwang/nav2_ws/build/autopartol_robot/install.log --single-version-externally-managed install_data
