[1.343s] Invoking command in '/home/xinhongwang/nav2_ws/src/autopartol_robot': PYTHONPATH=/home/xinhongwang/nav2_ws/build/autopartol_robot/prefix_override:/usr/lib/python3/dist-packages/colcon_core/task/python/colcon_distutils_commands:/home/xinhongwang/nav2_ws/install/autopartol_robot/lib/python3.10/site-packages:${PYTHONPATH} /usr/bin/python3 -W ignore:setup.py install is deprecated -W ignore:easy_install command is deprecated setup.py egg_info --egg-base ../../build/autopartol_robot build --build-base /home/xinhongwang/nav2_ws/build/autopartol_robot/build install --record /home/xinhongwang/nav2_ws/build/autopartol_robot/install.log --single-version-externally-managed install_data
[1.653s] running egg_info
[1.654s] writing ../../build/autopartol_robot/autopartol_robot.egg-info/PKG-INFO
[1.654s] writing dependency_links to ../../build/autopartol_robot/autopartol_robot.egg-info/dependency_links.txt
[1.654s] writing entry points to ../../build/autopartol_robot/autopartol_robot.egg-info/entry_points.txt
[1.654s] writing requirements to ../../build/autopartol_robot/autopartol_robot.egg-info/requires.txt
[1.654s] writing top-level names to ../../build/autopartol_robot/autopartol_robot.egg-info/top_level.txt
[1.657s] reading manifest file '../../build/autopartol_robot/autopartol_robot.egg-info/SOURCES.txt'
[1.659s] writing manifest file '../../build/autopartol_robot/autopartol_robot.egg-info/SOURCES.txt'
[1.659s] running build
[1.659s] running build_py
[1.660s] copying autopartol_robot/speaker.py -> /home/xinhongwang/nav2_ws/build/autopartol_robot/build/lib/autopartol_robot
[1.661s] running install
[1.661s] running install_lib
[1.662s] copying /home/xinhongwang/nav2_ws/build/autopartol_robot/build/lib/autopartol_robot/speaker.py -> /home/xinhongwang/nav2_ws/install/autopartol_robot/lib/python3.10/site-packages/autopartol_robot
[1.663s] byte-compiling /home/xinhongwang/nav2_ws/install/autopartol_robot/lib/python3.10/site-packages/autopartol_robot/speaker.py to speaker.cpython-310.pyc
[1.665s] running install_data
[1.665s] running install_egg_info
[1.668s] removing '/home/xinhongwang/nav2_ws/install/autopartol_robot/lib/python3.10/site-packages/autopartol_robot-0.0.0-py3.10.egg-info' (and everything under it)
[1.672s] Copying ../../build/autopartol_robot/autopartol_robot.egg-info to /home/xinhongwang/nav2_ws/install/autopartol_robot/lib/python3.10/site-packages/autopartol_robot-0.0.0-py3.10.egg-info
[1.672s] running install_scripts
[1.697s] Installing partol_node script to /home/xinhongwang/nav2_ws/install/autopartol_robot/lib/autopartol_robot
[1.697s] Installing speaker script to /home/xinhongwang/nav2_ws/install/autopartol_robot/lib/autopartol_robot
[1.698s] writing list of installed files to '/home/xinhongwang/nav2_ws/build/autopartol_robot/install.log'
[1.737s] Invoked command in '/home/xinhongwang/nav2_ws/src/autopartol_robot' returned '0': PYTHONPATH=/home/xinhongwang/nav2_ws/build/autopartol_robot/prefix_override:/usr/lib/python3/dist-packages/colcon_core/task/python/colcon_distutils_commands:/home/xinhongwang/nav2_ws/install/autopartol_robot/lib/python3.10/site-packages:${PYTHONPATH} /usr/bin/python3 -W ignore:setup.py install is deprecated -W ignore:easy_install command is deprecated setup.py egg_info --egg-base ../../build/autopartol_robot build --build-base /home/xinhongwang/nav2_ws/build/autopartol_robot/build install --record /home/xinhongwang/nav2_ws/build/autopartol_robot/install.log --single-version-externally-managed install_data
