[1.606s] Invoking command in '/home/xinhongwang/nav2_ws/build/car_application': PYTHONPATH=/home/xinhongwang/nav2_ws/build/car_application/prefix_override:/usr/lib/python3/dist-packages/colcon_core/task/python/colcon_distutils_commands:/home/xinhongwang/nav2_ws/install/car_application/lib/python3.10/site-packages:${PYTHONPATH} /usr/bin/python3 -W ignore:setup.py install is deprecated -W ignore:easy_install command is deprecated setup.py develop --editable --build-directory /home/xinhongwang/nav2_ws/build/car_application/build --no-deps symlink_data
[1.964s] running develop
[2.189s] running egg_info
[2.189s] writing car_application.egg-info/PKG-INFO
[2.189s] writing dependency_links to car_application.egg-info/dependency_links.txt
[2.190s] writing entry points to car_application.egg-info/entry_points.txt
[2.190s] writing requirements to car_application.egg-info/requires.txt
[2.190s] writing top-level names to car_application.egg-info/top_level.txt
[2.193s] reading manifest file 'car_application.egg-info/SOURCES.txt'
[2.194s] writing manifest file 'car_application.egg-info/SOURCES.txt'
[2.196s] running build_ext
[2.196s] Creating /home/xinhongwang/nav2_ws/install/car_application/lib/python3.10/site-packages/car-application.egg-link (link to .)
[2.197s] Installing get_robot_pose script to /home/xinhongwang/nav2_ws/install/car_application/lib/car_application
[2.197s] Installing init_robot_pose script to /home/xinhongwang/nav2_ws/install/car_application/lib/car_application
[2.197s] Installing nav_to_pose script to /home/xinhongwang/nav2_ws/install/car_application/lib/car_application
[2.198s] Installing waypoint_follower script to /home/xinhongwang/nav2_ws/install/car_application/lib/car_application
[2.198s] 
[2.198s] Installed /home/xinhongwang/nav2_ws/build/car_application
[2.198s] running symlink_data
[2.242s] Invoked command in '/home/xinhongwang/nav2_ws/build/car_application' returned '0': PYTHONPATH=/home/xinhongwang/nav2_ws/build/car_application/prefix_override:/usr/lib/python3/dist-packages/colcon_core/task/python/colcon_distutils_commands:/home/xinhongwang/nav2_ws/install/car_application/lib/python3.10/site-packages:${PYTHONPATH} /usr/bin/python3 -W ignore:setup.py install is deprecated -W ignore:easy_install command is deprecated setup.py develop --editable --build-directory /home/xinhongwang/nav2_ws/build/car_application/build --no-deps symlink_data
