[2.101s] Invoking command in '/home/xinhongwang/nav2_ws/build/autopartol_robot': PYTHONPATH=/home/xinhongwang/nav2_ws/build/autopartol_robot/prefix_override:/usr/lib/python3/dist-packages/colcon_core/task/python/colcon_distutils_commands:/home/xinhongwang/nav2_ws/install/autopartol_robot/lib/python3.10/site-packages:${PYTHONPATH} /usr/bin/python3 -W ignore:setup.py install is deprecated -W ignore:easy_install command is deprecated setup.py develop --editable --build-directory /home/xinhongwang/nav2_ws/build/autopartol_robot/build --no-deps symlink_data
[2.685s] running develop
[3.036s] running egg_info
[3.039s] creating autopartol_robot.egg-info
[3.039s] writing autopartol_robot.egg-info/PKG-INFO
[3.039s] writing dependency_links to autopartol_robot.egg-info/dependency_links.txt
[3.039s] writing entry points to autopartol_robot.egg-info/entry_points.txt
[3.040s] writing requirements to autopartol_robot.egg-info/requires.txt
[3.040s] writing top-level names to autopartol_robot.egg-info/top_level.txt
[3.040s] writing manifest file 'autopartol_robot.egg-info/SOURCES.txt'
[3.041s] reading manifest file 'autopartol_robot.egg-info/SOURCES.txt'
[3.041s] writing manifest file 'autopartol_robot.egg-info/SOURCES.txt'
[3.045s] running build_ext
[3.045s] Creating /home/xinhongwang/nav2_ws/install/autopartol_robot/lib/python3.10/site-packages/autopartol-robot.egg-link (link to .)
[3.047s] Installing partol_node script to /home/xinhongwang/nav2_ws/install/autopartol_robot/lib/autopartol_robot
[3.047s] Installing speaker script to /home/xinhongwang/nav2_ws/install/autopartol_robot/lib/autopartol_robot
[3.048s] 
[3.048s] Installed /home/xinhongwang/nav2_ws/build/autopartol_robot
[3.049s] running symlink_data
[3.049s] creating /home/xinhongwang/nav2_ws/install/autopartol_robot/share/ament_index
[3.049s] creating /home/xinhongwang/nav2_ws/install/autopartol_robot/share/ament_index/resource_index
[3.049s] creating /home/xinhongwang/nav2_ws/install/autopartol_robot/share/ament_index/resource_index/packages
[3.050s] symbolically linking /home/xinhongwang/nav2_ws/build/autopartol_robot/resource/autopartol_robot -> /home/xinhongwang/nav2_ws/install/autopartol_robot/share/ament_index/resource_index/packages
[3.050s] symbolically linking /home/xinhongwang/nav2_ws/build/autopartol_robot/package.xml -> /home/xinhongwang/nav2_ws/install/autopartol_robot/share/autopartol_robot
[3.050s] creating /home/xinhongwang/nav2_ws/install/autopartol_robot/share/autopartol_robot/launch
[3.050s] symbolically linking /home/xinhongwang/nav2_ws/build/autopartol_robot/launch/autopartol.launch.py -> /home/xinhongwang/nav2_ws/install/autopartol_robot/share/autopartol_robot/launch
[3.050s] creating /home/xinhongwang/nav2_ws/install/autopartol_robot/share/autopartol_robot/config
[3.050s] symbolically linking /home/xinhongwang/nav2_ws/build/autopartol_robot/config/partol_config.yaml -> /home/xinhongwang/nav2_ws/install/autopartol_robot/share/autopartol_robot/config
[3.180s] Invoked command in '/home/xinhongwang/nav2_ws/build/autopartol_robot' returned '0': PYTHONPATH=/home/xinhongwang/nav2_ws/build/autopartol_robot/prefix_override:/usr/lib/python3/dist-packages/colcon_core/task/python/colcon_distutils_commands:/home/xinhongwang/nav2_ws/install/autopartol_robot/lib/python3.10/site-packages:${PYTHONPATH} /usr/bin/python3 -W ignore:setup.py install is deprecated -W ignore:easy_install command is deprecated setup.py develop --editable --build-directory /home/xinhongwang/nav2_ws/build/autopartol_robot/build --no-deps symlink_data
