[0.848s] Invoking command in '/home/xinhongwang/nav2_ws/build/cpp06_urdf': CMAKE_PREFIX_PATH=${CMAKE_PREFIX_PATH}:/home/xinhongwang/nav2_ws/install/car_application:/home/xinhongwang/nav2_ws/install/autopartol_robot:/home/xinhongwang/ws02_tools/install/car_application:/home/xinhongwang/ws02_tools/install/autopartol_robot:/opt/ros/humble /usr/bin/cmake /home/xinhongwang/nav2_ws/src/cpp06_urdf -DAMENT_CMAKE_SYMLINK_INSTALL=1 -DCMAKE_INSTALL_PREFIX=/home/xinhongwang/nav2_ws/install/cpp06_urdf
[0.974s] -- The C compiler identification is GNU 11.4.0
[1.111s] -- The CXX compiler identification is GNU 11.4.0
[1.137s] -- Detecting C compiler ABI info
[1.309s] -- Detecting C compiler ABI info - done
[1.341s] -- Check for working C compiler: /usr/bin/cc - skipped
[1.345s] -- Detecting C compile features
[1.346s] -- Detecting C compile features - done
[1.349s] -- Detecting CXX compiler ABI info
[1.525s] -- Detecting CXX compiler ABI info - done
[1.542s] -- Check for working CXX compiler: /usr/bin/c++ - skipped
[1.543s] -- Detecting CXX compile features
[1.544s] -- Detecting CXX compile features - done
[1.551s] -- Found ament_cmake: 1.3.11 (/opt/ros/humble/share/ament_cmake/cmake)
[1.923s] -- Found Python3: /usr/bin/python3 (found version "3.10.12") found components: Interpreter 
[2.075s] -- Override CMake install command with custom implementation using symlinks instead of copying resources
[2.186s] -- Found ament_lint_auto: 0.12.11 (/opt/ros/humble/share/ament_lint_auto/cmake)
[2.356s] -- Added test 'flake8' to check Python code syntax and style conventions
[2.359s] -- Added test 'lint_cmake' to check CMake code style
[2.361s] -- Added test 'pep257' to check Python code against some of the docstring style conventions in PEP 257
[2.369s] -- Added test 'xmllint' to check XML markup files
[2.374s] -- Configuring done
[2.380s] -- Generating done
[2.393s] -- Build files have been written to: /home/xinhongwang/nav2_ws/build/cpp06_urdf
[2.403s] Invoked command in '/home/xinhongwang/nav2_ws/build/cpp06_urdf' returned '0': CMAKE_PREFIX_PATH=${CMAKE_PREFIX_PATH}:/home/xinhongwang/nav2_ws/install/car_application:/home/xinhongwang/nav2_ws/install/autopartol_robot:/home/xinhongwang/ws02_tools/install/car_application:/home/xinhongwang/ws02_tools/install/autopartol_robot:/opt/ros/humble /usr/bin/cmake /home/xinhongwang/nav2_ws/src/cpp06_urdf -DAMENT_CMAKE_SYMLINK_INSTALL=1 -DCMAKE_INSTALL_PREFIX=/home/xinhongwang/nav2_ws/install/cpp06_urdf
[2.404s] Invoking command in '/home/xinhongwang/nav2_ws/build/cpp06_urdf': CMAKE_PREFIX_PATH=${CMAKE_PREFIX_PATH}:/home/xinhongwang/nav2_ws/install/car_application:/home/xinhongwang/nav2_ws/install/autopartol_robot:/home/xinhongwang/ws02_tools/install/car_application:/home/xinhongwang/ws02_tools/install/autopartol_robot:/opt/ros/humble /usr/bin/cmake --build /home/xinhongwang/nav2_ws/build/cpp06_urdf -- -j8 -l8
[2.498s] Invoked command in '/home/xinhongwang/nav2_ws/build/cpp06_urdf' returned '0': CMAKE_PREFIX_PATH=${CMAKE_PREFIX_PATH}:/home/xinhongwang/nav2_ws/install/car_application:/home/xinhongwang/nav2_ws/install/autopartol_robot:/home/xinhongwang/ws02_tools/install/car_application:/home/xinhongwang/ws02_tools/install/autopartol_robot:/opt/ros/humble /usr/bin/cmake --build /home/xinhongwang/nav2_ws/build/cpp06_urdf -- -j8 -l8
[2.532s] Invoking command in '/home/xinhongwang/nav2_ws/build/cpp06_urdf': CMAKE_PREFIX_PATH=${CMAKE_PREFIX_PATH}:/home/xinhongwang/nav2_ws/install/car_application:/home/xinhongwang/nav2_ws/install/autopartol_robot:/home/xinhongwang/ws02_tools/install/car_application:/home/xinhongwang/ws02_tools/install/autopartol_robot:/opt/ros/humble /usr/bin/cmake --install /home/xinhongwang/nav2_ws/build/cpp06_urdf
[2.561s] -- Install configuration: ""
[2.563s] -- Execute custom install script
[2.563s] -- Symlinking: /home/xinhongwang/nav2_ws/install/cpp06_urdf/share/cpp06_urdf/launch/cartographer.launch.py
[2.597s] -- Symlinking: /home/xinhongwang/nav2_ws/install/cpp06_urdf/share/cpp06_urdf/launch/display.launch.py
[2.615s] -- Symlinking: /home/xinhongwang/nav2_ws/install/cpp06_urdf/share/cpp06_urdf/launch/gazebo_sim.launch.py
[2.635s] -- Symlinking: /home/xinhongwang/nav2_ws/install/cpp06_urdf/share/cpp06_urdf/rviz/urdf.rviz
[2.655s] -- Symlinking: /home/xinhongwang/nav2_ws/install/cpp06_urdf/share/cpp06_urdf/urdf/model.config
[2.685s] -- Symlinking: /home/xinhongwang/nav2_ws/install/cpp06_urdf/share/cpp06_urdf/urdf/urdf/demo01_helloworld.urdf
[2.709s] -- Symlinking: /home/xinhongwang/nav2_ws/install/cpp06_urdf/share/cpp06_urdf/urdf/urdf/demo02_link.urdf
[2.737s] -- Symlinking: /home/xinhongwang/nav2_ws/install/cpp06_urdf/share/cpp06_urdf/urdf/urdf/demo03_joint.urdf
[2.760s] -- Symlinking: /home/xinhongwang/nav2_ws/install/cpp06_urdf/share/cpp06_urdf/urdf/urdf/demo04_basefootprint.urdf
[2.786s] -- Symlinking: /home/xinhongwang/nav2_ws/install/cpp06_urdf/share/cpp06_urdf/urdf/urdf/demo05_exercise.urdf
[2.829s] -- Symlinking: /home/xinhongwang/nav2_ws/install/cpp06_urdf/share/cpp06_urdf/urdf/urdf/fish_robot.urdf
[2.872s] -- Symlinking: /home/xinhongwang/nav2_ws/install/cpp06_urdf/share/cpp06_urdf/urdf/urdf/my_car.gv
[2.919s] -- Symlinking: /home/xinhongwang/nav2_ws/install/cpp06_urdf/share/cpp06_urdf/urdf/urdf/my_car.pdf
[2.946s] -- Symlinking: /home/xinhongwang/nav2_ws/install/cpp06_urdf/share/cpp06_urdf/urdf/urdf/two_wheels.urdf
[2.989s] -- Symlinking: /home/xinhongwang/nav2_ws/install/cpp06_urdf/share/cpp06_urdf/urdf/xacro/car.urdf.xacro
[3.018s] -- Symlinking: /home/xinhongwang/nav2_ws/install/cpp06_urdf/share/cpp06_urdf/urdf/xacro/car_base.urdf.xacro
[3.061s] -- Symlinking: /home/xinhongwang/nav2_ws/install/cpp06_urdf/share/cpp06_urdf/urdf/xacro/car_camera.urdf.xacro
[3.098s] -- Symlinking: /home/xinhongwang/nav2_ws/install/cpp06_urdf/share/cpp06_urdf/urdf/xacro/car_caster.urdf.xacro
[3.121s] -- Symlinking: /home/xinhongwang/nav2_ws/install/cpp06_urdf/share/cpp06_urdf/urdf/xacro/car_control.urdf.xacro
[3.152s] -- Symlinking: /home/xinhongwang/nav2_ws/install/cpp06_urdf/share/cpp06_urdf/urdf/xacro/car_imu.urdf.xacro
[3.179s] -- Symlinking: /home/xinhongwang/nav2_ws/install/cpp06_urdf/share/cpp06_urdf/urdf/xacro/car_laser.urdf.xacro
[3.210s] -- Symlinking: /home/xinhongwang/nav2_ws/install/cpp06_urdf/share/cpp06_urdf/urdf/xacro/common_inertia.xacro
[3.245s] -- Symlinking: /home/xinhongwang/nav2_ws/install/cpp06_urdf/share/cpp06_urdf/urdf/xacro/demo01_helloworld.urdf.xacro
[3.261s] -- Symlinking: /home/xinhongwang/nav2_ws/install/cpp06_urdf/share/cpp06_urdf/urdf/xacro/demo02_base_pro.urdf.xacro
[3.289s] -- Symlinking: /home/xinhongwang/nav2_ws/install/cpp06_urdf/share/cpp06_urdf/urdf/xacro/demo03_base_func.urdf.xacro
[3.308s] -- Symlinking: /home/xinhongwang/nav2_ws/install/cpp06_urdf/share/cpp06_urdf/urdf/xacro/demo04_base_include.urdf.xacro
[3.327s] -- Symlinking: /home/xinhongwang/nav2_ws/install/cpp06_urdf/share/cpp06_urdf/urdf/xacro/gazebo_control_plugin.xacro
[3.349s] -- Symlinking: /home/xinhongwang/nav2_ws/install/cpp06_urdf/share/cpp06_urdf/urdf/xacro/gazebo_sensor_plugin.xacro
[3.366s] -- Symlinking: /home/xinhongwang/nav2_ws/install/cpp06_urdf/share/cpp06_urdf/meshes/burger_base.stl
[3.384s] -- Symlinking: /home/xinhongwang/nav2_ws/install/cpp06_urdf/share/cpp06_urdf/worlds/custom_room.world
[3.403s] -- Symlinking: /home/xinhongwang/nav2_ws/install/cpp06_urdf/share/cpp06_urdf/worlds/empty.world
[3.421s] -- Symlinking: /home/xinhongwang/nav2_ws/install/cpp06_urdf/share/cpp06_urdf/worlds/house1
[3.444s] -- Symlinking: /home/xinhongwang/nav2_ws/install/cpp06_urdf/share/cpp06_urdf/worlds/house2
[3.466s] -- Symlinking: /home/xinhongwang/nav2_ws/install/cpp06_urdf/share/cpp06_urdf/worlds/house3
[3.483s] -- Symlinking: /home/xinhongwang/nav2_ws/install/cpp06_urdf/share/cpp06_urdf/worlds/room/model.config
[3.504s] -- Symlinking: /home/xinhongwang/nav2_ws/install/cpp06_urdf/share/cpp06_urdf/worlds/room/model.sdf
[3.524s] -- Symlinking: /home/xinhongwang/nav2_ws/install/cpp06_urdf/share/cpp06_urdf/worlds/room1/model.config
[3.546s] -- Symlinking: /home/xinhongwang/nav2_ws/install/cpp06_urdf/share/cpp06_urdf/worlds/room1/model.sdf
[3.575s] -- Symlinking: /home/xinhongwang/nav2_ws/install/cpp06_urdf/share/cpp06_urdf/worlds/room2/model.config
[3.603s] -- Symlinking: /home/xinhongwang/nav2_ws/install/cpp06_urdf/share/cpp06_urdf/worlds/room2/model.sdf
[3.630s] -- Symlinking: /home/xinhongwang/nav2_ws/install/cpp06_urdf/share/cpp06_urdf/worlds/room3/model.config
[3.652s] -- Symlinking: /home/xinhongwang/nav2_ws/install/cpp06_urdf/share/cpp06_urdf/worlds/room3/model.sdf
[3.675s] -- Symlinking: /home/xinhongwang/nav2_ws/install/cpp06_urdf/share/cpp06_urdf/config/car_controller.yaml
[3.696s] -- Symlinking: /home/xinhongwang/nav2_ws/install/cpp06_urdf/share/cpp06_urdf/config/cartographer.lua
[3.716s] -- Symlinking: /home/xinhongwang/nav2_ws/install/cpp06_urdf/share/cpp06_urdf/config/display_robot_model.rviz
[3.734s] -- Symlinking: /home/xinhongwang/nav2_ws/install/cpp06_urdf/share/ament_index/resource_index/package_run_dependencies/cpp06_urdf
[3.759s] -- Symlinking: /home/xinhongwang/nav2_ws/install/cpp06_urdf/share/ament_index/resource_index/parent_prefix_path/cpp06_urdf
[3.795s] -- Symlinking: /home/xinhongwang/nav2_ws/install/cpp06_urdf/share/cpp06_urdf/environment/ament_prefix_path.sh
[3.817s] -- Symlinking: /home/xinhongwang/nav2_ws/install/cpp06_urdf/share/cpp06_urdf/environment/ament_prefix_path.dsv
[3.850s] -- Symlinking: /home/xinhongwang/nav2_ws/install/cpp06_urdf/share/cpp06_urdf/environment/path.sh
[3.880s] -- Symlinking: /home/xinhongwang/nav2_ws/install/cpp06_urdf/share/cpp06_urdf/environment/path.dsv
[3.900s] -- Symlinking: /home/xinhongwang/nav2_ws/install/cpp06_urdf/share/cpp06_urdf/local_setup.bash
[3.931s] -- Symlinking: /home/xinhongwang/nav2_ws/install/cpp06_urdf/share/cpp06_urdf/local_setup.sh
[3.970s] -- Symlinking: /home/xinhongwang/nav2_ws/install/cpp06_urdf/share/cpp06_urdf/local_setup.zsh
[4.005s] -- Symlinking: /home/xinhongwang/nav2_ws/install/cpp06_urdf/share/cpp06_urdf/local_setup.dsv
[4.029s] -- Symlinking: /home/xinhongwang/nav2_ws/install/cpp06_urdf/share/cpp06_urdf/package.dsv
[4.055s] -- Symlinking: /home/xinhongwang/nav2_ws/install/cpp06_urdf/share/ament_index/resource_index/packages/cpp06_urdf
[4.093s] -- Symlinking: /home/xinhongwang/nav2_ws/install/cpp06_urdf/share/cpp06_urdf/cmake/cpp06_urdfConfig.cmake
[4.134s] -- Symlinking: /home/xinhongwang/nav2_ws/install/cpp06_urdf/share/cpp06_urdf/cmake/cpp06_urdfConfig-version.cmake
[4.166s] -- Symlinking: /home/xinhongwang/nav2_ws/install/cpp06_urdf/share/cpp06_urdf/package.xml
[4.209s] Invoked command in '/home/xinhongwang/nav2_ws/build/cpp06_urdf' returned '0': CMAKE_PREFIX_PATH=${CMAKE_PREFIX_PATH}:/home/xinhongwang/nav2_ws/install/car_application:/home/xinhongwang/nav2_ws/install/autopartol_robot:/home/xinhongwang/ws02_tools/install/car_application:/home/xinhongwang/ws02_tools/install/autopartol_robot:/opt/ros/humble /usr/bin/cmake --install /home/xinhongwang/nav2_ws/build/cpp06_urdf
