[2.070s] Invoking command in '/home/xinhongwang/nav2_ws/build/car_application': PYTHONPATH=/home/xinhongwang/nav2_ws/build/car_application/prefix_override:/usr/lib/python3/dist-packages/colcon_core/task/python/colcon_distutils_commands:/home/xinhongwang/nav2_ws/install/car_application/lib/python3.10/site-packages:${PYTHONPATH} /usr/bin/python3 -W ignore:setup.py install is deprecated -W ignore:easy_install command is deprecated setup.py develop --editable --build-directory /home/xinhongwang/nav2_ws/build/car_application/build --no-deps symlink_data
[2.593s] running develop
[2.982s] running egg_info
[2.983s] creating car_application.egg-info
[2.983s] writing car_application.egg-info/PKG-INFO
[2.983s] writing dependency_links to car_application.egg-info/dependency_links.txt
[2.983s] writing entry points to car_application.egg-info/entry_points.txt
[2.987s] writing requirements to car_application.egg-info/requires.txt
[2.987s] writing top-level names to car_application.egg-info/top_level.txt
[2.987s] writing manifest file 'car_application.egg-info/SOURCES.txt'
[2.991s] reading manifest file 'car_application.egg-info/SOURCES.txt'
[2.992s] writing manifest file 'car_application.egg-info/SOURCES.txt'
[2.999s] running build_ext
[3.001s] Creating /home/xinhongwang/nav2_ws/install/car_application/lib/python3.10/site-packages/car-application.egg-link (link to .)
[3.002s] Installing get_robot_pose script to /home/xinhongwang/nav2_ws/install/car_application/lib/car_application
[3.002s] Installing init_robot_pose script to /home/xinhongwang/nav2_ws/install/car_application/lib/car_application
[3.002s] Installing nav_to_pose script to /home/xinhongwang/nav2_ws/install/car_application/lib/car_application
[3.002s] Installing waypoint_follower script to /home/xinhongwang/nav2_ws/install/car_application/lib/car_application
[3.002s] 
[3.002s] Installed /home/xinhongwang/nav2_ws/build/car_application
[3.002s] running symlink_data
[3.002s] creating /home/xinhongwang/nav2_ws/install/car_application/share/ament_index
[3.002s] creating /home/xinhongwang/nav2_ws/install/car_application/share/ament_index/resource_index
[3.002s] creating /home/xinhongwang/nav2_ws/install/car_application/share/ament_index/resource_index/packages
[3.002s] symbolically linking /home/xinhongwang/nav2_ws/build/car_application/resource/car_application -> /home/xinhongwang/nav2_ws/install/car_application/share/ament_index/resource_index/packages
[3.003s] symbolically linking /home/xinhongwang/nav2_ws/build/car_application/package.xml -> /home/xinhongwang/nav2_ws/install/car_application/share/car_application
[3.092s] Invoked command in '/home/xinhongwang/nav2_ws/build/car_application' returned '0': PYTHONPATH=/home/xinhongwang/nav2_ws/build/car_application/prefix_override:/usr/lib/python3/dist-packages/colcon_core/task/python/colcon_distutils_commands:/home/xinhongwang/nav2_ws/install/car_application/lib/python3.10/site-packages:${PYTHONPATH} /usr/bin/python3 -W ignore:setup.py install is deprecated -W ignore:easy_install command is deprecated setup.py develop --editable --build-directory /home/xinhongwang/nav2_ws/build/car_application/build --no-deps symlink_data
