[0.386s] DEBUG:colcon:Command line arguments: ['/usr/bin/colcon', 'build']
[0.386s] DEBUG:colcon:Parsed command line arguments: Namespace(log_base=None, log_level=None, verb_name='build', build_base='build', install_base='install', merge_install=False, symlink_install=False, test_result_base=None, continue_on_error=False, executor='parallel', parallel_workers=8, event_handlers=None, ignore_user_meta=False, metas=['./colcon.meta'], base_paths=['.'], packages_ignore=None, packages_ignore_regex=None, paths=None, packages_up_to=None, packages_up_to_regex=None, packages_above=None, packages_above_and_dependencies=None, packages_above_depth=None, packages_select_by_dep=None, packages_skip_by_dep=None, packages_skip_up_to=None, packages_select_build_failed=False, packages_skip_build_finished=False, packages_select_test_failures=False, packages_skip_test_passed=False, packages_select=None, packages_skip=None, packages_select_regex=None, packages_skip_regex=None, packages_start=None, packages_end=None, allow_overriding=[], cmake_args=None, cmake_target=None, cmake_target_skip_unavailable=False, cmake_clean_cache=False, cmake_clean_first=False, cmake_force_configure=False, ament_cmake_args=None, catkin_cmake_args=None, catkin_skip_building_tests=False, verb_parser=<colcon_defaults.argument_parser.defaults.DefaultArgumentsDecorator object at 0x70e7eee5dde0>, verb_extension=<colcon_core.verb.build.BuildVerb object at 0x70e7eee5d900>, main=<bound method BuildVerb.main of <colcon_core.verb.build.BuildVerb object at 0x70e7eee5d900>>)
[0.733s] Level 1:colcon.colcon_core.package_discovery:discover_packages(colcon_meta) check parameters
[0.733s] Level 1:colcon.colcon_core.package_discovery:discover_packages(recursive) check parameters
[0.733s] Level 1:colcon.colcon_core.package_discovery:discover_packages(ignore) check parameters
[0.733s] Level 1:colcon.colcon_core.package_discovery:discover_packages(path) check parameters
[0.733s] Level 1:colcon.colcon_core.package_discovery:discover_packages(colcon_meta) discover
[0.734s] Level 1:colcon.colcon_core.package_discovery:discover_packages(recursive) discover
[0.734s] INFO:colcon.colcon_core.package_discovery:Crawling recursively for packages in '/home/xinhongwang/nav2_ws'
[0.734s] Level 1:colcon.colcon_core.package_identification:_identify(.) by extensions ['ignore', 'ignore_ament_install']
[0.734s] Level 1:colcon.colcon_core.package_identification:_identify(.) by extension 'ignore'
[0.734s] Level 1:colcon.colcon_core.package_identification:_identify(.) by extension 'ignore_ament_install'
[0.734s] Level 1:colcon.colcon_core.package_identification:_identify(.) by extensions ['colcon_pkg']
[0.734s] Level 1:colcon.colcon_core.package_identification:_identify(.) by extension 'colcon_pkg'
[0.734s] Level 1:colcon.colcon_core.package_identification:_identify(.) by extensions ['colcon_meta']
[0.734s] Level 1:colcon.colcon_core.package_identification:_identify(.) by extension 'colcon_meta'
[0.734s] Level 1:colcon.colcon_core.package_identification:_identify(.) by extensions ['ros']
[0.734s] Level 1:colcon.colcon_core.package_identification:_identify(.) by extension 'ros'
[0.748s] Level 1:colcon.colcon_core.package_identification:_identify(.) by extensions ['cmake', 'python']
[0.749s] Level 1:colcon.colcon_core.package_identification:_identify(.) by extension 'cmake'
[0.749s] Level 1:colcon.colcon_core.package_identification:_identify(.) by extension 'python'
[0.749s] Level 1:colcon.colcon_core.package_identification:_identify(.) by extensions ['python_setup_py']
[0.749s] Level 1:colcon.colcon_core.package_identification:_identify(.) by extension 'python_setup_py'
[0.749s] Level 1:colcon.colcon_core.package_identification:_identify(build) by extensions ['ignore', 'ignore_ament_install']
[0.749s] Level 1:colcon.colcon_core.package_identification:_identify(build) by extension 'ignore'
[0.749s] Level 1:colcon.colcon_core.package_identification:_identify(build) ignored
[0.749s] Level 1:colcon.colcon_core.package_identification:_identify(install) by extensions ['ignore', 'ignore_ament_install']
[0.749s] Level 1:colcon.colcon_core.package_identification:_identify(install) by extension 'ignore'
[0.749s] Level 1:colcon.colcon_core.package_identification:_identify(install) ignored
[0.749s] Level 1:colcon.colcon_core.package_identification:_identify(log) by extensions ['ignore', 'ignore_ament_install']
[0.750s] Level 1:colcon.colcon_core.package_identification:_identify(log) by extension 'ignore'
[0.750s] Level 1:colcon.colcon_core.package_identification:_identify(log) ignored
[0.750s] Level 1:colcon.colcon_core.package_identification:_identify(src) by extensions ['ignore', 'ignore_ament_install']
[0.750s] Level 1:colcon.colcon_core.package_identification:_identify(src) by extension 'ignore'
[0.750s] Level 1:colcon.colcon_core.package_identification:_identify(src) by extension 'ignore_ament_install'
[0.750s] Level 1:colcon.colcon_core.package_identification:_identify(src) by extensions ['colcon_pkg']
[0.750s] Level 1:colcon.colcon_core.package_identification:_identify(src) by extension 'colcon_pkg'
[0.750s] Level 1:colcon.colcon_core.package_identification:_identify(src) by extensions ['colcon_meta']
[0.750s] Level 1:colcon.colcon_core.package_identification:_identify(src) by extension 'colcon_meta'
[0.750s] Level 1:colcon.colcon_core.package_identification:_identify(src) by extensions ['ros']
[0.750s] Level 1:colcon.colcon_core.package_identification:_identify(src) by extension 'ros'
[0.750s] Level 1:colcon.colcon_core.package_identification:_identify(src) by extensions ['cmake', 'python']
[0.750s] Level 1:colcon.colcon_core.package_identification:_identify(src) by extension 'cmake'
[0.750s] Level 1:colcon.colcon_core.package_identification:_identify(src) by extension 'python'
[0.750s] Level 1:colcon.colcon_core.package_identification:_identify(src) by extensions ['python_setup_py']
[0.750s] Level 1:colcon.colcon_core.package_identification:_identify(src) by extension 'python_setup_py'
[0.751s] Level 1:colcon.colcon_core.package_identification:_identify(src/autopartol_interfaces) by extensions ['ignore', 'ignore_ament_install']
[0.751s] Level 1:colcon.colcon_core.package_identification:_identify(src/autopartol_interfaces) by extension 'ignore'
[0.751s] Level 1:colcon.colcon_core.package_identification:_identify(src/autopartol_interfaces) by extension 'ignore_ament_install'
[0.751s] Level 1:colcon.colcon_core.package_identification:_identify(src/autopartol_interfaces) by extensions ['colcon_pkg']
[0.751s] Level 1:colcon.colcon_core.package_identification:_identify(src/autopartol_interfaces) by extension 'colcon_pkg'
[0.751s] Level 1:colcon.colcon_core.package_identification:_identify(src/autopartol_interfaces) by extensions ['colcon_meta']
[0.751s] Level 1:colcon.colcon_core.package_identification:_identify(src/autopartol_interfaces) by extension 'colcon_meta'
[0.751s] Level 1:colcon.colcon_core.package_identification:_identify(src/autopartol_interfaces) by extensions ['ros']
[0.751s] Level 1:colcon.colcon_core.package_identification:_identify(src/autopartol_interfaces) by extension 'ros'
[0.755s] DEBUG:colcon.colcon_core.package_identification:Package 'src/autopartol_interfaces' with type 'ros.ament_cmake' and name 'autopartol_interfaces'
[0.756s] Level 1:colcon.colcon_core.package_identification:_identify(src/autopartol_robot) by extensions ['ignore', 'ignore_ament_install']
[0.756s] Level 1:colcon.colcon_core.package_identification:_identify(src/autopartol_robot) by extension 'ignore'
[0.756s] Level 1:colcon.colcon_core.package_identification:_identify(src/autopartol_robot) by extension 'ignore_ament_install'
[0.756s] Level 1:colcon.colcon_core.package_identification:_identify(src/autopartol_robot) by extensions ['colcon_pkg']
[0.756s] Level 1:colcon.colcon_core.package_identification:_identify(src/autopartol_robot) by extension 'colcon_pkg'
[0.756s] Level 1:colcon.colcon_core.package_identification:_identify(src/autopartol_robot) by extensions ['colcon_meta']
[0.756s] Level 1:colcon.colcon_core.package_identification:_identify(src/autopartol_robot) by extension 'colcon_meta'
[0.756s] Level 1:colcon.colcon_core.package_identification:_identify(src/autopartol_robot) by extensions ['ros']
[0.756s] Level 1:colcon.colcon_core.package_identification:_identify(src/autopartol_robot) by extension 'ros'
[0.757s] DEBUG:colcon.colcon_core.package_identification:Package 'src/autopartol_robot' with type 'ros.ament_python' and name 'autopartol_robot'
[0.758s] Level 1:colcon.colcon_core.package_identification:_identify(src/car_application) by extensions ['ignore', 'ignore_ament_install']
[0.758s] Level 1:colcon.colcon_core.package_identification:_identify(src/car_application) by extension 'ignore'
[0.758s] Level 1:colcon.colcon_core.package_identification:_identify(src/car_application) by extension 'ignore_ament_install'
[0.758s] Level 1:colcon.colcon_core.package_identification:_identify(src/car_application) by extensions ['colcon_pkg']
[0.758s] Level 1:colcon.colcon_core.package_identification:_identify(src/car_application) by extension 'colcon_pkg'
[0.758s] Level 1:colcon.colcon_core.package_identification:_identify(src/car_application) by extensions ['colcon_meta']
[0.758s] Level 1:colcon.colcon_core.package_identification:_identify(src/car_application) by extension 'colcon_meta'
[0.758s] Level 1:colcon.colcon_core.package_identification:_identify(src/car_application) by extensions ['ros']
[0.758s] Level 1:colcon.colcon_core.package_identification:_identify(src/car_application) by extension 'ros'
[0.759s] DEBUG:colcon.colcon_core.package_identification:Package 'src/car_application' with type 'ros.ament_python' and name 'car_application'
[0.759s] Level 1:colcon.colcon_core.package_identification:_identify(src/car_navigation2) by extensions ['ignore', 'ignore_ament_install']
[0.760s] Level 1:colcon.colcon_core.package_identification:_identify(src/car_navigation2) by extension 'ignore'
[0.760s] Level 1:colcon.colcon_core.package_identification:_identify(src/car_navigation2) by extension 'ignore_ament_install'
[0.760s] Level 1:colcon.colcon_core.package_identification:_identify(src/car_navigation2) by extensions ['colcon_pkg']
[0.760s] Level 1:colcon.colcon_core.package_identification:_identify(src/car_navigation2) by extension 'colcon_pkg'
[0.760s] Level 1:colcon.colcon_core.package_identification:_identify(src/car_navigation2) by extensions ['colcon_meta']
[0.760s] Level 1:colcon.colcon_core.package_identification:_identify(src/car_navigation2) by extension 'colcon_meta'
[0.760s] Level 1:colcon.colcon_core.package_identification:_identify(src/car_navigation2) by extensions ['ros']
[0.760s] Level 1:colcon.colcon_core.package_identification:_identify(src/car_navigation2) by extension 'ros'
[0.761s] DEBUG:colcon.colcon_core.package_identification:Package 'src/car_navigation2' with type 'ros.ament_cmake' and name 'car_navigation2'
[0.762s] Level 1:colcon.colcon_core.package_identification:_identify(src/cpp06_urdf) by extensions ['ignore', 'ignore_ament_install']
[0.762s] Level 1:colcon.colcon_core.package_identification:_identify(src/cpp06_urdf) by extension 'ignore'
[0.762s] Level 1:colcon.colcon_core.package_identification:_identify(src/cpp06_urdf) by extension 'ignore_ament_install'
[0.762s] Level 1:colcon.colcon_core.package_identification:_identify(src/cpp06_urdf) by extensions ['colcon_pkg']
[0.762s] Level 1:colcon.colcon_core.package_identification:_identify(src/cpp06_urdf) by extension 'colcon_pkg'
[0.762s] Level 1:colcon.colcon_core.package_identification:_identify(src/cpp06_urdf) by extensions ['colcon_meta']
[0.762s] Level 1:colcon.colcon_core.package_identification:_identify(src/cpp06_urdf) by extension 'colcon_meta'
[0.762s] Level 1:colcon.colcon_core.package_identification:_identify(src/cpp06_urdf) by extensions ['ros']
[0.762s] Level 1:colcon.colcon_core.package_identification:_identify(src/cpp06_urdf) by extension 'ros'
[0.763s] DEBUG:colcon.colcon_core.package_identification:Package 'src/cpp06_urdf' with type 'ros.ament_cmake' and name 'cpp06_urdf'
[0.763s] Level 1:colcon.colcon_core.package_discovery:discover_packages(recursive) using defaults
[0.763s] Level 1:colcon.colcon_core.package_discovery:discover_packages(ignore) discover
[0.763s] Level 1:colcon.colcon_core.package_discovery:discover_packages(ignore) using defaults
[0.763s] Level 1:colcon.colcon_core.package_discovery:discover_packages(path) discover
[0.763s] Level 1:colcon.colcon_core.package_discovery:discover_packages(path) using defaults
[0.815s] Level 1:colcon.colcon_core.package_discovery:discover_packages(prefix_path) check parameters
[0.815s] Level 1:colcon.colcon_core.package_discovery:discover_packages(prefix_path) discover
[0.830s] DEBUG:colcon.colcon_installed_package_information.package_discovery:Found 5 installed packages in /home/xinhongwang/nav2_ws/install
[0.836s] DEBUG:colcon.colcon_installed_package_information.package_discovery:Found 4 installed packages in /home/xinhongwang/ws02_tools/install
[0.840s] DEBUG:colcon.colcon_installed_package_information.package_discovery:Found 2 installed packages in /home/xinhongwang/ws00_helloworld/install
[0.845s] DEBUG:colcon.colcon_installed_package_information.package_discovery:Found 413 installed packages in /opt/ros/humble
[0.848s] Level 1:colcon.colcon_core.package_discovery:discover_packages(prefix_path) using defaults
[1.024s] Level 5:colcon.colcon_core.verb:set package 'autopartol_interfaces' build argument 'cmake_args' from command line to 'None'
[1.024s] Level 5:colcon.colcon_core.verb:set package 'autopartol_interfaces' build argument 'cmake_target' from command line to 'None'
[1.024s] Level 5:colcon.colcon_core.verb:set package 'autopartol_interfaces' build argument 'cmake_target_skip_unavailable' from command line to 'False'
[1.024s] Level 5:colcon.colcon_core.verb:set package 'autopartol_interfaces' build argument 'cmake_clean_cache' from command line to 'False'
[1.024s] Level 5:colcon.colcon_core.verb:set package 'autopartol_interfaces' build argument 'cmake_clean_first' from command line to 'False'
[1.024s] Level 5:colcon.colcon_core.verb:set package 'autopartol_interfaces' build argument 'cmake_force_configure' from command line to 'False'
[1.024s] Level 5:colcon.colcon_core.verb:set package 'autopartol_interfaces' build argument 'ament_cmake_args' from command line to 'None'
[1.024s] Level 5:colcon.colcon_core.verb:set package 'autopartol_interfaces' build argument 'catkin_cmake_args' from command line to 'None'
[1.024s] Level 5:colcon.colcon_core.verb:set package 'autopartol_interfaces' build argument 'catkin_skip_building_tests' from command line to 'False'
[1.024s] DEBUG:colcon.colcon_core.verb:Building package 'autopartol_interfaces' with the following arguments: {'ament_cmake_args': None, 'build_base': '/home/xinhongwang/nav2_ws/build/autopartol_interfaces', 'catkin_cmake_args': None, 'catkin_skip_building_tests': False, 'cmake_args': None, 'cmake_clean_cache': False, 'cmake_clean_first': False, 'cmake_force_configure': False, 'cmake_target': None, 'cmake_target_skip_unavailable': False, 'install_base': '/home/xinhongwang/nav2_ws/install/autopartol_interfaces', 'merge_install': False, 'path': '/home/xinhongwang/nav2_ws/src/autopartol_interfaces', 'symlink_install': False, 'test_result_base': None}
[1.024s] Level 5:colcon.colcon_core.verb:set package 'autopartol_robot' build argument 'cmake_args' from command line to 'None'
[1.025s] Level 5:colcon.colcon_core.verb:set package 'autopartol_robot' build argument 'cmake_target' from command line to 'None'
[1.025s] Level 5:colcon.colcon_core.verb:set package 'autopartol_robot' build argument 'cmake_target_skip_unavailable' from command line to 'False'
[1.025s] Level 5:colcon.colcon_core.verb:set package 'autopartol_robot' build argument 'cmake_clean_cache' from command line to 'False'
[1.025s] Level 5:colcon.colcon_core.verb:set package 'autopartol_robot' build argument 'cmake_clean_first' from command line to 'False'
[1.025s] Level 5:colcon.colcon_core.verb:set package 'autopartol_robot' build argument 'cmake_force_configure' from command line to 'False'
[1.025s] Level 5:colcon.colcon_core.verb:set package 'autopartol_robot' build argument 'ament_cmake_args' from command line to 'None'
[1.025s] Level 5:colcon.colcon_core.verb:set package 'autopartol_robot' build argument 'catkin_cmake_args' from command line to 'None'
[1.025s] Level 5:colcon.colcon_core.verb:set package 'autopartol_robot' build argument 'catkin_skip_building_tests' from command line to 'False'
[1.025s] DEBUG:colcon.colcon_core.verb:Building package 'autopartol_robot' with the following arguments: {'ament_cmake_args': None, 'build_base': '/home/xinhongwang/nav2_ws/build/autopartol_robot', 'catkin_cmake_args': None, 'catkin_skip_building_tests': False, 'cmake_args': None, 'cmake_clean_cache': False, 'cmake_clean_first': False, 'cmake_force_configure': False, 'cmake_target': None, 'cmake_target_skip_unavailable': False, 'install_base': '/home/xinhongwang/nav2_ws/install/autopartol_robot', 'merge_install': False, 'path': '/home/xinhongwang/nav2_ws/src/autopartol_robot', 'symlink_install': False, 'test_result_base': None}
[1.025s] Level 5:colcon.colcon_core.verb:set package 'car_application' build argument 'cmake_args' from command line to 'None'
[1.025s] Level 5:colcon.colcon_core.verb:set package 'car_application' build argument 'cmake_target' from command line to 'None'
[1.025s] Level 5:colcon.colcon_core.verb:set package 'car_application' build argument 'cmake_target_skip_unavailable' from command line to 'False'
[1.025s] Level 5:colcon.colcon_core.verb:set package 'car_application' build argument 'cmake_clean_cache' from command line to 'False'
[1.025s] Level 5:colcon.colcon_core.verb:set package 'car_application' build argument 'cmake_clean_first' from command line to 'False'
[1.025s] Level 5:colcon.colcon_core.verb:set package 'car_application' build argument 'cmake_force_configure' from command line to 'False'
[1.025s] Level 5:colcon.colcon_core.verb:set package 'car_application' build argument 'ament_cmake_args' from command line to 'None'
[1.025s] Level 5:colcon.colcon_core.verb:set package 'car_application' build argument 'catkin_cmake_args' from command line to 'None'
[1.025s] Level 5:colcon.colcon_core.verb:set package 'car_application' build argument 'catkin_skip_building_tests' from command line to 'False'
[1.025s] DEBUG:colcon.colcon_core.verb:Building package 'car_application' with the following arguments: {'ament_cmake_args': None, 'build_base': '/home/xinhongwang/nav2_ws/build/car_application', 'catkin_cmake_args': None, 'catkin_skip_building_tests': False, 'cmake_args': None, 'cmake_clean_cache': False, 'cmake_clean_first': False, 'cmake_force_configure': False, 'cmake_target': None, 'cmake_target_skip_unavailable': False, 'install_base': '/home/xinhongwang/nav2_ws/install/car_application', 'merge_install': False, 'path': '/home/xinhongwang/nav2_ws/src/car_application', 'symlink_install': False, 'test_result_base': None}
[1.026s] Level 5:colcon.colcon_core.verb:set package 'car_navigation2' build argument 'cmake_args' from command line to 'None'
[1.026s] Level 5:colcon.colcon_core.verb:set package 'car_navigation2' build argument 'cmake_target' from command line to 'None'
[1.026s] Level 5:colcon.colcon_core.verb:set package 'car_navigation2' build argument 'cmake_target_skip_unavailable' from command line to 'False'
[1.026s] Level 5:colcon.colcon_core.verb:set package 'car_navigation2' build argument 'cmake_clean_cache' from command line to 'False'
[1.026s] Level 5:colcon.colcon_core.verb:set package 'car_navigation2' build argument 'cmake_clean_first' from command line to 'False'
[1.026s] Level 5:colcon.colcon_core.verb:set package 'car_navigation2' build argument 'cmake_force_configure' from command line to 'False'
[1.026s] Level 5:colcon.colcon_core.verb:set package 'car_navigation2' build argument 'ament_cmake_args' from command line to 'None'
[1.026s] Level 5:colcon.colcon_core.verb:set package 'car_navigation2' build argument 'catkin_cmake_args' from command line to 'None'
[1.026s] Level 5:colcon.colcon_core.verb:set package 'car_navigation2' build argument 'catkin_skip_building_tests' from command line to 'False'
[1.026s] DEBUG:colcon.colcon_core.verb:Building package 'car_navigation2' with the following arguments: {'ament_cmake_args': None, 'build_base': '/home/xinhongwang/nav2_ws/build/car_navigation2', 'catkin_cmake_args': None, 'catkin_skip_building_tests': False, 'cmake_args': None, 'cmake_clean_cache': False, 'cmake_clean_first': False, 'cmake_force_configure': False, 'cmake_target': None, 'cmake_target_skip_unavailable': False, 'install_base': '/home/xinhongwang/nav2_ws/install/car_navigation2', 'merge_install': False, 'path': '/home/xinhongwang/nav2_ws/src/car_navigation2', 'symlink_install': False, 'test_result_base': None}
[1.026s] Level 5:colcon.colcon_core.verb:set package 'cpp06_urdf' build argument 'cmake_args' from command line to 'None'
[1.026s] Level 5:colcon.colcon_core.verb:set package 'cpp06_urdf' build argument 'cmake_target' from command line to 'None'
[1.026s] Level 5:colcon.colcon_core.verb:set package 'cpp06_urdf' build argument 'cmake_target_skip_unavailable' from command line to 'False'
[1.026s] Level 5:colcon.colcon_core.verb:set package 'cpp06_urdf' build argument 'cmake_clean_cache' from command line to 'False'
[1.026s] Level 5:colcon.colcon_core.verb:set package 'cpp06_urdf' build argument 'cmake_clean_first' from command line to 'False'
[1.026s] Level 5:colcon.colcon_core.verb:set package 'cpp06_urdf' build argument 'cmake_force_configure' from command line to 'False'
[1.026s] Level 5:colcon.colcon_core.verb:set package 'cpp06_urdf' build argument 'ament_cmake_args' from command line to 'None'
[1.026s] Level 5:colcon.colcon_core.verb:set package 'cpp06_urdf' build argument 'catkin_cmake_args' from command line to 'None'
[1.026s] Level 5:colcon.colcon_core.verb:set package 'cpp06_urdf' build argument 'catkin_skip_building_tests' from command line to 'False'
[1.026s] DEBUG:colcon.colcon_core.verb:Building package 'cpp06_urdf' with the following arguments: {'ament_cmake_args': None, 'build_base': '/home/xinhongwang/nav2_ws/build/cpp06_urdf', 'catkin_cmake_args': None, 'catkin_skip_building_tests': False, 'cmake_args': None, 'cmake_clean_cache': False, 'cmake_clean_first': False, 'cmake_force_configure': False, 'cmake_target': None, 'cmake_target_skip_unavailable': False, 'install_base': '/home/xinhongwang/nav2_ws/install/cpp06_urdf', 'merge_install': False, 'path': '/home/xinhongwang/nav2_ws/src/cpp06_urdf', 'symlink_install': False, 'test_result_base': None}
[1.027s] INFO:colcon.colcon_core.executor:Executing jobs using 'parallel' executor
[1.028s] DEBUG:colcon.colcon_parallel_executor.executor.parallel:run_until_complete
[1.028s] INFO:colcon.colcon_ros.task.ament_cmake.build:Building ROS package in '/home/xinhongwang/nav2_ws/src/autopartol_interfaces' with build type 'ament_cmake'
[1.028s] INFO:colcon.colcon_cmake.task.cmake.build:Building CMake package in '/home/xinhongwang/nav2_ws/src/autopartol_interfaces'
[1.035s] INFO:colcon.colcon_core.plugin_system:Skipping extension 'colcon_core.shell.bat': Not used on non-Windows systems
[1.036s] INFO:colcon.colcon_core.shell:Skip shell extension 'powershell' for command environment: Not usable outside of PowerShell
[1.036s] DEBUG:colcon.colcon_core.shell:Skip shell extension 'dsv' for command environment
[1.043s] INFO:colcon.colcon_ros.task.ament_python.build:Building ROS package in '/home/xinhongwang/nav2_ws/src/autopartol_robot' with build type 'ament_python'
[1.043s] Level 1:colcon.colcon_core.shell:create_environment_hook('autopartol_robot', 'ament_prefix_path')
[1.043s] INFO:colcon.colcon_core.shell:Creating environment hook '/home/xinhongwang/nav2_ws/install/autopartol_robot/share/autopartol_robot/hook/ament_prefix_path.ps1'
[1.045s] INFO:colcon.colcon_core.shell:Creating environment descriptor '/home/xinhongwang/nav2_ws/install/autopartol_robot/share/autopartol_robot/hook/ament_prefix_path.dsv'
[1.046s] INFO:colcon.colcon_core.shell:Creating environment hook '/home/xinhongwang/nav2_ws/install/autopartol_robot/share/autopartol_robot/hook/ament_prefix_path.sh'
[1.047s] INFO:colcon.colcon_core.shell:Skip shell extension 'powershell' for command environment: Not usable outside of PowerShell
[1.047s] DEBUG:colcon.colcon_core.shell:Skip shell extension 'dsv' for command environment
[1.056s] INFO:colcon.colcon_ros.task.ament_python.build:Building ROS package in '/home/xinhongwang/nav2_ws/src/car_application' with build type 'ament_python'
[1.057s] Level 1:colcon.colcon_core.shell:create_environment_hook('car_application', 'ament_prefix_path')
[1.057s] INFO:colcon.colcon_core.shell:Creating environment hook '/home/xinhongwang/nav2_ws/install/car_application/share/car_application/hook/ament_prefix_path.ps1'
[1.060s] INFO:colcon.colcon_core.shell:Creating environment descriptor '/home/xinhongwang/nav2_ws/install/car_application/share/car_application/hook/ament_prefix_path.dsv'
[1.061s] INFO:colcon.colcon_core.shell:Creating environment hook '/home/xinhongwang/nav2_ws/install/car_application/share/car_application/hook/ament_prefix_path.sh'
[1.062s] INFO:colcon.colcon_core.shell:Skip shell extension 'powershell' for command environment: Not usable outside of PowerShell
[1.062s] DEBUG:colcon.colcon_core.shell:Skip shell extension 'dsv' for command environment
[1.070s] INFO:colcon.colcon_ros.task.ament_cmake.build:Building ROS package in '/home/xinhongwang/nav2_ws/src/car_navigation2' with build type 'ament_cmake'
[1.071s] INFO:colcon.colcon_cmake.task.cmake.build:Building CMake package in '/home/xinhongwang/nav2_ws/src/car_navigation2'
[1.071s] INFO:colcon.colcon_core.shell:Skip shell extension 'powershell' for command environment: Not usable outside of PowerShell
[1.071s] DEBUG:colcon.colcon_core.shell:Skip shell extension 'dsv' for command environment
[1.080s] INFO:colcon.colcon_ros.task.ament_cmake.build:Building ROS package in '/home/xinhongwang/nav2_ws/src/cpp06_urdf' with build type 'ament_cmake'
[1.080s] INFO:colcon.colcon_cmake.task.cmake.build:Building CMake package in '/home/xinhongwang/nav2_ws/src/cpp06_urdf'
[1.080s] INFO:colcon.colcon_core.shell:Skip shell extension 'powershell' for command environment: Not usable outside of PowerShell
[1.080s] DEBUG:colcon.colcon_core.shell:Skip shell extension 'dsv' for command environment
[1.100s] DEBUG:colcon.colcon_core.event_handler.log_command:Invoking command in '/home/xinhongwang/nav2_ws/build/autopartol_interfaces': CMAKE_PREFIX_PATH=${CMAKE_PREFIX_PATH}:/home/xinhongwang/nav2_ws/install/car_application:/home/xinhongwang/nav2_ws/install/autopartol_robot:/home/xinhongwang/ws02_tools/install/car_application:/home/xinhongwang/ws02_tools/install/autopartol_robot:/opt/ros/humble /usr/bin/cmake --build /home/xinhongwang/nav2_ws/build/autopartol_interfaces -- -j8 -l8
[1.488s] INFO:colcon.colcon_core.task.python.build:Building Python package in '/home/xinhongwang/nav2_ws/src/autopartol_robot'
[1.488s] INFO:colcon.colcon_core.shell:Skip shell extension 'powershell' for command environment: Not usable outside of PowerShell
[1.489s] DEBUG:colcon.colcon_core.shell:Skip shell extension 'dsv' for command environment
[1.834s] INFO:colcon.colcon_core.task.python.build:Building Python package in '/home/xinhongwang/nav2_ws/src/car_application'
[1.834s] INFO:colcon.colcon_core.shell:Skip shell extension 'powershell' for command environment: Not usable outside of PowerShell
[1.834s] DEBUG:colcon.colcon_core.shell:Skip shell extension 'dsv' for command environment
[1.856s] DEBUG:colcon.colcon_core.event_handler.log_command:Invoking command in '/home/xinhongwang/nav2_ws/build/car_navigation2': CMAKE_PREFIX_PATH=${CMAKE_PREFIX_PATH}:/home/xinhongwang/nav2_ws/install/car_application:/home/xinhongwang/nav2_ws/install/autopartol_robot:/home/xinhongwang/ws02_tools/install/car_application:/home/xinhongwang/ws02_tools/install/autopartol_robot:/opt/ros/humble /usr/bin/cmake --build /home/xinhongwang/nav2_ws/build/car_navigation2 -- -j8 -l8
[1.870s] DEBUG:colcon.colcon_core.event_handler.log_command:Invoking command in '/home/xinhongwang/nav2_ws/build/cpp06_urdf': CMAKE_PREFIX_PATH=${CMAKE_PREFIX_PATH}:/home/xinhongwang/nav2_ws/install/car_application:/home/xinhongwang/nav2_ws/install/autopartol_robot:/home/xinhongwang/ws02_tools/install/car_application:/home/xinhongwang/ws02_tools/install/autopartol_robot:/opt/ros/humble /usr/bin/cmake --build /home/xinhongwang/nav2_ws/build/cpp06_urdf -- -j8 -l8
[1.932s] DEBUG:colcon.colcon_core.event_handler.log_command:Invoked command in '/home/xinhongwang/nav2_ws/build/car_navigation2' returned '0': CMAKE_PREFIX_PATH=${CMAKE_PREFIX_PATH}:/home/xinhongwang/nav2_ws/install/car_application:/home/xinhongwang/nav2_ws/install/autopartol_robot:/home/xinhongwang/ws02_tools/install/car_application:/home/xinhongwang/ws02_tools/install/autopartol_robot:/opt/ros/humble /usr/bin/cmake --build /home/xinhongwang/nav2_ws/build/car_navigation2 -- -j8 -l8
[1.964s] DEBUG:colcon.colcon_core.event_handler.log_command:Invoking command in '/home/xinhongwang/nav2_ws/build/car_navigation2': CMAKE_PREFIX_PATH=${CMAKE_PREFIX_PATH}:/home/xinhongwang/nav2_ws/install/car_application:/home/xinhongwang/nav2_ws/install/autopartol_robot:/home/xinhongwang/ws02_tools/install/car_application:/home/xinhongwang/ws02_tools/install/autopartol_robot:/opt/ros/humble /usr/bin/cmake --install /home/xinhongwang/nav2_ws/build/car_navigation2
[1.976s] DEBUG:colcon.colcon_core.event_handler.log_command:Invoked command in '/home/xinhongwang/nav2_ws/build/cpp06_urdf' returned '0': CMAKE_PREFIX_PATH=${CMAKE_PREFIX_PATH}:/home/xinhongwang/nav2_ws/install/car_application:/home/xinhongwang/nav2_ws/install/autopartol_robot:/home/xinhongwang/ws02_tools/install/car_application:/home/xinhongwang/ws02_tools/install/autopartol_robot:/opt/ros/humble /usr/bin/cmake --build /home/xinhongwang/nav2_ws/build/cpp06_urdf -- -j8 -l8
[1.976s] DEBUG:colcon.colcon_core.event_handler.log_command:Invoking command in '/home/xinhongwang/nav2_ws/build/cpp06_urdf': CMAKE_PREFIX_PATH=${CMAKE_PREFIX_PATH}:/home/xinhongwang/nav2_ws/install/car_application:/home/xinhongwang/nav2_ws/install/autopartol_robot:/home/xinhongwang/ws02_tools/install/car_application:/home/xinhongwang/ws02_tools/install/autopartol_robot:/opt/ros/humble /usr/bin/cmake --install /home/xinhongwang/nav2_ws/build/cpp06_urdf
[2.026s] Level 1:colcon.colcon_core.environment:create_environment_scripts_only(car_navigation2)
[2.028s] DEBUG:colcon.colcon_core.event_handler.log_command:Invoked command in '/home/xinhongwang/nav2_ws/build/car_navigation2' returned '0': CMAKE_PREFIX_PATH=${CMAKE_PREFIX_PATH}:/home/xinhongwang/nav2_ws/install/car_application:/home/xinhongwang/nav2_ws/install/autopartol_robot:/home/xinhongwang/ws02_tools/install/car_application:/home/xinhongwang/ws02_tools/install/autopartol_robot:/opt/ros/humble /usr/bin/cmake --install /home/xinhongwang/nav2_ws/build/car_navigation2
[2.040s] Level 1:colcon.colcon_core.environment:checking '/home/xinhongwang/nav2_ws/install/car_navigation2' for CMake module files
[2.041s] Level 1:colcon.colcon_core.environment:checking '/home/xinhongwang/nav2_ws/install/car_navigation2' for CMake config files
[2.041s] Level 1:colcon.colcon_core.shell:create_environment_hook('car_navigation2', 'cmake_prefix_path')
[2.042s] INFO:colcon.colcon_core.shell:Creating environment hook '/home/xinhongwang/nav2_ws/install/car_navigation2/share/car_navigation2/hook/cmake_prefix_path.ps1'
[2.043s] INFO:colcon.colcon_core.shell:Creating environment descriptor '/home/xinhongwang/nav2_ws/install/car_navigation2/share/car_navigation2/hook/cmake_prefix_path.dsv'
[2.043s] INFO:colcon.colcon_core.shell:Creating environment hook '/home/xinhongwang/nav2_ws/install/car_navigation2/share/car_navigation2/hook/cmake_prefix_path.sh'
[2.044s] Level 1:colcon.colcon_core.environment:checking '/home/xinhongwang/nav2_ws/install/car_navigation2/bin'
[2.045s] Level 1:colcon.colcon_core.environment:checking '/home/xinhongwang/nav2_ws/install/car_navigation2/lib/pkgconfig/car_navigation2.pc'
[2.045s] Level 1:colcon.colcon_core.environment:checking '/home/xinhongwang/nav2_ws/install/car_navigation2/lib/python3.10/site-packages'
[2.045s] Level 1:colcon.colcon_core.environment:checking '/home/xinhongwang/nav2_ws/install/car_navigation2/bin'
[2.045s] INFO:colcon.colcon_core.shell:Creating package script '/home/xinhongwang/nav2_ws/install/car_navigation2/share/car_navigation2/package.ps1'
[2.047s] INFO:colcon.colcon_core.shell:Creating package descriptor '/home/xinhongwang/nav2_ws/install/car_navigation2/share/car_navigation2/package.dsv'
[2.049s] INFO:colcon.colcon_core.shell:Creating package script '/home/xinhongwang/nav2_ws/install/car_navigation2/share/car_navigation2/package.sh'
[2.052s] INFO:colcon.colcon_core.shell:Creating package script '/home/xinhongwang/nav2_ws/install/car_navigation2/share/car_navigation2/package.bash'
[2.055s] INFO:colcon.colcon_core.shell:Creating package script '/home/xinhongwang/nav2_ws/install/car_navigation2/share/car_navigation2/package.zsh'
[2.067s] Level 1:colcon.colcon_core.environment:create_file_with_runtime_dependencies(/home/xinhongwang/nav2_ws/install/car_navigation2/share/colcon-core/packages/car_navigation2)
[2.070s] Level 1:colcon.colcon_core.environment:create_environment_scripts_only(car_navigation2)
[2.071s] Level 1:colcon.colcon_core.environment:checking '/home/xinhongwang/nav2_ws/install/car_navigation2' for CMake module files
[2.072s] Level 1:colcon.colcon_core.environment:checking '/home/xinhongwang/nav2_ws/install/car_navigation2' for CMake config files
[2.073s] Level 1:colcon.colcon_core.shell:create_environment_hook('car_navigation2', 'cmake_prefix_path')
[2.076s] INFO:colcon.colcon_core.shell:Creating environment hook '/home/xinhongwang/nav2_ws/install/car_navigation2/share/car_navigation2/hook/cmake_prefix_path.ps1'
[2.077s] INFO:colcon.colcon_core.shell:Creating environment descriptor '/home/xinhongwang/nav2_ws/install/car_navigation2/share/car_navigation2/hook/cmake_prefix_path.dsv'
[2.078s] INFO:colcon.colcon_core.shell:Creating environment hook '/home/xinhongwang/nav2_ws/install/car_navigation2/share/car_navigation2/hook/cmake_prefix_path.sh'
[2.080s] Level 1:colcon.colcon_core.environment:checking '/home/xinhongwang/nav2_ws/install/car_navigation2/bin'
[2.080s] Level 1:colcon.colcon_core.environment:checking '/home/xinhongwang/nav2_ws/install/car_navigation2/lib/pkgconfig/car_navigation2.pc'
[2.084s] Level 1:colcon.colcon_core.environment:checking '/home/xinhongwang/nav2_ws/install/car_navigation2/lib/python3.10/site-packages'
[2.084s] Level 1:colcon.colcon_core.environment:checking '/home/xinhongwang/nav2_ws/install/car_navigation2/bin'
[2.085s] INFO:colcon.colcon_core.shell:Creating package script '/home/xinhongwang/nav2_ws/install/car_navigation2/share/car_navigation2/package.ps1'
[2.086s] INFO:colcon.colcon_core.shell:Creating package descriptor '/home/xinhongwang/nav2_ws/install/car_navigation2/share/car_navigation2/package.dsv'
[2.087s] INFO:colcon.colcon_core.shell:Creating package script '/home/xinhongwang/nav2_ws/install/car_navigation2/share/car_navigation2/package.sh'
[2.088s] INFO:colcon.colcon_core.shell:Creating package script '/home/xinhongwang/nav2_ws/install/car_navigation2/share/car_navigation2/package.bash'
[2.089s] INFO:colcon.colcon_core.shell:Creating package script '/home/xinhongwang/nav2_ws/install/car_navigation2/share/car_navigation2/package.zsh'
[2.090s] Level 1:colcon.colcon_core.environment:create_file_with_runtime_dependencies(/home/xinhongwang/nav2_ws/install/car_navigation2/share/colcon-core/packages/car_navigation2)
[2.092s] Level 1:colcon.colcon_core.environment:create_environment_scripts_only(cpp06_urdf)
[2.093s] Level 1:colcon.colcon_core.environment:checking '/home/xinhongwang/nav2_ws/install/cpp06_urdf' for CMake module files
[2.095s] Level 1:colcon.colcon_core.environment:checking '/home/xinhongwang/nav2_ws/install/cpp06_urdf' for CMake config files
[2.095s] DEBUG:colcon.colcon_core.event_handler.log_command:Invoked command in '/home/xinhongwang/nav2_ws/build/cpp06_urdf' returned '0': CMAKE_PREFIX_PATH=${CMAKE_PREFIX_PATH}:/home/xinhongwang/nav2_ws/install/car_application:/home/xinhongwang/nav2_ws/install/autopartol_robot:/home/xinhongwang/ws02_tools/install/car_application:/home/xinhongwang/ws02_tools/install/autopartol_robot:/opt/ros/humble /usr/bin/cmake --install /home/xinhongwang/nav2_ws/build/cpp06_urdf
[2.097s] Level 1:colcon.colcon_core.shell:create_environment_hook('cpp06_urdf', 'cmake_prefix_path')
[2.097s] INFO:colcon.colcon_core.shell:Creating environment hook '/home/xinhongwang/nav2_ws/install/cpp06_urdf/share/cpp06_urdf/hook/cmake_prefix_path.ps1'
[2.099s] INFO:colcon.colcon_core.shell:Creating environment descriptor '/home/xinhongwang/nav2_ws/install/cpp06_urdf/share/cpp06_urdf/hook/cmake_prefix_path.dsv'
[2.100s] INFO:colcon.colcon_core.shell:Creating environment hook '/home/xinhongwang/nav2_ws/install/cpp06_urdf/share/cpp06_urdf/hook/cmake_prefix_path.sh'
[2.101s] Level 1:colcon.colcon_core.environment:checking '/home/xinhongwang/nav2_ws/install/cpp06_urdf/bin'
[2.101s] Level 1:colcon.colcon_core.environment:checking '/home/xinhongwang/nav2_ws/install/cpp06_urdf/lib/pkgconfig/cpp06_urdf.pc'
[2.101s] Level 1:colcon.colcon_core.environment:checking '/home/xinhongwang/nav2_ws/install/cpp06_urdf/lib/python3.10/site-packages'
[2.102s] Level 1:colcon.colcon_core.environment:checking '/home/xinhongwang/nav2_ws/install/cpp06_urdf/bin'
[2.102s] INFO:colcon.colcon_core.shell:Creating package script '/home/xinhongwang/nav2_ws/install/cpp06_urdf/share/cpp06_urdf/package.ps1'
[2.103s] INFO:colcon.colcon_core.shell:Creating package descriptor '/home/xinhongwang/nav2_ws/install/cpp06_urdf/share/cpp06_urdf/package.dsv'
[2.107s] INFO:colcon.colcon_core.shell:Creating package script '/home/xinhongwang/nav2_ws/install/cpp06_urdf/share/cpp06_urdf/package.sh'
[2.109s] INFO:colcon.colcon_core.shell:Creating package script '/home/xinhongwang/nav2_ws/install/cpp06_urdf/share/cpp06_urdf/package.bash'
[2.110s] INFO:colcon.colcon_core.shell:Creating package script '/home/xinhongwang/nav2_ws/install/cpp06_urdf/share/cpp06_urdf/package.zsh'
[2.111s] Level 1:colcon.colcon_core.environment:create_file_with_runtime_dependencies(/home/xinhongwang/nav2_ws/install/cpp06_urdf/share/colcon-core/packages/cpp06_urdf)
[2.112s] Level 1:colcon.colcon_core.environment:create_environment_scripts_only(cpp06_urdf)
[2.112s] Level 1:colcon.colcon_core.environment:checking '/home/xinhongwang/nav2_ws/install/cpp06_urdf' for CMake module files
[2.113s] Level 1:colcon.colcon_core.environment:checking '/home/xinhongwang/nav2_ws/install/cpp06_urdf' for CMake config files
[2.114s] Level 1:colcon.colcon_core.shell:create_environment_hook('cpp06_urdf', 'cmake_prefix_path')
[2.114s] INFO:colcon.colcon_core.shell:Creating environment hook '/home/xinhongwang/nav2_ws/install/cpp06_urdf/share/cpp06_urdf/hook/cmake_prefix_path.ps1'
[2.115s] INFO:colcon.colcon_core.shell:Creating environment descriptor '/home/xinhongwang/nav2_ws/install/cpp06_urdf/share/cpp06_urdf/hook/cmake_prefix_path.dsv'
[2.116s] INFO:colcon.colcon_core.shell:Creating environment hook '/home/xinhongwang/nav2_ws/install/cpp06_urdf/share/cpp06_urdf/hook/cmake_prefix_path.sh'
[2.117s] Level 1:colcon.colcon_core.environment:checking '/home/xinhongwang/nav2_ws/install/cpp06_urdf/bin'
[2.117s] Level 1:colcon.colcon_core.environment:checking '/home/xinhongwang/nav2_ws/install/cpp06_urdf/lib/pkgconfig/cpp06_urdf.pc'
[2.118s] Level 1:colcon.colcon_core.environment:checking '/home/xinhongwang/nav2_ws/install/cpp06_urdf/lib/python3.10/site-packages'
[2.118s] Level 1:colcon.colcon_core.environment:checking '/home/xinhongwang/nav2_ws/install/cpp06_urdf/bin'
[2.119s] INFO:colcon.colcon_core.shell:Creating package script '/home/xinhongwang/nav2_ws/install/cpp06_urdf/share/cpp06_urdf/package.ps1'
[2.120s] INFO:colcon.colcon_core.shell:Creating package descriptor '/home/xinhongwang/nav2_ws/install/cpp06_urdf/share/cpp06_urdf/package.dsv'
[2.123s] INFO:colcon.colcon_core.shell:Creating package script '/home/xinhongwang/nav2_ws/install/cpp06_urdf/share/cpp06_urdf/package.sh'
[2.126s] INFO:colcon.colcon_core.shell:Creating package script '/home/xinhongwang/nav2_ws/install/cpp06_urdf/share/cpp06_urdf/package.bash'
[2.131s] INFO:colcon.colcon_core.shell:Creating package script '/home/xinhongwang/nav2_ws/install/cpp06_urdf/share/cpp06_urdf/package.zsh'
[2.132s] Level 1:colcon.colcon_core.environment:create_file_with_runtime_dependencies(/home/xinhongwang/nav2_ws/install/cpp06_urdf/share/colcon-core/packages/cpp06_urdf)
[2.620s] DEBUG:colcon.colcon_core.event_handler.log_command:Invoked command in '/home/xinhongwang/nav2_ws/build/autopartol_interfaces' returned '0': CMAKE_PREFIX_PATH=${CMAKE_PREFIX_PATH}:/home/xinhongwang/nav2_ws/install/car_application:/home/xinhongwang/nav2_ws/install/autopartol_robot:/home/xinhongwang/ws02_tools/install/car_application:/home/xinhongwang/ws02_tools/install/autopartol_robot:/opt/ros/humble /usr/bin/cmake --build /home/xinhongwang/nav2_ws/build/autopartol_interfaces -- -j8 -l8
[2.633s] DEBUG:colcon.colcon_core.event_handler.log_command:Invoking command in '/home/xinhongwang/nav2_ws/build/autopartol_interfaces': CMAKE_PREFIX_PATH=${CMAKE_PREFIX_PATH}:/home/xinhongwang/nav2_ws/install/car_application:/home/xinhongwang/nav2_ws/install/autopartol_robot:/home/xinhongwang/ws02_tools/install/car_application:/home/xinhongwang/ws02_tools/install/autopartol_robot:/opt/ros/humble /usr/bin/cmake --install /home/xinhongwang/nav2_ws/build/autopartol_interfaces
[2.826s] Level 1:colcon.colcon_core.environment:create_environment_scripts_only(autopartol_interfaces)
[2.827s] Level 1:colcon.colcon_core.environment:checking '/home/xinhongwang/nav2_ws/install/autopartol_interfaces' for CMake module files
[2.828s] DEBUG:colcon.colcon_core.event_handler.log_command:Invoked command in '/home/xinhongwang/nav2_ws/build/autopartol_interfaces' returned '0': CMAKE_PREFIX_PATH=${CMAKE_PREFIX_PATH}:/home/xinhongwang/nav2_ws/install/car_application:/home/xinhongwang/nav2_ws/install/autopartol_robot:/home/xinhongwang/ws02_tools/install/car_application:/home/xinhongwang/ws02_tools/install/autopartol_robot:/opt/ros/humble /usr/bin/cmake --install /home/xinhongwang/nav2_ws/build/autopartol_interfaces
[2.830s] Level 1:colcon.colcon_core.environment:checking '/home/xinhongwang/nav2_ws/install/autopartol_interfaces' for CMake config files
[2.832s] Level 1:colcon.colcon_core.shell:create_environment_hook('autopartol_interfaces', 'cmake_prefix_path')
[2.832s] INFO:colcon.colcon_core.shell:Creating environment hook '/home/xinhongwang/nav2_ws/install/autopartol_interfaces/share/autopartol_interfaces/hook/cmake_prefix_path.ps1'
[2.833s] INFO:colcon.colcon_core.shell:Creating environment descriptor '/home/xinhongwang/nav2_ws/install/autopartol_interfaces/share/autopartol_interfaces/hook/cmake_prefix_path.dsv'
[2.834s] INFO:colcon.colcon_core.shell:Creating environment hook '/home/xinhongwang/nav2_ws/install/autopartol_interfaces/share/autopartol_interfaces/hook/cmake_prefix_path.sh'
[2.836s] Level 1:colcon.colcon_core.environment:checking '/home/xinhongwang/nav2_ws/install/autopartol_interfaces/lib'
[2.836s] Level 1:colcon.colcon_core.shell:create_environment_hook('autopartol_interfaces', 'ld_library_path_lib')
[2.837s] INFO:colcon.colcon_core.shell:Creating environment hook '/home/xinhongwang/nav2_ws/install/autopartol_interfaces/share/autopartol_interfaces/hook/ld_library_path_lib.ps1'
[2.838s] INFO:colcon.colcon_core.shell:Creating environment descriptor '/home/xinhongwang/nav2_ws/install/autopartol_interfaces/share/autopartol_interfaces/hook/ld_library_path_lib.dsv'
[2.839s] INFO:colcon.colcon_core.shell:Creating environment hook '/home/xinhongwang/nav2_ws/install/autopartol_interfaces/share/autopartol_interfaces/hook/ld_library_path_lib.sh'
[2.839s] Level 1:colcon.colcon_core.environment:checking '/home/xinhongwang/nav2_ws/install/autopartol_interfaces/bin'
[2.840s] Level 1:colcon.colcon_core.environment:checking '/home/xinhongwang/nav2_ws/install/autopartol_interfaces/lib/pkgconfig/autopartol_interfaces.pc'
[2.840s] Level 1:colcon.colcon_core.environment:checking '/home/xinhongwang/nav2_ws/install/autopartol_interfaces/lib/python3.10/site-packages'
[2.841s] Level 1:colcon.colcon_core.environment:checking '/home/xinhongwang/nav2_ws/install/autopartol_interfaces/bin'
[2.841s] INFO:colcon.colcon_core.shell:Creating package script '/home/xinhongwang/nav2_ws/install/autopartol_interfaces/share/autopartol_interfaces/package.ps1'
[2.843s] INFO:colcon.colcon_core.shell:Creating package descriptor '/home/xinhongwang/nav2_ws/install/autopartol_interfaces/share/autopartol_interfaces/package.dsv'
[2.844s] INFO:colcon.colcon_core.shell:Creating package script '/home/xinhongwang/nav2_ws/install/autopartol_interfaces/share/autopartol_interfaces/package.sh'
[2.845s] INFO:colcon.colcon_core.shell:Creating package script '/home/xinhongwang/nav2_ws/install/autopartol_interfaces/share/autopartol_interfaces/package.bash'
[2.846s] INFO:colcon.colcon_core.shell:Creating package script '/home/xinhongwang/nav2_ws/install/autopartol_interfaces/share/autopartol_interfaces/package.zsh'
[2.847s] Level 1:colcon.colcon_core.environment:create_file_with_runtime_dependencies(/home/xinhongwang/nav2_ws/install/autopartol_interfaces/share/colcon-core/packages/autopartol_interfaces)
[2.848s] Level 1:colcon.colcon_core.environment:create_environment_scripts_only(autopartol_interfaces)
[2.849s] Level 1:colcon.colcon_core.environment:checking '/home/xinhongwang/nav2_ws/install/autopartol_interfaces' for CMake module files
[2.850s] Level 1:colcon.colcon_core.environment:checking '/home/xinhongwang/nav2_ws/install/autopartol_interfaces' for CMake config files
[2.853s] Level 1:colcon.colcon_core.shell:create_environment_hook('autopartol_interfaces', 'cmake_prefix_path')
[2.854s] INFO:colcon.colcon_core.shell:Creating environment hook '/home/xinhongwang/nav2_ws/install/autopartol_interfaces/share/autopartol_interfaces/hook/cmake_prefix_path.ps1'
[2.856s] INFO:colcon.colcon_core.shell:Creating environment descriptor '/home/xinhongwang/nav2_ws/install/autopartol_interfaces/share/autopartol_interfaces/hook/cmake_prefix_path.dsv'
[2.860s] INFO:colcon.colcon_core.shell:Creating environment hook '/home/xinhongwang/nav2_ws/install/autopartol_interfaces/share/autopartol_interfaces/hook/cmake_prefix_path.sh'
[2.863s] Level 1:colcon.colcon_core.environment:checking '/home/xinhongwang/nav2_ws/install/autopartol_interfaces/lib'
[2.866s] Level 1:colcon.colcon_core.shell:create_environment_hook('autopartol_interfaces', 'ld_library_path_lib')
[2.867s] INFO:colcon.colcon_core.shell:Creating environment hook '/home/xinhongwang/nav2_ws/install/autopartol_interfaces/share/autopartol_interfaces/hook/ld_library_path_lib.ps1'
[2.871s] INFO:colcon.colcon_core.shell:Creating environment descriptor '/home/xinhongwang/nav2_ws/install/autopartol_interfaces/share/autopartol_interfaces/hook/ld_library_path_lib.dsv'
[2.872s] INFO:colcon.colcon_core.shell:Creating environment hook '/home/xinhongwang/nav2_ws/install/autopartol_interfaces/share/autopartol_interfaces/hook/ld_library_path_lib.sh'
[2.873s] Level 1:colcon.colcon_core.environment:checking '/home/xinhongwang/nav2_ws/install/autopartol_interfaces/bin'
[2.873s] Level 1:colcon.colcon_core.environment:checking '/home/xinhongwang/nav2_ws/install/autopartol_interfaces/lib/pkgconfig/autopartol_interfaces.pc'
[2.874s] Level 1:colcon.colcon_core.environment:checking '/home/xinhongwang/nav2_ws/install/autopartol_interfaces/lib/python3.10/site-packages'
[2.875s] Level 1:colcon.colcon_core.environment:checking '/home/xinhongwang/nav2_ws/install/autopartol_interfaces/bin'
[2.878s] INFO:colcon.colcon_core.shell:Creating package script '/home/xinhongwang/nav2_ws/install/autopartol_interfaces/share/autopartol_interfaces/package.ps1'
[2.880s] INFO:colcon.colcon_core.shell:Creating package descriptor '/home/xinhongwang/nav2_ws/install/autopartol_interfaces/share/autopartol_interfaces/package.dsv'
[2.882s] INFO:colcon.colcon_core.shell:Creating package script '/home/xinhongwang/nav2_ws/install/autopartol_interfaces/share/autopartol_interfaces/package.sh'
[2.885s] INFO:colcon.colcon_core.shell:Creating package script '/home/xinhongwang/nav2_ws/install/autopartol_interfaces/share/autopartol_interfaces/package.bash'
[2.886s] INFO:colcon.colcon_core.shell:Creating package script '/home/xinhongwang/nav2_ws/install/autopartol_interfaces/share/autopartol_interfaces/package.zsh'
[2.887s] Level 1:colcon.colcon_core.environment:create_file_with_runtime_dependencies(/home/xinhongwang/nav2_ws/install/autopartol_interfaces/share/colcon-core/packages/autopartol_interfaces)
[2.984s] DEBUG:colcon.colcon_core.event_handler.log_command:Invoking command in '/home/xinhongwang/nav2_ws/src/autopartol_robot': PYTHONPATH=/home/xinhongwang/nav2_ws/build/autopartol_robot/prefix_override:/usr/lib/python3/dist-packages/colcon_core/task/python/colcon_distutils_commands:/home/xinhongwang/nav2_ws/install/autopartol_robot/lib/python3.10/site-packages:${PYTHONPATH} /usr/bin/python3 -W ignore:setup.py install is deprecated -W ignore:easy_install command is deprecated setup.py egg_info --egg-base ../../build/autopartol_robot build --build-base /home/xinhongwang/nav2_ws/build/autopartol_robot/build install --record /home/xinhongwang/nav2_ws/build/autopartol_robot/install.log --single-version-externally-managed install_data
[2.993s] DEBUG:colcon.colcon_core.event_handler.log_command:Invoking command in '/home/xinhongwang/nav2_ws/src/car_application': PYTHONPATH=/home/xinhongwang/nav2_ws/build/car_application/prefix_override:/usr/lib/python3/dist-packages/colcon_core/task/python/colcon_distutils_commands:/home/xinhongwang/nav2_ws/install/car_application/lib/python3.10/site-packages:${PYTHONPATH} /usr/bin/python3 -W ignore:setup.py install is deprecated -W ignore:easy_install command is deprecated setup.py egg_info --egg-base ../../build/car_application build --build-base /home/xinhongwang/nav2_ws/build/car_application/build install --record /home/xinhongwang/nav2_ws/build/car_application/install.log --single-version-externally-managed install_data
[3.480s] Level 1:colcon.colcon_core.environment:checking '/home/xinhongwang/nav2_ws/install/autopartol_robot' for CMake module files
[3.481s] DEBUG:colcon.colcon_core.event_handler.log_command:Invoked command in '/home/xinhongwang/nav2_ws/src/autopartol_robot' returned '0': PYTHONPATH=/home/xinhongwang/nav2_ws/build/autopartol_robot/prefix_override:/usr/lib/python3/dist-packages/colcon_core/task/python/colcon_distutils_commands:/home/xinhongwang/nav2_ws/install/autopartol_robot/lib/python3.10/site-packages:${PYTHONPATH} /usr/bin/python3 -W ignore:setup.py install is deprecated -W ignore:easy_install command is deprecated setup.py egg_info --egg-base ../../build/autopartol_robot build --build-base /home/xinhongwang/nav2_ws/build/autopartol_robot/build install --record /home/xinhongwang/nav2_ws/build/autopartol_robot/install.log --single-version-externally-managed install_data
[3.482s] Level 1:colcon.colcon_core.environment:checking '/home/xinhongwang/nav2_ws/install/autopartol_robot' for CMake config files
[3.483s] Level 1:colcon.colcon_core.environment:checking '/home/xinhongwang/nav2_ws/install/autopartol_robot/lib'
[3.483s] Level 1:colcon.colcon_core.environment:checking '/home/xinhongwang/nav2_ws/install/autopartol_robot/bin'
[3.483s] Level 1:colcon.colcon_core.environment:checking '/home/xinhongwang/nav2_ws/install/autopartol_robot/lib/pkgconfig/autopartol_robot.pc'
[3.483s] Level 1:colcon.colcon_core.environment:checking '/home/xinhongwang/nav2_ws/install/autopartol_robot/lib/python3.10/site-packages'
[3.483s] Level 1:colcon.colcon_core.shell:create_environment_hook('autopartol_robot', 'pythonpath')
[3.484s] INFO:colcon.colcon_core.shell:Creating environment hook '/home/xinhongwang/nav2_ws/install/autopartol_robot/share/autopartol_robot/hook/pythonpath.ps1'
[3.485s] INFO:colcon.colcon_core.shell:Creating environment descriptor '/home/xinhongwang/nav2_ws/install/autopartol_robot/share/autopartol_robot/hook/pythonpath.dsv'
[3.486s] INFO:colcon.colcon_core.shell:Creating environment hook '/home/xinhongwang/nav2_ws/install/autopartol_robot/share/autopartol_robot/hook/pythonpath.sh'
[3.487s] Level 1:colcon.colcon_core.environment:checking '/home/xinhongwang/nav2_ws/install/autopartol_robot/bin'
[3.488s] Level 1:colcon.colcon_core.environment:create_environment_scripts_only(autopartol_robot)
[3.488s] INFO:colcon.colcon_core.shell:Creating package script '/home/xinhongwang/nav2_ws/install/autopartol_robot/share/autopartol_robot/package.ps1'
[3.490s] INFO:colcon.colcon_core.shell:Creating package descriptor '/home/xinhongwang/nav2_ws/install/autopartol_robot/share/autopartol_robot/package.dsv'
[3.491s] INFO:colcon.colcon_core.shell:Creating package script '/home/xinhongwang/nav2_ws/install/autopartol_robot/share/autopartol_robot/package.sh'
[3.492s] INFO:colcon.colcon_core.shell:Creating package script '/home/xinhongwang/nav2_ws/install/autopartol_robot/share/autopartol_robot/package.bash'
[3.493s] INFO:colcon.colcon_core.shell:Creating package script '/home/xinhongwang/nav2_ws/install/autopartol_robot/share/autopartol_robot/package.zsh'
[3.494s] Level 1:colcon.colcon_core.environment:create_file_with_runtime_dependencies(/home/xinhongwang/nav2_ws/install/autopartol_robot/share/colcon-core/packages/autopartol_robot)
[3.549s] Level 1:colcon.colcon_core.environment:checking '/home/xinhongwang/nav2_ws/install/car_application' for CMake module files
[3.550s] DEBUG:colcon.colcon_core.event_handler.log_command:Invoked command in '/home/xinhongwang/nav2_ws/src/car_application' returned '0': PYTHONPATH=/home/xinhongwang/nav2_ws/build/car_application/prefix_override:/usr/lib/python3/dist-packages/colcon_core/task/python/colcon_distutils_commands:/home/xinhongwang/nav2_ws/install/car_application/lib/python3.10/site-packages:${PYTHONPATH} /usr/bin/python3 -W ignore:setup.py install is deprecated -W ignore:easy_install command is deprecated setup.py egg_info --egg-base ../../build/car_application build --build-base /home/xinhongwang/nav2_ws/build/car_application/build install --record /home/xinhongwang/nav2_ws/build/car_application/install.log --single-version-externally-managed install_data
[3.551s] Level 1:colcon.colcon_core.environment:checking '/home/xinhongwang/nav2_ws/install/car_application' for CMake config files
[3.551s] Level 1:colcon.colcon_core.environment:checking '/home/xinhongwang/nav2_ws/install/car_application/lib'
[3.552s] Level 1:colcon.colcon_core.environment:checking '/home/xinhongwang/nav2_ws/install/car_application/bin'
[3.552s] Level 1:colcon.colcon_core.environment:checking '/home/xinhongwang/nav2_ws/install/car_application/lib/pkgconfig/car_application.pc'
[3.552s] Level 1:colcon.colcon_core.environment:checking '/home/xinhongwang/nav2_ws/install/car_application/lib/python3.10/site-packages'
[3.552s] Level 1:colcon.colcon_core.shell:create_environment_hook('car_application', 'pythonpath')
[3.553s] INFO:colcon.colcon_core.shell:Creating environment hook '/home/xinhongwang/nav2_ws/install/car_application/share/car_application/hook/pythonpath.ps1'
[3.553s] INFO:colcon.colcon_core.shell:Creating environment descriptor '/home/xinhongwang/nav2_ws/install/car_application/share/car_application/hook/pythonpath.dsv'
[3.554s] INFO:colcon.colcon_core.shell:Creating environment hook '/home/xinhongwang/nav2_ws/install/car_application/share/car_application/hook/pythonpath.sh'
[3.556s] Level 1:colcon.colcon_core.environment:checking '/home/xinhongwang/nav2_ws/install/car_application/bin'
[3.556s] Level 1:colcon.colcon_core.environment:create_environment_scripts_only(car_application)
[3.557s] INFO:colcon.colcon_core.shell:Creating package script '/home/xinhongwang/nav2_ws/install/car_application/share/car_application/package.ps1'
[3.558s] INFO:colcon.colcon_core.shell:Creating package descriptor '/home/xinhongwang/nav2_ws/install/car_application/share/car_application/package.dsv'
[3.558s] INFO:colcon.colcon_core.shell:Creating package script '/home/xinhongwang/nav2_ws/install/car_application/share/car_application/package.sh'
[3.559s] INFO:colcon.colcon_core.shell:Creating package script '/home/xinhongwang/nav2_ws/install/car_application/share/car_application/package.bash'
[3.560s] INFO:colcon.colcon_core.shell:Creating package script '/home/xinhongwang/nav2_ws/install/car_application/share/car_application/package.zsh'
[3.561s] Level 1:colcon.colcon_core.environment:create_file_with_runtime_dependencies(/home/xinhongwang/nav2_ws/install/car_application/share/colcon-core/packages/car_application)
[3.561s] DEBUG:colcon.colcon_parallel_executor.executor.parallel:closing loop
[3.561s] DEBUG:colcon.colcon_parallel_executor.executor.parallel:loop closed
[3.561s] DEBUG:colcon.colcon_parallel_executor.executor.parallel:run_until_complete finished with '0'
[3.562s] DEBUG:colcon.colcon_core.event_reactor:joining thread
[3.580s] INFO:colcon.colcon_core.plugin_system:Skipping extension 'colcon_notification.desktop_notification.terminal_notifier': Not used on non-Darwin systems
[3.580s] INFO:colcon.colcon_core.plugin_system:Skipping extension 'colcon_notification.desktop_notification.win32': Not used on non-Windows systems
[3.580s] INFO:colcon.colcon_notification.desktop_notification:Sending desktop notification using 'notify2'
[3.684s] DEBUG:colcon.colcon_core.event_reactor:joined thread
[3.685s] INFO:colcon.colcon_core.shell:Creating prefix script '/home/xinhongwang/nav2_ws/install/local_setup.ps1'
[3.687s] INFO:colcon.colcon_core.shell:Creating prefix util module '/home/xinhongwang/nav2_ws/install/_local_setup_util_ps1.py'
[3.690s] INFO:colcon.colcon_core.shell:Creating prefix chain script '/home/xinhongwang/nav2_ws/install/setup.ps1'
[3.693s] INFO:colcon.colcon_core.shell:Creating prefix script '/home/xinhongwang/nav2_ws/install/local_setup.sh'
[3.695s] INFO:colcon.colcon_core.shell:Creating prefix util module '/home/xinhongwang/nav2_ws/install/_local_setup_util_sh.py'
[3.696s] INFO:colcon.colcon_core.shell:Creating prefix chain script '/home/xinhongwang/nav2_ws/install/setup.sh'
[3.698s] INFO:colcon.colcon_core.shell:Creating prefix script '/home/xinhongwang/nav2_ws/install/local_setup.bash'
[3.699s] INFO:colcon.colcon_core.shell:Creating prefix chain script '/home/xinhongwang/nav2_ws/install/setup.bash'
[3.702s] INFO:colcon.colcon_core.shell:Creating prefix script '/home/xinhongwang/nav2_ws/install/local_setup.zsh'
[3.703s] INFO:colcon.colcon_core.shell:Creating prefix chain script '/home/xinhongwang/nav2_ws/install/setup.zsh'
