[0.663s] Invoking command in '/home/xinhongwang/nav2_ws/build/car_navigation2': CMAKE_PREFIX_PATH=${CMAKE_PREFIX_PATH}:/home/xinhongwang/nav2_ws/install/car_application:/home/xinhongwang/nav2_ws/install/autopartol_robot:/home/xinhongwang/ws02_tools/install/car_application:/home/xinhongwang/ws02_tools/install/autopartol_robot:/opt/ros/humble /usr/bin/cmake /home/xinhongwang/nav2_ws/src/car_navigation2 -DCMAKE_INSTALL_PREFIX=/home/xinhongwang/nav2_ws/install/car_navigation2
[0.702s] -- Found ament_cmake: 1.3.11 (/opt/ros/humble/share/ament_cmake/cmake)
[0.893s] -- Override CMake install command with custom implementation using symlinks instead of copying resources
[0.907s] -- Found ament_lint_auto: 0.12.11 (/opt/ros/humble/share/ament_lint_auto/cmake)
[1.039s] -- Added test 'flake8' to check Python code syntax and style conventions
[1.039s] -- Added test 'lint_cmake' to check CMake code style
[1.041s] -- Added test 'pep257' to check Python code against some of the docstring style conventions in PEP 257
[1.044s] -- Added test 'xmllint' to check XML markup files
[1.048s] -- Configuring done
[1.059s] -- Generating done
[1.064s] -- Build files have been written to: /home/xinhongwang/nav2_ws/build/car_navigation2
[1.077s] Invoked command in '/home/xinhongwang/nav2_ws/build/car_navigation2' returned '0': CMAKE_PREFIX_PATH=${CMAKE_PREFIX_PATH}:/home/xinhongwang/nav2_ws/install/car_application:/home/xinhongwang/nav2_ws/install/autopartol_robot:/home/xinhongwang/ws02_tools/install/car_application:/home/xinhongwang/ws02_tools/install/autopartol_robot:/opt/ros/humble /usr/bin/cmake /home/xinhongwang/nav2_ws/src/car_navigation2 -DCMAKE_INSTALL_PREFIX=/home/xinhongwang/nav2_ws/install/car_navigation2
[1.078s] Invoking command in '/home/xinhongwang/nav2_ws/build/car_navigation2': CMAKE_PREFIX_PATH=${CMAKE_PREFIX_PATH}:/home/xinhongwang/nav2_ws/install/car_application:/home/xinhongwang/nav2_ws/install/autopartol_robot:/home/xinhongwang/ws02_tools/install/car_application:/home/xinhongwang/ws02_tools/install/autopartol_robot:/opt/ros/humble /usr/bin/cmake --build /home/xinhongwang/nav2_ws/build/car_navigation2 -- -j8 -l8
[1.146s] Invoked command in '/home/xinhongwang/nav2_ws/build/car_navigation2' returned '0': CMAKE_PREFIX_PATH=${CMAKE_PREFIX_PATH}:/home/xinhongwang/nav2_ws/install/car_application:/home/xinhongwang/nav2_ws/install/autopartol_robot:/home/xinhongwang/ws02_tools/install/car_application:/home/xinhongwang/ws02_tools/install/autopartol_robot:/opt/ros/humble /usr/bin/cmake --build /home/xinhongwang/nav2_ws/build/car_navigation2 -- -j8 -l8
[1.162s] Invoking command in '/home/xinhongwang/nav2_ws/build/car_navigation2': CMAKE_PREFIX_PATH=${CMAKE_PREFIX_PATH}:/home/xinhongwang/nav2_ws/install/car_application:/home/xinhongwang/nav2_ws/install/autopartol_robot:/home/xinhongwang/ws02_tools/install/car_application:/home/xinhongwang/ws02_tools/install/autopartol_robot:/opt/ros/humble /usr/bin/cmake --install /home/xinhongwang/nav2_ws/build/car_navigation2
[1.171s] -- Install configuration: ""
[1.172s] -- Execute custom install script
[1.173s] -- Up-to-date symlink: /home/xinhongwang/nav2_ws/install/car_navigation2/share/car_navigation2/launch/navigation2.launch.py
[1.173s] -- Up-to-date symlink: /home/xinhongwang/nav2_ws/install/car_navigation2/share/car_navigation2/config/nav2_params.yaml
[1.174s] -- Up-to-date symlink: /home/xinhongwang/nav2_ws/install/car_navigation2/share/car_navigation2/maps/room.pgm
[1.175s] -- Up-to-date symlink: /home/xinhongwang/nav2_ws/install/car_navigation2/share/car_navigation2/maps/room.yaml
[1.175s] -- Up-to-date symlink: /home/xinhongwang/nav2_ws/install/car_navigation2/share/car_navigation2/maps/room3.pgm
[1.176s] -- Up-to-date symlink: /home/xinhongwang/nav2_ws/install/car_navigation2/share/car_navigation2/maps/room3.yaml
[1.176s] -- Up-to-date symlink: /home/xinhongwang/nav2_ws/install/car_navigation2/share/ament_index/resource_index/package_run_dependencies/car_navigation2
[1.176s] -- Up-to-date symlink: /home/xinhongwang/nav2_ws/install/car_navigation2/share/ament_index/resource_index/parent_prefix_path/car_navigation2
[1.177s] -- Up-to-date symlink: /home/xinhongwang/nav2_ws/install/car_navigation2/share/car_navigation2/environment/ament_prefix_path.sh
[1.178s] -- Up-to-date symlink: /home/xinhongwang/nav2_ws/install/car_navigation2/share/car_navigation2/environment/ament_prefix_path.dsv
[1.184s] -- Up-to-date symlink: /home/xinhongwang/nav2_ws/install/car_navigation2/share/car_navigation2/environment/path.sh
[1.184s] -- Up-to-date symlink: /home/xinhongwang/nav2_ws/install/car_navigation2/share/car_navigation2/environment/path.dsv
[1.188s] -- Up-to-date symlink: /home/xinhongwang/nav2_ws/install/car_navigation2/share/car_navigation2/local_setup.bash
[1.189s] -- Up-to-date symlink: /home/xinhongwang/nav2_ws/install/car_navigation2/share/car_navigation2/local_setup.sh
[1.192s] -- Up-to-date symlink: /home/xinhongwang/nav2_ws/install/car_navigation2/share/car_navigation2/local_setup.zsh
[1.192s] -- Up-to-date symlink: /home/xinhongwang/nav2_ws/install/car_navigation2/share/car_navigation2/local_setup.dsv
[1.193s] -- Symlinking: /home/xinhongwang/nav2_ws/install/car_navigation2/share/car_navigation2/package.dsv
[1.213s] -- Up-to-date symlink: /home/xinhongwang/nav2_ws/install/car_navigation2/share/ament_index/resource_index/packages/car_navigation2
[1.213s] -- Up-to-date symlink: /home/xinhongwang/nav2_ws/install/car_navigation2/share/car_navigation2/cmake/car_navigation2Config.cmake
[1.213s] -- Up-to-date symlink: /home/xinhongwang/nav2_ws/install/car_navigation2/share/car_navigation2/cmake/car_navigation2Config-version.cmake
[1.213s] -- Up-to-date symlink: /home/xinhongwang/nav2_ws/install/car_navigation2/share/car_navigation2/package.xml
[1.218s] Invoked command in '/home/xinhongwang/nav2_ws/build/car_navigation2' returned '0': CMAKE_PREFIX_PATH=${CMAKE_PREFIX_PATH}:/home/xinhongwang/nav2_ws/install/car_application:/home/xinhongwang/nav2_ws/install/autopartol_robot:/home/xinhongwang/ws02_tools/install/car_application:/home/xinhongwang/ws02_tools/install/autopartol_robot:/opt/ros/humble /usr/bin/cmake --install /home/xinhongwang/nav2_ws/build/car_navigation2
