[0.111s] DEBUG:colcon:Command line arguments: ['/usr/bin/colcon', 'build', '--symlink-install']
[0.111s] DEBUG:colcon:Parsed command line arguments: Namespace(log_base=None, log_level=None, verb_name='build', build_base='build', install_base='install', merge_install=False, symlink_install=True, test_result_base=None, continue_on_error=False, executor='parallel', parallel_workers=8, event_handlers=None, ignore_user_meta=False, metas=['./colcon.meta'], base_paths=['.'], packages_ignore=None, packages_ignore_regex=None, paths=None, packages_up_to=None, packages_up_to_regex=None, packages_above=None, packages_above_and_dependencies=None, packages_above_depth=None, packages_select_by_dep=None, packages_skip_by_dep=None, packages_skip_up_to=None, packages_select_build_failed=False, packages_skip_build_finished=False, packages_select_test_failures=False, packages_skip_test_passed=False, packages_select=None, packages_skip=None, packages_select_regex=None, packages_skip_regex=None, packages_start=None, packages_end=None, allow_overriding=[], cmake_args=None, cmake_target=None, cmake_target_skip_unavailable=False, cmake_clean_cache=False, cmake_clean_first=False, cmake_force_configure=False, ament_cmake_args=None, catkin_cmake_args=None, catkin_skip_building_tests=False, verb_parser=<colcon_defaults.argument_parser.defaults.DefaultArgumentsDecorator object at 0x75cb1a159de0>, verb_extension=<colcon_core.verb.build.BuildVerb object at 0x75cb1a159900>, main=<bound method BuildVerb.main of <colcon_core.verb.build.BuildVerb object at 0x75cb1a159900>>)
[0.303s] Level 1:colcon.colcon_core.package_discovery:discover_packages(colcon_meta) check parameters
[0.303s] Level 1:colcon.colcon_core.package_discovery:discover_packages(recursive) check parameters
[0.303s] Level 1:colcon.colcon_core.package_discovery:discover_packages(ignore) check parameters
[0.303s] Level 1:colcon.colcon_core.package_discovery:discover_packages(path) check parameters
[0.303s] Level 1:colcon.colcon_core.package_discovery:discover_packages(colcon_meta) discover
[0.303s] Level 1:colcon.colcon_core.package_discovery:discover_packages(recursive) discover
[0.304s] INFO:colcon.colcon_core.package_discovery:Crawling recursively for packages in '/home/xinhongwang/nav2_ws'
[0.304s] Level 1:colcon.colcon_core.package_identification:_identify(.) by extensions ['ignore', 'ignore_ament_install']
[0.304s] Level 1:colcon.colcon_core.package_identification:_identify(.) by extension 'ignore'
[0.304s] Level 1:colcon.colcon_core.package_identification:_identify(.) by extension 'ignore_ament_install'
[0.304s] Level 1:colcon.colcon_core.package_identification:_identify(.) by extensions ['colcon_pkg']
[0.304s] Level 1:colcon.colcon_core.package_identification:_identify(.) by extension 'colcon_pkg'
[0.304s] Level 1:colcon.colcon_core.package_identification:_identify(.) by extensions ['colcon_meta']
[0.304s] Level 1:colcon.colcon_core.package_identification:_identify(.) by extension 'colcon_meta'
[0.304s] Level 1:colcon.colcon_core.package_identification:_identify(.) by extensions ['ros']
[0.304s] Level 1:colcon.colcon_core.package_identification:_identify(.) by extension 'ros'
[0.314s] Level 1:colcon.colcon_core.package_identification:_identify(.) by extensions ['cmake', 'python']
[0.314s] Level 1:colcon.colcon_core.package_identification:_identify(.) by extension 'cmake'
[0.314s] Level 1:colcon.colcon_core.package_identification:_identify(.) by extension 'python'
[0.314s] Level 1:colcon.colcon_core.package_identification:_identify(.) by extensions ['python_setup_py']
[0.314s] Level 1:colcon.colcon_core.package_identification:_identify(.) by extension 'python_setup_py'
[0.314s] Level 1:colcon.colcon_core.package_identification:_identify(build) by extensions ['ignore', 'ignore_ament_install']
[0.315s] Level 1:colcon.colcon_core.package_identification:_identify(build) by extension 'ignore'
[0.315s] Level 1:colcon.colcon_core.package_identification:_identify(build) ignored
[0.315s] Level 1:colcon.colcon_core.package_identification:_identify(install) by extensions ['ignore', 'ignore_ament_install']
[0.315s] Level 1:colcon.colcon_core.package_identification:_identify(install) by extension 'ignore'
[0.315s] Level 1:colcon.colcon_core.package_identification:_identify(install) ignored
[0.315s] Level 1:colcon.colcon_core.package_identification:_identify(log) by extensions ['ignore', 'ignore_ament_install']
[0.315s] Level 1:colcon.colcon_core.package_identification:_identify(log) by extension 'ignore'
[0.315s] Level 1:colcon.colcon_core.package_identification:_identify(log) ignored
[0.315s] Level 1:colcon.colcon_core.package_identification:_identify(src) by extensions ['ignore', 'ignore_ament_install']
[0.315s] Level 1:colcon.colcon_core.package_identification:_identify(src) by extension 'ignore'
[0.315s] Level 1:colcon.colcon_core.package_identification:_identify(src) by extension 'ignore_ament_install'
[0.316s] Level 1:colcon.colcon_core.package_identification:_identify(src) by extensions ['colcon_pkg']
[0.316s] Level 1:colcon.colcon_core.package_identification:_identify(src) by extension 'colcon_pkg'
[0.316s] Level 1:colcon.colcon_core.package_identification:_identify(src) by extensions ['colcon_meta']
[0.316s] Level 1:colcon.colcon_core.package_identification:_identify(src) by extension 'colcon_meta'
[0.316s] Level 1:colcon.colcon_core.package_identification:_identify(src) by extensions ['ros']
[0.316s] Level 1:colcon.colcon_core.package_identification:_identify(src) by extension 'ros'
[0.316s] Level 1:colcon.colcon_core.package_identification:_identify(src) by extensions ['cmake', 'python']
[0.316s] Level 1:colcon.colcon_core.package_identification:_identify(src) by extension 'cmake'
[0.316s] Level 1:colcon.colcon_core.package_identification:_identify(src) by extension 'python'
[0.316s] Level 1:colcon.colcon_core.package_identification:_identify(src) by extensions ['python_setup_py']
[0.316s] Level 1:colcon.colcon_core.package_identification:_identify(src) by extension 'python_setup_py'
[0.316s] Level 1:colcon.colcon_core.package_identification:_identify(src/autopartol_interfaces) by extensions ['ignore', 'ignore_ament_install']
[0.316s] Level 1:colcon.colcon_core.package_identification:_identify(src/autopartol_interfaces) by extension 'ignore'
[0.316s] Level 1:colcon.colcon_core.package_identification:_identify(src/autopartol_interfaces) by extension 'ignore_ament_install'
[0.316s] Level 1:colcon.colcon_core.package_identification:_identify(src/autopartol_interfaces) by extensions ['colcon_pkg']
[0.316s] Level 1:colcon.colcon_core.package_identification:_identify(src/autopartol_interfaces) by extension 'colcon_pkg'
[0.316s] Level 1:colcon.colcon_core.package_identification:_identify(src/autopartol_interfaces) by extensions ['colcon_meta']
[0.316s] Level 1:colcon.colcon_core.package_identification:_identify(src/autopartol_interfaces) by extension 'colcon_meta'
[0.316s] Level 1:colcon.colcon_core.package_identification:_identify(src/autopartol_interfaces) by extensions ['ros']
[0.316s] Level 1:colcon.colcon_core.package_identification:_identify(src/autopartol_interfaces) by extension 'ros'
[0.319s] DEBUG:colcon.colcon_core.package_identification:Package 'src/autopartol_interfaces' with type 'ros.ament_cmake' and name 'autopartol_interfaces'
[0.319s] Level 1:colcon.colcon_core.package_identification:_identify(src/autopartol_robot) by extensions ['ignore', 'ignore_ament_install']
[0.319s] Level 1:colcon.colcon_core.package_identification:_identify(src/autopartol_robot) by extension 'ignore'
[0.319s] Level 1:colcon.colcon_core.package_identification:_identify(src/autopartol_robot) by extension 'ignore_ament_install'
[0.319s] Level 1:colcon.colcon_core.package_identification:_identify(src/autopartol_robot) by extensions ['colcon_pkg']
[0.319s] Level 1:colcon.colcon_core.package_identification:_identify(src/autopartol_robot) by extension 'colcon_pkg'
[0.319s] Level 1:colcon.colcon_core.package_identification:_identify(src/autopartol_robot) by extensions ['colcon_meta']
[0.319s] Level 1:colcon.colcon_core.package_identification:_identify(src/autopartol_robot) by extension 'colcon_meta'
[0.319s] Level 1:colcon.colcon_core.package_identification:_identify(src/autopartol_robot) by extensions ['ros']
[0.319s] Level 1:colcon.colcon_core.package_identification:_identify(src/autopartol_robot) by extension 'ros'
[0.320s] DEBUG:colcon.colcon_core.package_identification:Package 'src/autopartol_robot' with type 'ros.ament_python' and name 'autopartol_robot'
[0.320s] Level 1:colcon.colcon_core.package_identification:_identify(src/car_application) by extensions ['ignore', 'ignore_ament_install']
[0.320s] Level 1:colcon.colcon_core.package_identification:_identify(src/car_application) by extension 'ignore'
[0.320s] Level 1:colcon.colcon_core.package_identification:_identify(src/car_application) by extension 'ignore_ament_install'
[0.320s] Level 1:colcon.colcon_core.package_identification:_identify(src/car_application) by extensions ['colcon_pkg']
[0.320s] Level 1:colcon.colcon_core.package_identification:_identify(src/car_application) by extension 'colcon_pkg'
[0.320s] Level 1:colcon.colcon_core.package_identification:_identify(src/car_application) by extensions ['colcon_meta']
[0.320s] Level 1:colcon.colcon_core.package_identification:_identify(src/car_application) by extension 'colcon_meta'
[0.320s] Level 1:colcon.colcon_core.package_identification:_identify(src/car_application) by extensions ['ros']
[0.320s] Level 1:colcon.colcon_core.package_identification:_identify(src/car_application) by extension 'ros'
[0.321s] DEBUG:colcon.colcon_core.package_identification:Package 'src/car_application' with type 'ros.ament_python' and name 'car_application'
[0.321s] Level 1:colcon.colcon_core.package_identification:_identify(src/car_navigation2) by extensions ['ignore', 'ignore_ament_install']
[0.321s] Level 1:colcon.colcon_core.package_identification:_identify(src/car_navigation2) by extension 'ignore'
[0.321s] Level 1:colcon.colcon_core.package_identification:_identify(src/car_navigation2) by extension 'ignore_ament_install'
[0.321s] Level 1:colcon.colcon_core.package_identification:_identify(src/car_navigation2) by extensions ['colcon_pkg']
[0.321s] Level 1:colcon.colcon_core.package_identification:_identify(src/car_navigation2) by extension 'colcon_pkg'
[0.321s] Level 1:colcon.colcon_core.package_identification:_identify(src/car_navigation2) by extensions ['colcon_meta']
[0.321s] Level 1:colcon.colcon_core.package_identification:_identify(src/car_navigation2) by extension 'colcon_meta'
[0.321s] Level 1:colcon.colcon_core.package_identification:_identify(src/car_navigation2) by extensions ['ros']
[0.321s] Level 1:colcon.colcon_core.package_identification:_identify(src/car_navigation2) by extension 'ros'
[0.322s] DEBUG:colcon.colcon_core.package_identification:Package 'src/car_navigation2' with type 'ros.ament_cmake' and name 'car_navigation2'
[0.322s] Level 1:colcon.colcon_core.package_identification:_identify(src/cpp06_urdf) by extensions ['ignore', 'ignore_ament_install']
[0.322s] Level 1:colcon.colcon_core.package_identification:_identify(src/cpp06_urdf) by extension 'ignore'
[0.322s] Level 1:colcon.colcon_core.package_identification:_identify(src/cpp06_urdf) by extension 'ignore_ament_install'
[0.322s] Level 1:colcon.colcon_core.package_identification:_identify(src/cpp06_urdf) by extensions ['colcon_pkg']
[0.322s] Level 1:colcon.colcon_core.package_identification:_identify(src/cpp06_urdf) by extension 'colcon_pkg'
[0.322s] Level 1:colcon.colcon_core.package_identification:_identify(src/cpp06_urdf) by extensions ['colcon_meta']
[0.322s] Level 1:colcon.colcon_core.package_identification:_identify(src/cpp06_urdf) by extension 'colcon_meta'
[0.322s] Level 1:colcon.colcon_core.package_identification:_identify(src/cpp06_urdf) by extensions ['ros']
[0.322s] Level 1:colcon.colcon_core.package_identification:_identify(src/cpp06_urdf) by extension 'ros'
[0.323s] DEBUG:colcon.colcon_core.package_identification:Package 'src/cpp06_urdf' with type 'ros.ament_cmake' and name 'cpp06_urdf'
[0.323s] Level 1:colcon.colcon_core.package_discovery:discover_packages(recursive) using defaults
[0.323s] Level 1:colcon.colcon_core.package_discovery:discover_packages(ignore) discover
[0.323s] Level 1:colcon.colcon_core.package_discovery:discover_packages(ignore) using defaults
[0.323s] Level 1:colcon.colcon_core.package_discovery:discover_packages(path) discover
[0.323s] Level 1:colcon.colcon_core.package_discovery:discover_packages(path) using defaults
[0.352s] Level 1:colcon.colcon_core.package_discovery:discover_packages(prefix_path) check parameters
[0.352s] Level 1:colcon.colcon_core.package_discovery:discover_packages(prefix_path) discover
[0.354s] DEBUG:colcon.colcon_installed_package_information.package_discovery:Found 5 installed packages in /home/xinhongwang/nav2_ws/install
[0.355s] DEBUG:colcon.colcon_installed_package_information.package_discovery:Found 4 installed packages in /home/xinhongwang/ws02_tools/install
[0.355s] DEBUG:colcon.colcon_installed_package_information.package_discovery:Found 2 installed packages in /home/xinhongwang/ws00_helloworld/install
[0.357s] DEBUG:colcon.colcon_installed_package_information.package_discovery:Found 413 installed packages in /opt/ros/humble
[0.359s] Level 1:colcon.colcon_core.package_discovery:discover_packages(prefix_path) using defaults
[0.408s] Level 5:colcon.colcon_core.verb:set package 'autopartol_interfaces' build argument 'cmake_args' from command line to 'None'
[0.408s] Level 5:colcon.colcon_core.verb:set package 'autopartol_interfaces' build argument 'cmake_target' from command line to 'None'
[0.408s] Level 5:colcon.colcon_core.verb:set package 'autopartol_interfaces' build argument 'cmake_target_skip_unavailable' from command line to 'False'
[0.408s] Level 5:colcon.colcon_core.verb:set package 'autopartol_interfaces' build argument 'cmake_clean_cache' from command line to 'False'
[0.408s] Level 5:colcon.colcon_core.verb:set package 'autopartol_interfaces' build argument 'cmake_clean_first' from command line to 'False'
[0.408s] Level 5:colcon.colcon_core.verb:set package 'autopartol_interfaces' build argument 'cmake_force_configure' from command line to 'False'
[0.408s] Level 5:colcon.colcon_core.verb:set package 'autopartol_interfaces' build argument 'ament_cmake_args' from command line to 'None'
[0.408s] Level 5:colcon.colcon_core.verb:set package 'autopartol_interfaces' build argument 'catkin_cmake_args' from command line to 'None'
[0.408s] Level 5:colcon.colcon_core.verb:set package 'autopartol_interfaces' build argument 'catkin_skip_building_tests' from command line to 'False'
[0.408s] DEBUG:colcon.colcon_core.verb:Building package 'autopartol_interfaces' with the following arguments: {'ament_cmake_args': None, 'build_base': '/home/xinhongwang/nav2_ws/build/autopartol_interfaces', 'catkin_cmake_args': None, 'catkin_skip_building_tests': False, 'cmake_args': None, 'cmake_clean_cache': False, 'cmake_clean_first': False, 'cmake_force_configure': False, 'cmake_target': None, 'cmake_target_skip_unavailable': False, 'install_base': '/home/xinhongwang/nav2_ws/install/autopartol_interfaces', 'merge_install': False, 'path': '/home/xinhongwang/nav2_ws/src/autopartol_interfaces', 'symlink_install': True, 'test_result_base': None}
[0.408s] Level 5:colcon.colcon_core.verb:set package 'autopartol_robot' build argument 'cmake_args' from command line to 'None'
[0.409s] Level 5:colcon.colcon_core.verb:set package 'autopartol_robot' build argument 'cmake_target' from command line to 'None'
[0.409s] Level 5:colcon.colcon_core.verb:set package 'autopartol_robot' build argument 'cmake_target_skip_unavailable' from command line to 'False'
[0.409s] Level 5:colcon.colcon_core.verb:set package 'autopartol_robot' build argument 'cmake_clean_cache' from command line to 'False'
[0.409s] Level 5:colcon.colcon_core.verb:set package 'autopartol_robot' build argument 'cmake_clean_first' from command line to 'False'
[0.409s] Level 5:colcon.colcon_core.verb:set package 'autopartol_robot' build argument 'cmake_force_configure' from command line to 'False'
[0.409s] Level 5:colcon.colcon_core.verb:set package 'autopartol_robot' build argument 'ament_cmake_args' from command line to 'None'
[0.409s] Level 5:colcon.colcon_core.verb:set package 'autopartol_robot' build argument 'catkin_cmake_args' from command line to 'None'
[0.409s] Level 5:colcon.colcon_core.verb:set package 'autopartol_robot' build argument 'catkin_skip_building_tests' from command line to 'False'
[0.409s] DEBUG:colcon.colcon_core.verb:Building package 'autopartol_robot' with the following arguments: {'ament_cmake_args': None, 'build_base': '/home/xinhongwang/nav2_ws/build/autopartol_robot', 'catkin_cmake_args': None, 'catkin_skip_building_tests': False, 'cmake_args': None, 'cmake_clean_cache': False, 'cmake_clean_first': False, 'cmake_force_configure': False, 'cmake_target': None, 'cmake_target_skip_unavailable': False, 'install_base': '/home/xinhongwang/nav2_ws/install/autopartol_robot', 'merge_install': False, 'path': '/home/xinhongwang/nav2_ws/src/autopartol_robot', 'symlink_install': True, 'test_result_base': None}
[0.409s] Level 5:colcon.colcon_core.verb:set package 'car_application' build argument 'cmake_args' from command line to 'None'
[0.409s] Level 5:colcon.colcon_core.verb:set package 'car_application' build argument 'cmake_target' from command line to 'None'
[0.409s] Level 5:colcon.colcon_core.verb:set package 'car_application' build argument 'cmake_target_skip_unavailable' from command line to 'False'
[0.409s] Level 5:colcon.colcon_core.verb:set package 'car_application' build argument 'cmake_clean_cache' from command line to 'False'
[0.409s] Level 5:colcon.colcon_core.verb:set package 'car_application' build argument 'cmake_clean_first' from command line to 'False'
[0.409s] Level 5:colcon.colcon_core.verb:set package 'car_application' build argument 'cmake_force_configure' from command line to 'False'
[0.409s] Level 5:colcon.colcon_core.verb:set package 'car_application' build argument 'ament_cmake_args' from command line to 'None'
[0.409s] Level 5:colcon.colcon_core.verb:set package 'car_application' build argument 'catkin_cmake_args' from command line to 'None'
[0.409s] Level 5:colcon.colcon_core.verb:set package 'car_application' build argument 'catkin_skip_building_tests' from command line to 'False'
[0.409s] DEBUG:colcon.colcon_core.verb:Building package 'car_application' with the following arguments: {'ament_cmake_args': None, 'build_base': '/home/xinhongwang/nav2_ws/build/car_application', 'catkin_cmake_args': None, 'catkin_skip_building_tests': False, 'cmake_args': None, 'cmake_clean_cache': False, 'cmake_clean_first': False, 'cmake_force_configure': False, 'cmake_target': None, 'cmake_target_skip_unavailable': False, 'install_base': '/home/xinhongwang/nav2_ws/install/car_application', 'merge_install': False, 'path': '/home/xinhongwang/nav2_ws/src/car_application', 'symlink_install': True, 'test_result_base': None}
[0.410s] Level 5:colcon.colcon_core.verb:set package 'car_navigation2' build argument 'cmake_args' from command line to 'None'
[0.410s] Level 5:colcon.colcon_core.verb:set package 'car_navigation2' build argument 'cmake_target' from command line to 'None'
[0.410s] Level 5:colcon.colcon_core.verb:set package 'car_navigation2' build argument 'cmake_target_skip_unavailable' from command line to 'False'
[0.410s] Level 5:colcon.colcon_core.verb:set package 'car_navigation2' build argument 'cmake_clean_cache' from command line to 'False'
[0.410s] Level 5:colcon.colcon_core.verb:set package 'car_navigation2' build argument 'cmake_clean_first' from command line to 'False'
[0.410s] Level 5:colcon.colcon_core.verb:set package 'car_navigation2' build argument 'cmake_force_configure' from command line to 'False'
[0.410s] Level 5:colcon.colcon_core.verb:set package 'car_navigation2' build argument 'ament_cmake_args' from command line to 'None'
[0.410s] Level 5:colcon.colcon_core.verb:set package 'car_navigation2' build argument 'catkin_cmake_args' from command line to 'None'
[0.410s] Level 5:colcon.colcon_core.verb:set package 'car_navigation2' build argument 'catkin_skip_building_tests' from command line to 'False'
[0.410s] DEBUG:colcon.colcon_core.verb:Building package 'car_navigation2' with the following arguments: {'ament_cmake_args': None, 'build_base': '/home/xinhongwang/nav2_ws/build/car_navigation2', 'catkin_cmake_args': None, 'catkin_skip_building_tests': False, 'cmake_args': None, 'cmake_clean_cache': False, 'cmake_clean_first': False, 'cmake_force_configure': False, 'cmake_target': None, 'cmake_target_skip_unavailable': False, 'install_base': '/home/xinhongwang/nav2_ws/install/car_navigation2', 'merge_install': False, 'path': '/home/xinhongwang/nav2_ws/src/car_navigation2', 'symlink_install': True, 'test_result_base': None}
[0.410s] Level 5:colcon.colcon_core.verb:set package 'cpp06_urdf' build argument 'cmake_args' from command line to 'None'
[0.410s] Level 5:colcon.colcon_core.verb:set package 'cpp06_urdf' build argument 'cmake_target' from command line to 'None'
[0.410s] Level 5:colcon.colcon_core.verb:set package 'cpp06_urdf' build argument 'cmake_target_skip_unavailable' from command line to 'False'
[0.410s] Level 5:colcon.colcon_core.verb:set package 'cpp06_urdf' build argument 'cmake_clean_cache' from command line to 'False'
[0.410s] Level 5:colcon.colcon_core.verb:set package 'cpp06_urdf' build argument 'cmake_clean_first' from command line to 'False'
[0.410s] Level 5:colcon.colcon_core.verb:set package 'cpp06_urdf' build argument 'cmake_force_configure' from command line to 'False'
[0.410s] Level 5:colcon.colcon_core.verb:set package 'cpp06_urdf' build argument 'ament_cmake_args' from command line to 'None'
[0.410s] Level 5:colcon.colcon_core.verb:set package 'cpp06_urdf' build argument 'catkin_cmake_args' from command line to 'None'
[0.410s] Level 5:colcon.colcon_core.verb:set package 'cpp06_urdf' build argument 'catkin_skip_building_tests' from command line to 'False'
[0.410s] DEBUG:colcon.colcon_core.verb:Building package 'cpp06_urdf' with the following arguments: {'ament_cmake_args': None, 'build_base': '/home/xinhongwang/nav2_ws/build/cpp06_urdf', 'catkin_cmake_args': None, 'catkin_skip_building_tests': False, 'cmake_args': None, 'cmake_clean_cache': False, 'cmake_clean_first': False, 'cmake_force_configure': False, 'cmake_target': None, 'cmake_target_skip_unavailable': False, 'install_base': '/home/xinhongwang/nav2_ws/install/cpp06_urdf', 'merge_install': False, 'path': '/home/xinhongwang/nav2_ws/src/cpp06_urdf', 'symlink_install': True, 'test_result_base': None}
[0.411s] INFO:colcon.colcon_core.executor:Executing jobs using 'parallel' executor
[0.412s] DEBUG:colcon.colcon_parallel_executor.executor.parallel:run_until_complete
[0.412s] INFO:colcon.colcon_ros.task.ament_cmake.build:Building ROS package in '/home/xinhongwang/nav2_ws/src/autopartol_interfaces' with build type 'ament_cmake'
[0.412s] INFO:colcon.colcon_cmake.task.cmake.build:Building CMake package in '/home/xinhongwang/nav2_ws/src/autopartol_interfaces'
[0.414s] INFO:colcon.colcon_core.plugin_system:Skipping extension 'colcon_core.shell.bat': Not used on non-Windows systems
[0.415s] INFO:colcon.colcon_core.shell:Skip shell extension 'powershell' for command environment: Not usable outside of PowerShell
[0.415s] DEBUG:colcon.colcon_core.shell:Skip shell extension 'dsv' for command environment
[0.420s] INFO:colcon.colcon_ros.task.ament_python.build:Building ROS package in '/home/xinhongwang/nav2_ws/src/autopartol_robot' with build type 'ament_python'
[0.421s] Level 1:colcon.colcon_core.shell:create_environment_hook('autopartol_robot', 'ament_prefix_path')
[0.421s] INFO:colcon.colcon_core.shell:Creating environment hook '/home/xinhongwang/nav2_ws/install/autopartol_robot/share/autopartol_robot/hook/ament_prefix_path.ps1'
[0.422s] INFO:colcon.colcon_core.shell:Creating environment descriptor '/home/xinhongwang/nav2_ws/install/autopartol_robot/share/autopartol_robot/hook/ament_prefix_path.dsv'
[0.423s] INFO:colcon.colcon_core.shell:Creating environment hook '/home/xinhongwang/nav2_ws/install/autopartol_robot/share/autopartol_robot/hook/ament_prefix_path.sh'
[0.424s] INFO:colcon.colcon_core.shell:Skip shell extension 'powershell' for command environment: Not usable outside of PowerShell
[0.424s] DEBUG:colcon.colcon_core.shell:Skip shell extension 'dsv' for command environment
[0.430s] INFO:colcon.colcon_ros.task.ament_python.build:Building ROS package in '/home/xinhongwang/nav2_ws/src/car_application' with build type 'ament_python'
[0.431s] Level 1:colcon.colcon_core.shell:create_environment_hook('car_application', 'ament_prefix_path')
[0.432s] INFO:colcon.colcon_core.shell:Creating environment hook '/home/xinhongwang/nav2_ws/install/car_application/share/car_application/hook/ament_prefix_path.ps1'
[0.432s] INFO:colcon.colcon_core.shell:Creating environment descriptor '/home/xinhongwang/nav2_ws/install/car_application/share/car_application/hook/ament_prefix_path.dsv'
[0.433s] INFO:colcon.colcon_core.shell:Creating environment hook '/home/xinhongwang/nav2_ws/install/car_application/share/car_application/hook/ament_prefix_path.sh'
[0.434s] INFO:colcon.colcon_core.shell:Skip shell extension 'powershell' for command environment: Not usable outside of PowerShell
[0.434s] DEBUG:colcon.colcon_core.shell:Skip shell extension 'dsv' for command environment
[0.441s] INFO:colcon.colcon_ros.task.ament_cmake.build:Building ROS package in '/home/xinhongwang/nav2_ws/src/car_navigation2' with build type 'ament_cmake'
[0.441s] INFO:colcon.colcon_cmake.task.cmake.build:Building CMake package in '/home/xinhongwang/nav2_ws/src/car_navigation2'
[0.441s] INFO:colcon.colcon_core.shell:Skip shell extension 'powershell' for command environment: Not usable outside of PowerShell
[0.442s] DEBUG:colcon.colcon_core.shell:Skip shell extension 'dsv' for command environment
[0.450s] INFO:colcon.colcon_ros.task.ament_cmake.build:Building ROS package in '/home/xinhongwang/nav2_ws/src/cpp06_urdf' with build type 'ament_cmake'
[0.450s] INFO:colcon.colcon_cmake.task.cmake.build:Building CMake package in '/home/xinhongwang/nav2_ws/src/cpp06_urdf'
[0.451s] INFO:colcon.colcon_core.shell:Skip shell extension 'powershell' for command environment: Not usable outside of PowerShell
[0.451s] DEBUG:colcon.colcon_core.shell:Skip shell extension 'dsv' for command environment
[0.466s] DEBUG:colcon.colcon_core.event_handler.log_command:Invoking command in '/home/xinhongwang/nav2_ws/build/autopartol_interfaces': CMAKE_PREFIX_PATH=${CMAKE_PREFIX_PATH}:/home/xinhongwang/ws02_tools/install/car_application:/home/xinhongwang/ws02_tools/install/autopartol_robot:/opt/ros/humble /usr/bin/cmake --build /home/xinhongwang/nav2_ws/build/autopartol_interfaces -- -j8 -l8
[0.906s] INFO:colcon.colcon_core.task.python.build:Building Python package in '/home/xinhongwang/nav2_ws/src/autopartol_robot'
[0.907s] INFO:colcon.colcon_core.shell:Skip shell extension 'powershell' for command environment: Not usable outside of PowerShell
[0.907s] DEBUG:colcon.colcon_core.shell:Skip shell extension 'dsv' for command environment
[1.277s] INFO:colcon.colcon_core.task.python.build:Building Python package in '/home/xinhongwang/nav2_ws/src/car_application'
[1.278s] INFO:colcon.colcon_core.shell:Skip shell extension 'powershell' for command environment: Not usable outside of PowerShell
[1.278s] DEBUG:colcon.colcon_core.shell:Skip shell extension 'dsv' for command environment
[1.290s] DEBUG:colcon.colcon_core.event_handler.log_command:Invoking command in '/home/xinhongwang/nav2_ws/build/car_navigation2': CMAKE_PREFIX_PATH=${CMAKE_PREFIX_PATH}:/home/xinhongwang/ws02_tools/install/car_application:/home/xinhongwang/ws02_tools/install/autopartol_robot:/opt/ros/humble /usr/bin/cmake --build /home/xinhongwang/nav2_ws/build/car_navigation2 -- -j8 -l8
[1.304s] DEBUG:colcon.colcon_core.event_handler.log_command:Invoking command in '/home/xinhongwang/nav2_ws/build/cpp06_urdf': CMAKE_PREFIX_PATH=${CMAKE_PREFIX_PATH}:/home/xinhongwang/ws02_tools/install/car_application:/home/xinhongwang/ws02_tools/install/autopartol_robot:/opt/ros/humble /usr/bin/cmake --build /home/xinhongwang/nav2_ws/build/cpp06_urdf -- -j8 -l8
[1.304s] DEBUG:colcon.colcon_core.event_handler.log_command:Invoked command in '/home/xinhongwang/nav2_ws/build/autopartol_interfaces' returned '0': CMAKE_PREFIX_PATH=${CMAKE_PREFIX_PATH}:/home/xinhongwang/ws02_tools/install/car_application:/home/xinhongwang/ws02_tools/install/autopartol_robot:/opt/ros/humble /usr/bin/cmake --build /home/xinhongwang/nav2_ws/build/autopartol_interfaces -- -j8 -l8
[1.316s] DEBUG:colcon.colcon_core.event_handler.log_command:Invoking command in '/home/xinhongwang/nav2_ws/build/autopartol_interfaces': CMAKE_PREFIX_PATH=${CMAKE_PREFIX_PATH}:/home/xinhongwang/ws02_tools/install/car_application:/home/xinhongwang/ws02_tools/install/autopartol_robot:/opt/ros/humble /usr/bin/cmake --install /home/xinhongwang/nav2_ws/build/autopartol_interfaces
[1.385s] DEBUG:colcon.colcon_core.event_handler.log_command:Invoked command in '/home/xinhongwang/nav2_ws/build/car_navigation2' returned '0': CMAKE_PREFIX_PATH=${CMAKE_PREFIX_PATH}:/home/xinhongwang/ws02_tools/install/car_application:/home/xinhongwang/ws02_tools/install/autopartol_robot:/opt/ros/humble /usr/bin/cmake --build /home/xinhongwang/nav2_ws/build/car_navigation2 -- -j8 -l8
[1.403s] DEBUG:colcon.colcon_core.event_handler.log_command:Invoking command in '/home/xinhongwang/nav2_ws/build/car_navigation2': CMAKE_PREFIX_PATH=${CMAKE_PREFIX_PATH}:/home/xinhongwang/ws02_tools/install/car_application:/home/xinhongwang/ws02_tools/install/autopartol_robot:/opt/ros/humble /usr/bin/cmake --install /home/xinhongwang/nav2_ws/build/car_navigation2
[1.406s] DEBUG:colcon.colcon_core.event_handler.log_command:Invoked command in '/home/xinhongwang/nav2_ws/build/cpp06_urdf' returned '0': CMAKE_PREFIX_PATH=${CMAKE_PREFIX_PATH}:/home/xinhongwang/ws02_tools/install/car_application:/home/xinhongwang/ws02_tools/install/autopartol_robot:/opt/ros/humble /usr/bin/cmake --build /home/xinhongwang/nav2_ws/build/cpp06_urdf -- -j8 -l8
[1.407s] DEBUG:colcon.colcon_core.event_handler.log_command:Invoking command in '/home/xinhongwang/nav2_ws/build/cpp06_urdf': CMAKE_PREFIX_PATH=${CMAKE_PREFIX_PATH}:/home/xinhongwang/ws02_tools/install/car_application:/home/xinhongwang/ws02_tools/install/autopartol_robot:/opt/ros/humble /usr/bin/cmake --install /home/xinhongwang/nav2_ws/build/cpp06_urdf
[1.446s] Level 1:colcon.colcon_core.environment:create_environment_scripts_only(car_navigation2)
[1.447s] DEBUG:colcon.colcon_core.event_handler.log_command:Invoked command in '/home/xinhongwang/nav2_ws/build/car_navigation2' returned '0': CMAKE_PREFIX_PATH=${CMAKE_PREFIX_PATH}:/home/xinhongwang/ws02_tools/install/car_application:/home/xinhongwang/ws02_tools/install/autopartol_robot:/opt/ros/humble /usr/bin/cmake --install /home/xinhongwang/nav2_ws/build/car_navigation2
[1.461s] Level 1:colcon.colcon_core.environment:checking '/home/xinhongwang/nav2_ws/install/car_navigation2' for CMake module files
[1.464s] Level 1:colcon.colcon_core.environment:checking '/home/xinhongwang/nav2_ws/install/car_navigation2' for CMake config files
[1.465s] Level 1:colcon.colcon_core.shell:create_environment_hook('car_navigation2', 'cmake_prefix_path')
[1.466s] INFO:colcon.colcon_core.shell:Creating environment hook '/home/xinhongwang/nav2_ws/install/car_navigation2/share/car_navigation2/hook/cmake_prefix_path.ps1'
[1.467s] INFO:colcon.colcon_core.shell:Creating environment descriptor '/home/xinhongwang/nav2_ws/install/car_navigation2/share/car_navigation2/hook/cmake_prefix_path.dsv'
[1.468s] INFO:colcon.colcon_core.shell:Creating environment hook '/home/xinhongwang/nav2_ws/install/car_navigation2/share/car_navigation2/hook/cmake_prefix_path.sh'
[1.469s] Level 1:colcon.colcon_core.environment:checking '/home/xinhongwang/nav2_ws/install/car_navigation2/bin'
[1.469s] Level 1:colcon.colcon_core.environment:checking '/home/xinhongwang/nav2_ws/install/car_navigation2/lib/pkgconfig/car_navigation2.pc'
[1.470s] Level 1:colcon.colcon_core.environment:checking '/home/xinhongwang/nav2_ws/install/car_navigation2/lib/python3.10/site-packages'
[1.470s] Level 1:colcon.colcon_core.environment:checking '/home/xinhongwang/nav2_ws/install/car_navigation2/bin'
[1.471s] INFO:colcon.colcon_core.shell:Creating package script '/home/xinhongwang/nav2_ws/install/car_navigation2/share/car_navigation2/package.ps1'
[1.472s] INFO:colcon.colcon_core.shell:Creating package descriptor '/home/xinhongwang/nav2_ws/install/car_navigation2/share/car_navigation2/package.dsv'
[1.473s] INFO:colcon.colcon_core.shell:Creating package script '/home/xinhongwang/nav2_ws/install/car_navigation2/share/car_navigation2/package.sh'
[1.475s] INFO:colcon.colcon_core.shell:Creating package script '/home/xinhongwang/nav2_ws/install/car_navigation2/share/car_navigation2/package.bash'
[1.477s] INFO:colcon.colcon_core.shell:Creating package script '/home/xinhongwang/nav2_ws/install/car_navigation2/share/car_navigation2/package.zsh'
[1.479s] Level 1:colcon.colcon_core.environment:create_file_with_runtime_dependencies(/home/xinhongwang/nav2_ws/install/car_navigation2/share/colcon-core/packages/car_navigation2)
[1.483s] Level 1:colcon.colcon_core.environment:create_environment_scripts_only(car_navigation2)
[1.483s] Level 1:colcon.colcon_core.environment:checking '/home/xinhongwang/nav2_ws/install/car_navigation2' for CMake module files
[1.491s] Level 1:colcon.colcon_core.environment:checking '/home/xinhongwang/nav2_ws/install/car_navigation2' for CMake config files
[1.491s] Level 1:colcon.colcon_core.shell:create_environment_hook('car_navigation2', 'cmake_prefix_path')
[1.491s] INFO:colcon.colcon_core.shell:Creating environment hook '/home/xinhongwang/nav2_ws/install/car_navigation2/share/car_navigation2/hook/cmake_prefix_path.ps1'
[1.492s] INFO:colcon.colcon_core.shell:Creating environment descriptor '/home/xinhongwang/nav2_ws/install/car_navigation2/share/car_navigation2/hook/cmake_prefix_path.dsv'
[1.493s] INFO:colcon.colcon_core.shell:Creating environment hook '/home/xinhongwang/nav2_ws/install/car_navigation2/share/car_navigation2/hook/cmake_prefix_path.sh'
[1.494s] Level 1:colcon.colcon_core.environment:checking '/home/xinhongwang/nav2_ws/install/car_navigation2/bin'
[1.494s] Level 1:colcon.colcon_core.environment:checking '/home/xinhongwang/nav2_ws/install/car_navigation2/lib/pkgconfig/car_navigation2.pc'
[1.494s] Level 1:colcon.colcon_core.environment:checking '/home/xinhongwang/nav2_ws/install/car_navigation2/lib/python3.10/site-packages'
[1.494s] Level 1:colcon.colcon_core.environment:checking '/home/xinhongwang/nav2_ws/install/car_navigation2/bin'
[1.495s] INFO:colcon.colcon_core.shell:Creating package script '/home/xinhongwang/nav2_ws/install/car_navigation2/share/car_navigation2/package.ps1'
[1.495s] INFO:colcon.colcon_core.shell:Creating package descriptor '/home/xinhongwang/nav2_ws/install/car_navigation2/share/car_navigation2/package.dsv'
[1.496s] INFO:colcon.colcon_core.shell:Creating package script '/home/xinhongwang/nav2_ws/install/car_navigation2/share/car_navigation2/package.sh'
[1.497s] INFO:colcon.colcon_core.shell:Creating package script '/home/xinhongwang/nav2_ws/install/car_navigation2/share/car_navigation2/package.bash'
[1.498s] INFO:colcon.colcon_core.shell:Creating package script '/home/xinhongwang/nav2_ws/install/car_navigation2/share/car_navigation2/package.zsh'
[1.498s] Level 1:colcon.colcon_core.environment:create_file_with_runtime_dependencies(/home/xinhongwang/nav2_ws/install/car_navigation2/share/colcon-core/packages/car_navigation2)
[1.504s] Level 1:colcon.colcon_core.environment:create_environment_scripts_only(cpp06_urdf)
[1.504s] Level 1:colcon.colcon_core.environment:checking '/home/xinhongwang/nav2_ws/install/cpp06_urdf' for CMake module files
[1.506s] DEBUG:colcon.colcon_core.event_handler.log_command:Invoked command in '/home/xinhongwang/nav2_ws/build/cpp06_urdf' returned '0': CMAKE_PREFIX_PATH=${CMAKE_PREFIX_PATH}:/home/xinhongwang/ws02_tools/install/car_application:/home/xinhongwang/ws02_tools/install/autopartol_robot:/opt/ros/humble /usr/bin/cmake --install /home/xinhongwang/nav2_ws/build/cpp06_urdf
[1.506s] Level 1:colcon.colcon_core.environment:checking '/home/xinhongwang/nav2_ws/install/cpp06_urdf' for CMake config files
[1.508s] Level 1:colcon.colcon_core.shell:create_environment_hook('cpp06_urdf', 'cmake_prefix_path')
[1.508s] INFO:colcon.colcon_core.shell:Creating environment hook '/home/xinhongwang/nav2_ws/install/cpp06_urdf/share/cpp06_urdf/hook/cmake_prefix_path.ps1'
[1.509s] INFO:colcon.colcon_core.shell:Creating environment descriptor '/home/xinhongwang/nav2_ws/install/cpp06_urdf/share/cpp06_urdf/hook/cmake_prefix_path.dsv'
[1.511s] INFO:colcon.colcon_core.shell:Creating environment hook '/home/xinhongwang/nav2_ws/install/cpp06_urdf/share/cpp06_urdf/hook/cmake_prefix_path.sh'
[1.513s] Level 1:colcon.colcon_core.environment:checking '/home/xinhongwang/nav2_ws/install/cpp06_urdf/bin'
[1.513s] Level 1:colcon.colcon_core.environment:checking '/home/xinhongwang/nav2_ws/install/cpp06_urdf/lib/pkgconfig/cpp06_urdf.pc'
[1.513s] Level 1:colcon.colcon_core.environment:checking '/home/xinhongwang/nav2_ws/install/cpp06_urdf/lib/python3.10/site-packages'
[1.513s] Level 1:colcon.colcon_core.environment:checking '/home/xinhongwang/nav2_ws/install/cpp06_urdf/bin'
[1.514s] INFO:colcon.colcon_core.shell:Creating package script '/home/xinhongwang/nav2_ws/install/cpp06_urdf/share/cpp06_urdf/package.ps1'
[1.514s] INFO:colcon.colcon_core.shell:Creating package descriptor '/home/xinhongwang/nav2_ws/install/cpp06_urdf/share/cpp06_urdf/package.dsv'
[1.515s] INFO:colcon.colcon_core.shell:Creating package script '/home/xinhongwang/nav2_ws/install/cpp06_urdf/share/cpp06_urdf/package.sh'
[1.515s] INFO:colcon.colcon_core.shell:Creating package script '/home/xinhongwang/nav2_ws/install/cpp06_urdf/share/cpp06_urdf/package.bash'
[1.516s] INFO:colcon.colcon_core.shell:Creating package script '/home/xinhongwang/nav2_ws/install/cpp06_urdf/share/cpp06_urdf/package.zsh'
[1.518s] Level 1:colcon.colcon_core.environment:create_file_with_runtime_dependencies(/home/xinhongwang/nav2_ws/install/cpp06_urdf/share/colcon-core/packages/cpp06_urdf)
[1.521s] Level 1:colcon.colcon_core.environment:create_environment_scripts_only(cpp06_urdf)
[1.521s] Level 1:colcon.colcon_core.environment:checking '/home/xinhongwang/nav2_ws/install/cpp06_urdf' for CMake module files
[1.522s] Level 1:colcon.colcon_core.environment:checking '/home/xinhongwang/nav2_ws/install/cpp06_urdf' for CMake config files
[1.524s] Level 1:colcon.colcon_core.shell:create_environment_hook('cpp06_urdf', 'cmake_prefix_path')
[1.525s] INFO:colcon.colcon_core.shell:Creating environment hook '/home/xinhongwang/nav2_ws/install/cpp06_urdf/share/cpp06_urdf/hook/cmake_prefix_path.ps1'
[1.526s] INFO:colcon.colcon_core.shell:Creating environment descriptor '/home/xinhongwang/nav2_ws/install/cpp06_urdf/share/cpp06_urdf/hook/cmake_prefix_path.dsv'
[1.527s] INFO:colcon.colcon_core.shell:Creating environment hook '/home/xinhongwang/nav2_ws/install/cpp06_urdf/share/cpp06_urdf/hook/cmake_prefix_path.sh'
[1.528s] Level 1:colcon.colcon_core.environment:checking '/home/xinhongwang/nav2_ws/install/cpp06_urdf/bin'
[1.528s] Level 1:colcon.colcon_core.environment:checking '/home/xinhongwang/nav2_ws/install/cpp06_urdf/lib/pkgconfig/cpp06_urdf.pc'
[1.528s] Level 1:colcon.colcon_core.environment:checking '/home/xinhongwang/nav2_ws/install/cpp06_urdf/lib/python3.10/site-packages'
[1.529s] Level 1:colcon.colcon_core.environment:checking '/home/xinhongwang/nav2_ws/install/cpp06_urdf/bin'
[1.529s] INFO:colcon.colcon_core.shell:Creating package script '/home/xinhongwang/nav2_ws/install/cpp06_urdf/share/cpp06_urdf/package.ps1'
[1.530s] INFO:colcon.colcon_core.shell:Creating package descriptor '/home/xinhongwang/nav2_ws/install/cpp06_urdf/share/cpp06_urdf/package.dsv'
[1.531s] INFO:colcon.colcon_core.shell:Creating package script '/home/xinhongwang/nav2_ws/install/cpp06_urdf/share/cpp06_urdf/package.sh'
[1.532s] INFO:colcon.colcon_core.shell:Creating package script '/home/xinhongwang/nav2_ws/install/cpp06_urdf/share/cpp06_urdf/package.bash'
[1.532s] INFO:colcon.colcon_core.shell:Creating package script '/home/xinhongwang/nav2_ws/install/cpp06_urdf/share/cpp06_urdf/package.zsh'
[1.534s] Level 1:colcon.colcon_core.environment:create_file_with_runtime_dependencies(/home/xinhongwang/nav2_ws/install/cpp06_urdf/share/colcon-core/packages/cpp06_urdf)
[1.534s] Level 1:colcon.colcon_core.environment:create_environment_scripts_only(autopartol_interfaces)
[1.535s] Level 1:colcon.colcon_core.environment:checking '/home/xinhongwang/nav2_ws/install/autopartol_interfaces' for CMake module files
[1.538s] Level 1:colcon.colcon_core.environment:checking '/home/xinhongwang/nav2_ws/install/autopartol_interfaces' for CMake config files
[1.539s] DEBUG:colcon.colcon_core.event_handler.log_command:Invoked command in '/home/xinhongwang/nav2_ws/build/autopartol_interfaces' returned '0': CMAKE_PREFIX_PATH=${CMAKE_PREFIX_PATH}:/home/xinhongwang/ws02_tools/install/car_application:/home/xinhongwang/ws02_tools/install/autopartol_robot:/opt/ros/humble /usr/bin/cmake --install /home/xinhongwang/nav2_ws/build/autopartol_interfaces
[1.541s] Level 1:colcon.colcon_core.shell:create_environment_hook('autopartol_interfaces', 'cmake_prefix_path')
[1.541s] INFO:colcon.colcon_core.shell:Creating environment hook '/home/xinhongwang/nav2_ws/install/autopartol_interfaces/share/autopartol_interfaces/hook/cmake_prefix_path.ps1'
[1.544s] INFO:colcon.colcon_core.shell:Creating environment descriptor '/home/xinhongwang/nav2_ws/install/autopartol_interfaces/share/autopartol_interfaces/hook/cmake_prefix_path.dsv'
[1.545s] INFO:colcon.colcon_core.shell:Creating environment hook '/home/xinhongwang/nav2_ws/install/autopartol_interfaces/share/autopartol_interfaces/hook/cmake_prefix_path.sh'
[1.546s] Level 1:colcon.colcon_core.environment:checking '/home/xinhongwang/nav2_ws/install/autopartol_interfaces/lib'
[1.546s] Level 1:colcon.colcon_core.shell:create_environment_hook('autopartol_interfaces', 'ld_library_path_lib')
[1.547s] INFO:colcon.colcon_core.shell:Creating environment hook '/home/xinhongwang/nav2_ws/install/autopartol_interfaces/share/autopartol_interfaces/hook/ld_library_path_lib.ps1'
[1.548s] INFO:colcon.colcon_core.shell:Creating environment descriptor '/home/xinhongwang/nav2_ws/install/autopartol_interfaces/share/autopartol_interfaces/hook/ld_library_path_lib.dsv'
[1.548s] INFO:colcon.colcon_core.shell:Creating environment hook '/home/xinhongwang/nav2_ws/install/autopartol_interfaces/share/autopartol_interfaces/hook/ld_library_path_lib.sh'
[1.549s] Level 1:colcon.colcon_core.environment:checking '/home/xinhongwang/nav2_ws/install/autopartol_interfaces/bin'
[1.549s] Level 1:colcon.colcon_core.environment:checking '/home/xinhongwang/nav2_ws/install/autopartol_interfaces/lib/pkgconfig/autopartol_interfaces.pc'
[1.550s] Level 1:colcon.colcon_core.environment:checking '/home/xinhongwang/nav2_ws/install/autopartol_interfaces/lib/python3.10/site-packages'
[1.550s] Level 1:colcon.colcon_core.environment:checking '/home/xinhongwang/nav2_ws/install/autopartol_interfaces/bin'
[1.550s] INFO:colcon.colcon_core.shell:Creating package script '/home/xinhongwang/nav2_ws/install/autopartol_interfaces/share/autopartol_interfaces/package.ps1'
[1.551s] INFO:colcon.colcon_core.shell:Creating package descriptor '/home/xinhongwang/nav2_ws/install/autopartol_interfaces/share/autopartol_interfaces/package.dsv'
[1.552s] INFO:colcon.colcon_core.shell:Creating package script '/home/xinhongwang/nav2_ws/install/autopartol_interfaces/share/autopartol_interfaces/package.sh'
[1.552s] INFO:colcon.colcon_core.shell:Creating package script '/home/xinhongwang/nav2_ws/install/autopartol_interfaces/share/autopartol_interfaces/package.bash'
[1.553s] INFO:colcon.colcon_core.shell:Creating package script '/home/xinhongwang/nav2_ws/install/autopartol_interfaces/share/autopartol_interfaces/package.zsh'
[1.554s] Level 1:colcon.colcon_core.environment:create_file_with_runtime_dependencies(/home/xinhongwang/nav2_ws/install/autopartol_interfaces/share/colcon-core/packages/autopartol_interfaces)
[1.555s] Level 1:colcon.colcon_core.environment:create_environment_scripts_only(autopartol_interfaces)
[1.556s] Level 1:colcon.colcon_core.environment:checking '/home/xinhongwang/nav2_ws/install/autopartol_interfaces' for CMake module files
[1.557s] Level 1:colcon.colcon_core.environment:checking '/home/xinhongwang/nav2_ws/install/autopartol_interfaces' for CMake config files
[1.559s] Level 1:colcon.colcon_core.shell:create_environment_hook('autopartol_interfaces', 'cmake_prefix_path')
[1.559s] INFO:colcon.colcon_core.shell:Creating environment hook '/home/xinhongwang/nav2_ws/install/autopartol_interfaces/share/autopartol_interfaces/hook/cmake_prefix_path.ps1'
[1.560s] INFO:colcon.colcon_core.shell:Creating environment descriptor '/home/xinhongwang/nav2_ws/install/autopartol_interfaces/share/autopartol_interfaces/hook/cmake_prefix_path.dsv'
[1.561s] INFO:colcon.colcon_core.shell:Creating environment hook '/home/xinhongwang/nav2_ws/install/autopartol_interfaces/share/autopartol_interfaces/hook/cmake_prefix_path.sh'
[1.563s] Level 1:colcon.colcon_core.environment:checking '/home/xinhongwang/nav2_ws/install/autopartol_interfaces/lib'
[1.563s] Level 1:colcon.colcon_core.shell:create_environment_hook('autopartol_interfaces', 'ld_library_path_lib')
[1.563s] INFO:colcon.colcon_core.shell:Creating environment hook '/home/xinhongwang/nav2_ws/install/autopartol_interfaces/share/autopartol_interfaces/hook/ld_library_path_lib.ps1'
[1.564s] INFO:colcon.colcon_core.shell:Creating environment descriptor '/home/xinhongwang/nav2_ws/install/autopartol_interfaces/share/autopartol_interfaces/hook/ld_library_path_lib.dsv'
[1.565s] INFO:colcon.colcon_core.shell:Creating environment hook '/home/xinhongwang/nav2_ws/install/autopartol_interfaces/share/autopartol_interfaces/hook/ld_library_path_lib.sh'
[1.566s] Level 1:colcon.colcon_core.environment:checking '/home/xinhongwang/nav2_ws/install/autopartol_interfaces/bin'
[1.567s] Level 1:colcon.colcon_core.environment:checking '/home/xinhongwang/nav2_ws/install/autopartol_interfaces/lib/pkgconfig/autopartol_interfaces.pc'
[1.567s] Level 1:colcon.colcon_core.environment:checking '/home/xinhongwang/nav2_ws/install/autopartol_interfaces/lib/python3.10/site-packages'
[1.567s] Level 1:colcon.colcon_core.environment:checking '/home/xinhongwang/nav2_ws/install/autopartol_interfaces/bin'
[1.568s] INFO:colcon.colcon_core.shell:Creating package script '/home/xinhongwang/nav2_ws/install/autopartol_interfaces/share/autopartol_interfaces/package.ps1'
[1.570s] INFO:colcon.colcon_core.shell:Creating package descriptor '/home/xinhongwang/nav2_ws/install/autopartol_interfaces/share/autopartol_interfaces/package.dsv'
[1.571s] INFO:colcon.colcon_core.shell:Creating package script '/home/xinhongwang/nav2_ws/install/autopartol_interfaces/share/autopartol_interfaces/package.sh'
[1.572s] INFO:colcon.colcon_core.shell:Creating package script '/home/xinhongwang/nav2_ws/install/autopartol_interfaces/share/autopartol_interfaces/package.bash'
[1.573s] INFO:colcon.colcon_core.shell:Creating package script '/home/xinhongwang/nav2_ws/install/autopartol_interfaces/share/autopartol_interfaces/package.zsh'
[1.574s] Level 1:colcon.colcon_core.environment:create_file_with_runtime_dependencies(/home/xinhongwang/nav2_ws/install/autopartol_interfaces/share/colcon-core/packages/autopartol_interfaces)
[2.037s] DEBUG:colcon.colcon_core.event_handler.log_command:Invoking command in '/home/xinhongwang/nav2_ws/build/car_application': PYTHONPATH=/home/xinhongwang/nav2_ws/build/car_application/prefix_override:/usr/lib/python3/dist-packages/colcon_core/task/python/colcon_distutils_commands:/home/xinhongwang/nav2_ws/install/car_application/lib/python3.10/site-packages:${PYTHONPATH} /usr/bin/python3 -W ignore:setup.py install is deprecated -W ignore:easy_install command is deprecated setup.py develop --editable --build-directory /home/xinhongwang/nav2_ws/build/car_application/build --no-deps symlink_data
[2.141s] DEBUG:colcon.colcon_core.event_handler.log_command:Invoking command in '/home/xinhongwang/nav2_ws/build/autopartol_robot': PYTHONPATH=/home/xinhongwang/nav2_ws/build/autopartol_robot/prefix_override:/usr/lib/python3/dist-packages/colcon_core/task/python/colcon_distutils_commands:/home/xinhongwang/nav2_ws/install/autopartol_robot/lib/python3.10/site-packages:${PYTHONPATH} /usr/bin/python3 -W ignore:setup.py install is deprecated -W ignore:easy_install command is deprecated setup.py develop --editable --build-directory /home/xinhongwang/nav2_ws/build/autopartol_robot/build --no-deps symlink_data
[2.671s] Level 1:colcon.colcon_core.shell:create_environment_hook('car_application', 'pythonpath_develop')
[2.672s] INFO:colcon.colcon_core.shell:Creating environment hook '/home/xinhongwang/nav2_ws/build/car_application/share/car_application/hook/pythonpath_develop.ps1'
[2.673s] DEBUG:colcon.colcon_core.event_handler.log_command:Invoked command in '/home/xinhongwang/nav2_ws/build/car_application' returned '0': PYTHONPATH=/home/xinhongwang/nav2_ws/build/car_application/prefix_override:/usr/lib/python3/dist-packages/colcon_core/task/python/colcon_distutils_commands:/home/xinhongwang/nav2_ws/install/car_application/lib/python3.10/site-packages:${PYTHONPATH} /usr/bin/python3 -W ignore:setup.py install is deprecated -W ignore:easy_install command is deprecated setup.py develop --editable --build-directory /home/xinhongwang/nav2_ws/build/car_application/build --no-deps symlink_data
[2.674s] INFO:colcon.colcon_core.shell:Creating environment descriptor '/home/xinhongwang/nav2_ws/build/car_application/share/car_application/hook/pythonpath_develop.dsv'
[2.674s] INFO:colcon.colcon_core.shell:Creating environment hook '/home/xinhongwang/nav2_ws/build/car_application/share/car_application/hook/pythonpath_develop.sh'
[2.675s] Level 1:colcon.colcon_core.environment:checking '/home/xinhongwang/nav2_ws/install/car_application' for CMake module files
[2.676s] Level 1:colcon.colcon_core.environment:checking '/home/xinhongwang/nav2_ws/install/car_application' for CMake config files
[2.676s] Level 1:colcon.colcon_core.environment:checking '/home/xinhongwang/nav2_ws/install/car_application/lib'
[2.676s] Level 1:colcon.colcon_core.environment:checking '/home/xinhongwang/nav2_ws/install/car_application/bin'
[2.676s] Level 1:colcon.colcon_core.environment:checking '/home/xinhongwang/nav2_ws/install/car_application/lib/pkgconfig/car_application.pc'
[2.680s] Level 1:colcon.colcon_core.environment:checking '/home/xinhongwang/nav2_ws/install/car_application/lib/python3.10/site-packages'
[2.680s] Level 1:colcon.colcon_core.shell:create_environment_hook('car_application', 'pythonpath')
[2.681s] INFO:colcon.colcon_core.shell:Creating environment hook '/home/xinhongwang/nav2_ws/install/car_application/share/car_application/hook/pythonpath.ps1'
[2.682s] INFO:colcon.colcon_core.shell:Creating environment descriptor '/home/xinhongwang/nav2_ws/install/car_application/share/car_application/hook/pythonpath.dsv'
[2.682s] INFO:colcon.colcon_core.shell:Creating environment hook '/home/xinhongwang/nav2_ws/install/car_application/share/car_application/hook/pythonpath.sh'
[2.683s] Level 1:colcon.colcon_core.environment:checking '/home/xinhongwang/nav2_ws/install/car_application/bin'
[2.683s] Level 1:colcon.colcon_core.environment:create_environment_scripts_only(car_application)
[2.684s] INFO:colcon.colcon_core.shell:Creating package script '/home/xinhongwang/nav2_ws/install/car_application/share/car_application/package.ps1'
[2.685s] INFO:colcon.colcon_core.shell:Creating package descriptor '/home/xinhongwang/nav2_ws/install/car_application/share/car_application/package.dsv'
[2.685s] INFO:colcon.colcon_core.shell:Creating package script '/home/xinhongwang/nav2_ws/install/car_application/share/car_application/package.sh'
[2.688s] INFO:colcon.colcon_core.shell:Creating package script '/home/xinhongwang/nav2_ws/install/car_application/share/car_application/package.bash'
[2.689s] INFO:colcon.colcon_core.shell:Creating package script '/home/xinhongwang/nav2_ws/install/car_application/share/car_application/package.zsh'
[2.689s] Level 1:colcon.colcon_core.environment:create_file_with_runtime_dependencies(/home/xinhongwang/nav2_ws/install/car_application/share/colcon-core/packages/car_application)
[2.807s] Level 1:colcon.colcon_core.shell:create_environment_hook('autopartol_robot', 'pythonpath_develop')
[2.807s] INFO:colcon.colcon_core.shell:Creating environment hook '/home/xinhongwang/nav2_ws/build/autopartol_robot/share/autopartol_robot/hook/pythonpath_develop.ps1'
[2.808s] INFO:colcon.colcon_core.shell:Creating environment descriptor '/home/xinhongwang/nav2_ws/build/autopartol_robot/share/autopartol_robot/hook/pythonpath_develop.dsv'
[2.809s] DEBUG:colcon.colcon_core.event_handler.log_command:Invoked command in '/home/xinhongwang/nav2_ws/build/autopartol_robot' returned '0': PYTHONPATH=/home/xinhongwang/nav2_ws/build/autopartol_robot/prefix_override:/usr/lib/python3/dist-packages/colcon_core/task/python/colcon_distutils_commands:/home/xinhongwang/nav2_ws/install/autopartol_robot/lib/python3.10/site-packages:${PYTHONPATH} /usr/bin/python3 -W ignore:setup.py install is deprecated -W ignore:easy_install command is deprecated setup.py develop --editable --build-directory /home/xinhongwang/nav2_ws/build/autopartol_robot/build --no-deps symlink_data
[2.812s] INFO:colcon.colcon_core.shell:Creating environment hook '/home/xinhongwang/nav2_ws/build/autopartol_robot/share/autopartol_robot/hook/pythonpath_develop.sh'
[2.814s] Level 1:colcon.colcon_core.environment:checking '/home/xinhongwang/nav2_ws/install/autopartol_robot' for CMake module files
[2.814s] Level 1:colcon.colcon_core.environment:checking '/home/xinhongwang/nav2_ws/install/autopartol_robot' for CMake config files
[2.815s] Level 1:colcon.colcon_core.environment:checking '/home/xinhongwang/nav2_ws/install/autopartol_robot/lib'
[2.815s] Level 1:colcon.colcon_core.environment:checking '/home/xinhongwang/nav2_ws/install/autopartol_robot/bin'
[2.815s] Level 1:colcon.colcon_core.environment:checking '/home/xinhongwang/nav2_ws/install/autopartol_robot/lib/pkgconfig/autopartol_robot.pc'
[2.816s] Level 1:colcon.colcon_core.environment:checking '/home/xinhongwang/nav2_ws/install/autopartol_robot/lib/python3.10/site-packages'
[2.816s] Level 1:colcon.colcon_core.shell:create_environment_hook('autopartol_robot', 'pythonpath')
[2.816s] INFO:colcon.colcon_core.shell:Creating environment hook '/home/xinhongwang/nav2_ws/install/autopartol_robot/share/autopartol_robot/hook/pythonpath.ps1'
[2.817s] INFO:colcon.colcon_core.shell:Creating environment descriptor '/home/xinhongwang/nav2_ws/install/autopartol_robot/share/autopartol_robot/hook/pythonpath.dsv'
[2.817s] INFO:colcon.colcon_core.shell:Creating environment hook '/home/xinhongwang/nav2_ws/install/autopartol_robot/share/autopartol_robot/hook/pythonpath.sh'
[2.818s] Level 1:colcon.colcon_core.environment:checking '/home/xinhongwang/nav2_ws/install/autopartol_robot/bin'
[2.818s] Level 1:colcon.colcon_core.environment:create_environment_scripts_only(autopartol_robot)
[2.819s] INFO:colcon.colcon_core.shell:Creating package script '/home/xinhongwang/nav2_ws/install/autopartol_robot/share/autopartol_robot/package.ps1'
[2.819s] INFO:colcon.colcon_core.shell:Creating package descriptor '/home/xinhongwang/nav2_ws/install/autopartol_robot/share/autopartol_robot/package.dsv'
[2.820s] INFO:colcon.colcon_core.shell:Creating package script '/home/xinhongwang/nav2_ws/install/autopartol_robot/share/autopartol_robot/package.sh'
[2.822s] INFO:colcon.colcon_core.shell:Creating package script '/home/xinhongwang/nav2_ws/install/autopartol_robot/share/autopartol_robot/package.bash'
[2.823s] INFO:colcon.colcon_core.shell:Creating package script '/home/xinhongwang/nav2_ws/install/autopartol_robot/share/autopartol_robot/package.zsh'
[2.823s] Level 1:colcon.colcon_core.environment:create_file_with_runtime_dependencies(/home/xinhongwang/nav2_ws/install/autopartol_robot/share/colcon-core/packages/autopartol_robot)
[2.824s] DEBUG:colcon.colcon_parallel_executor.executor.parallel:closing loop
[2.828s] DEBUG:colcon.colcon_parallel_executor.executor.parallel:loop closed
[2.828s] DEBUG:colcon.colcon_parallel_executor.executor.parallel:run_until_complete finished with '0'
[2.828s] DEBUG:colcon.colcon_core.event_reactor:joining thread
[2.845s] INFO:colcon.colcon_core.plugin_system:Skipping extension 'colcon_notification.desktop_notification.terminal_notifier': Not used on non-Darwin systems
[2.845s] INFO:colcon.colcon_core.plugin_system:Skipping extension 'colcon_notification.desktop_notification.win32': Not used on non-Windows systems
[2.845s] INFO:colcon.colcon_notification.desktop_notification:Sending desktop notification using 'notify2'
[2.865s] DEBUG:colcon.colcon_core.event_reactor:joined thread
[2.866s] INFO:colcon.colcon_core.shell:Creating prefix script '/home/xinhongwang/nav2_ws/install/local_setup.ps1'
[2.867s] INFO:colcon.colcon_core.shell:Creating prefix util module '/home/xinhongwang/nav2_ws/install/_local_setup_util_ps1.py'
[2.869s] INFO:colcon.colcon_core.shell:Creating prefix chain script '/home/xinhongwang/nav2_ws/install/setup.ps1'
[2.871s] INFO:colcon.colcon_core.shell:Creating prefix script '/home/xinhongwang/nav2_ws/install/local_setup.sh'
[2.872s] INFO:colcon.colcon_core.shell:Creating prefix util module '/home/xinhongwang/nav2_ws/install/_local_setup_util_sh.py'
[2.873s] INFO:colcon.colcon_core.shell:Creating prefix chain script '/home/xinhongwang/nav2_ws/install/setup.sh'
[2.875s] INFO:colcon.colcon_core.shell:Creating prefix script '/home/xinhongwang/nav2_ws/install/local_setup.bash'
[2.876s] INFO:colcon.colcon_core.shell:Creating prefix chain script '/home/xinhongwang/nav2_ws/install/setup.bash'
[2.878s] INFO:colcon.colcon_core.shell:Creating prefix script '/home/xinhongwang/nav2_ws/install/local_setup.zsh'
[2.879s] INFO:colcon.colcon_core.shell:Creating prefix chain script '/home/xinhongwang/nav2_ws/install/setup.zsh'
