[0.055s] Invoking command in '/home/xinhongwang/nav2_ws/build/autopartol_interfaces': CMAKE_PREFIX_PATH=${CMAKE_PREFIX_PATH}:/home/xinhongwang/nav2_ws/install/car_application:/home/xinhongwang/nav2_ws/install/autopartol_robot:/home/xinhongwang/ws02_tools/install/car_application:/home/xinhongwang/ws02_tools/install/autopartol_robot:/opt/ros/humble /usr/bin/cmake --build /home/xinhongwang/nav2_ws/build/autopartol_interfaces -- -j8 -l8
[0.793s] [  6%] Built target autopartol_interfaces__cpp
[0.794s] [ 12%] Built target autopartol_interfaces__rosidl_generator_c
[0.794s] [ 12%] Built target ament_cmake_python_symlink_autopartol_interfaces
[0.794s] [ 22%] Built target autopartol_interfaces__rosidl_typesupport_c
[0.794s] [ 32%] Built target autopartol_interfaces__rosidl_typesupport_introspection_c
[0.794s] [ 41%] Built target autopartol_interfaces__rosidl_typesupport_fastrtps_c
[0.794s] [ 51%] Built target autopartol_interfaces__rosidl_typesupport_cpp
[0.794s] [ 61%] Built target autopartol_interfaces__rosidl_typesupport_fastrtps_cpp
[0.794s] [ 70%] Built target autopartol_interfaces__rosidl_typesupport_introspection_cpp
[0.794s] [ 70%] Built target autopartol_interfaces
[0.794s] [ 74%] Built target autopartol_interfaces__py
[0.794s] [ 80%] Built target autopartol_interfaces__rosidl_generator_py
[0.794s] [ 87%] Built target autopartol_interfaces__rosidl_typesupport_c__pyext
[0.794s] [ 93%] Built target autopartol_interfaces__rosidl_typesupport_fastrtps_c__pyext
[0.794s] [100%] Built target autopartol_interfaces__rosidl_typesupport_introspection_c__pyext
[0.794s] running egg_info
[0.794s] writing autopartol_interfaces.egg-info/PKG-INFO
[0.794s] writing dependency_links to autopartol_interfaces.egg-info/dependency_links.txt
[0.794s] writing top-level names to autopartol_interfaces.egg-info/top_level.txt
[0.795s] reading manifest file 'autopartol_interfaces.egg-info/SOURCES.txt'
[0.795s] writing manifest file 'autopartol_interfaces.egg-info/SOURCES.txt'
[0.795s] [100%] Built target ament_cmake_python_build_autopartol_interfaces_egg
[0.808s] Invoked command in '/home/xinhongwang/nav2_ws/build/autopartol_interfaces' returned '0': CMAKE_PREFIX_PATH=${CMAKE_PREFIX_PATH}:/home/xinhongwang/nav2_ws/install/car_application:/home/xinhongwang/nav2_ws/install/autopartol_robot:/home/xinhongwang/ws02_tools/install/car_application:/home/xinhongwang/ws02_tools/install/autopartol_robot:/opt/ros/humble /usr/bin/cmake --build /home/xinhongwang/nav2_ws/build/autopartol_interfaces -- -j8 -l8
[0.843s] Invoking command in '/home/xinhongwang/nav2_ws/build/autopartol_interfaces': CMAKE_PREFIX_PATH=${CMAKE_PREFIX_PATH}:/home/xinhongwang/nav2_ws/install/car_application:/home/xinhongwang/nav2_ws/install/autopartol_robot:/home/xinhongwang/ws02_tools/install/car_application:/home/xinhongwang/ws02_tools/install/autopartol_robot:/opt/ros/humble /usr/bin/cmake --install /home/xinhongwang/nav2_ws/build/autopartol_interfaces
[0.858s] -- Install configuration: ""
[0.858s] -- Execute custom install script
[0.858s] -- Up-to-date symlink: /home/xinhongwang/nav2_ws/install/autopartol_interfaces/share/ament_index/resource_index/rosidl_interfaces/autopartol_interfaces
[0.859s] -- Up-to-date symlink: /home/xinhongwang/nav2_ws/install/autopartol_interfaces/include/autopartol_interfaces/autopartol_interfaces/msg/rosidl_generator_c__visibility_control.h
[0.860s] -- Up-to-date symlink: /home/xinhongwang/nav2_ws/install/autopartol_interfaces/include/autopartol_interfaces/autopartol_interfaces/srv/detail/speech_text__functions.h
[0.860s] -- Up-to-date symlink: /home/xinhongwang/nav2_ws/install/autopartol_interfaces/include/autopartol_interfaces/autopartol_interfaces/srv/detail/speech_text__struct.h
[0.860s] -- Up-to-date symlink: /home/xinhongwang/nav2_ws/install/autopartol_interfaces/include/autopartol_interfaces/autopartol_interfaces/srv/detail/speech_text__type_support.h
[0.860s] -- Up-to-date symlink: /home/xinhongwang/nav2_ws/install/autopartol_interfaces/include/autopartol_interfaces/autopartol_interfaces/srv/speech_text.h
[0.861s] -- Up-to-date symlink: /home/xinhongwang/nav2_ws/install/autopartol_interfaces/share/autopartol_interfaces/environment/library_path.sh
[0.862s] -- Up-to-date symlink: /home/xinhongwang/nav2_ws/install/autopartol_interfaces/share/autopartol_interfaces/environment/library_path.dsv
[0.862s] -- Up-to-date symlink: /home/xinhongwang/nav2_ws/install/autopartol_interfaces/include/autopartol_interfaces/autopartol_interfaces/msg/rosidl_typesupport_fastrtps_c__visibility_control.h
[0.863s] -- Up-to-date symlink: /home/xinhongwang/nav2_ws/install/autopartol_interfaces/include/autopartol_interfaces/autopartol_interfaces/srv/detail/speech_text__rosidl_typesupport_fastrtps_c.h
[0.863s] -- Up-to-date symlink: /home/xinhongwang/nav2_ws/install/autopartol_interfaces/include/autopartol_interfaces/autopartol_interfaces/msg/rosidl_generator_cpp__visibility_control.hpp
[0.864s] -- Up-to-date symlink: /home/xinhongwang/nav2_ws/install/autopartol_interfaces/include/autopartol_interfaces/autopartol_interfaces/srv/detail/speech_text__builder.hpp
[0.864s] -- Up-to-date symlink: /home/xinhongwang/nav2_ws/install/autopartol_interfaces/include/autopartol_interfaces/autopartol_interfaces/srv/detail/speech_text__struct.hpp
[0.865s] -- Up-to-date symlink: /home/xinhongwang/nav2_ws/install/autopartol_interfaces/include/autopartol_interfaces/autopartol_interfaces/srv/detail/speech_text__traits.hpp
[0.866s] -- Up-to-date symlink: /home/xinhongwang/nav2_ws/install/autopartol_interfaces/include/autopartol_interfaces/autopartol_interfaces/srv/detail/speech_text__type_support.hpp
[0.866s] -- Up-to-date symlink: /home/xinhongwang/nav2_ws/install/autopartol_interfaces/include/autopartol_interfaces/autopartol_interfaces/srv/speech_text.hpp
[0.866s] -- Up-to-date symlink: /home/xinhongwang/nav2_ws/install/autopartol_interfaces/include/autopartol_interfaces/autopartol_interfaces/msg/rosidl_typesupport_fastrtps_cpp__visibility_control.h
[0.867s] -- Up-to-date symlink: /home/xinhongwang/nav2_ws/install/autopartol_interfaces/include/autopartol_interfaces/autopartol_interfaces/srv/detail/speech_text__rosidl_typesupport_fastrtps_cpp.hpp
[0.867s] -- Up-to-date symlink: /home/xinhongwang/nav2_ws/install/autopartol_interfaces/include/autopartol_interfaces/autopartol_interfaces/msg/rosidl_typesupport_introspection_c__visibility_control.h
[0.867s] -- Up-to-date symlink: /home/xinhongwang/nav2_ws/install/autopartol_interfaces/include/autopartol_interfaces/autopartol_interfaces/srv/detail/speech_text__rosidl_typesupport_introspection_c.h
[0.868s] -- Up-to-date symlink: /home/xinhongwang/nav2_ws/install/autopartol_interfaces/include/autopartol_interfaces/autopartol_interfaces/srv/detail/speech_text__rosidl_typesupport_introspection_cpp.hpp
[0.869s] -- Up-to-date symlink: /home/xinhongwang/nav2_ws/install/autopartol_interfaces/share/autopartol_interfaces/environment/pythonpath.sh
[0.869s] -- Up-to-date symlink: /home/xinhongwang/nav2_ws/install/autopartol_interfaces/share/autopartol_interfaces/environment/pythonpath.dsv
[0.870s] -- Up-to-date symlink: /home/xinhongwang/nav2_ws/install/autopartol_interfaces/local/lib/python3.10/dist-packages/autopartol_interfaces-0.0.0-py3.10.egg-info/PKG-INFO
[0.870s] -- Up-to-date symlink: /home/xinhongwang/nav2_ws/install/autopartol_interfaces/local/lib/python3.10/dist-packages/autopartol_interfaces-0.0.0-py3.10.egg-info/SOURCES.txt
[0.870s] -- Up-to-date symlink: /home/xinhongwang/nav2_ws/install/autopartol_interfaces/local/lib/python3.10/dist-packages/autopartol_interfaces-0.0.0-py3.10.egg-info/dependency_links.txt
[0.871s] -- Up-to-date symlink: /home/xinhongwang/nav2_ws/install/autopartol_interfaces/local/lib/python3.10/dist-packages/autopartol_interfaces-0.0.0-py3.10.egg-info/top_level.txt
[0.874s] -- Up-to-date symlink: /home/xinhongwang/nav2_ws/install/autopartol_interfaces/local/lib/python3.10/dist-packages/autopartol_interfaces/__init__.py
[0.875s] -- Up-to-date symlink: /home/xinhongwang/nav2_ws/install/autopartol_interfaces/local/lib/python3.10/dist-packages/autopartol_interfaces/_autopartol_interfaces_s.ep.rosidl_typesupport_c.c
[0.875s] -- Up-to-date symlink: /home/xinhongwang/nav2_ws/install/autopartol_interfaces/local/lib/python3.10/dist-packages/autopartol_interfaces/_autopartol_interfaces_s.ep.rosidl_typesupport_fastrtps_c.c
[0.877s] -- Up-to-date symlink: /home/xinhongwang/nav2_ws/install/autopartol_interfaces/local/lib/python3.10/dist-packages/autopartol_interfaces/_autopartol_interfaces_s.ep.rosidl_typesupport_introspection_c.c
[0.877s] -- Up-to-date symlink: /home/xinhongwang/nav2_ws/install/autopartol_interfaces/local/lib/python3.10/dist-packages/autopartol_interfaces/autopartol_interfaces_s__rosidl_typesupport_c.cpython-310-x86_64-linux-gnu.so
[0.878s] -- Up-to-date symlink: /home/xinhongwang/nav2_ws/install/autopartol_interfaces/local/lib/python3.10/dist-packages/autopartol_interfaces/autopartol_interfaces_s__rosidl_typesupport_fastrtps_c.cpython-310-x86_64-linux-gnu.so
[0.879s] -- Up-to-date symlink: /home/xinhongwang/nav2_ws/install/autopartol_interfaces/local/lib/python3.10/dist-packages/autopartol_interfaces/autopartol_interfaces_s__rosidl_typesupport_introspection_c.cpython-310-x86_64-linux-gnu.so
[0.879s] -- Up-to-date symlink: /home/xinhongwang/nav2_ws/install/autopartol_interfaces/local/lib/python3.10/dist-packages/autopartol_interfaces/libautopartol_interfaces__rosidl_generator_py.so
[0.879s] -- Up-to-date symlink: /home/xinhongwang/nav2_ws/install/autopartol_interfaces/local/lib/python3.10/dist-packages/autopartol_interfaces/srv/__init__.py
[0.880s] -- Up-to-date symlink: /home/xinhongwang/nav2_ws/install/autopartol_interfaces/local/lib/python3.10/dist-packages/autopartol_interfaces/srv/_speech_text.py
[0.880s] -- Up-to-date symlink: /home/xinhongwang/nav2_ws/install/autopartol_interfaces/local/lib/python3.10/dist-packages/autopartol_interfaces/srv/_speech_text_s.c
[0.880s] -- Up-to-date symlink: /home/xinhongwang/nav2_ws/install/autopartol_interfaces/local/lib/python3.10/dist-packages/autopartol_interfaces/autopartol_interfaces_s__rosidl_typesupport_fastrtps_c.cpython-310-x86_64-linux-gnu.so
[0.880s] -- Up-to-date symlink: /home/xinhongwang/nav2_ws/install/autopartol_interfaces/local/lib/python3.10/dist-packages/autopartol_interfaces/autopartol_interfaces_s__rosidl_typesupport_introspection_c.cpython-310-x86_64-linux-gnu.so
[0.880s] -- Up-to-date symlink: /home/xinhongwang/nav2_ws/install/autopartol_interfaces/local/lib/python3.10/dist-packages/autopartol_interfaces/autopartol_interfaces_s__rosidl_typesupport_c.cpython-310-x86_64-linux-gnu.so
[0.880s] -- Up-to-date symlink: /home/xinhongwang/nav2_ws/install/autopartol_interfaces/share/autopartol_interfaces/srv/SpeechText.idl
[0.880s] -- Up-to-date symlink: /home/xinhongwang/nav2_ws/install/autopartol_interfaces/share/autopartol_interfaces/srv/SpeechText.srv
[0.880s] -- Up-to-date symlink: /home/xinhongwang/nav2_ws/install/autopartol_interfaces/share/autopartol_interfaces/srv/SpeechText_Request.msg
[0.880s] -- Up-to-date symlink: /home/xinhongwang/nav2_ws/install/autopartol_interfaces/share/autopartol_interfaces/srv/SpeechText_Response.msg
[0.880s] -- Up-to-date symlink: /home/xinhongwang/nav2_ws/install/autopartol_interfaces/share/ament_index/resource_index/package_run_dependencies/autopartol_interfaces
[0.880s] -- Up-to-date symlink: /home/xinhongwang/nav2_ws/install/autopartol_interfaces/share/ament_index/resource_index/parent_prefix_path/autopartol_interfaces
[0.880s] -- Up-to-date symlink: /home/xinhongwang/nav2_ws/install/autopartol_interfaces/share/autopartol_interfaces/environment/ament_prefix_path.sh
[0.880s] -- Up-to-date symlink: /home/xinhongwang/nav2_ws/install/autopartol_interfaces/share/autopartol_interfaces/environment/ament_prefix_path.dsv
[0.880s] -- Up-to-date symlink: /home/xinhongwang/nav2_ws/install/autopartol_interfaces/share/autopartol_interfaces/environment/path.sh
[0.880s] -- Up-to-date symlink: /home/xinhongwang/nav2_ws/install/autopartol_interfaces/share/autopartol_interfaces/environment/path.dsv
[0.880s] -- Up-to-date symlink: /home/xinhongwang/nav2_ws/install/autopartol_interfaces/share/autopartol_interfaces/local_setup.bash
[0.881s] -- Up-to-date symlink: /home/xinhongwang/nav2_ws/install/autopartol_interfaces/share/autopartol_interfaces/local_setup.sh
[0.881s] -- Up-to-date symlink: /home/xinhongwang/nav2_ws/install/autopartol_interfaces/share/autopartol_interfaces/local_setup.zsh
[0.881s] -- Up-to-date symlink: /home/xinhongwang/nav2_ws/install/autopartol_interfaces/share/autopartol_interfaces/local_setup.dsv
[0.881s] -- Symlinking: /home/xinhongwang/nav2_ws/install/autopartol_interfaces/share/autopartol_interfaces/package.dsv
[0.897s] -- Up-to-date symlink: /home/xinhongwang/nav2_ws/install/autopartol_interfaces/share/ament_index/resource_index/packages/autopartol_interfaces
[0.898s] -- Up-to-date symlink: /home/xinhongwang/nav2_ws/install/autopartol_interfaces/share/autopartol_interfaces/cmake/rosidl_cmake-extras.cmake
[0.902s] -- Up-to-date symlink: /home/xinhongwang/nav2_ws/install/autopartol_interfaces/share/autopartol_interfaces/cmake/ament_cmake_export_dependencies-extras.cmake
[0.902s] -- Up-to-date symlink: /home/xinhongwang/nav2_ws/install/autopartol_interfaces/share/autopartol_interfaces/cmake/ament_cmake_export_include_directories-extras.cmake
[0.904s] -- Up-to-date symlink: /home/xinhongwang/nav2_ws/install/autopartol_interfaces/share/autopartol_interfaces/cmake/ament_cmake_export_libraries-extras.cmake
[0.904s] -- Up-to-date symlink: /home/xinhongwang/nav2_ws/install/autopartol_interfaces/share/autopartol_interfaces/cmake/ament_cmake_export_targets-extras.cmake
[0.904s] -- Up-to-date symlink: /home/xinhongwang/nav2_ws/install/autopartol_interfaces/share/autopartol_interfaces/cmake/rosidl_cmake_export_typesupport_targets-extras.cmake
[0.904s] -- Up-to-date symlink: /home/xinhongwang/nav2_ws/install/autopartol_interfaces/share/autopartol_interfaces/cmake/rosidl_cmake_export_typesupport_libraries-extras.cmake
[0.904s] -- Up-to-date symlink: /home/xinhongwang/nav2_ws/install/autopartol_interfaces/share/autopartol_interfaces/cmake/autopartol_interfacesConfig.cmake
[0.906s] -- Up-to-date symlink: /home/xinhongwang/nav2_ws/install/autopartol_interfaces/share/autopartol_interfaces/cmake/autopartol_interfacesConfig-version.cmake
[0.907s] -- Up-to-date symlink: /home/xinhongwang/nav2_ws/install/autopartol_interfaces/share/autopartol_interfaces/package.xml
[0.907s] -- Up-to-date: /home/xinhongwang/nav2_ws/install/autopartol_interfaces/lib/libautopartol_interfaces__rosidl_generator_c.so
[0.908s] -- Up-to-date: /home/xinhongwang/nav2_ws/install/autopartol_interfaces/lib/libautopartol_interfaces__rosidl_typesupport_fastrtps_c.so
[0.909s] -- Up-to-date: /home/xinhongwang/nav2_ws/install/autopartol_interfaces/lib/libautopartol_interfaces__rosidl_typesupport_fastrtps_cpp.so
[0.911s] -- Up-to-date: /home/xinhongwang/nav2_ws/install/autopartol_interfaces/lib/libautopartol_interfaces__rosidl_typesupport_introspection_c.so
[0.911s] -- Up-to-date: /home/xinhongwang/nav2_ws/install/autopartol_interfaces/lib/libautopartol_interfaces__rosidl_typesupport_c.so
[0.912s] -- Up-to-date: /home/xinhongwang/nav2_ws/install/autopartol_interfaces/lib/libautopartol_interfaces__rosidl_typesupport_introspection_cpp.so
[0.920s] -- Up-to-date: /home/xinhongwang/nav2_ws/install/autopartol_interfaces/lib/libautopartol_interfaces__rosidl_typesupport_cpp.so
[0.986s] Listing '/home/xinhongwang/nav2_ws/install/autopartol_interfaces/local/lib/python3.10/dist-packages/autopartol_interfaces'...
[0.987s] Listing '/home/xinhongwang/nav2_ws/install/autopartol_interfaces/local/lib/python3.10/dist-packages/autopartol_interfaces/srv'...
[0.993s] -- Up-to-date: /home/xinhongwang/nav2_ws/install/autopartol_interfaces/lib/libautopartol_interfaces__rosidl_generator_py.so
[0.994s] -- Up-to-date: /home/xinhongwang/nav2_ws/install/autopartol_interfaces/share/autopartol_interfaces/cmake/export_autopartol_interfaces__rosidl_generator_cExport.cmake
[0.994s] -- Up-to-date: /home/xinhongwang/nav2_ws/install/autopartol_interfaces/share/autopartol_interfaces/cmake/export_autopartol_interfaces__rosidl_generator_cExport-noconfig.cmake
[0.994s] -- Up-to-date: /home/xinhongwang/nav2_ws/install/autopartol_interfaces/share/autopartol_interfaces/cmake/export_autopartol_interfaces__rosidl_typesupport_fastrtps_cExport.cmake
[0.995s] -- Up-to-date: /home/xinhongwang/nav2_ws/install/autopartol_interfaces/share/autopartol_interfaces/cmake/export_autopartol_interfaces__rosidl_typesupport_fastrtps_cExport-noconfig.cmake
[0.995s] -- Up-to-date: /home/xinhongwang/nav2_ws/install/autopartol_interfaces/share/autopartol_interfaces/cmake/export_autopartol_interfaces__rosidl_generator_cppExport.cmake
[0.995s] -- Up-to-date: /home/xinhongwang/nav2_ws/install/autopartol_interfaces/share/autopartol_interfaces/cmake/export_autopartol_interfaces__rosidl_typesupport_fastrtps_cppExport.cmake
[1.001s] -- Up-to-date: /home/xinhongwang/nav2_ws/install/autopartol_interfaces/share/autopartol_interfaces/cmake/export_autopartol_interfaces__rosidl_typesupport_fastrtps_cppExport-noconfig.cmake
[1.001s] -- Up-to-date: /home/xinhongwang/nav2_ws/install/autopartol_interfaces/share/autopartol_interfaces/cmake/autopartol_interfaces__rosidl_typesupport_introspection_cExport.cmake
[1.001s] -- Up-to-date: /home/xinhongwang/nav2_ws/install/autopartol_interfaces/share/autopartol_interfaces/cmake/autopartol_interfaces__rosidl_typesupport_introspection_cExport-noconfig.cmake
[1.001s] -- Up-to-date: /home/xinhongwang/nav2_ws/install/autopartol_interfaces/share/autopartol_interfaces/cmake/autopartol_interfaces__rosidl_typesupport_cExport.cmake
[1.001s] -- Up-to-date: /home/xinhongwang/nav2_ws/install/autopartol_interfaces/share/autopartol_interfaces/cmake/autopartol_interfaces__rosidl_typesupport_cExport-noconfig.cmake
[1.002s] -- Up-to-date: /home/xinhongwang/nav2_ws/install/autopartol_interfaces/share/autopartol_interfaces/cmake/autopartol_interfaces__rosidl_typesupport_introspection_cppExport.cmake
[1.002s] -- Up-to-date: /home/xinhongwang/nav2_ws/install/autopartol_interfaces/share/autopartol_interfaces/cmake/autopartol_interfaces__rosidl_typesupport_introspection_cppExport-noconfig.cmake
[1.002s] -- Up-to-date: /home/xinhongwang/nav2_ws/install/autopartol_interfaces/share/autopartol_interfaces/cmake/autopartol_interfaces__rosidl_typesupport_cppExport.cmake
[1.002s] -- Up-to-date: /home/xinhongwang/nav2_ws/install/autopartol_interfaces/share/autopartol_interfaces/cmake/autopartol_interfaces__rosidl_typesupport_cppExport-noconfig.cmake
[1.003s] -- Up-to-date: /home/xinhongwang/nav2_ws/install/autopartol_interfaces/share/autopartol_interfaces/cmake/export_autopartol_interfaces__rosidl_generator_pyExport.cmake
[1.003s] -- Up-to-date: /home/xinhongwang/nav2_ws/install/autopartol_interfaces/share/autopartol_interfaces/cmake/export_autopartol_interfaces__rosidl_generator_pyExport-noconfig.cmake
[1.039s] Invoked command in '/home/xinhongwang/nav2_ws/build/autopartol_interfaces' returned '0': CMAKE_PREFIX_PATH=${CMAKE_PREFIX_PATH}:/home/xinhongwang/nav2_ws/install/car_application:/home/xinhongwang/nav2_ws/install/autopartol_robot:/home/xinhongwang/ws02_tools/install/car_application:/home/xinhongwang/ws02_tools/install/autopartol_robot:/opt/ros/humble /usr/bin/cmake --install /home/xinhongwang/nav2_ws/build/autopartol_interfaces
