[0.171s] DEBUG:colcon:Command line arguments: ['/usr/bin/colcon', 'build', '--symlink-install']
[0.171s] DEBUG:colcon:Parsed command line arguments: Namespace(log_base=None, log_level=None, verb_name='build', build_base='build', install_base='install', merge_install=False, symlink_install=True, test_result_base=None, continue_on_error=False, executor='parallel', parallel_workers=8, event_handlers=None, ignore_user_meta=False, metas=['./colcon.meta'], base_paths=['.'], packages_ignore=None, packages_ignore_regex=None, paths=None, packages_up_to=None, packages_up_to_regex=None, packages_above=None, packages_above_and_dependencies=None, packages_above_depth=None, packages_select_by_dep=None, packages_skip_by_dep=None, packages_skip_up_to=None, packages_select_build_failed=False, packages_skip_build_finished=False, packages_select_test_failures=False, packages_skip_test_passed=False, packages_select=None, packages_skip=None, packages_select_regex=None, packages_skip_regex=None, packages_start=None, packages_end=None, allow_overriding=[], cmake_args=None, cmake_target=None, cmake_target_skip_unavailable=False, cmake_clean_cache=False, cmake_clean_first=False, cmake_force_configure=False, ament_cmake_args=None, catkin_cmake_args=None, catkin_skip_building_tests=False, verb_parser=<colcon_defaults.argument_parser.defaults.DefaultArgumentsDecorator object at 0x7d18f95f22f0>, verb_extension=<colcon_core.verb.build.BuildVerb object at 0x7d18f95f1e10>, main=<bound method BuildVerb.main of <colcon_core.verb.build.BuildVerb object at 0x7d18f95f1e10>>)
[0.362s] Level 1:colcon.colcon_core.package_discovery:discover_packages(colcon_meta) check parameters
[0.362s] Level 1:colcon.colcon_core.package_discovery:discover_packages(recursive) check parameters
[0.363s] Level 1:colcon.colcon_core.package_discovery:discover_packages(ignore) check parameters
[0.363s] Level 1:colcon.colcon_core.package_discovery:discover_packages(path) check parameters
[0.363s] Level 1:colcon.colcon_core.package_discovery:discover_packages(colcon_meta) discover
[0.363s] Level 1:colcon.colcon_core.package_discovery:discover_packages(recursive) discover
[0.363s] INFO:colcon.colcon_core.package_discovery:Crawling recursively for packages in '/home/xinhongwang/nav2_ws'
[0.363s] Level 1:colcon.colcon_core.package_identification:_identify(.) by extensions ['ignore', 'ignore_ament_install']
[0.363s] Level 1:colcon.colcon_core.package_identification:_identify(.) by extension 'ignore'
[0.363s] Level 1:colcon.colcon_core.package_identification:_identify(.) by extension 'ignore_ament_install'
[0.363s] Level 1:colcon.colcon_core.package_identification:_identify(.) by extensions ['colcon_pkg']
[0.363s] Level 1:colcon.colcon_core.package_identification:_identify(.) by extension 'colcon_pkg'
[0.363s] Level 1:colcon.colcon_core.package_identification:_identify(.) by extensions ['colcon_meta']
[0.363s] Level 1:colcon.colcon_core.package_identification:_identify(.) by extension 'colcon_meta'
[0.363s] Level 1:colcon.colcon_core.package_identification:_identify(.) by extensions ['ros']
[0.363s] Level 1:colcon.colcon_core.package_identification:_identify(.) by extension 'ros'
[0.374s] Level 1:colcon.colcon_core.package_identification:_identify(.) by extensions ['cmake', 'python']
[0.374s] Level 1:colcon.colcon_core.package_identification:_identify(.) by extension 'cmake'
[0.374s] Level 1:colcon.colcon_core.package_identification:_identify(.) by extension 'python'
[0.374s] Level 1:colcon.colcon_core.package_identification:_identify(.) by extensions ['python_setup_py']
[0.374s] Level 1:colcon.colcon_core.package_identification:_identify(.) by extension 'python_setup_py'
[0.374s] Level 1:colcon.colcon_core.package_identification:_identify(build) by extensions ['ignore', 'ignore_ament_install']
[0.374s] Level 1:colcon.colcon_core.package_identification:_identify(build) by extension 'ignore'
[0.374s] Level 1:colcon.colcon_core.package_identification:_identify(build) ignored
[0.374s] Level 1:colcon.colcon_core.package_identification:_identify(install) by extensions ['ignore', 'ignore_ament_install']
[0.374s] Level 1:colcon.colcon_core.package_identification:_identify(install) by extension 'ignore'
[0.375s] Level 1:colcon.colcon_core.package_identification:_identify(install) ignored
[0.375s] Level 1:colcon.colcon_core.package_identification:_identify(log) by extensions ['ignore', 'ignore_ament_install']
[0.375s] Level 1:colcon.colcon_core.package_identification:_identify(log) by extension 'ignore'
[0.375s] Level 1:colcon.colcon_core.package_identification:_identify(log) ignored
[0.375s] Level 1:colcon.colcon_core.package_identification:_identify(src) by extensions ['ignore', 'ignore_ament_install']
[0.375s] Level 1:colcon.colcon_core.package_identification:_identify(src) by extension 'ignore'
[0.375s] Level 1:colcon.colcon_core.package_identification:_identify(src) by extension 'ignore_ament_install'
[0.375s] Level 1:colcon.colcon_core.package_identification:_identify(src) by extensions ['colcon_pkg']
[0.375s] Level 1:colcon.colcon_core.package_identification:_identify(src) by extension 'colcon_pkg'
[0.375s] Level 1:colcon.colcon_core.package_identification:_identify(src) by extensions ['colcon_meta']
[0.375s] Level 1:colcon.colcon_core.package_identification:_identify(src) by extension 'colcon_meta'
[0.375s] Level 1:colcon.colcon_core.package_identification:_identify(src) by extensions ['ros']
[0.375s] Level 1:colcon.colcon_core.package_identification:_identify(src) by extension 'ros'
[0.375s] Level 1:colcon.colcon_core.package_identification:_identify(src) by extensions ['cmake', 'python']
[0.375s] Level 1:colcon.colcon_core.package_identification:_identify(src) by extension 'cmake'
[0.375s] Level 1:colcon.colcon_core.package_identification:_identify(src) by extension 'python'
[0.375s] Level 1:colcon.colcon_core.package_identification:_identify(src) by extensions ['python_setup_py']
[0.375s] Level 1:colcon.colcon_core.package_identification:_identify(src) by extension 'python_setup_py'
[0.375s] Level 1:colcon.colcon_core.package_identification:_identify(src/autopartol_interfaces) by extensions ['ignore', 'ignore_ament_install']
[0.376s] Level 1:colcon.colcon_core.package_identification:_identify(src/autopartol_interfaces) by extension 'ignore'
[0.376s] Level 1:colcon.colcon_core.package_identification:_identify(src/autopartol_interfaces) by extension 'ignore_ament_install'
[0.376s] Level 1:colcon.colcon_core.package_identification:_identify(src/autopartol_interfaces) by extensions ['colcon_pkg']
[0.376s] Level 1:colcon.colcon_core.package_identification:_identify(src/autopartol_interfaces) by extension 'colcon_pkg'
[0.376s] Level 1:colcon.colcon_core.package_identification:_identify(src/autopartol_interfaces) by extensions ['colcon_meta']
[0.376s] Level 1:colcon.colcon_core.package_identification:_identify(src/autopartol_interfaces) by extension 'colcon_meta'
[0.376s] Level 1:colcon.colcon_core.package_identification:_identify(src/autopartol_interfaces) by extensions ['ros']
[0.376s] Level 1:colcon.colcon_core.package_identification:_identify(src/autopartol_interfaces) by extension 'ros'
[0.378s] DEBUG:colcon.colcon_core.package_identification:Package 'src/autopartol_interfaces' with type 'ros.ament_cmake' and name 'autopartol_interfaces'
[0.378s] Level 1:colcon.colcon_core.package_identification:_identify(src/autopartol_robot) by extensions ['ignore', 'ignore_ament_install']
[0.378s] Level 1:colcon.colcon_core.package_identification:_identify(src/autopartol_robot) by extension 'ignore'
[0.378s] Level 1:colcon.colcon_core.package_identification:_identify(src/autopartol_robot) by extension 'ignore_ament_install'
[0.378s] Level 1:colcon.colcon_core.package_identification:_identify(src/autopartol_robot) by extensions ['colcon_pkg']
[0.378s] Level 1:colcon.colcon_core.package_identification:_identify(src/autopartol_robot) by extension 'colcon_pkg'
[0.378s] Level 1:colcon.colcon_core.package_identification:_identify(src/autopartol_robot) by extensions ['colcon_meta']
[0.378s] Level 1:colcon.colcon_core.package_identification:_identify(src/autopartol_robot) by extension 'colcon_meta'
[0.378s] Level 1:colcon.colcon_core.package_identification:_identify(src/autopartol_robot) by extensions ['ros']
[0.378s] Level 1:colcon.colcon_core.package_identification:_identify(src/autopartol_robot) by extension 'ros'
[0.379s] DEBUG:colcon.colcon_core.package_identification:Package 'src/autopartol_robot' with type 'ros.ament_python' and name 'autopartol_robot'
[0.379s] Level 1:colcon.colcon_core.package_identification:_identify(src/car_application) by extensions ['ignore', 'ignore_ament_install']
[0.379s] Level 1:colcon.colcon_core.package_identification:_identify(src/car_application) by extension 'ignore'
[0.379s] Level 1:colcon.colcon_core.package_identification:_identify(src/car_application) by extension 'ignore_ament_install'
[0.379s] Level 1:colcon.colcon_core.package_identification:_identify(src/car_application) by extensions ['colcon_pkg']
[0.379s] Level 1:colcon.colcon_core.package_identification:_identify(src/car_application) by extension 'colcon_pkg'
[0.379s] Level 1:colcon.colcon_core.package_identification:_identify(src/car_application) by extensions ['colcon_meta']
[0.380s] Level 1:colcon.colcon_core.package_identification:_identify(src/car_application) by extension 'colcon_meta'
[0.380s] Level 1:colcon.colcon_core.package_identification:_identify(src/car_application) by extensions ['ros']
[0.380s] Level 1:colcon.colcon_core.package_identification:_identify(src/car_application) by extension 'ros'
[0.380s] DEBUG:colcon.colcon_core.package_identification:Package 'src/car_application' with type 'ros.ament_python' and name 'car_application'
[0.380s] Level 1:colcon.colcon_core.package_identification:_identify(src/car_navigation2) by extensions ['ignore', 'ignore_ament_install']
[0.380s] Level 1:colcon.colcon_core.package_identification:_identify(src/car_navigation2) by extension 'ignore'
[0.380s] Level 1:colcon.colcon_core.package_identification:_identify(src/car_navigation2) by extension 'ignore_ament_install'
[0.380s] Level 1:colcon.colcon_core.package_identification:_identify(src/car_navigation2) by extensions ['colcon_pkg']
[0.381s] Level 1:colcon.colcon_core.package_identification:_identify(src/car_navigation2) by extension 'colcon_pkg'
[0.381s] Level 1:colcon.colcon_core.package_identification:_identify(src/car_navigation2) by extensions ['colcon_meta']
[0.381s] Level 1:colcon.colcon_core.package_identification:_identify(src/car_navigation2) by extension 'colcon_meta'
[0.381s] Level 1:colcon.colcon_core.package_identification:_identify(src/car_navigation2) by extensions ['ros']
[0.381s] Level 1:colcon.colcon_core.package_identification:_identify(src/car_navigation2) by extension 'ros'
[0.381s] DEBUG:colcon.colcon_core.package_identification:Package 'src/car_navigation2' with type 'ros.ament_cmake' and name 'car_navigation2'
[0.381s] Level 1:colcon.colcon_core.package_identification:_identify(src/cpp06_urdf) by extensions ['ignore', 'ignore_ament_install']
[0.381s] Level 1:colcon.colcon_core.package_identification:_identify(src/cpp06_urdf) by extension 'ignore'
[0.382s] Level 1:colcon.colcon_core.package_identification:_identify(src/cpp06_urdf) by extension 'ignore_ament_install'
[0.382s] Level 1:colcon.colcon_core.package_identification:_identify(src/cpp06_urdf) by extensions ['colcon_pkg']
[0.382s] Level 1:colcon.colcon_core.package_identification:_identify(src/cpp06_urdf) by extension 'colcon_pkg'
[0.382s] Level 1:colcon.colcon_core.package_identification:_identify(src/cpp06_urdf) by extensions ['colcon_meta']
[0.382s] Level 1:colcon.colcon_core.package_identification:_identify(src/cpp06_urdf) by extension 'colcon_meta'
[0.382s] Level 1:colcon.colcon_core.package_identification:_identify(src/cpp06_urdf) by extensions ['ros']
[0.382s] Level 1:colcon.colcon_core.package_identification:_identify(src/cpp06_urdf) by extension 'ros'
[0.382s] DEBUG:colcon.colcon_core.package_identification:Package 'src/cpp06_urdf' with type 'ros.ament_cmake' and name 'cpp06_urdf'
[0.383s] Level 1:colcon.colcon_core.package_discovery:discover_packages(recursive) using defaults
[0.383s] Level 1:colcon.colcon_core.package_discovery:discover_packages(ignore) discover
[0.383s] Level 1:colcon.colcon_core.package_discovery:discover_packages(ignore) using defaults
[0.383s] Level 1:colcon.colcon_core.package_discovery:discover_packages(path) discover
[0.383s] Level 1:colcon.colcon_core.package_discovery:discover_packages(path) using defaults
[0.415s] Level 1:colcon.colcon_core.package_discovery:discover_packages(prefix_path) check parameters
[0.415s] Level 1:colcon.colcon_core.package_discovery:discover_packages(prefix_path) discover
[0.419s] DEBUG:colcon.colcon_installed_package_information.package_discovery:Found 5 installed packages in /home/xinhongwang/nav2_ws/install
[0.419s] DEBUG:colcon.colcon_installed_package_information.package_discovery:Found 4 installed packages in /home/xinhongwang/ws02_tools/install
[0.420s] DEBUG:colcon.colcon_installed_package_information.package_discovery:Found 2 installed packages in /home/xinhongwang/ws00_helloworld/install
[0.422s] DEBUG:colcon.colcon_installed_package_information.package_discovery:Found 413 installed packages in /opt/ros/humble
[0.424s] Level 1:colcon.colcon_core.package_discovery:discover_packages(prefix_path) using defaults
[0.476s] Level 5:colcon.colcon_core.verb:set package 'autopartol_interfaces' build argument 'cmake_args' from command line to 'None'
[0.477s] Level 5:colcon.colcon_core.verb:set package 'autopartol_interfaces' build argument 'cmake_target' from command line to 'None'
[0.477s] Level 5:colcon.colcon_core.verb:set package 'autopartol_interfaces' build argument 'cmake_target_skip_unavailable' from command line to 'False'
[0.477s] Level 5:colcon.colcon_core.verb:set package 'autopartol_interfaces' build argument 'cmake_clean_cache' from command line to 'False'
[0.477s] Level 5:colcon.colcon_core.verb:set package 'autopartol_interfaces' build argument 'cmake_clean_first' from command line to 'False'
[0.477s] Level 5:colcon.colcon_core.verb:set package 'autopartol_interfaces' build argument 'cmake_force_configure' from command line to 'False'
[0.477s] Level 5:colcon.colcon_core.verb:set package 'autopartol_interfaces' build argument 'ament_cmake_args' from command line to 'None'
[0.477s] Level 5:colcon.colcon_core.verb:set package 'autopartol_interfaces' build argument 'catkin_cmake_args' from command line to 'None'
[0.477s] Level 5:colcon.colcon_core.verb:set package 'autopartol_interfaces' build argument 'catkin_skip_building_tests' from command line to 'False'
[0.477s] DEBUG:colcon.colcon_core.verb:Building package 'autopartol_interfaces' with the following arguments: {'ament_cmake_args': None, 'build_base': '/home/xinhongwang/nav2_ws/build/autopartol_interfaces', 'catkin_cmake_args': None, 'catkin_skip_building_tests': False, 'cmake_args': None, 'cmake_clean_cache': False, 'cmake_clean_first': False, 'cmake_force_configure': False, 'cmake_target': None, 'cmake_target_skip_unavailable': False, 'install_base': '/home/xinhongwang/nav2_ws/install/autopartol_interfaces', 'merge_install': False, 'path': '/home/xinhongwang/nav2_ws/src/autopartol_interfaces', 'symlink_install': True, 'test_result_base': None}
[0.477s] Level 5:colcon.colcon_core.verb:set package 'autopartol_robot' build argument 'cmake_args' from command line to 'None'
[0.477s] Level 5:colcon.colcon_core.verb:set package 'autopartol_robot' build argument 'cmake_target' from command line to 'None'
[0.477s] Level 5:colcon.colcon_core.verb:set package 'autopartol_robot' build argument 'cmake_target_skip_unavailable' from command line to 'False'
[0.477s] Level 5:colcon.colcon_core.verb:set package 'autopartol_robot' build argument 'cmake_clean_cache' from command line to 'False'
[0.477s] Level 5:colcon.colcon_core.verb:set package 'autopartol_robot' build argument 'cmake_clean_first' from command line to 'False'
[0.477s] Level 5:colcon.colcon_core.verb:set package 'autopartol_robot' build argument 'cmake_force_configure' from command line to 'False'
[0.477s] Level 5:colcon.colcon_core.verb:set package 'autopartol_robot' build argument 'ament_cmake_args' from command line to 'None'
[0.477s] Level 5:colcon.colcon_core.verb:set package 'autopartol_robot' build argument 'catkin_cmake_args' from command line to 'None'
[0.477s] Level 5:colcon.colcon_core.verb:set package 'autopartol_robot' build argument 'catkin_skip_building_tests' from command line to 'False'
[0.477s] DEBUG:colcon.colcon_core.verb:Building package 'autopartol_robot' with the following arguments: {'ament_cmake_args': None, 'build_base': '/home/xinhongwang/nav2_ws/build/autopartol_robot', 'catkin_cmake_args': None, 'catkin_skip_building_tests': False, 'cmake_args': None, 'cmake_clean_cache': False, 'cmake_clean_first': False, 'cmake_force_configure': False, 'cmake_target': None, 'cmake_target_skip_unavailable': False, 'install_base': '/home/xinhongwang/nav2_ws/install/autopartol_robot', 'merge_install': False, 'path': '/home/xinhongwang/nav2_ws/src/autopartol_robot', 'symlink_install': True, 'test_result_base': None}
[0.478s] Level 5:colcon.colcon_core.verb:set package 'car_application' build argument 'cmake_args' from command line to 'None'
[0.478s] Level 5:colcon.colcon_core.verb:set package 'car_application' build argument 'cmake_target' from command line to 'None'
[0.478s] Level 5:colcon.colcon_core.verb:set package 'car_application' build argument 'cmake_target_skip_unavailable' from command line to 'False'
[0.478s] Level 5:colcon.colcon_core.verb:set package 'car_application' build argument 'cmake_clean_cache' from command line to 'False'
[0.478s] Level 5:colcon.colcon_core.verb:set package 'car_application' build argument 'cmake_clean_first' from command line to 'False'
[0.478s] Level 5:colcon.colcon_core.verb:set package 'car_application' build argument 'cmake_force_configure' from command line to 'False'
[0.478s] Level 5:colcon.colcon_core.verb:set package 'car_application' build argument 'ament_cmake_args' from command line to 'None'
[0.478s] Level 5:colcon.colcon_core.verb:set package 'car_application' build argument 'catkin_cmake_args' from command line to 'None'
[0.478s] Level 5:colcon.colcon_core.verb:set package 'car_application' build argument 'catkin_skip_building_tests' from command line to 'False'
[0.478s] DEBUG:colcon.colcon_core.verb:Building package 'car_application' with the following arguments: {'ament_cmake_args': None, 'build_base': '/home/xinhongwang/nav2_ws/build/car_application', 'catkin_cmake_args': None, 'catkin_skip_building_tests': False, 'cmake_args': None, 'cmake_clean_cache': False, 'cmake_clean_first': False, 'cmake_force_configure': False, 'cmake_target': None, 'cmake_target_skip_unavailable': False, 'install_base': '/home/xinhongwang/nav2_ws/install/car_application', 'merge_install': False, 'path': '/home/xinhongwang/nav2_ws/src/car_application', 'symlink_install': True, 'test_result_base': None}
[0.478s] Level 5:colcon.colcon_core.verb:set package 'car_navigation2' build argument 'cmake_args' from command line to 'None'
[0.478s] Level 5:colcon.colcon_core.verb:set package 'car_navigation2' build argument 'cmake_target' from command line to 'None'
[0.479s] Level 5:colcon.colcon_core.verb:set package 'car_navigation2' build argument 'cmake_target_skip_unavailable' from command line to 'False'
[0.479s] Level 5:colcon.colcon_core.verb:set package 'car_navigation2' build argument 'cmake_clean_cache' from command line to 'False'
[0.479s] Level 5:colcon.colcon_core.verb:set package 'car_navigation2' build argument 'cmake_clean_first' from command line to 'False'
[0.479s] Level 5:colcon.colcon_core.verb:set package 'car_navigation2' build argument 'cmake_force_configure' from command line to 'False'
[0.479s] Level 5:colcon.colcon_core.verb:set package 'car_navigation2' build argument 'ament_cmake_args' from command line to 'None'
[0.479s] Level 5:colcon.colcon_core.verb:set package 'car_navigation2' build argument 'catkin_cmake_args' from command line to 'None'
[0.479s] Level 5:colcon.colcon_core.verb:set package 'car_navigation2' build argument 'catkin_skip_building_tests' from command line to 'False'
[0.479s] DEBUG:colcon.colcon_core.verb:Building package 'car_navigation2' with the following arguments: {'ament_cmake_args': None, 'build_base': '/home/xinhongwang/nav2_ws/build/car_navigation2', 'catkin_cmake_args': None, 'catkin_skip_building_tests': False, 'cmake_args': None, 'cmake_clean_cache': False, 'cmake_clean_first': False, 'cmake_force_configure': False, 'cmake_target': None, 'cmake_target_skip_unavailable': False, 'install_base': '/home/xinhongwang/nav2_ws/install/car_navigation2', 'merge_install': False, 'path': '/home/xinhongwang/nav2_ws/src/car_navigation2', 'symlink_install': True, 'test_result_base': None}
[0.479s] Level 5:colcon.colcon_core.verb:set package 'cpp06_urdf' build argument 'cmake_args' from command line to 'None'
[0.479s] Level 5:colcon.colcon_core.verb:set package 'cpp06_urdf' build argument 'cmake_target' from command line to 'None'
[0.479s] Level 5:colcon.colcon_core.verb:set package 'cpp06_urdf' build argument 'cmake_target_skip_unavailable' from command line to 'False'
[0.479s] Level 5:colcon.colcon_core.verb:set package 'cpp06_urdf' build argument 'cmake_clean_cache' from command line to 'False'
[0.479s] Level 5:colcon.colcon_core.verb:set package 'cpp06_urdf' build argument 'cmake_clean_first' from command line to 'False'
[0.479s] Level 5:colcon.colcon_core.verb:set package 'cpp06_urdf' build argument 'cmake_force_configure' from command line to 'False'
[0.479s] Level 5:colcon.colcon_core.verb:set package 'cpp06_urdf' build argument 'ament_cmake_args' from command line to 'None'
[0.479s] Level 5:colcon.colcon_core.verb:set package 'cpp06_urdf' build argument 'catkin_cmake_args' from command line to 'None'
[0.479s] Level 5:colcon.colcon_core.verb:set package 'cpp06_urdf' build argument 'catkin_skip_building_tests' from command line to 'False'
[0.479s] DEBUG:colcon.colcon_core.verb:Building package 'cpp06_urdf' with the following arguments: {'ament_cmake_args': None, 'build_base': '/home/xinhongwang/nav2_ws/build/cpp06_urdf', 'catkin_cmake_args': None, 'catkin_skip_building_tests': False, 'cmake_args': None, 'cmake_clean_cache': False, 'cmake_clean_first': False, 'cmake_force_configure': False, 'cmake_target': None, 'cmake_target_skip_unavailable': False, 'install_base': '/home/xinhongwang/nav2_ws/install/cpp06_urdf', 'merge_install': False, 'path': '/home/xinhongwang/nav2_ws/src/cpp06_urdf', 'symlink_install': True, 'test_result_base': None}
[0.479s] INFO:colcon.colcon_core.executor:Executing jobs using 'parallel' executor
[0.480s] DEBUG:colcon.colcon_parallel_executor.executor.parallel:run_until_complete
[0.481s] INFO:colcon.colcon_ros.task.ament_cmake.build:Building ROS package in '/home/xinhongwang/nav2_ws/src/autopartol_interfaces' with build type 'ament_cmake'
[0.481s] INFO:colcon.colcon_cmake.task.cmake.build:Building CMake package in '/home/xinhongwang/nav2_ws/src/autopartol_interfaces'
[0.487s] INFO:colcon.colcon_core.plugin_system:Skipping extension 'colcon_core.shell.bat': Not used on non-Windows systems
[0.487s] INFO:colcon.colcon_core.shell:Skip shell extension 'powershell' for command environment: Not usable outside of PowerShell
[0.487s] DEBUG:colcon.colcon_core.shell:Skip shell extension 'dsv' for command environment
[0.496s] INFO:colcon.colcon_ros.task.ament_python.build:Building ROS package in '/home/xinhongwang/nav2_ws/src/autopartol_robot' with build type 'ament_python'
[0.497s] Level 1:colcon.colcon_core.shell:create_environment_hook('autopartol_robot', 'ament_prefix_path')
[0.497s] INFO:colcon.colcon_core.shell:Creating environment hook '/home/xinhongwang/nav2_ws/install/autopartol_robot/share/autopartol_robot/hook/ament_prefix_path.ps1'
[0.499s] INFO:colcon.colcon_core.shell:Creating environment descriptor '/home/xinhongwang/nav2_ws/install/autopartol_robot/share/autopartol_robot/hook/ament_prefix_path.dsv'
[0.500s] INFO:colcon.colcon_core.shell:Creating environment hook '/home/xinhongwang/nav2_ws/install/autopartol_robot/share/autopartol_robot/hook/ament_prefix_path.sh'
[0.501s] INFO:colcon.colcon_core.shell:Skip shell extension 'powershell' for command environment: Not usable outside of PowerShell
[0.502s] DEBUG:colcon.colcon_core.shell:Skip shell extension 'dsv' for command environment
[0.509s] INFO:colcon.colcon_ros.task.ament_python.build:Building ROS package in '/home/xinhongwang/nav2_ws/src/car_application' with build type 'ament_python'
[0.510s] Level 1:colcon.colcon_core.shell:create_environment_hook('car_application', 'ament_prefix_path')
[0.510s] INFO:colcon.colcon_core.shell:Creating environment hook '/home/xinhongwang/nav2_ws/install/car_application/share/car_application/hook/ament_prefix_path.ps1'
[0.511s] INFO:colcon.colcon_core.shell:Creating environment descriptor '/home/xinhongwang/nav2_ws/install/car_application/share/car_application/hook/ament_prefix_path.dsv'
[0.512s] INFO:colcon.colcon_core.shell:Creating environment hook '/home/xinhongwang/nav2_ws/install/car_application/share/car_application/hook/ament_prefix_path.sh'
[0.512s] INFO:colcon.colcon_core.shell:Skip shell extension 'powershell' for command environment: Not usable outside of PowerShell
[0.512s] DEBUG:colcon.colcon_core.shell:Skip shell extension 'dsv' for command environment
[0.520s] INFO:colcon.colcon_ros.task.ament_cmake.build:Building ROS package in '/home/xinhongwang/nav2_ws/src/car_navigation2' with build type 'ament_cmake'
[0.520s] INFO:colcon.colcon_cmake.task.cmake.build:Building CMake package in '/home/xinhongwang/nav2_ws/src/car_navigation2'
[0.521s] INFO:colcon.colcon_core.shell:Skip shell extension 'powershell' for command environment: Not usable outside of PowerShell
[0.521s] DEBUG:colcon.colcon_core.shell:Skip shell extension 'dsv' for command environment
[0.531s] INFO:colcon.colcon_ros.task.ament_cmake.build:Building ROS package in '/home/xinhongwang/nav2_ws/src/cpp06_urdf' with build type 'ament_cmake'
[0.532s] INFO:colcon.colcon_cmake.task.cmake.build:Building CMake package in '/home/xinhongwang/nav2_ws/src/cpp06_urdf'
[0.532s] INFO:colcon.colcon_core.shell:Skip shell extension 'powershell' for command environment: Not usable outside of PowerShell
[0.532s] DEBUG:colcon.colcon_core.shell:Skip shell extension 'dsv' for command environment
[0.556s] DEBUG:colcon.colcon_core.event_handler.log_command:Invoking command in '/home/xinhongwang/nav2_ws/build/autopartol_interfaces': CMAKE_PREFIX_PATH=${CMAKE_PREFIX_PATH}:/home/xinhongwang/nav2_ws/install/car_application:/home/xinhongwang/nav2_ws/install/autopartol_robot:/home/xinhongwang/ws02_tools/install/car_application:/home/xinhongwang/ws02_tools/install/autopartol_robot:/opt/ros/humble /usr/bin/cmake --build /home/xinhongwang/nav2_ws/build/autopartol_interfaces -- -j8 -l8
[0.993s] INFO:colcon.colcon_core.task.python.build:Building Python package in '/home/xinhongwang/nav2_ws/src/autopartol_robot'
[0.993s] INFO:colcon.colcon_core.shell:Skip shell extension 'powershell' for command environment: Not usable outside of PowerShell
[0.993s] DEBUG:colcon.colcon_core.shell:Skip shell extension 'dsv' for command environment
[1.336s] INFO:colcon.colcon_core.task.python.build:Building Python package in '/home/xinhongwang/nav2_ws/src/car_application'
[1.337s] INFO:colcon.colcon_core.shell:Skip shell extension 'powershell' for command environment: Not usable outside of PowerShell
[1.337s] DEBUG:colcon.colcon_core.shell:Skip shell extension 'dsv' for command environment
[1.352s] DEBUG:colcon.colcon_core.event_handler.log_command:Invoking command in '/home/xinhongwang/nav2_ws/build/car_navigation2': CMAKE_PREFIX_PATH=${CMAKE_PREFIX_PATH}:/home/xinhongwang/nav2_ws/install/car_application:/home/xinhongwang/nav2_ws/install/autopartol_robot:/home/xinhongwang/ws02_tools/install/car_application:/home/xinhongwang/ws02_tools/install/autopartol_robot:/opt/ros/humble /usr/bin/cmake --build /home/xinhongwang/nav2_ws/build/car_navigation2 -- -j8 -l8
[1.360s] DEBUG:colcon.colcon_core.event_handler.log_command:Invoking command in '/home/xinhongwang/nav2_ws/build/cpp06_urdf': CMAKE_PREFIX_PATH=${CMAKE_PREFIX_PATH}:/home/xinhongwang/nav2_ws/install/car_application:/home/xinhongwang/nav2_ws/install/autopartol_robot:/home/xinhongwang/ws02_tools/install/car_application:/home/xinhongwang/ws02_tools/install/autopartol_robot:/opt/ros/humble /usr/bin/cmake --build /home/xinhongwang/nav2_ws/build/cpp06_urdf -- -j8 -l8
[1.366s] DEBUG:colcon.colcon_core.event_handler.log_command:Invoked command in '/home/xinhongwang/nav2_ws/build/autopartol_interfaces' returned '0': CMAKE_PREFIX_PATH=${CMAKE_PREFIX_PATH}:/home/xinhongwang/nav2_ws/install/car_application:/home/xinhongwang/nav2_ws/install/autopartol_robot:/home/xinhongwang/ws02_tools/install/car_application:/home/xinhongwang/ws02_tools/install/autopartol_robot:/opt/ros/humble /usr/bin/cmake --build /home/xinhongwang/nav2_ws/build/autopartol_interfaces -- -j8 -l8
[1.385s] DEBUG:colcon.colcon_core.event_handler.log_command:Invoking command in '/home/xinhongwang/nav2_ws/build/autopartol_interfaces': CMAKE_PREFIX_PATH=${CMAKE_PREFIX_PATH}:/home/xinhongwang/nav2_ws/install/car_application:/home/xinhongwang/nav2_ws/install/autopartol_robot:/home/xinhongwang/ws02_tools/install/car_application:/home/xinhongwang/ws02_tools/install/autopartol_robot:/opt/ros/humble /usr/bin/cmake --install /home/xinhongwang/nav2_ws/build/autopartol_interfaces
[1.420s] DEBUG:colcon.colcon_core.event_handler.log_command:Invoked command in '/home/xinhongwang/nav2_ws/build/car_navigation2' returned '0': CMAKE_PREFIX_PATH=${CMAKE_PREFIX_PATH}:/home/xinhongwang/nav2_ws/install/car_application:/home/xinhongwang/nav2_ws/install/autopartol_robot:/home/xinhongwang/ws02_tools/install/car_application:/home/xinhongwang/ws02_tools/install/autopartol_robot:/opt/ros/humble /usr/bin/cmake --build /home/xinhongwang/nav2_ws/build/car_navigation2 -- -j8 -l8
[1.420s] DEBUG:colcon.colcon_core.event_handler.log_command:Invoking command in '/home/xinhongwang/nav2_ws/build/car_navigation2': CMAKE_PREFIX_PATH=${CMAKE_PREFIX_PATH}:/home/xinhongwang/nav2_ws/install/car_application:/home/xinhongwang/nav2_ws/install/autopartol_robot:/home/xinhongwang/ws02_tools/install/car_application:/home/xinhongwang/ws02_tools/install/autopartol_robot:/opt/ros/humble /usr/bin/cmake --install /home/xinhongwang/nav2_ws/build/car_navigation2
[1.435s] DEBUG:colcon.colcon_core.event_handler.log_command:Invoked command in '/home/xinhongwang/nav2_ws/build/cpp06_urdf' returned '0': CMAKE_PREFIX_PATH=${CMAKE_PREFIX_PATH}:/home/xinhongwang/nav2_ws/install/car_application:/home/xinhongwang/nav2_ws/install/autopartol_robot:/home/xinhongwang/ws02_tools/install/car_application:/home/xinhongwang/ws02_tools/install/autopartol_robot:/opt/ros/humble /usr/bin/cmake --build /home/xinhongwang/nav2_ws/build/cpp06_urdf -- -j8 -l8
[1.435s] DEBUG:colcon.colcon_core.event_handler.log_command:Invoking command in '/home/xinhongwang/nav2_ws/build/cpp06_urdf': CMAKE_PREFIX_PATH=${CMAKE_PREFIX_PATH}:/home/xinhongwang/nav2_ws/install/car_application:/home/xinhongwang/nav2_ws/install/autopartol_robot:/home/xinhongwang/ws02_tools/install/car_application:/home/xinhongwang/ws02_tools/install/autopartol_robot:/opt/ros/humble /usr/bin/cmake --install /home/xinhongwang/nav2_ws/build/cpp06_urdf
[1.482s] Level 1:colcon.colcon_core.environment:create_environment_scripts_only(car_navigation2)
[1.490s] DEBUG:colcon.colcon_core.event_handler.log_command:Invoked command in '/home/xinhongwang/nav2_ws/build/car_navigation2' returned '0': CMAKE_PREFIX_PATH=${CMAKE_PREFIX_PATH}:/home/xinhongwang/nav2_ws/install/car_application:/home/xinhongwang/nav2_ws/install/autopartol_robot:/home/xinhongwang/ws02_tools/install/car_application:/home/xinhongwang/ws02_tools/install/autopartol_robot:/opt/ros/humble /usr/bin/cmake --install /home/xinhongwang/nav2_ws/build/car_navigation2
[1.500s] Level 1:colcon.colcon_core.environment:checking '/home/xinhongwang/nav2_ws/install/car_navigation2' for CMake module files
[1.501s] Level 1:colcon.colcon_core.environment:checking '/home/xinhongwang/nav2_ws/install/car_navigation2' for CMake config files
[1.501s] Level 1:colcon.colcon_core.shell:create_environment_hook('car_navigation2', 'cmake_prefix_path')
[1.502s] INFO:colcon.colcon_core.shell:Creating environment hook '/home/xinhongwang/nav2_ws/install/car_navigation2/share/car_navigation2/hook/cmake_prefix_path.ps1'
[1.503s] INFO:colcon.colcon_core.shell:Creating environment descriptor '/home/xinhongwang/nav2_ws/install/car_navigation2/share/car_navigation2/hook/cmake_prefix_path.dsv'
[1.504s] INFO:colcon.colcon_core.shell:Creating environment hook '/home/xinhongwang/nav2_ws/install/car_navigation2/share/car_navigation2/hook/cmake_prefix_path.sh'
[1.506s] Level 1:colcon.colcon_core.environment:checking '/home/xinhongwang/nav2_ws/install/car_navigation2/bin'
[1.506s] Level 1:colcon.colcon_core.environment:checking '/home/xinhongwang/nav2_ws/install/car_navigation2/lib/pkgconfig/car_navigation2.pc'
[1.507s] Level 1:colcon.colcon_core.environment:checking '/home/xinhongwang/nav2_ws/install/car_navigation2/lib/python3.10/site-packages'
[1.507s] Level 1:colcon.colcon_core.environment:checking '/home/xinhongwang/nav2_ws/install/car_navigation2/bin'
[1.508s] INFO:colcon.colcon_core.shell:Creating package script '/home/xinhongwang/nav2_ws/install/car_navigation2/share/car_navigation2/package.ps1'
[1.511s] INFO:colcon.colcon_core.shell:Creating package descriptor '/home/xinhongwang/nav2_ws/install/car_navigation2/share/car_navigation2/package.dsv'
[1.512s] INFO:colcon.colcon_core.shell:Creating package script '/home/xinhongwang/nav2_ws/install/car_navigation2/share/car_navigation2/package.sh'
[1.513s] INFO:colcon.colcon_core.shell:Creating package script '/home/xinhongwang/nav2_ws/install/car_navigation2/share/car_navigation2/package.bash'
[1.515s] INFO:colcon.colcon_core.shell:Creating package script '/home/xinhongwang/nav2_ws/install/car_navigation2/share/car_navigation2/package.zsh'
[1.517s] Level 1:colcon.colcon_core.environment:create_file_with_runtime_dependencies(/home/xinhongwang/nav2_ws/install/car_navigation2/share/colcon-core/packages/car_navigation2)
[1.522s] Level 1:colcon.colcon_core.environment:create_environment_scripts_only(car_navigation2)
[1.522s] Level 1:colcon.colcon_core.environment:checking '/home/xinhongwang/nav2_ws/install/car_navigation2' for CMake module files
[1.523s] Level 1:colcon.colcon_core.environment:checking '/home/xinhongwang/nav2_ws/install/car_navigation2' for CMake config files
[1.524s] Level 1:colcon.colcon_core.shell:create_environment_hook('car_navigation2', 'cmake_prefix_path')
[1.524s] INFO:colcon.colcon_core.shell:Creating environment hook '/home/xinhongwang/nav2_ws/install/car_navigation2/share/car_navigation2/hook/cmake_prefix_path.ps1'
[1.525s] INFO:colcon.colcon_core.shell:Creating environment descriptor '/home/xinhongwang/nav2_ws/install/car_navigation2/share/car_navigation2/hook/cmake_prefix_path.dsv'
[1.528s] INFO:colcon.colcon_core.shell:Creating environment hook '/home/xinhongwang/nav2_ws/install/car_navigation2/share/car_navigation2/hook/cmake_prefix_path.sh'
[1.531s] Level 1:colcon.colcon_core.environment:checking '/home/xinhongwang/nav2_ws/install/car_navigation2/bin'
[1.531s] Level 1:colcon.colcon_core.environment:checking '/home/xinhongwang/nav2_ws/install/car_navigation2/lib/pkgconfig/car_navigation2.pc'
[1.532s] Level 1:colcon.colcon_core.environment:checking '/home/xinhongwang/nav2_ws/install/car_navigation2/lib/python3.10/site-packages'
[1.532s] Level 1:colcon.colcon_core.environment:checking '/home/xinhongwang/nav2_ws/install/car_navigation2/bin'
[1.533s] INFO:colcon.colcon_core.shell:Creating package script '/home/xinhongwang/nav2_ws/install/car_navigation2/share/car_navigation2/package.ps1'
[1.535s] INFO:colcon.colcon_core.shell:Creating package descriptor '/home/xinhongwang/nav2_ws/install/car_navigation2/share/car_navigation2/package.dsv'
[1.536s] INFO:colcon.colcon_core.shell:Creating package script '/home/xinhongwang/nav2_ws/install/car_navigation2/share/car_navigation2/package.sh'
[1.538s] INFO:colcon.colcon_core.shell:Creating package script '/home/xinhongwang/nav2_ws/install/car_navigation2/share/car_navigation2/package.bash'
[1.539s] INFO:colcon.colcon_core.shell:Creating package script '/home/xinhongwang/nav2_ws/install/car_navigation2/share/car_navigation2/package.zsh'
[1.540s] Level 1:colcon.colcon_core.environment:create_file_with_runtime_dependencies(/home/xinhongwang/nav2_ws/install/car_navigation2/share/colcon-core/packages/car_navigation2)
[1.542s] Level 1:colcon.colcon_core.environment:create_environment_scripts_only(cpp06_urdf)
[1.542s] Level 1:colcon.colcon_core.environment:checking '/home/xinhongwang/nav2_ws/install/cpp06_urdf' for CMake module files
[1.544s] DEBUG:colcon.colcon_core.event_handler.log_command:Invoked command in '/home/xinhongwang/nav2_ws/build/cpp06_urdf' returned '0': CMAKE_PREFIX_PATH=${CMAKE_PREFIX_PATH}:/home/xinhongwang/nav2_ws/install/car_application:/home/xinhongwang/nav2_ws/install/autopartol_robot:/home/xinhongwang/ws02_tools/install/car_application:/home/xinhongwang/ws02_tools/install/autopartol_robot:/opt/ros/humble /usr/bin/cmake --install /home/xinhongwang/nav2_ws/build/cpp06_urdf
[1.544s] Level 1:colcon.colcon_core.environment:checking '/home/xinhongwang/nav2_ws/install/cpp06_urdf' for CMake config files
[1.546s] Level 1:colcon.colcon_core.shell:create_environment_hook('cpp06_urdf', 'cmake_prefix_path')
[1.546s] INFO:colcon.colcon_core.shell:Creating environment hook '/home/xinhongwang/nav2_ws/install/cpp06_urdf/share/cpp06_urdf/hook/cmake_prefix_path.ps1'
[1.547s] INFO:colcon.colcon_core.shell:Creating environment descriptor '/home/xinhongwang/nav2_ws/install/cpp06_urdf/share/cpp06_urdf/hook/cmake_prefix_path.dsv'
[1.548s] INFO:colcon.colcon_core.shell:Creating environment hook '/home/xinhongwang/nav2_ws/install/cpp06_urdf/share/cpp06_urdf/hook/cmake_prefix_path.sh'
[1.549s] Level 1:colcon.colcon_core.environment:checking '/home/xinhongwang/nav2_ws/install/cpp06_urdf/bin'
[1.549s] Level 1:colcon.colcon_core.environment:checking '/home/xinhongwang/nav2_ws/install/cpp06_urdf/lib/pkgconfig/cpp06_urdf.pc'
[1.550s] Level 1:colcon.colcon_core.environment:checking '/home/xinhongwang/nav2_ws/install/cpp06_urdf/lib/python3.10/site-packages'
[1.550s] Level 1:colcon.colcon_core.environment:checking '/home/xinhongwang/nav2_ws/install/cpp06_urdf/bin'
[1.550s] INFO:colcon.colcon_core.shell:Creating package script '/home/xinhongwang/nav2_ws/install/cpp06_urdf/share/cpp06_urdf/package.ps1'
[1.551s] INFO:colcon.colcon_core.shell:Creating package descriptor '/home/xinhongwang/nav2_ws/install/cpp06_urdf/share/cpp06_urdf/package.dsv'
[1.552s] INFO:colcon.colcon_core.shell:Creating package script '/home/xinhongwang/nav2_ws/install/cpp06_urdf/share/cpp06_urdf/package.sh'
[1.553s] INFO:colcon.colcon_core.shell:Creating package script '/home/xinhongwang/nav2_ws/install/cpp06_urdf/share/cpp06_urdf/package.bash'
[1.553s] INFO:colcon.colcon_core.shell:Creating package script '/home/xinhongwang/nav2_ws/install/cpp06_urdf/share/cpp06_urdf/package.zsh'
[1.554s] Level 1:colcon.colcon_core.environment:create_file_with_runtime_dependencies(/home/xinhongwang/nav2_ws/install/cpp06_urdf/share/colcon-core/packages/cpp06_urdf)
[1.556s] Level 1:colcon.colcon_core.environment:create_environment_scripts_only(cpp06_urdf)
[1.556s] Level 1:colcon.colcon_core.environment:checking '/home/xinhongwang/nav2_ws/install/cpp06_urdf' for CMake module files
[1.557s] Level 1:colcon.colcon_core.environment:checking '/home/xinhongwang/nav2_ws/install/cpp06_urdf' for CMake config files
[1.558s] Level 1:colcon.colcon_core.shell:create_environment_hook('cpp06_urdf', 'cmake_prefix_path')
[1.558s] INFO:colcon.colcon_core.shell:Creating environment hook '/home/xinhongwang/nav2_ws/install/cpp06_urdf/share/cpp06_urdf/hook/cmake_prefix_path.ps1'
[1.559s] INFO:colcon.colcon_core.shell:Creating environment descriptor '/home/xinhongwang/nav2_ws/install/cpp06_urdf/share/cpp06_urdf/hook/cmake_prefix_path.dsv'
[1.560s] INFO:colcon.colcon_core.shell:Creating environment hook '/home/xinhongwang/nav2_ws/install/cpp06_urdf/share/cpp06_urdf/hook/cmake_prefix_path.sh'
[1.561s] Level 1:colcon.colcon_core.environment:checking '/home/xinhongwang/nav2_ws/install/cpp06_urdf/bin'
[1.561s] Level 1:colcon.colcon_core.environment:checking '/home/xinhongwang/nav2_ws/install/cpp06_urdf/lib/pkgconfig/cpp06_urdf.pc'
[1.561s] Level 1:colcon.colcon_core.environment:checking '/home/xinhongwang/nav2_ws/install/cpp06_urdf/lib/python3.10/site-packages'
[1.561s] Level 1:colcon.colcon_core.environment:checking '/home/xinhongwang/nav2_ws/install/cpp06_urdf/bin'
[1.562s] INFO:colcon.colcon_core.shell:Creating package script '/home/xinhongwang/nav2_ws/install/cpp06_urdf/share/cpp06_urdf/package.ps1'
[1.563s] INFO:colcon.colcon_core.shell:Creating package descriptor '/home/xinhongwang/nav2_ws/install/cpp06_urdf/share/cpp06_urdf/package.dsv'
[1.563s] INFO:colcon.colcon_core.shell:Creating package script '/home/xinhongwang/nav2_ws/install/cpp06_urdf/share/cpp06_urdf/package.sh'
[1.564s] INFO:colcon.colcon_core.shell:Creating package script '/home/xinhongwang/nav2_ws/install/cpp06_urdf/share/cpp06_urdf/package.bash'
[1.565s] INFO:colcon.colcon_core.shell:Creating package script '/home/xinhongwang/nav2_ws/install/cpp06_urdf/share/cpp06_urdf/package.zsh'
[1.565s] Level 1:colcon.colcon_core.environment:create_file_with_runtime_dependencies(/home/xinhongwang/nav2_ws/install/cpp06_urdf/share/colcon-core/packages/cpp06_urdf)
[1.567s] Level 1:colcon.colcon_core.environment:create_environment_scripts_only(autopartol_interfaces)
[1.568s] Level 1:colcon.colcon_core.environment:checking '/home/xinhongwang/nav2_ws/install/autopartol_interfaces' for CMake module files
[1.570s] DEBUG:colcon.colcon_core.event_handler.log_command:Invoked command in '/home/xinhongwang/nav2_ws/build/autopartol_interfaces' returned '0': CMAKE_PREFIX_PATH=${CMAKE_PREFIX_PATH}:/home/xinhongwang/nav2_ws/install/car_application:/home/xinhongwang/nav2_ws/install/autopartol_robot:/home/xinhongwang/ws02_tools/install/car_application:/home/xinhongwang/ws02_tools/install/autopartol_robot:/opt/ros/humble /usr/bin/cmake --install /home/xinhongwang/nav2_ws/build/autopartol_interfaces
[1.571s] Level 1:colcon.colcon_core.environment:checking '/home/xinhongwang/nav2_ws/install/autopartol_interfaces' for CMake config files
[1.572s] Level 1:colcon.colcon_core.shell:create_environment_hook('autopartol_interfaces', 'cmake_prefix_path')
[1.573s] INFO:colcon.colcon_core.shell:Creating environment hook '/home/xinhongwang/nav2_ws/install/autopartol_interfaces/share/autopartol_interfaces/hook/cmake_prefix_path.ps1'
[1.574s] INFO:colcon.colcon_core.shell:Creating environment descriptor '/home/xinhongwang/nav2_ws/install/autopartol_interfaces/share/autopartol_interfaces/hook/cmake_prefix_path.dsv'
[1.575s] INFO:colcon.colcon_core.shell:Creating environment hook '/home/xinhongwang/nav2_ws/install/autopartol_interfaces/share/autopartol_interfaces/hook/cmake_prefix_path.sh'
[1.576s] Level 1:colcon.colcon_core.environment:checking '/home/xinhongwang/nav2_ws/install/autopartol_interfaces/lib'
[1.576s] Level 1:colcon.colcon_core.shell:create_environment_hook('autopartol_interfaces', 'ld_library_path_lib')
[1.577s] INFO:colcon.colcon_core.shell:Creating environment hook '/home/xinhongwang/nav2_ws/install/autopartol_interfaces/share/autopartol_interfaces/hook/ld_library_path_lib.ps1'
[1.579s] INFO:colcon.colcon_core.shell:Creating environment descriptor '/home/xinhongwang/nav2_ws/install/autopartol_interfaces/share/autopartol_interfaces/hook/ld_library_path_lib.dsv'
[1.579s] INFO:colcon.colcon_core.shell:Creating environment hook '/home/xinhongwang/nav2_ws/install/autopartol_interfaces/share/autopartol_interfaces/hook/ld_library_path_lib.sh'
[1.580s] Level 1:colcon.colcon_core.environment:checking '/home/xinhongwang/nav2_ws/install/autopartol_interfaces/bin'
[1.580s] Level 1:colcon.colcon_core.environment:checking '/home/xinhongwang/nav2_ws/install/autopartol_interfaces/lib/pkgconfig/autopartol_interfaces.pc'
[1.581s] Level 1:colcon.colcon_core.environment:checking '/home/xinhongwang/nav2_ws/install/autopartol_interfaces/lib/python3.10/site-packages'
[1.581s] Level 1:colcon.colcon_core.environment:checking '/home/xinhongwang/nav2_ws/install/autopartol_interfaces/bin'
[1.581s] INFO:colcon.colcon_core.shell:Creating package script '/home/xinhongwang/nav2_ws/install/autopartol_interfaces/share/autopartol_interfaces/package.ps1'
[1.583s] INFO:colcon.colcon_core.shell:Creating package descriptor '/home/xinhongwang/nav2_ws/install/autopartol_interfaces/share/autopartol_interfaces/package.dsv'
[1.584s] INFO:colcon.colcon_core.shell:Creating package script '/home/xinhongwang/nav2_ws/install/autopartol_interfaces/share/autopartol_interfaces/package.sh'
[1.585s] INFO:colcon.colcon_core.shell:Creating package script '/home/xinhongwang/nav2_ws/install/autopartol_interfaces/share/autopartol_interfaces/package.bash'
[1.586s] INFO:colcon.colcon_core.shell:Creating package script '/home/xinhongwang/nav2_ws/install/autopartol_interfaces/share/autopartol_interfaces/package.zsh'
[1.586s] Level 1:colcon.colcon_core.environment:create_file_with_runtime_dependencies(/home/xinhongwang/nav2_ws/install/autopartol_interfaces/share/colcon-core/packages/autopartol_interfaces)
[1.588s] Level 1:colcon.colcon_core.environment:create_environment_scripts_only(autopartol_interfaces)
[1.588s] Level 1:colcon.colcon_core.environment:checking '/home/xinhongwang/nav2_ws/install/autopartol_interfaces' for CMake module files
[1.589s] Level 1:colcon.colcon_core.environment:checking '/home/xinhongwang/nav2_ws/install/autopartol_interfaces' for CMake config files
[1.591s] Level 1:colcon.colcon_core.shell:create_environment_hook('autopartol_interfaces', 'cmake_prefix_path')
[1.592s] INFO:colcon.colcon_core.shell:Creating environment hook '/home/xinhongwang/nav2_ws/install/autopartol_interfaces/share/autopartol_interfaces/hook/cmake_prefix_path.ps1'
[1.593s] INFO:colcon.colcon_core.shell:Creating environment descriptor '/home/xinhongwang/nav2_ws/install/autopartol_interfaces/share/autopartol_interfaces/hook/cmake_prefix_path.dsv'
[1.593s] INFO:colcon.colcon_core.shell:Creating environment hook '/home/xinhongwang/nav2_ws/install/autopartol_interfaces/share/autopartol_interfaces/hook/cmake_prefix_path.sh'
[1.594s] Level 1:colcon.colcon_core.environment:checking '/home/xinhongwang/nav2_ws/install/autopartol_interfaces/lib'
[1.595s] Level 1:colcon.colcon_core.shell:create_environment_hook('autopartol_interfaces', 'ld_library_path_lib')
[1.595s] INFO:colcon.colcon_core.shell:Creating environment hook '/home/xinhongwang/nav2_ws/install/autopartol_interfaces/share/autopartol_interfaces/hook/ld_library_path_lib.ps1'
[1.596s] INFO:colcon.colcon_core.shell:Creating environment descriptor '/home/xinhongwang/nav2_ws/install/autopartol_interfaces/share/autopartol_interfaces/hook/ld_library_path_lib.dsv'
[1.596s] INFO:colcon.colcon_core.shell:Creating environment hook '/home/xinhongwang/nav2_ws/install/autopartol_interfaces/share/autopartol_interfaces/hook/ld_library_path_lib.sh'
[1.597s] Level 1:colcon.colcon_core.environment:checking '/home/xinhongwang/nav2_ws/install/autopartol_interfaces/bin'
[1.597s] Level 1:colcon.colcon_core.environment:checking '/home/xinhongwang/nav2_ws/install/autopartol_interfaces/lib/pkgconfig/autopartol_interfaces.pc'
[1.597s] Level 1:colcon.colcon_core.environment:checking '/home/xinhongwang/nav2_ws/install/autopartol_interfaces/lib/python3.10/site-packages'
[1.598s] Level 1:colcon.colcon_core.environment:checking '/home/xinhongwang/nav2_ws/install/autopartol_interfaces/bin'
[1.599s] INFO:colcon.colcon_core.shell:Creating package script '/home/xinhongwang/nav2_ws/install/autopartol_interfaces/share/autopartol_interfaces/package.ps1'
[1.599s] INFO:colcon.colcon_core.shell:Creating package descriptor '/home/xinhongwang/nav2_ws/install/autopartol_interfaces/share/autopartol_interfaces/package.dsv'
[1.600s] INFO:colcon.colcon_core.shell:Creating package script '/home/xinhongwang/nav2_ws/install/autopartol_interfaces/share/autopartol_interfaces/package.sh'
[1.601s] INFO:colcon.colcon_core.shell:Creating package script '/home/xinhongwang/nav2_ws/install/autopartol_interfaces/share/autopartol_interfaces/package.bash'
[1.601s] INFO:colcon.colcon_core.shell:Creating package script '/home/xinhongwang/nav2_ws/install/autopartol_interfaces/share/autopartol_interfaces/package.zsh'
[1.602s] Level 1:colcon.colcon_core.environment:create_file_with_runtime_dependencies(/home/xinhongwang/nav2_ws/install/autopartol_interfaces/share/colcon-core/packages/autopartol_interfaces)
[2.098s] DEBUG:colcon.colcon_core.event_handler.log_command:Invoking command in '/home/xinhongwang/nav2_ws/build/car_application': PYTHONPATH=/home/xinhongwang/nav2_ws/build/car_application/prefix_override:/usr/lib/python3/dist-packages/colcon_core/task/python/colcon_distutils_commands:/home/xinhongwang/nav2_ws/install/car_application/lib/python3.10/site-packages:${PYTHONPATH} /usr/bin/python3 -W ignore:setup.py install is deprecated -W ignore:easy_install command is deprecated setup.py develop --editable --build-directory /home/xinhongwang/nav2_ws/build/car_application/build --no-deps symlink_data
[2.128s] DEBUG:colcon.colcon_core.event_handler.log_command:Invoking command in '/home/xinhongwang/nav2_ws/build/autopartol_robot': PYTHONPATH=/home/xinhongwang/nav2_ws/build/autopartol_robot/prefix_override:/usr/lib/python3/dist-packages/colcon_core/task/python/colcon_distutils_commands:/home/xinhongwang/nav2_ws/install/autopartol_robot/lib/python3.10/site-packages:${PYTHONPATH} /usr/bin/python3 -W ignore:setup.py install is deprecated -W ignore:easy_install command is deprecated setup.py develop --editable --build-directory /home/xinhongwang/nav2_ws/build/autopartol_robot/build --no-deps symlink_data
[2.658s] Level 1:colcon.colcon_core.shell:create_environment_hook('car_application', 'pythonpath_develop')
[2.659s] INFO:colcon.colcon_core.shell:Creating environment hook '/home/xinhongwang/nav2_ws/build/car_application/share/car_application/hook/pythonpath_develop.ps1'
[2.660s] DEBUG:colcon.colcon_core.event_handler.log_command:Invoked command in '/home/xinhongwang/nav2_ws/build/car_application' returned '0': PYTHONPATH=/home/xinhongwang/nav2_ws/build/car_application/prefix_override:/usr/lib/python3/dist-packages/colcon_core/task/python/colcon_distutils_commands:/home/xinhongwang/nav2_ws/install/car_application/lib/python3.10/site-packages:${PYTHONPATH} /usr/bin/python3 -W ignore:setup.py install is deprecated -W ignore:easy_install command is deprecated setup.py develop --editable --build-directory /home/xinhongwang/nav2_ws/build/car_application/build --no-deps symlink_data
[2.661s] INFO:colcon.colcon_core.shell:Creating environment descriptor '/home/xinhongwang/nav2_ws/build/car_application/share/car_application/hook/pythonpath_develop.dsv'
[2.662s] INFO:colcon.colcon_core.shell:Creating environment hook '/home/xinhongwang/nav2_ws/build/car_application/share/car_application/hook/pythonpath_develop.sh'
[2.664s] Level 1:colcon.colcon_core.environment:checking '/home/xinhongwang/nav2_ws/install/car_application' for CMake module files
[2.665s] Level 1:colcon.colcon_core.environment:checking '/home/xinhongwang/nav2_ws/install/car_application' for CMake config files
[2.666s] Level 1:colcon.colcon_core.environment:checking '/home/xinhongwang/nav2_ws/install/car_application/lib'
[2.666s] Level 1:colcon.colcon_core.environment:checking '/home/xinhongwang/nav2_ws/install/car_application/bin'
[2.666s] Level 1:colcon.colcon_core.environment:checking '/home/xinhongwang/nav2_ws/install/car_application/lib/pkgconfig/car_application.pc'
[2.666s] Level 1:colcon.colcon_core.environment:checking '/home/xinhongwang/nav2_ws/install/car_application/lib/python3.10/site-packages'
[2.666s] Level 1:colcon.colcon_core.shell:create_environment_hook('car_application', 'pythonpath')
[2.667s] INFO:colcon.colcon_core.shell:Creating environment hook '/home/xinhongwang/nav2_ws/install/car_application/share/car_application/hook/pythonpath.ps1'
[2.667s] INFO:colcon.colcon_core.shell:Creating environment descriptor '/home/xinhongwang/nav2_ws/install/car_application/share/car_application/hook/pythonpath.dsv'
[2.668s] INFO:colcon.colcon_core.shell:Creating environment hook '/home/xinhongwang/nav2_ws/install/car_application/share/car_application/hook/pythonpath.sh'
[2.669s] Level 1:colcon.colcon_core.environment:checking '/home/xinhongwang/nav2_ws/install/car_application/bin'
[2.669s] Level 1:colcon.colcon_core.environment:create_environment_scripts_only(car_application)
[2.669s] INFO:colcon.colcon_core.shell:Creating package script '/home/xinhongwang/nav2_ws/install/car_application/share/car_application/package.ps1'
[2.670s] INFO:colcon.colcon_core.shell:Creating package descriptor '/home/xinhongwang/nav2_ws/install/car_application/share/car_application/package.dsv'
[2.672s] INFO:colcon.colcon_core.shell:Creating package script '/home/xinhongwang/nav2_ws/install/car_application/share/car_application/package.sh'
[2.673s] INFO:colcon.colcon_core.shell:Creating package script '/home/xinhongwang/nav2_ws/install/car_application/share/car_application/package.bash'
[2.674s] INFO:colcon.colcon_core.shell:Creating package script '/home/xinhongwang/nav2_ws/install/car_application/share/car_application/package.zsh'
[2.675s] Level 1:colcon.colcon_core.environment:create_file_with_runtime_dependencies(/home/xinhongwang/nav2_ws/install/car_application/share/colcon-core/packages/car_application)
[2.693s] Level 1:colcon.colcon_core.shell:create_environment_hook('autopartol_robot', 'pythonpath_develop')
[2.693s] DEBUG:colcon.colcon_core.event_handler.log_command:Invoked command in '/home/xinhongwang/nav2_ws/build/autopartol_robot' returned '0': PYTHONPATH=/home/xinhongwang/nav2_ws/build/autopartol_robot/prefix_override:/usr/lib/python3/dist-packages/colcon_core/task/python/colcon_distutils_commands:/home/xinhongwang/nav2_ws/install/autopartol_robot/lib/python3.10/site-packages:${PYTHONPATH} /usr/bin/python3 -W ignore:setup.py install is deprecated -W ignore:easy_install command is deprecated setup.py develop --editable --build-directory /home/xinhongwang/nav2_ws/build/autopartol_robot/build --no-deps symlink_data
[2.693s] INFO:colcon.colcon_core.shell:Creating environment hook '/home/xinhongwang/nav2_ws/build/autopartol_robot/share/autopartol_robot/hook/pythonpath_develop.ps1'
[2.697s] INFO:colcon.colcon_core.shell:Creating environment descriptor '/home/xinhongwang/nav2_ws/build/autopartol_robot/share/autopartol_robot/hook/pythonpath_develop.dsv'
[2.698s] INFO:colcon.colcon_core.shell:Creating environment hook '/home/xinhongwang/nav2_ws/build/autopartol_robot/share/autopartol_robot/hook/pythonpath_develop.sh'
[2.699s] Level 1:colcon.colcon_core.environment:checking '/home/xinhongwang/nav2_ws/install/autopartol_robot' for CMake module files
[2.700s] Level 1:colcon.colcon_core.environment:checking '/home/xinhongwang/nav2_ws/install/autopartol_robot' for CMake config files
[2.701s] Level 1:colcon.colcon_core.environment:checking '/home/xinhongwang/nav2_ws/install/autopartol_robot/lib'
[2.701s] Level 1:colcon.colcon_core.environment:checking '/home/xinhongwang/nav2_ws/install/autopartol_robot/bin'
[2.701s] Level 1:colcon.colcon_core.environment:checking '/home/xinhongwang/nav2_ws/install/autopartol_robot/lib/pkgconfig/autopartol_robot.pc'
[2.701s] Level 1:colcon.colcon_core.environment:checking '/home/xinhongwang/nav2_ws/install/autopartol_robot/lib/python3.10/site-packages'
[2.701s] Level 1:colcon.colcon_core.shell:create_environment_hook('autopartol_robot', 'pythonpath')
[2.702s] INFO:colcon.colcon_core.shell:Creating environment hook '/home/xinhongwang/nav2_ws/install/autopartol_robot/share/autopartol_robot/hook/pythonpath.ps1'
[2.702s] INFO:colcon.colcon_core.shell:Creating environment descriptor '/home/xinhongwang/nav2_ws/install/autopartol_robot/share/autopartol_robot/hook/pythonpath.dsv'
[2.703s] INFO:colcon.colcon_core.shell:Creating environment hook '/home/xinhongwang/nav2_ws/install/autopartol_robot/share/autopartol_robot/hook/pythonpath.sh'
[2.704s] Level 1:colcon.colcon_core.environment:checking '/home/xinhongwang/nav2_ws/install/autopartol_robot/bin'
[2.704s] Level 1:colcon.colcon_core.environment:create_environment_scripts_only(autopartol_robot)
[2.705s] INFO:colcon.colcon_core.shell:Creating package script '/home/xinhongwang/nav2_ws/install/autopartol_robot/share/autopartol_robot/package.ps1'
[2.705s] INFO:colcon.colcon_core.shell:Creating package descriptor '/home/xinhongwang/nav2_ws/install/autopartol_robot/share/autopartol_robot/package.dsv'
[2.706s] INFO:colcon.colcon_core.shell:Creating package script '/home/xinhongwang/nav2_ws/install/autopartol_robot/share/autopartol_robot/package.sh'
[2.707s] INFO:colcon.colcon_core.shell:Creating package script '/home/xinhongwang/nav2_ws/install/autopartol_robot/share/autopartol_robot/package.bash'
[2.707s] INFO:colcon.colcon_core.shell:Creating package script '/home/xinhongwang/nav2_ws/install/autopartol_robot/share/autopartol_robot/package.zsh'
[2.708s] Level 1:colcon.colcon_core.environment:create_file_with_runtime_dependencies(/home/xinhongwang/nav2_ws/install/autopartol_robot/share/colcon-core/packages/autopartol_robot)
[2.710s] DEBUG:colcon.colcon_parallel_executor.executor.parallel:closing loop
[2.711s] DEBUG:colcon.colcon_parallel_executor.executor.parallel:loop closed
[2.711s] DEBUG:colcon.colcon_parallel_executor.executor.parallel:run_until_complete finished with '0'
[2.711s] DEBUG:colcon.colcon_core.event_reactor:joining thread
[2.723s] INFO:colcon.colcon_core.plugin_system:Skipping extension 'colcon_notification.desktop_notification.terminal_notifier': Not used on non-Darwin systems
[2.723s] INFO:colcon.colcon_core.plugin_system:Skipping extension 'colcon_notification.desktop_notification.win32': Not used on non-Windows systems
[2.723s] INFO:colcon.colcon_notification.desktop_notification:Sending desktop notification using 'notify2'
[2.743s] DEBUG:colcon.colcon_core.event_reactor:joined thread
[2.743s] INFO:colcon.colcon_core.shell:Creating prefix script '/home/xinhongwang/nav2_ws/install/local_setup.ps1'
[2.745s] INFO:colcon.colcon_core.shell:Creating prefix util module '/home/xinhongwang/nav2_ws/install/_local_setup_util_ps1.py'
[2.747s] INFO:colcon.colcon_core.shell:Creating prefix chain script '/home/xinhongwang/nav2_ws/install/setup.ps1'
[2.750s] INFO:colcon.colcon_core.shell:Creating prefix script '/home/xinhongwang/nav2_ws/install/local_setup.sh'
[2.751s] INFO:colcon.colcon_core.shell:Creating prefix util module '/home/xinhongwang/nav2_ws/install/_local_setup_util_sh.py'
[2.752s] INFO:colcon.colcon_core.shell:Creating prefix chain script '/home/xinhongwang/nav2_ws/install/setup.sh'
[2.754s] INFO:colcon.colcon_core.shell:Creating prefix script '/home/xinhongwang/nav2_ws/install/local_setup.bash'
[2.755s] INFO:colcon.colcon_core.shell:Creating prefix chain script '/home/xinhongwang/nav2_ws/install/setup.bash'
[2.758s] INFO:colcon.colcon_core.shell:Creating prefix script '/home/xinhongwang/nav2_ws/install/local_setup.zsh'
[2.759s] INFO:colcon.colcon_core.shell:Creating prefix chain script '/home/xinhongwang/nav2_ws/install/setup.zsh'
