[1.643s] Invoking command in '/home/xinhongwang/nav2_ws/build/autopartol_robot': PYTHONPATH=/home/xinhongwang/nav2_ws/build/autopartol_robot/prefix_override:/usr/lib/python3/dist-packages/colcon_core/task/python/colcon_distutils_commands:/home/xinhongwang/nav2_ws/install/autopartol_robot/lib/python3.10/site-packages:${PYTHONPATH} /usr/bin/python3 -W ignore:setup.py install is deprecated -W ignore:easy_install command is deprecated setup.py develop --uninstall --editable --build-directory /home/xinhongwang/nav2_ws/build/autopartol_robot/build
[2.005s] running develop
[2.287s] Removing /home/xinhongwang/nav2_ws/install/autopartol_robot/lib/python3.10/site-packages/autopartol-robot.egg-link (link to .)
[2.323s] Invoked command in '/home/xinhongwang/nav2_ws/build/autopartol_robot' returned '0': PYTHONPATH=/home/xinhongwang/nav2_ws/build/autopartol_robot/prefix_override:/usr/lib/python3/dist-packages/colcon_core/task/python/colcon_distutils_commands:/home/xinhongwang/nav2_ws/install/autopartol_robot/lib/python3.10/site-packages:${PYTHONPATH} /usr/bin/python3 -W ignore:setup.py install is deprecated -W ignore:easy_install command is deprecated setup.py develop --uninstall --editable --build-directory /home/xinhongwang/nav2_ws/build/autopartol_robot/build
[2.323s] Invoking command in '/home/xinhongwang/nav2_ws/src/autopartol_robot': PYTHONPATH=/home/xinhongwang/nav2_ws/build/autopartol_robot/prefix_override:/usr/lib/python3/dist-packages/colcon_core/task/python/colcon_distutils_commands:/home/xinhongwang/nav2_ws/install/autopartol_robot/lib/python3.10/site-packages:${PYTHONPATH} /usr/bin/python3 -W ignore:setup.py install is deprecated -W ignore:easy_install command is deprecated setup.py egg_info --egg-base ../../build/autopartol_robot build --build-base /home/xinhongwang/nav2_ws/build/autopartol_robot/build install --record /home/xinhongwang/nav2_ws/build/autopartol_robot/install.log --single-version-externally-managed install_data --force
[2.633s] running egg_info
[2.634s] writing ../../build/autopartol_robot/autopartol_robot.egg-info/PKG-INFO
[2.635s] writing dependency_links to ../../build/autopartol_robot/autopartol_robot.egg-info/dependency_links.txt
[2.636s] writing entry points to ../../build/autopartol_robot/autopartol_robot.egg-info/entry_points.txt
[2.636s] writing requirements to ../../build/autopartol_robot/autopartol_robot.egg-info/requires.txt
[2.636s] writing top-level names to ../../build/autopartol_robot/autopartol_robot.egg-info/top_level.txt
[2.639s] reading manifest file '../../build/autopartol_robot/autopartol_robot.egg-info/SOURCES.txt'
[2.642s] writing manifest file '../../build/autopartol_robot/autopartol_robot.egg-info/SOURCES.txt'
[2.643s] running build
[2.643s] running build_py
[2.643s] creating /home/xinhongwang/nav2_ws/build/autopartol_robot/build
[2.643s] creating /home/xinhongwang/nav2_ws/build/autopartol_robot/build/lib
[2.643s] creating /home/xinhongwang/nav2_ws/build/autopartol_robot/build/lib/autopartol_robot
[2.643s] copying autopartol_robot/partol_node.py -> /home/xinhongwang/nav2_ws/build/autopartol_robot/build/lib/autopartol_robot
[2.643s] copying autopartol_robot/__init__.py -> /home/xinhongwang/nav2_ws/build/autopartol_robot/build/lib/autopartol_robot
[2.643s] copying autopartol_robot/speaker.py -> /home/xinhongwang/nav2_ws/build/autopartol_robot/build/lib/autopartol_robot
[2.645s] running install
[2.646s] running install_lib
[2.646s] creating /home/xinhongwang/nav2_ws/install/autopartol_robot/lib/python3.10/site-packages/autopartol_robot
[2.647s] copying /home/xinhongwang/nav2_ws/build/autopartol_robot/build/lib/autopartol_robot/partol_node.py -> /home/xinhongwang/nav2_ws/install/autopartol_robot/lib/python3.10/site-packages/autopartol_robot
[2.647s] copying /home/xinhongwang/nav2_ws/build/autopartol_robot/build/lib/autopartol_robot/__init__.py -> /home/xinhongwang/nav2_ws/install/autopartol_robot/lib/python3.10/site-packages/autopartol_robot
[2.647s] copying /home/xinhongwang/nav2_ws/build/autopartol_robot/build/lib/autopartol_robot/speaker.py -> /home/xinhongwang/nav2_ws/install/autopartol_robot/lib/python3.10/site-packages/autopartol_robot
[2.648s] byte-compiling /home/xinhongwang/nav2_ws/install/autopartol_robot/lib/python3.10/site-packages/autopartol_robot/partol_node.py to partol_node.cpython-310.pyc
[2.648s] byte-compiling /home/xinhongwang/nav2_ws/install/autopartol_robot/lib/python3.10/site-packages/autopartol_robot/__init__.py to __init__.cpython-310.pyc
[2.648s] byte-compiling /home/xinhongwang/nav2_ws/install/autopartol_robot/lib/python3.10/site-packages/autopartol_robot/speaker.py to speaker.cpython-310.pyc
[2.649s] running install_data
[2.649s] copying resource/autopartol_robot -> /home/xinhongwang/nav2_ws/install/autopartol_robot/share/ament_index/resource_index/packages
[2.649s] copying package.xml -> /home/xinhongwang/nav2_ws/install/autopartol_robot/share/autopartol_robot
[2.650s] copying launch/autopartol.launch.py -> /home/xinhongwang/nav2_ws/install/autopartol_robot/share/autopartol_robot/launch
[2.650s] copying config/partol_config.yaml -> /home/xinhongwang/nav2_ws/install/autopartol_robot/share/autopartol_robot/config
[2.651s] running install_egg_info
[2.654s] Copying ../../build/autopartol_robot/autopartol_robot.egg-info to /home/xinhongwang/nav2_ws/install/autopartol_robot/lib/python3.10/site-packages/autopartol_robot-0.0.0-py3.10.egg-info
[2.655s] running install_scripts
[2.679s] Installing partol_node script to /home/xinhongwang/nav2_ws/install/autopartol_robot/lib/autopartol_robot
[2.680s] Installing speaker script to /home/xinhongwang/nav2_ws/install/autopartol_robot/lib/autopartol_robot
[2.680s] writing list of installed files to '/home/xinhongwang/nav2_ws/build/autopartol_robot/install.log'
[2.715s] Invoked command in '/home/xinhongwang/nav2_ws/src/autopartol_robot' returned '0': PYTHONPATH=/home/xinhongwang/nav2_ws/build/autopartol_robot/prefix_override:/usr/lib/python3/dist-packages/colcon_core/task/python/colcon_distutils_commands:/home/xinhongwang/nav2_ws/install/autopartol_robot/lib/python3.10/site-packages:${PYTHONPATH} /usr/bin/python3 -W ignore:setup.py install is deprecated -W ignore:easy_install command is deprecated setup.py egg_info --egg-base ../../build/autopartol_robot build --build-base /home/xinhongwang/nav2_ws/build/autopartol_robot/build install --record /home/xinhongwang/nav2_ws/build/autopartol_robot/install.log --single-version-externally-managed install_data --force
