[1.567s] Invoking command in '/home/xinhongwang/nav2_ws/src/car_application': PYTHONPATH=/home/xinhongwang/nav2_ws/build/car_application/prefix_override:/usr/lib/python3/dist-packages/colcon_core/task/python/colcon_distutils_commands:/home/xinhongwang/nav2_ws/install/car_application/lib/python3.10/site-packages:${PYTHONPATH} /usr/bin/python3 -W ignore:setup.py install is deprecated -W ignore:easy_install command is deprecated setup.py egg_info --egg-base ../../build/car_application build --build-base /home/xinhongwang/nav2_ws/build/car_application/build install --record /home/xinhongwang/nav2_ws/build/car_application/install.log --single-version-externally-managed install_data
[1.900s] running egg_info
[1.901s] writing ../../build/car_application/car_application.egg-info/PKG-INFO
[1.903s] writing dependency_links to ../../build/car_application/car_application.egg-info/dependency_links.txt
[1.904s] writing entry points to ../../build/car_application/car_application.egg-info/entry_points.txt
[1.904s] writing requirements to ../../build/car_application/car_application.egg-info/requires.txt
[1.905s] writing top-level names to ../../build/car_application/car_application.egg-info/top_level.txt
[1.906s] reading manifest file '../../build/car_application/car_application.egg-info/SOURCES.txt'
[1.906s] adding license file 'LICENSE'
[1.906s] writing manifest file '../../build/car_application/car_application.egg-info/SOURCES.txt'
[1.910s] running build
[1.910s] running build_py
[1.910s] running install
[1.910s] running install_lib
[1.911s] running install_data
[1.911s] running install_egg_info
[1.911s] removing '/home/xinhongwang/nav2_ws/install/car_application/lib/python3.10/site-packages/car_application-0.0.0-py3.10.egg-info' (and everything under it)
[1.911s] Copying ../../build/car_application/car_application.egg-info to /home/xinhongwang/nav2_ws/install/car_application/lib/python3.10/site-packages/car_application-0.0.0-py3.10.egg-info
[1.913s] running install_scripts
[1.948s] Installing get_robot_pose script to /home/xinhongwang/nav2_ws/install/car_application/lib/car_application
[1.948s] Installing init_robot_pose script to /home/xinhongwang/nav2_ws/install/car_application/lib/car_application
[1.948s] Installing nav_to_pose script to /home/xinhongwang/nav2_ws/install/car_application/lib/car_application
[1.949s] Installing waypoint_follower script to /home/xinhongwang/nav2_ws/install/car_application/lib/car_application
[1.950s] writing list of installed files to '/home/xinhongwang/nav2_ws/build/car_application/install.log'
[2.007s] Invoked command in '/home/xinhongwang/nav2_ws/src/car_application' returned '0': PYTHONPATH=/home/xinhongwang/nav2_ws/build/car_application/prefix_override:/usr/lib/python3/dist-packages/colcon_core/task/python/colcon_distutils_commands:/home/xinhongwang/nav2_ws/install/car_application/lib/python3.10/site-packages:${PYTHONPATH} /usr/bin/python3 -W ignore:setup.py install is deprecated -W ignore:easy_install command is deprecated setup.py egg_info --egg-base ../../build/car_application build --build-base /home/xinhongwang/nav2_ws/build/car_application/build install --record /home/xinhongwang/nav2_ws/build/car_application/install.log --single-version-externally-managed install_data
