[0.758s] Invoking command in '/home/xinhongwang/nav2_ws/build/cpp06_urdf': CMAKE_PREFIX_PATH=${CMAKE_PREFIX_PATH}:/home/xinhongwang/nav2_ws/install/car_application:/home/xinhongwang/nav2_ws/install/autopartol_robot:/home/xinhongwang/ws02_tools/install/car_application:/home/xinhongwang/ws02_tools/install/autopartol_robot:/opt/ros/humble /usr/bin/cmake --build /home/xinhongwang/nav2_ws/build/cpp06_urdf -- -j8 -l8
[0.848s] Invoked command in '/home/xinhongwang/nav2_ws/build/cpp06_urdf' returned '0': CMAKE_PREFIX_PATH=${CMAKE_PREFIX_PATH}:/home/xinhongwang/nav2_ws/install/car_application:/home/xinhongwang/nav2_ws/install/autopartol_robot:/home/xinhongwang/ws02_tools/install/car_application:/home/xinhongwang/ws02_tools/install/autopartol_robot:/opt/ros/humble /usr/bin/cmake --build /home/xinhongwang/nav2_ws/build/cpp06_urdf -- -j8 -l8
[0.853s] Invoking command in '/home/xinhongwang/nav2_ws/build/cpp06_urdf': CMAKE_PREFIX_PATH=${CMAKE_PREFIX_PATH}:/home/xinhongwang/nav2_ws/install/car_application:/home/xinhongwang/nav2_ws/install/autopartol_robot:/home/xinhongwang/ws02_tools/install/car_application:/home/xinhongwang/ws02_tools/install/autopartol_robot:/opt/ros/humble /usr/bin/cmake --install /home/xinhongwang/nav2_ws/build/cpp06_urdf
[0.870s] -- Install configuration: ""
[0.876s] -- Execute custom install script
[0.876s] -- Up-to-date symlink: /home/xinhongwang/nav2_ws/install/cpp06_urdf/share/cpp06_urdf/launch/cartographer.launch.py
[0.877s] -- Up-to-date symlink: /home/xinhongwang/nav2_ws/install/cpp06_urdf/share/cpp06_urdf/launch/display.launch.py
[0.877s] -- Up-to-date symlink: /home/xinhongwang/nav2_ws/install/cpp06_urdf/share/cpp06_urdf/launch/gazebo_sim.launch.py
[0.877s] -- Up-to-date symlink: /home/xinhongwang/nav2_ws/install/cpp06_urdf/share/cpp06_urdf/rviz/urdf.rviz
[0.879s] -- Up-to-date symlink: /home/xinhongwang/nav2_ws/install/cpp06_urdf/share/cpp06_urdf/urdf/model.config
[0.890s] -- Up-to-date symlink: /home/xinhongwang/nav2_ws/install/cpp06_urdf/share/cpp06_urdf/urdf/urdf/demo01_helloworld.urdf
[0.890s] -- Up-to-date symlink: /home/xinhongwang/nav2_ws/install/cpp06_urdf/share/cpp06_urdf/urdf/urdf/demo02_link.urdf
[0.890s] -- Up-to-date symlink: /home/xinhongwang/nav2_ws/install/cpp06_urdf/share/cpp06_urdf/urdf/urdf/demo03_joint.urdf
[0.890s] -- Up-to-date symlink: /home/xinhongwang/nav2_ws/install/cpp06_urdf/share/cpp06_urdf/urdf/urdf/demo04_basefootprint.urdf
[0.890s] -- Up-to-date symlink: /home/xinhongwang/nav2_ws/install/cpp06_urdf/share/cpp06_urdf/urdf/urdf/demo05_exercise.urdf
[0.890s] -- Up-to-date symlink: /home/xinhongwang/nav2_ws/install/cpp06_urdf/share/cpp06_urdf/urdf/urdf/fish_robot.urdf
[0.891s] -- Up-to-date symlink: /home/xinhongwang/nav2_ws/install/cpp06_urdf/share/cpp06_urdf/urdf/urdf/my_car.gv
[0.892s] -- Up-to-date symlink: /home/xinhongwang/nav2_ws/install/cpp06_urdf/share/cpp06_urdf/urdf/urdf/my_car.pdf
[0.893s] -- Up-to-date symlink: /home/xinhongwang/nav2_ws/install/cpp06_urdf/share/cpp06_urdf/urdf/urdf/two_wheels.urdf
[0.893s] -- Up-to-date symlink: /home/xinhongwang/nav2_ws/install/cpp06_urdf/share/cpp06_urdf/urdf/xacro/car.urdf.xacro
[0.893s] -- Up-to-date symlink: /home/xinhongwang/nav2_ws/install/cpp06_urdf/share/cpp06_urdf/urdf/xacro/car_base.urdf.xacro
[0.893s] -- Up-to-date symlink: /home/xinhongwang/nav2_ws/install/cpp06_urdf/share/cpp06_urdf/urdf/xacro/car_camera.urdf.xacro
[0.898s] -- Up-to-date symlink: /home/xinhongwang/nav2_ws/install/cpp06_urdf/share/cpp06_urdf/urdf/xacro/car_caster.urdf.xacro
[0.898s] -- Up-to-date symlink: /home/xinhongwang/nav2_ws/install/cpp06_urdf/share/cpp06_urdf/urdf/xacro/car_control.urdf.xacro
[0.898s] -- Up-to-date symlink: /home/xinhongwang/nav2_ws/install/cpp06_urdf/share/cpp06_urdf/urdf/xacro/car_imu.urdf.xacro
[0.898s] -- Up-to-date symlink: /home/xinhongwang/nav2_ws/install/cpp06_urdf/share/cpp06_urdf/urdf/xacro/car_laser.urdf.xacro
[0.899s] -- Up-to-date symlink: /home/xinhongwang/nav2_ws/install/cpp06_urdf/share/cpp06_urdf/urdf/xacro/common_inertia.xacro
[0.899s] -- Up-to-date symlink: /home/xinhongwang/nav2_ws/install/cpp06_urdf/share/cpp06_urdf/urdf/xacro/demo01_helloworld.urdf.xacro
[0.899s] -- Up-to-date symlink: /home/xinhongwang/nav2_ws/install/cpp06_urdf/share/cpp06_urdf/urdf/xacro/demo02_base_pro.urdf.xacro
[0.899s] -- Up-to-date symlink: /home/xinhongwang/nav2_ws/install/cpp06_urdf/share/cpp06_urdf/urdf/xacro/demo03_base_func.urdf.xacro
[0.899s] -- Up-to-date symlink: /home/xinhongwang/nav2_ws/install/cpp06_urdf/share/cpp06_urdf/urdf/xacro/demo04_base_include.urdf.xacro
[0.900s] -- Up-to-date symlink: /home/xinhongwang/nav2_ws/install/cpp06_urdf/share/cpp06_urdf/urdf/xacro/gazebo_control_plugin.xacro
[0.902s] -- Up-to-date symlink: /home/xinhongwang/nav2_ws/install/cpp06_urdf/share/cpp06_urdf/urdf/xacro/gazebo_sensor_plugin.xacro
[0.911s] -- Up-to-date symlink: /home/xinhongwang/nav2_ws/install/cpp06_urdf/share/cpp06_urdf/meshes/burger_base.stl
[0.911s] -- Up-to-date symlink: /home/xinhongwang/nav2_ws/install/cpp06_urdf/share/cpp06_urdf/worlds/custom_room.world
[0.912s] -- Up-to-date symlink: /home/xinhongwang/nav2_ws/install/cpp06_urdf/share/cpp06_urdf/worlds/empty.world
[0.912s] -- Up-to-date symlink: /home/xinhongwang/nav2_ws/install/cpp06_urdf/share/cpp06_urdf/worlds/house1
[0.912s] -- Up-to-date symlink: /home/xinhongwang/nav2_ws/install/cpp06_urdf/share/cpp06_urdf/worlds/house2
[0.912s] -- Up-to-date symlink: /home/xinhongwang/nav2_ws/install/cpp06_urdf/share/cpp06_urdf/worlds/house3
[0.912s] -- Up-to-date symlink: /home/xinhongwang/nav2_ws/install/cpp06_urdf/share/cpp06_urdf/worlds/room/model.config
[0.912s] -- Up-to-date symlink: /home/xinhongwang/nav2_ws/install/cpp06_urdf/share/cpp06_urdf/worlds/room/model.sdf
[0.913s] -- Up-to-date symlink: /home/xinhongwang/nav2_ws/install/cpp06_urdf/share/cpp06_urdf/worlds/room1/model.config
[0.913s] -- Up-to-date symlink: /home/xinhongwang/nav2_ws/install/cpp06_urdf/share/cpp06_urdf/worlds/room1/model.sdf
[0.913s] -- Up-to-date symlink: /home/xinhongwang/nav2_ws/install/cpp06_urdf/share/cpp06_urdf/worlds/room2/model.config
[0.913s] -- Up-to-date symlink: /home/xinhongwang/nav2_ws/install/cpp06_urdf/share/cpp06_urdf/worlds/room2/model.sdf
[0.913s] -- Up-to-date symlink: /home/xinhongwang/nav2_ws/install/cpp06_urdf/share/cpp06_urdf/worlds/room3/model.config
[0.913s] -- Up-to-date symlink: /home/xinhongwang/nav2_ws/install/cpp06_urdf/share/cpp06_urdf/worlds/room3/model.sdf
[0.914s] -- Up-to-date symlink: /home/xinhongwang/nav2_ws/install/cpp06_urdf/share/cpp06_urdf/config/car_controller.yaml
[0.914s] -- Up-to-date symlink: /home/xinhongwang/nav2_ws/install/cpp06_urdf/share/cpp06_urdf/config/cartographer.lua
[0.915s] -- Up-to-date symlink: /home/xinhongwang/nav2_ws/install/cpp06_urdf/share/cpp06_urdf/config/display_robot_model.rviz
[0.915s] -- Up-to-date symlink: /home/xinhongwang/nav2_ws/install/cpp06_urdf/share/ament_index/resource_index/package_run_dependencies/cpp06_urdf
[0.915s] -- Up-to-date symlink: /home/xinhongwang/nav2_ws/install/cpp06_urdf/share/ament_index/resource_index/parent_prefix_path/cpp06_urdf
[0.915s] -- Up-to-date symlink: /home/xinhongwang/nav2_ws/install/cpp06_urdf/share/cpp06_urdf/environment/ament_prefix_path.sh
[0.916s] -- Up-to-date symlink: /home/xinhongwang/nav2_ws/install/cpp06_urdf/share/cpp06_urdf/environment/ament_prefix_path.dsv
[0.916s] -- Up-to-date symlink: /home/xinhongwang/nav2_ws/install/cpp06_urdf/share/cpp06_urdf/environment/path.sh
[0.916s] -- Up-to-date symlink: /home/xinhongwang/nav2_ws/install/cpp06_urdf/share/cpp06_urdf/environment/path.dsv
[0.917s] -- Up-to-date symlink: /home/xinhongwang/nav2_ws/install/cpp06_urdf/share/cpp06_urdf/local_setup.bash
[0.917s] -- Up-to-date symlink: /home/xinhongwang/nav2_ws/install/cpp06_urdf/share/cpp06_urdf/local_setup.sh
[0.917s] -- Up-to-date symlink: /home/xinhongwang/nav2_ws/install/cpp06_urdf/share/cpp06_urdf/local_setup.zsh
[0.918s] -- Up-to-date symlink: /home/xinhongwang/nav2_ws/install/cpp06_urdf/share/cpp06_urdf/local_setup.dsv
[0.918s] -- Symlinking: /home/xinhongwang/nav2_ws/install/cpp06_urdf/share/cpp06_urdf/package.dsv
[0.939s] -- Up-to-date symlink: /home/xinhongwang/nav2_ws/install/cpp06_urdf/share/ament_index/resource_index/packages/cpp06_urdf
[0.940s] -- Up-to-date symlink: /home/xinhongwang/nav2_ws/install/cpp06_urdf/share/cpp06_urdf/cmake/cpp06_urdfConfig.cmake
[0.940s] -- Up-to-date symlink: /home/xinhongwang/nav2_ws/install/cpp06_urdf/share/cpp06_urdf/cmake/cpp06_urdfConfig-version.cmake
[0.940s] -- Up-to-date symlink: /home/xinhongwang/nav2_ws/install/cpp06_urdf/share/cpp06_urdf/package.xml
[0.966s] Invoked command in '/home/xinhongwang/nav2_ws/build/cpp06_urdf' returned '0': CMAKE_PREFIX_PATH=${CMAKE_PREFIX_PATH}:/home/xinhongwang/nav2_ws/install/car_application:/home/xinhongwang/nav2_ws/install/autopartol_robot:/home/xinhongwang/ws02_tools/install/car_application:/home/xinhongwang/ws02_tools/install/autopartol_robot:/opt/ros/humble /usr/bin/cmake --install /home/xinhongwang/nav2_ws/build/cpp06_urdf
