[0.849s] Invoking command in '/home/xinhongwang/nav2_ws/build/car_navigation2': CMAKE_PREFIX_PATH=${CMAKE_PREFIX_PATH}:/home/xinhongwang/ws02_tools/install/car_application:/home/xinhongwang/ws02_tools/install/autopartol_robot:/opt/ros/humble /usr/bin/cmake --build /home/xinhongwang/nav2_ws/build/car_navigation2 -- -j8 -l8
[0.943s] Invoked command in '/home/xinhongwang/nav2_ws/build/car_navigation2' returned '0': CMAKE_PREFIX_PATH=${CMAKE_PREFIX_PATH}:/home/xinhongwang/ws02_tools/install/car_application:/home/xinhongwang/ws02_tools/install/autopartol_robot:/opt/ros/humble /usr/bin/cmake --build /home/xinhongwang/nav2_ws/build/car_navigation2 -- -j8 -l8
[0.961s] Invoking command in '/home/xinhongwang/nav2_ws/build/car_navigation2': CMAKE_PREFIX_PATH=${CMAKE_PREFIX_PATH}:/home/xinhongwang/ws02_tools/install/car_application:/home/xinhongwang/ws02_tools/install/autopartol_robot:/opt/ros/humble /usr/bin/cmake --install /home/xinhongwang/nav2_ws/build/car_navigation2
[0.967s] -- Install configuration: ""
[0.967s] -- Execute custom install script
[0.967s] -- Up-to-date symlink: /home/xinhongwang/nav2_ws/install/car_navigation2/share/car_navigation2/launch/navigation2.launch.py
[0.971s] -- Up-to-date symlink: /home/xinhongwang/nav2_ws/install/car_navigation2/share/car_navigation2/config/nav2_params.yaml
[0.972s] -- Up-to-date symlink: /home/xinhongwang/nav2_ws/install/car_navigation2/share/car_navigation2/maps/room.pgm
[0.972s] -- Up-to-date symlink: /home/xinhongwang/nav2_ws/install/car_navigation2/share/car_navigation2/maps/room.yaml
[0.973s] -- Up-to-date symlink: /home/xinhongwang/nav2_ws/install/car_navigation2/share/car_navigation2/maps/room3.pgm
[0.973s] -- Up-to-date symlink: /home/xinhongwang/nav2_ws/install/car_navigation2/share/car_navigation2/maps/room3.yaml
[0.976s] -- Up-to-date symlink: /home/xinhongwang/nav2_ws/install/car_navigation2/share/ament_index/resource_index/package_run_dependencies/car_navigation2
[0.976s] -- Up-to-date symlink: /home/xinhongwang/nav2_ws/install/car_navigation2/share/ament_index/resource_index/parent_prefix_path/car_navigation2
[0.976s] -- Up-to-date symlink: /home/xinhongwang/nav2_ws/install/car_navigation2/share/car_navigation2/environment/ament_prefix_path.sh
[0.976s] -- Up-to-date symlink: /home/xinhongwang/nav2_ws/install/car_navigation2/share/car_navigation2/environment/ament_prefix_path.dsv
[0.976s] -- Up-to-date symlink: /home/xinhongwang/nav2_ws/install/car_navigation2/share/car_navigation2/environment/path.sh
[0.977s] -- Up-to-date symlink: /home/xinhongwang/nav2_ws/install/car_navigation2/share/car_navigation2/environment/path.dsv
[0.977s] -- Up-to-date symlink: /home/xinhongwang/nav2_ws/install/car_navigation2/share/car_navigation2/local_setup.bash
[0.977s] -- Up-to-date symlink: /home/xinhongwang/nav2_ws/install/car_navigation2/share/car_navigation2/local_setup.sh
[0.977s] -- Up-to-date symlink: /home/xinhongwang/nav2_ws/install/car_navigation2/share/car_navigation2/local_setup.zsh
[0.978s] -- Up-to-date symlink: /home/xinhongwang/nav2_ws/install/car_navigation2/share/car_navigation2/local_setup.dsv
[0.978s] -- Symlinking: /home/xinhongwang/nav2_ws/install/car_navigation2/share/car_navigation2/package.dsv
[1.000s] -- Up-to-date symlink: /home/xinhongwang/nav2_ws/install/car_navigation2/share/ament_index/resource_index/packages/car_navigation2
[1.001s] -- Up-to-date symlink: /home/xinhongwang/nav2_ws/install/car_navigation2/share/car_navigation2/cmake/car_navigation2Config.cmake
[1.001s] -- Up-to-date symlink: /home/xinhongwang/nav2_ws/install/car_navigation2/share/car_navigation2/cmake/car_navigation2Config-version.cmake
[1.001s] -- Up-to-date symlink: /home/xinhongwang/nav2_ws/install/car_navigation2/share/car_navigation2/package.xml
[1.006s] Invoked command in '/home/xinhongwang/nav2_ws/build/car_navigation2' returned '0': CMAKE_PREFIX_PATH=${CMAKE_PREFIX_PATH}:/home/xinhongwang/ws02_tools/install/car_application:/home/xinhongwang/ws02_tools/install/autopartol_robot:/opt/ros/humble /usr/bin/cmake --install /home/xinhongwang/nav2_ws/build/car_navigation2
