[0.064s] Invoking command in '/home/xinhongwang/nav2_ws/build/autopartol_interfaces': CMAKE_PREFIX_PATH=${CMAKE_PREFIX_PATH}:/home/xinhongwang/nav2_ws/install/car_application:/home/xinhongwang/nav2_ws/install/autopartol_robot:/home/xinhongwang/ws02_tools/install/car_application:/home/xinhongwang/ws02_tools/install/autopartol_robot:/opt/ros/humble /usr/bin/cmake /home/xinhongwang/nav2_ws/src/autopartol_interfaces -DCMAKE_INSTALL_PREFIX=/home/xinhongwang/nav2_ws/install/autopartol_interfaces
[0.706s] -- Found ament_cmake: 1.3.11 (/opt/ros/humble/share/ament_cmake/cmake)
[0.706s] -- Override CMake install command with custom implementation using symlinks instead of copying resources
[0.706s] -- Found builtin_interfaces: 1.2.1 (/opt/ros/humble/share/builtin_interfaces/cmake)
[0.706s] -- Found rosidl_generator_c: 3.1.6 (/opt/ros/humble/share/rosidl_generator_c/cmake)
[0.707s] -- Found rosidl_adapter: 3.1.6 (/opt/ros/humble/share/rosidl_adapter/cmake)
[0.707s] -- Found rosidl_generator_cpp: 3.1.6 (/opt/ros/humble/share/rosidl_generator_cpp/cmake)
[0.707s] -- Using all available rosidl_typesupport_c: rosidl_typesupport_fastrtps_c;rosidl_typesupport_introspection_c
[0.707s] -- Using all available rosidl_typesupport_cpp: rosidl_typesupport_fastrtps_cpp;rosidl_typesupport_introspection_cpp
[0.708s] -- Found rosidl_default_generators: 1.2.0 (/opt/ros/humble/share/rosidl_default_generators/cmake)
[0.865s] -- Found ament_cmake_ros: 0.10.0 (/opt/ros/humble/share/ament_cmake_ros/cmake)
[1.390s] -- Using all available rosidl_typesupport_c: rosidl_typesupport_fastrtps_c;rosidl_typesupport_introspection_c
[1.595s] -- Using all available rosidl_typesupport_cpp: rosidl_typesupport_fastrtps_cpp;rosidl_typesupport_introspection_cpp
[1.628s] -- Found python_cmake_module: 0.10.0 (/opt/ros/humble/share/python_cmake_module/cmake)
[1.675s] -- Using PYTHON_EXECUTABLE: /usr/bin/python3
[1.675s] -- Using PYTHON_INCLUDE_DIRS: /usr/include/python3.10
[1.675s] -- Using PYTHON_LIBRARIES: /usr/lib/x86_64-linux-gnu/libpython3.10.so
[1.705s] -- Found ament_lint_auto: 0.12.11 (/opt/ros/humble/share/ament_lint_auto/cmake)
[1.738s] -- Configuring done
[1.837s] -- Generating done
[1.859s] -- Build files have been written to: /home/xinhongwang/nav2_ws/build/autopartol_interfaces
[1.872s] Invoked command in '/home/xinhongwang/nav2_ws/build/autopartol_interfaces' returned '0': CMAKE_PREFIX_PATH=${CMAKE_PREFIX_PATH}:/home/xinhongwang/nav2_ws/install/car_application:/home/xinhongwang/nav2_ws/install/autopartol_robot:/home/xinhongwang/ws02_tools/install/car_application:/home/xinhongwang/ws02_tools/install/autopartol_robot:/opt/ros/humble /usr/bin/cmake /home/xinhongwang/nav2_ws/src/autopartol_interfaces -DCMAKE_INSTALL_PREFIX=/home/xinhongwang/nav2_ws/install/autopartol_interfaces
[1.872s] Invoking command in '/home/xinhongwang/nav2_ws/build/autopartol_interfaces': CMAKE_PREFIX_PATH=${CMAKE_PREFIX_PATH}:/home/xinhongwang/nav2_ws/install/car_application:/home/xinhongwang/nav2_ws/install/autopartol_robot:/home/xinhongwang/ws02_tools/install/car_application:/home/xinhongwang/ws02_tools/install/autopartol_robot:/opt/ros/humble /usr/bin/cmake --build /home/xinhongwang/nav2_ws/build/autopartol_interfaces -- -j8 -l8
[1.947s] [35m[1mConsolidate compiler generated dependencies of target autopartol_interfaces__rosidl_generator_c[0m
[1.967s] [  3%] Built target autopartol_interfaces__cpp
[1.977s] [ 12%] Built target autopartol_interfaces__rosidl_generator_c
[1.977s] [ 12%] Built target ament_cmake_python_symlink_autopartol_interfaces
[1.987s] [35m[1mConsolidate compiler generated dependencies of target autopartol_interfaces__rosidl_typesupport_cpp[0m
[1.989s] [35m[1mConsolidate compiler generated dependencies of target autopartol_interfaces__rosidl_typesupport_introspection_cpp[0m
[1.991s] [35m[1mConsolidate compiler generated dependencies of target autopartol_interfaces__rosidl_typesupport_fastrtps_cpp[0m
[1.997s] [35m[1mConsolidate compiler generated dependencies of target autopartol_interfaces__rosidl_typesupport_introspection_c[0m
[1.998s] [35m[1mConsolidate compiler generated dependencies of target autopartol_interfaces__rosidl_typesupport_fastrtps_c[0m
[1.998s] [35m[1mConsolidate compiler generated dependencies of target autopartol_interfaces__rosidl_typesupport_c[0m
[2.029s] [ 32%] Built target autopartol_interfaces__rosidl_typesupport_introspection_c
[2.032s] [ 32%] Built target autopartol_interfaces__rosidl_typesupport_c
[2.034s] [ 41%] Built target autopartol_interfaces__rosidl_typesupport_introspection_cpp
[2.037s] [ 51%] Built target autopartol_interfaces__rosidl_typesupport_fastrtps_cpp
[2.052s] [ 61%] Built target autopartol_interfaces__rosidl_typesupport_fastrtps_c
[2.057s] [ 70%] Built target autopartol_interfaces__rosidl_typesupport_cpp
[2.094s] [ 70%] Built target autopartol_interfaces
[2.137s] [ 74%] Built target autopartol_interfaces__py
[2.166s] [35m[1mConsolidate compiler generated dependencies of target autopartol_interfaces__rosidl_generator_py[0m
[2.194s] [ 80%] Built target autopartol_interfaces__rosidl_generator_py
[2.212s] [35m[1mConsolidate compiler generated dependencies of target autopartol_interfaces__rosidl_typesupport_fastrtps_c__pyext[0m
[2.213s] [35m[1mConsolidate compiler generated dependencies of target autopartol_interfaces__rosidl_typesupport_introspection_c__pyext[0m
[2.214s] [35m[1mConsolidate compiler generated dependencies of target autopartol_interfaces__rosidl_typesupport_c__pyext[0m
[2.256s] [ 93%] Built target autopartol_interfaces__rosidl_typesupport_fastrtps_c__pyext
[2.256s] [ 93%] Built target autopartol_interfaces__rosidl_typesupport_introspection_c__pyext
[2.258s] [100%] Built target autopartol_interfaces__rosidl_typesupport_c__pyext
[2.370s] running egg_info
[2.371s] writing autopartol_interfaces.egg-info/PKG-INFO
[2.372s] writing dependency_links to autopartol_interfaces.egg-info/dependency_links.txt
[2.372s] writing top-level names to autopartol_interfaces.egg-info/top_level.txt
[2.375s] reading manifest file 'autopartol_interfaces.egg-info/SOURCES.txt'
[2.376s] writing manifest file 'autopartol_interfaces.egg-info/SOURCES.txt'
[2.413s] [100%] Built target ament_cmake_python_build_autopartol_interfaces_egg
[2.432s] Invoked command in '/home/xinhongwang/nav2_ws/build/autopartol_interfaces' returned '0': CMAKE_PREFIX_PATH=${CMAKE_PREFIX_PATH}:/home/xinhongwang/nav2_ws/install/car_application:/home/xinhongwang/nav2_ws/install/autopartol_robot:/home/xinhongwang/ws02_tools/install/car_application:/home/xinhongwang/ws02_tools/install/autopartol_robot:/opt/ros/humble /usr/bin/cmake --build /home/xinhongwang/nav2_ws/build/autopartol_interfaces -- -j8 -l8
[2.437s] Invoking command in '/home/xinhongwang/nav2_ws/build/autopartol_interfaces': CMAKE_PREFIX_PATH=${CMAKE_PREFIX_PATH}:/home/xinhongwang/nav2_ws/install/car_application:/home/xinhongwang/nav2_ws/install/autopartol_robot:/home/xinhongwang/ws02_tools/install/car_application:/home/xinhongwang/ws02_tools/install/autopartol_robot:/opt/ros/humble /usr/bin/cmake --install /home/xinhongwang/nav2_ws/build/autopartol_interfaces
[2.461s] -- Install configuration: ""
[2.462s] -- Execute custom install script
[2.463s] -- Up-to-date symlink: /home/xinhongwang/nav2_ws/install/autopartol_interfaces/share/ament_index/resource_index/rosidl_interfaces/autopartol_interfaces
[2.464s] -- Up-to-date symlink: /home/xinhongwang/nav2_ws/install/autopartol_interfaces/include/autopartol_interfaces/autopartol_interfaces/msg/rosidl_generator_c__visibility_control.h
[2.464s] -- Up-to-date symlink: /home/xinhongwang/nav2_ws/install/autopartol_interfaces/include/autopartol_interfaces/autopartol_interfaces/srv/detail/speech_text__functions.h
[2.464s] -- Up-to-date symlink: /home/xinhongwang/nav2_ws/install/autopartol_interfaces/include/autopartol_interfaces/autopartol_interfaces/srv/detail/speech_text__struct.h
[2.465s] -- Up-to-date symlink: /home/xinhongwang/nav2_ws/install/autopartol_interfaces/include/autopartol_interfaces/autopartol_interfaces/srv/detail/speech_text__type_support.h
[2.465s] -- Up-to-date symlink: /home/xinhongwang/nav2_ws/install/autopartol_interfaces/include/autopartol_interfaces/autopartol_interfaces/srv/speech_text.h
[2.466s] -- Up-to-date symlink: /home/xinhongwang/nav2_ws/install/autopartol_interfaces/share/autopartol_interfaces/environment/library_path.sh
[2.466s] -- Up-to-date symlink: /home/xinhongwang/nav2_ws/install/autopartol_interfaces/share/autopartol_interfaces/environment/library_path.dsv
[2.467s] -- Up-to-date symlink: /home/xinhongwang/nav2_ws/install/autopartol_interfaces/include/autopartol_interfaces/autopartol_interfaces/msg/rosidl_typesupport_fastrtps_c__visibility_control.h
[2.467s] -- Up-to-date symlink: /home/xinhongwang/nav2_ws/install/autopartol_interfaces/include/autopartol_interfaces/autopartol_interfaces/srv/detail/speech_text__rosidl_typesupport_fastrtps_c.h
[2.468s] -- Up-to-date symlink: /home/xinhongwang/nav2_ws/install/autopartol_interfaces/include/autopartol_interfaces/autopartol_interfaces/msg/rosidl_generator_cpp__visibility_control.hpp
[2.468s] -- Up-to-date symlink: /home/xinhongwang/nav2_ws/install/autopartol_interfaces/include/autopartol_interfaces/autopartol_interfaces/srv/detail/speech_text__builder.hpp
[2.469s] -- Up-to-date symlink: /home/xinhongwang/nav2_ws/install/autopartol_interfaces/include/autopartol_interfaces/autopartol_interfaces/srv/detail/speech_text__struct.hpp
[2.469s] -- Up-to-date symlink: /home/xinhongwang/nav2_ws/install/autopartol_interfaces/include/autopartol_interfaces/autopartol_interfaces/srv/detail/speech_text__traits.hpp
[2.470s] -- Up-to-date symlink: /home/xinhongwang/nav2_ws/install/autopartol_interfaces/include/autopartol_interfaces/autopartol_interfaces/srv/detail/speech_text__type_support.hpp
[2.470s] -- Up-to-date symlink: /home/xinhongwang/nav2_ws/install/autopartol_interfaces/include/autopartol_interfaces/autopartol_interfaces/srv/speech_text.hpp
[2.471s] -- Up-to-date symlink: /home/xinhongwang/nav2_ws/install/autopartol_interfaces/include/autopartol_interfaces/autopartol_interfaces/msg/rosidl_typesupport_fastrtps_cpp__visibility_control.h
[2.472s] -- Up-to-date symlink: /home/xinhongwang/nav2_ws/install/autopartol_interfaces/include/autopartol_interfaces/autopartol_interfaces/srv/detail/speech_text__rosidl_typesupport_fastrtps_cpp.hpp
[2.472s] -- Up-to-date symlink: /home/xinhongwang/nav2_ws/install/autopartol_interfaces/include/autopartol_interfaces/autopartol_interfaces/msg/rosidl_typesupport_introspection_c__visibility_control.h
[2.473s] -- Up-to-date symlink: /home/xinhongwang/nav2_ws/install/autopartol_interfaces/include/autopartol_interfaces/autopartol_interfaces/srv/detail/speech_text__rosidl_typesupport_introspection_c.h
[2.474s] -- Up-to-date symlink: /home/xinhongwang/nav2_ws/install/autopartol_interfaces/include/autopartol_interfaces/autopartol_interfaces/srv/detail/speech_text__rosidl_typesupport_introspection_cpp.hpp
[2.474s] -- Up-to-date symlink: /home/xinhongwang/nav2_ws/install/autopartol_interfaces/share/autopartol_interfaces/environment/pythonpath.sh
[2.474s] -- Up-to-date symlink: /home/xinhongwang/nav2_ws/install/autopartol_interfaces/share/autopartol_interfaces/environment/pythonpath.dsv
[2.475s] -- Up-to-date symlink: /home/xinhongwang/nav2_ws/install/autopartol_interfaces/local/lib/python3.10/dist-packages/autopartol_interfaces-0.0.0-py3.10.egg-info/PKG-INFO
[2.475s] -- Up-to-date symlink: /home/xinhongwang/nav2_ws/install/autopartol_interfaces/local/lib/python3.10/dist-packages/autopartol_interfaces-0.0.0-py3.10.egg-info/SOURCES.txt
[2.476s] -- Up-to-date symlink: /home/xinhongwang/nav2_ws/install/autopartol_interfaces/local/lib/python3.10/dist-packages/autopartol_interfaces-0.0.0-py3.10.egg-info/dependency_links.txt
[2.477s] -- Up-to-date symlink: /home/xinhongwang/nav2_ws/install/autopartol_interfaces/local/lib/python3.10/dist-packages/autopartol_interfaces-0.0.0-py3.10.egg-info/top_level.txt
[2.477s] -- Up-to-date symlink: /home/xinhongwang/nav2_ws/install/autopartol_interfaces/local/lib/python3.10/dist-packages/autopartol_interfaces/__init__.py
[2.477s] -- Up-to-date symlink: /home/xinhongwang/nav2_ws/install/autopartol_interfaces/local/lib/python3.10/dist-packages/autopartol_interfaces/_autopartol_interfaces_s.ep.rosidl_typesupport_c.c
[2.478s] -- Up-to-date symlink: /home/xinhongwang/nav2_ws/install/autopartol_interfaces/local/lib/python3.10/dist-packages/autopartol_interfaces/_autopartol_interfaces_s.ep.rosidl_typesupport_fastrtps_c.c
[2.478s] -- Up-to-date symlink: /home/xinhongwang/nav2_ws/install/autopartol_interfaces/local/lib/python3.10/dist-packages/autopartol_interfaces/_autopartol_interfaces_s.ep.rosidl_typesupport_introspection_c.c
[2.479s] -- Up-to-date symlink: /home/xinhongwang/nav2_ws/install/autopartol_interfaces/local/lib/python3.10/dist-packages/autopartol_interfaces/autopartol_interfaces_s__rosidl_typesupport_c.cpython-310-x86_64-linux-gnu.so
[2.479s] -- Up-to-date symlink: /home/xinhongwang/nav2_ws/install/autopartol_interfaces/local/lib/python3.10/dist-packages/autopartol_interfaces/autopartol_interfaces_s__rosidl_typesupport_fastrtps_c.cpython-310-x86_64-linux-gnu.so
[2.480s] -- Up-to-date symlink: /home/xinhongwang/nav2_ws/install/autopartol_interfaces/local/lib/python3.10/dist-packages/autopartol_interfaces/autopartol_interfaces_s__rosidl_typesupport_introspection_c.cpython-310-x86_64-linux-gnu.so
[2.480s] -- Up-to-date symlink: /home/xinhongwang/nav2_ws/install/autopartol_interfaces/local/lib/python3.10/dist-packages/autopartol_interfaces/libautopartol_interfaces__rosidl_generator_py.so
[2.480s] -- Up-to-date symlink: /home/xinhongwang/nav2_ws/install/autopartol_interfaces/local/lib/python3.10/dist-packages/autopartol_interfaces/srv/__init__.py
[2.480s] -- Up-to-date symlink: /home/xinhongwang/nav2_ws/install/autopartol_interfaces/local/lib/python3.10/dist-packages/autopartol_interfaces/srv/_speech_text.py
[2.481s] -- Up-to-date symlink: /home/xinhongwang/nav2_ws/install/autopartol_interfaces/local/lib/python3.10/dist-packages/autopartol_interfaces/srv/_speech_text_s.c
[2.481s] -- Up-to-date symlink: /home/xinhongwang/nav2_ws/install/autopartol_interfaces/local/lib/python3.10/dist-packages/autopartol_interfaces/autopartol_interfaces_s__rosidl_typesupport_fastrtps_c.cpython-310-x86_64-linux-gnu.so
[2.481s] -- Up-to-date symlink: /home/xinhongwang/nav2_ws/install/autopartol_interfaces/local/lib/python3.10/dist-packages/autopartol_interfaces/autopartol_interfaces_s__rosidl_typesupport_introspection_c.cpython-310-x86_64-linux-gnu.so
[2.482s] -- Up-to-date symlink: /home/xinhongwang/nav2_ws/install/autopartol_interfaces/local/lib/python3.10/dist-packages/autopartol_interfaces/autopartol_interfaces_s__rosidl_typesupport_c.cpython-310-x86_64-linux-gnu.so
[2.482s] -- Up-to-date symlink: /home/xinhongwang/nav2_ws/install/autopartol_interfaces/share/autopartol_interfaces/srv/SpeechText.idl
[2.483s] -- Up-to-date symlink: /home/xinhongwang/nav2_ws/install/autopartol_interfaces/share/autopartol_interfaces/srv/SpeechText.srv
[2.483s] -- Up-to-date symlink: /home/xinhongwang/nav2_ws/install/autopartol_interfaces/share/autopartol_interfaces/srv/SpeechText_Request.msg
[2.484s] -- Up-to-date symlink: /home/xinhongwang/nav2_ws/install/autopartol_interfaces/share/autopartol_interfaces/srv/SpeechText_Response.msg
[2.484s] -- Up-to-date symlink: /home/xinhongwang/nav2_ws/install/autopartol_interfaces/share/ament_index/resource_index/package_run_dependencies/autopartol_interfaces
[2.484s] -- Up-to-date symlink: /home/xinhongwang/nav2_ws/install/autopartol_interfaces/share/ament_index/resource_index/parent_prefix_path/autopartol_interfaces
[2.485s] -- Up-to-date symlink: /home/xinhongwang/nav2_ws/install/autopartol_interfaces/share/autopartol_interfaces/environment/ament_prefix_path.sh
[2.485s] -- Up-to-date symlink: /home/xinhongwang/nav2_ws/install/autopartol_interfaces/share/autopartol_interfaces/environment/ament_prefix_path.dsv
[2.486s] -- Up-to-date symlink: /home/xinhongwang/nav2_ws/install/autopartol_interfaces/share/autopartol_interfaces/environment/path.sh
[2.486s] -- Up-to-date symlink: /home/xinhongwang/nav2_ws/install/autopartol_interfaces/share/autopartol_interfaces/environment/path.dsv
[2.486s] -- Up-to-date symlink: /home/xinhongwang/nav2_ws/install/autopartol_interfaces/share/autopartol_interfaces/local_setup.bash
[2.487s] -- Up-to-date symlink: /home/xinhongwang/nav2_ws/install/autopartol_interfaces/share/autopartol_interfaces/local_setup.sh
[2.487s] -- Up-to-date symlink: /home/xinhongwang/nav2_ws/install/autopartol_interfaces/share/autopartol_interfaces/local_setup.zsh
[2.487s] -- Up-to-date symlink: /home/xinhongwang/nav2_ws/install/autopartol_interfaces/share/autopartol_interfaces/local_setup.dsv
[2.488s] -- Symlinking: /home/xinhongwang/nav2_ws/install/autopartol_interfaces/share/autopartol_interfaces/package.dsv
[2.501s] -- Up-to-date symlink: /home/xinhongwang/nav2_ws/install/autopartol_interfaces/share/ament_index/resource_index/packages/autopartol_interfaces
[2.501s] -- Up-to-date symlink: /home/xinhongwang/nav2_ws/install/autopartol_interfaces/share/autopartol_interfaces/cmake/rosidl_cmake-extras.cmake
[2.502s] -- Up-to-date symlink: /home/xinhongwang/nav2_ws/install/autopartol_interfaces/share/autopartol_interfaces/cmake/ament_cmake_export_dependencies-extras.cmake
[2.502s] -- Up-to-date symlink: /home/xinhongwang/nav2_ws/install/autopartol_interfaces/share/autopartol_interfaces/cmake/ament_cmake_export_include_directories-extras.cmake
[2.503s] -- Up-to-date symlink: /home/xinhongwang/nav2_ws/install/autopartol_interfaces/share/autopartol_interfaces/cmake/ament_cmake_export_libraries-extras.cmake
[2.503s] -- Up-to-date symlink: /home/xinhongwang/nav2_ws/install/autopartol_interfaces/share/autopartol_interfaces/cmake/ament_cmake_export_targets-extras.cmake
[2.504s] -- Up-to-date symlink: /home/xinhongwang/nav2_ws/install/autopartol_interfaces/share/autopartol_interfaces/cmake/rosidl_cmake_export_typesupport_targets-extras.cmake
[2.504s] -- Up-to-date symlink: /home/xinhongwang/nav2_ws/install/autopartol_interfaces/share/autopartol_interfaces/cmake/rosidl_cmake_export_typesupport_libraries-extras.cmake
[2.505s] -- Up-to-date symlink: /home/xinhongwang/nav2_ws/install/autopartol_interfaces/share/autopartol_interfaces/cmake/autopartol_interfacesConfig.cmake
[2.505s] -- Up-to-date symlink: /home/xinhongwang/nav2_ws/install/autopartol_interfaces/share/autopartol_interfaces/cmake/autopartol_interfacesConfig-version.cmake
[2.506s] -- Up-to-date symlink: /home/xinhongwang/nav2_ws/install/autopartol_interfaces/share/autopartol_interfaces/package.xml
[2.506s] -- Up-to-date: /home/xinhongwang/nav2_ws/install/autopartol_interfaces/lib/libautopartol_interfaces__rosidl_generator_c.so
[2.506s] -- Up-to-date: /home/xinhongwang/nav2_ws/install/autopartol_interfaces/lib/libautopartol_interfaces__rosidl_typesupport_fastrtps_c.so
[2.508s] -- Up-to-date: /home/xinhongwang/nav2_ws/install/autopartol_interfaces/lib/libautopartol_interfaces__rosidl_typesupport_fastrtps_cpp.so
[2.509s] -- Up-to-date: /home/xinhongwang/nav2_ws/install/autopartol_interfaces/lib/libautopartol_interfaces__rosidl_typesupport_introspection_c.so
[2.510s] -- Up-to-date: /home/xinhongwang/nav2_ws/install/autopartol_interfaces/lib/libautopartol_interfaces__rosidl_typesupport_c.so
[2.511s] -- Up-to-date: /home/xinhongwang/nav2_ws/install/autopartol_interfaces/lib/libautopartol_interfaces__rosidl_typesupport_introspection_cpp.so
[2.512s] -- Up-to-date: /home/xinhongwang/nav2_ws/install/autopartol_interfaces/lib/libautopartol_interfaces__rosidl_typesupport_cpp.so
[2.562s] Listing '/home/xinhongwang/nav2_ws/install/autopartol_interfaces/local/lib/python3.10/dist-packages/autopartol_interfaces'...
[2.562s] Compiling '/home/xinhongwang/nav2_ws/install/autopartol_interfaces/local/lib/python3.10/dist-packages/autopartol_interfaces/__init__.py'...
[2.562s] Listing '/home/xinhongwang/nav2_ws/install/autopartol_interfaces/local/lib/python3.10/dist-packages/autopartol_interfaces/srv'...
[2.569s] -- Up-to-date: /home/xinhongwang/nav2_ws/install/autopartol_interfaces/lib/libautopartol_interfaces__rosidl_generator_py.so
[2.569s] -- Up-to-date: /home/xinhongwang/nav2_ws/install/autopartol_interfaces/share/autopartol_interfaces/cmake/export_autopartol_interfaces__rosidl_generator_cExport.cmake
[2.570s] -- Up-to-date: /home/xinhongwang/nav2_ws/install/autopartol_interfaces/share/autopartol_interfaces/cmake/export_autopartol_interfaces__rosidl_generator_cExport-noconfig.cmake
[2.570s] -- Up-to-date: /home/xinhongwang/nav2_ws/install/autopartol_interfaces/share/autopartol_interfaces/cmake/export_autopartol_interfaces__rosidl_typesupport_fastrtps_cExport.cmake
[2.570s] -- Up-to-date: /home/xinhongwang/nav2_ws/install/autopartol_interfaces/share/autopartol_interfaces/cmake/export_autopartol_interfaces__rosidl_typesupport_fastrtps_cExport-noconfig.cmake
[2.571s] -- Up-to-date: /home/xinhongwang/nav2_ws/install/autopartol_interfaces/share/autopartol_interfaces/cmake/export_autopartol_interfaces__rosidl_generator_cppExport.cmake
[2.571s] -- Up-to-date: /home/xinhongwang/nav2_ws/install/autopartol_interfaces/share/autopartol_interfaces/cmake/export_autopartol_interfaces__rosidl_typesupport_fastrtps_cppExport.cmake
[2.571s] -- Up-to-date: /home/xinhongwang/nav2_ws/install/autopartol_interfaces/share/autopartol_interfaces/cmake/export_autopartol_interfaces__rosidl_typesupport_fastrtps_cppExport-noconfig.cmake
[2.572s] -- Up-to-date: /home/xinhongwang/nav2_ws/install/autopartol_interfaces/share/autopartol_interfaces/cmake/autopartol_interfaces__rosidl_typesupport_introspection_cExport.cmake
[2.572s] -- Up-to-date: /home/xinhongwang/nav2_ws/install/autopartol_interfaces/share/autopartol_interfaces/cmake/autopartol_interfaces__rosidl_typesupport_introspection_cExport-noconfig.cmake
[2.572s] -- Up-to-date: /home/xinhongwang/nav2_ws/install/autopartol_interfaces/share/autopartol_interfaces/cmake/autopartol_interfaces__rosidl_typesupport_cExport.cmake
[2.572s] -- Up-to-date: /home/xinhongwang/nav2_ws/install/autopartol_interfaces/share/autopartol_interfaces/cmake/autopartol_interfaces__rosidl_typesupport_cExport-noconfig.cmake
[2.573s] -- Up-to-date: /home/xinhongwang/nav2_ws/install/autopartol_interfaces/share/autopartol_interfaces/cmake/autopartol_interfaces__rosidl_typesupport_introspection_cppExport.cmake
[2.573s] -- Up-to-date: /home/xinhongwang/nav2_ws/install/autopartol_interfaces/share/autopartol_interfaces/cmake/autopartol_interfaces__rosidl_typesupport_introspection_cppExport-noconfig.cmake
[2.573s] -- Up-to-date: /home/xinhongwang/nav2_ws/install/autopartol_interfaces/share/autopartol_interfaces/cmake/autopartol_interfaces__rosidl_typesupport_cppExport.cmake
[2.573s] -- Up-to-date: /home/xinhongwang/nav2_ws/install/autopartol_interfaces/share/autopartol_interfaces/cmake/autopartol_interfaces__rosidl_typesupport_cppExport-noconfig.cmake
[2.574s] -- Up-to-date: /home/xinhongwang/nav2_ws/install/autopartol_interfaces/share/autopartol_interfaces/cmake/export_autopartol_interfaces__rosidl_generator_pyExport.cmake
[2.574s] -- Up-to-date: /home/xinhongwang/nav2_ws/install/autopartol_interfaces/share/autopartol_interfaces/cmake/export_autopartol_interfaces__rosidl_generator_pyExport-noconfig.cmake
[2.578s] Invoked command in '/home/xinhongwang/nav2_ws/build/autopartol_interfaces' returned '0': CMAKE_PREFIX_PATH=${CMAKE_PREFIX_PATH}:/home/xinhongwang/nav2_ws/install/car_application:/home/xinhongwang/nav2_ws/install/autopartol_robot:/home/xinhongwang/ws02_tools/install/car_application:/home/xinhongwang/ws02_tools/install/autopartol_robot:/opt/ros/humble /usr/bin/cmake --install /home/xinhongwang/nav2_ws/build/autopartol_interfaces
