running egg_info
writing ../../build/car_application/car_application.egg-info/PKG-INFO
writing dependency_links to ../../build/car_application/car_application.egg-info/dependency_links.txt
writing entry points to ../../build/car_application/car_application.egg-info/entry_points.txt
writing requirements to ../../build/car_application/car_application.egg-info/requires.txt
writing top-level names to ../../build/car_application/car_application.egg-info/top_level.txt
reading manifest file '../../build/car_application/car_application.egg-info/SOURCES.txt'
adding license file 'LICENSE'
writing manifest file '../../build/car_application/car_application.egg-info/SOURCES.txt'
running build
running build_py
running install
running install_lib
running install_data
running install_egg_info
removing '/home/xinhongwang/nav2_ws/install/car_application/lib/python3.10/site-packages/car_application-0.0.0-py3.10.egg-info' (and everything under it)
Copying ../../build/car_application/car_application.egg-info to /home/xinhongwang/nav2_ws/install/car_application/lib/python3.10/site-packages/car_application-0.0.0-py3.10.egg-info
running install_scripts
Installing get_robot_pose script to /home/xinhongwang/nav2_ws/install/car_application/lib/car_application
Installing init_robot_pose script to /home/xinhongwang/nav2_ws/install/car_application/lib/car_application
Installing nav_to_pose script to /home/xinhongwang/nav2_ws/install/car_application/lib/car_application
Installing waypoint_follower script to /home/xinhongwang/nav2_ws/install/car_application/lib/car_application
writing list of installed files to '/home/xinhongwang/nav2_ws/build/car_application/install.log'
