[0.172s] DEBUG:colcon:Command line arguments: ['/usr/bin/colcon', 'build', '--symlink-install']
[0.172s] DEBUG:colcon:Parsed command line arguments: Namespace(log_base=None, log_level=None, verb_name='build', build_base='build', install_base='install', merge_install=False, symlink_install=True, test_result_base=None, continue_on_error=False, executor='parallel', parallel_workers=8, event_handlers=None, ignore_user_meta=False, metas=['./colcon.meta'], base_paths=['.'], packages_ignore=None, packages_ignore_regex=None, paths=None, packages_up_to=None, packages_up_to_regex=None, packages_above=None, packages_above_and_dependencies=None, packages_above_depth=None, packages_select_by_dep=None, packages_skip_by_dep=None, packages_skip_up_to=None, packages_select_build_failed=False, packages_skip_build_finished=False, packages_select_test_failures=False, packages_skip_test_passed=False, packages_select=None, packages_skip=None, packages_select_regex=None, packages_skip_regex=None, packages_start=None, packages_end=None, allow_overriding=[], cmake_args=None, cmake_target=None, cmake_target_skip_unavailable=False, cmake_clean_cache=False, cmake_clean_first=False, cmake_force_configure=False, ament_cmake_args=None, catkin_cmake_args=None, catkin_skip_building_tests=False, verb_parser=<colcon_defaults.argument_parser.defaults.DefaultArgumentsDecorator object at 0x7e6df8855a80>, verb_extension=<colcon_core.verb.build.BuildVerb object at 0x7e6df88555a0>, main=<bound method BuildVerb.main of <colcon_core.verb.build.BuildVerb object at 0x7e6df88555a0>>)
[0.474s] Level 1:colcon.colcon_core.package_discovery:discover_packages(colcon_meta) check parameters
[0.474s] Level 1:colcon.colcon_core.package_discovery:discover_packages(recursive) check parameters
[0.474s] Level 1:colcon.colcon_core.package_discovery:discover_packages(ignore) check parameters
[0.474s] Level 1:colcon.colcon_core.package_discovery:discover_packages(path) check parameters
[0.474s] Level 1:colcon.colcon_core.package_discovery:discover_packages(colcon_meta) discover
[0.474s] Level 1:colcon.colcon_core.package_discovery:discover_packages(recursive) discover
[0.475s] INFO:colcon.colcon_core.package_discovery:Crawling recursively for packages in '/home/xinhongwang/nav2_ws'
[0.475s] Level 1:colcon.colcon_core.package_identification:_identify(.) by extensions ['ignore', 'ignore_ament_install']
[0.475s] Level 1:colcon.colcon_core.package_identification:_identify(.) by extension 'ignore'
[0.475s] Level 1:colcon.colcon_core.package_identification:_identify(.) by extension 'ignore_ament_install'
[0.475s] Level 1:colcon.colcon_core.package_identification:_identify(.) by extensions ['colcon_pkg']
[0.475s] Level 1:colcon.colcon_core.package_identification:_identify(.) by extension 'colcon_pkg'
[0.475s] Level 1:colcon.colcon_core.package_identification:_identify(.) by extensions ['colcon_meta']
[0.475s] Level 1:colcon.colcon_core.package_identification:_identify(.) by extension 'colcon_meta'
[0.475s] Level 1:colcon.colcon_core.package_identification:_identify(.) by extensions ['ros']
[0.475s] Level 1:colcon.colcon_core.package_identification:_identify(.) by extension 'ros'
[0.484s] Level 1:colcon.colcon_core.package_identification:_identify(.) by extensions ['cmake', 'python']
[0.484s] Level 1:colcon.colcon_core.package_identification:_identify(.) by extension 'cmake'
[0.485s] Level 1:colcon.colcon_core.package_identification:_identify(.) by extension 'python'
[0.485s] Level 1:colcon.colcon_core.package_identification:_identify(.) by extensions ['python_setup_py']
[0.485s] Level 1:colcon.colcon_core.package_identification:_identify(.) by extension 'python_setup_py'
[0.485s] Level 1:colcon.colcon_core.package_identification:_identify(build) by extensions ['ignore', 'ignore_ament_install']
[0.485s] Level 1:colcon.colcon_core.package_identification:_identify(build) by extension 'ignore'
[0.485s] Level 1:colcon.colcon_core.package_identification:_identify(build) ignored
[0.485s] Level 1:colcon.colcon_core.package_identification:_identify(install) by extensions ['ignore', 'ignore_ament_install']
[0.485s] Level 1:colcon.colcon_core.package_identification:_identify(install) by extension 'ignore'
[0.485s] Level 1:colcon.colcon_core.package_identification:_identify(install) ignored
[0.485s] Level 1:colcon.colcon_core.package_identification:_identify(log) by extensions ['ignore', 'ignore_ament_install']
[0.485s] Level 1:colcon.colcon_core.package_identification:_identify(log) by extension 'ignore'
[0.485s] Level 1:colcon.colcon_core.package_identification:_identify(log) ignored
[0.485s] Level 1:colcon.colcon_core.package_identification:_identify(src) by extensions ['ignore', 'ignore_ament_install']
[0.485s] Level 1:colcon.colcon_core.package_identification:_identify(src) by extension 'ignore'
[0.486s] Level 1:colcon.colcon_core.package_identification:_identify(src) by extension 'ignore_ament_install'
[0.486s] Level 1:colcon.colcon_core.package_identification:_identify(src) by extensions ['colcon_pkg']
[0.486s] Level 1:colcon.colcon_core.package_identification:_identify(src) by extension 'colcon_pkg'
[0.486s] Level 1:colcon.colcon_core.package_identification:_identify(src) by extensions ['colcon_meta']
[0.486s] Level 1:colcon.colcon_core.package_identification:_identify(src) by extension 'colcon_meta'
[0.486s] Level 1:colcon.colcon_core.package_identification:_identify(src) by extensions ['ros']
[0.486s] Level 1:colcon.colcon_core.package_identification:_identify(src) by extension 'ros'
[0.486s] Level 1:colcon.colcon_core.package_identification:_identify(src) by extensions ['cmake', 'python']
[0.486s] Level 1:colcon.colcon_core.package_identification:_identify(src) by extension 'cmake'
[0.486s] Level 1:colcon.colcon_core.package_identification:_identify(src) by extension 'python'
[0.486s] Level 1:colcon.colcon_core.package_identification:_identify(src) by extensions ['python_setup_py']
[0.486s] Level 1:colcon.colcon_core.package_identification:_identify(src) by extension 'python_setup_py'
[0.486s] Level 1:colcon.colcon_core.package_identification:_identify(src/autopartol_interfaces) by extensions ['ignore', 'ignore_ament_install']
[0.486s] Level 1:colcon.colcon_core.package_identification:_identify(src/autopartol_interfaces) by extension 'ignore'
[0.486s] Level 1:colcon.colcon_core.package_identification:_identify(src/autopartol_interfaces) by extension 'ignore_ament_install'
[0.486s] Level 1:colcon.colcon_core.package_identification:_identify(src/autopartol_interfaces) by extensions ['colcon_pkg']
[0.486s] Level 1:colcon.colcon_core.package_identification:_identify(src/autopartol_interfaces) by extension 'colcon_pkg'
[0.486s] Level 1:colcon.colcon_core.package_identification:_identify(src/autopartol_interfaces) by extensions ['colcon_meta']
[0.486s] Level 1:colcon.colcon_core.package_identification:_identify(src/autopartol_interfaces) by extension 'colcon_meta'
[0.486s] Level 1:colcon.colcon_core.package_identification:_identify(src/autopartol_interfaces) by extensions ['ros']
[0.486s] Level 1:colcon.colcon_core.package_identification:_identify(src/autopartol_interfaces) by extension 'ros'
[0.489s] DEBUG:colcon.colcon_core.package_identification:Package 'src/autopartol_interfaces' with type 'ros.ament_cmake' and name 'autopartol_interfaces'
[0.490s] Level 1:colcon.colcon_core.package_identification:_identify(src/autopartol_robot) by extensions ['ignore', 'ignore_ament_install']
[0.490s] Level 1:colcon.colcon_core.package_identification:_identify(src/autopartol_robot) by extension 'ignore'
[0.490s] Level 1:colcon.colcon_core.package_identification:_identify(src/autopartol_robot) by extension 'ignore_ament_install'
[0.490s] Level 1:colcon.colcon_core.package_identification:_identify(src/autopartol_robot) by extensions ['colcon_pkg']
[0.490s] Level 1:colcon.colcon_core.package_identification:_identify(src/autopartol_robot) by extension 'colcon_pkg'
[0.490s] Level 1:colcon.colcon_core.package_identification:_identify(src/autopartol_robot) by extensions ['colcon_meta']
[0.490s] Level 1:colcon.colcon_core.package_identification:_identify(src/autopartol_robot) by extension 'colcon_meta'
[0.490s] Level 1:colcon.colcon_core.package_identification:_identify(src/autopartol_robot) by extensions ['ros']
[0.490s] Level 1:colcon.colcon_core.package_identification:_identify(src/autopartol_robot) by extension 'ros'
[0.491s] DEBUG:colcon.colcon_core.package_identification:Package 'src/autopartol_robot' with type 'ros.ament_python' and name 'autopartol_robot'
[0.491s] Level 1:colcon.colcon_core.package_identification:_identify(src/car_application) by extensions ['ignore', 'ignore_ament_install']
[0.491s] Level 1:colcon.colcon_core.package_identification:_identify(src/car_application) by extension 'ignore'
[0.491s] Level 1:colcon.colcon_core.package_identification:_identify(src/car_application) by extension 'ignore_ament_install'
[0.491s] Level 1:colcon.colcon_core.package_identification:_identify(src/car_application) by extensions ['colcon_pkg']
[0.491s] Level 1:colcon.colcon_core.package_identification:_identify(src/car_application) by extension 'colcon_pkg'
[0.491s] Level 1:colcon.colcon_core.package_identification:_identify(src/car_application) by extensions ['colcon_meta']
[0.491s] Level 1:colcon.colcon_core.package_identification:_identify(src/car_application) by extension 'colcon_meta'
[0.491s] Level 1:colcon.colcon_core.package_identification:_identify(src/car_application) by extensions ['ros']
[0.491s] Level 1:colcon.colcon_core.package_identification:_identify(src/car_application) by extension 'ros'
[0.492s] DEBUG:colcon.colcon_core.package_identification:Package 'src/car_application' with type 'ros.ament_python' and name 'car_application'
[0.492s] Level 1:colcon.colcon_core.package_identification:_identify(src/car_navigation2) by extensions ['ignore', 'ignore_ament_install']
[0.492s] Level 1:colcon.colcon_core.package_identification:_identify(src/car_navigation2) by extension 'ignore'
[0.492s] Level 1:colcon.colcon_core.package_identification:_identify(src/car_navigation2) by extension 'ignore_ament_install'
[0.492s] Level 1:colcon.colcon_core.package_identification:_identify(src/car_navigation2) by extensions ['colcon_pkg']
[0.492s] Level 1:colcon.colcon_core.package_identification:_identify(src/car_navigation2) by extension 'colcon_pkg'
[0.492s] Level 1:colcon.colcon_core.package_identification:_identify(src/car_navigation2) by extensions ['colcon_meta']
[0.492s] Level 1:colcon.colcon_core.package_identification:_identify(src/car_navigation2) by extension 'colcon_meta'
[0.492s] Level 1:colcon.colcon_core.package_identification:_identify(src/car_navigation2) by extensions ['ros']
[0.492s] Level 1:colcon.colcon_core.package_identification:_identify(src/car_navigation2) by extension 'ros'
[0.493s] DEBUG:colcon.colcon_core.package_identification:Package 'src/car_navigation2' with type 'ros.ament_cmake' and name 'car_navigation2'
[0.493s] Level 1:colcon.colcon_core.package_identification:_identify(src/cpp06_urdf) by extensions ['ignore', 'ignore_ament_install']
[0.493s] Level 1:colcon.colcon_core.package_identification:_identify(src/cpp06_urdf) by extension 'ignore'
[0.493s] Level 1:colcon.colcon_core.package_identification:_identify(src/cpp06_urdf) by extension 'ignore_ament_install'
[0.493s] Level 1:colcon.colcon_core.package_identification:_identify(src/cpp06_urdf) by extensions ['colcon_pkg']
[0.493s] Level 1:colcon.colcon_core.package_identification:_identify(src/cpp06_urdf) by extension 'colcon_pkg'
[0.493s] Level 1:colcon.colcon_core.package_identification:_identify(src/cpp06_urdf) by extensions ['colcon_meta']
[0.493s] Level 1:colcon.colcon_core.package_identification:_identify(src/cpp06_urdf) by extension 'colcon_meta'
[0.493s] Level 1:colcon.colcon_core.package_identification:_identify(src/cpp06_urdf) by extensions ['ros']
[0.493s] Level 1:colcon.colcon_core.package_identification:_identify(src/cpp06_urdf) by extension 'ros'
[0.494s] DEBUG:colcon.colcon_core.package_identification:Package 'src/cpp06_urdf' with type 'ros.ament_cmake' and name 'cpp06_urdf'
[0.494s] Level 1:colcon.colcon_core.package_discovery:discover_packages(recursive) using defaults
[0.494s] Level 1:colcon.colcon_core.package_discovery:discover_packages(ignore) discover
[0.494s] Level 1:colcon.colcon_core.package_discovery:discover_packages(ignore) using defaults
[0.494s] Level 1:colcon.colcon_core.package_discovery:discover_packages(path) discover
[0.494s] Level 1:colcon.colcon_core.package_discovery:discover_packages(path) using defaults
[0.530s] Level 1:colcon.colcon_core.package_discovery:discover_packages(prefix_path) check parameters
[0.530s] Level 1:colcon.colcon_core.package_discovery:discover_packages(prefix_path) discover
[0.532s] WARNING:colcon.colcon_ros.prefix_path.ament:The path '/home/xinhongwang/nav2_ws/install/cpp06_urdf' in the environment variable AMENT_PREFIX_PATH doesn't exist
[0.532s] WARNING:colcon.colcon_ros.prefix_path.ament:The path '/home/xinhongwang/nav2_ws/install/car_navigation2' in the environment variable AMENT_PREFIX_PATH doesn't exist
[0.532s] WARNING:colcon.colcon_ros.prefix_path.ament:The path '/home/xinhongwang/nav2_ws/install/car_application' in the environment variable AMENT_PREFIX_PATH doesn't exist
[0.532s] WARNING:colcon.colcon_ros.prefix_path.ament:The path '/home/xinhongwang/nav2_ws/install/autopartol_robot' in the environment variable AMENT_PREFIX_PATH doesn't exist
[0.532s] WARNING:colcon.colcon_ros.prefix_path.ament:The path '/home/xinhongwang/nav2_ws/install/autopartol_interfaces' in the environment variable AMENT_PREFIX_PATH doesn't exist
[0.533s] WARNING:colcon.colcon_ros.prefix_path.catkin:The path '/home/xinhongwang/nav2_ws/install/cpp06_urdf' in the environment variable CMAKE_PREFIX_PATH doesn't exist
[0.533s] WARNING:colcon.colcon_ros.prefix_path.catkin:The path '/home/xinhongwang/nav2_ws/install/car_navigation2' in the environment variable CMAKE_PREFIX_PATH doesn't exist
[0.533s] WARNING:colcon.colcon_ros.prefix_path.catkin:The path '/home/xinhongwang/nav2_ws/install/autopartol_interfaces' in the environment variable CMAKE_PREFIX_PATH doesn't exist
[0.534s] DEBUG:colcon.colcon_installed_package_information.package_discovery:Found 0 installed packages in /home/xinhongwang/nav2_ws/install
[0.535s] DEBUG:colcon.colcon_installed_package_information.package_discovery:Found 4 installed packages in /home/xinhongwang/ws02_tools/install
[0.535s] DEBUG:colcon.colcon_installed_package_information.package_discovery:Found 2 installed packages in /home/xinhongwang/ws00_helloworld/install
[0.537s] DEBUG:colcon.colcon_installed_package_information.package_discovery:Found 413 installed packages in /opt/ros/humble
[0.539s] Level 1:colcon.colcon_core.package_discovery:discover_packages(prefix_path) using defaults
[0.602s] Level 5:colcon.colcon_core.verb:set package 'autopartol_interfaces' build argument 'cmake_args' from command line to 'None'
[0.602s] Level 5:colcon.colcon_core.verb:set package 'autopartol_interfaces' build argument 'cmake_target' from command line to 'None'
[0.602s] Level 5:colcon.colcon_core.verb:set package 'autopartol_interfaces' build argument 'cmake_target_skip_unavailable' from command line to 'False'
[0.602s] Level 5:colcon.colcon_core.verb:set package 'autopartol_interfaces' build argument 'cmake_clean_cache' from command line to 'False'
[0.602s] Level 5:colcon.colcon_core.verb:set package 'autopartol_interfaces' build argument 'cmake_clean_first' from command line to 'False'
[0.602s] Level 5:colcon.colcon_core.verb:set package 'autopartol_interfaces' build argument 'cmake_force_configure' from command line to 'False'
[0.602s] Level 5:colcon.colcon_core.verb:set package 'autopartol_interfaces' build argument 'ament_cmake_args' from command line to 'None'
[0.602s] Level 5:colcon.colcon_core.verb:set package 'autopartol_interfaces' build argument 'catkin_cmake_args' from command line to 'None'
[0.602s] Level 5:colcon.colcon_core.verb:set package 'autopartol_interfaces' build argument 'catkin_skip_building_tests' from command line to 'False'
[0.602s] DEBUG:colcon.colcon_core.verb:Building package 'autopartol_interfaces' with the following arguments: {'ament_cmake_args': None, 'build_base': '/home/xinhongwang/nav2_ws/build/autopartol_interfaces', 'catkin_cmake_args': None, 'catkin_skip_building_tests': False, 'cmake_args': None, 'cmake_clean_cache': False, 'cmake_clean_first': False, 'cmake_force_configure': False, 'cmake_target': None, 'cmake_target_skip_unavailable': False, 'install_base': '/home/xinhongwang/nav2_ws/install/autopartol_interfaces', 'merge_install': False, 'path': '/home/xinhongwang/nav2_ws/src/autopartol_interfaces', 'symlink_install': True, 'test_result_base': None}
[0.603s] Level 5:colcon.colcon_core.verb:set package 'autopartol_robot' build argument 'cmake_args' from command line to 'None'
[0.603s] Level 5:colcon.colcon_core.verb:set package 'autopartol_robot' build argument 'cmake_target' from command line to 'None'
[0.603s] Level 5:colcon.colcon_core.verb:set package 'autopartol_robot' build argument 'cmake_target_skip_unavailable' from command line to 'False'
[0.603s] Level 5:colcon.colcon_core.verb:set package 'autopartol_robot' build argument 'cmake_clean_cache' from command line to 'False'
[0.603s] Level 5:colcon.colcon_core.verb:set package 'autopartol_robot' build argument 'cmake_clean_first' from command line to 'False'
[0.603s] Level 5:colcon.colcon_core.verb:set package 'autopartol_robot' build argument 'cmake_force_configure' from command line to 'False'
[0.603s] Level 5:colcon.colcon_core.verb:set package 'autopartol_robot' build argument 'ament_cmake_args' from command line to 'None'
[0.603s] Level 5:colcon.colcon_core.verb:set package 'autopartol_robot' build argument 'catkin_cmake_args' from command line to 'None'
[0.603s] Level 5:colcon.colcon_core.verb:set package 'autopartol_robot' build argument 'catkin_skip_building_tests' from command line to 'False'
[0.603s] DEBUG:colcon.colcon_core.verb:Building package 'autopartol_robot' with the following arguments: {'ament_cmake_args': None, 'build_base': '/home/xinhongwang/nav2_ws/build/autopartol_robot', 'catkin_cmake_args': None, 'catkin_skip_building_tests': False, 'cmake_args': None, 'cmake_clean_cache': False, 'cmake_clean_first': False, 'cmake_force_configure': False, 'cmake_target': None, 'cmake_target_skip_unavailable': False, 'install_base': '/home/xinhongwang/nav2_ws/install/autopartol_robot', 'merge_install': False, 'path': '/home/xinhongwang/nav2_ws/src/autopartol_robot', 'symlink_install': True, 'test_result_base': None}
[0.603s] Level 5:colcon.colcon_core.verb:set package 'car_application' build argument 'cmake_args' from command line to 'None'
[0.603s] Level 5:colcon.colcon_core.verb:set package 'car_application' build argument 'cmake_target' from command line to 'None'
[0.603s] Level 5:colcon.colcon_core.verb:set package 'car_application' build argument 'cmake_target_skip_unavailable' from command line to 'False'
[0.603s] Level 5:colcon.colcon_core.verb:set package 'car_application' build argument 'cmake_clean_cache' from command line to 'False'
[0.603s] Level 5:colcon.colcon_core.verb:set package 'car_application' build argument 'cmake_clean_first' from command line to 'False'
[0.603s] Level 5:colcon.colcon_core.verb:set package 'car_application' build argument 'cmake_force_configure' from command line to 'False'
[0.603s] Level 5:colcon.colcon_core.verb:set package 'car_application' build argument 'ament_cmake_args' from command line to 'None'
[0.604s] Level 5:colcon.colcon_core.verb:set package 'car_application' build argument 'catkin_cmake_args' from command line to 'None'
[0.604s] Level 5:colcon.colcon_core.verb:set package 'car_application' build argument 'catkin_skip_building_tests' from command line to 'False'
[0.604s] DEBUG:colcon.colcon_core.verb:Building package 'car_application' with the following arguments: {'ament_cmake_args': None, 'build_base': '/home/xinhongwang/nav2_ws/build/car_application', 'catkin_cmake_args': None, 'catkin_skip_building_tests': False, 'cmake_args': None, 'cmake_clean_cache': False, 'cmake_clean_first': False, 'cmake_force_configure': False, 'cmake_target': None, 'cmake_target_skip_unavailable': False, 'install_base': '/home/xinhongwang/nav2_ws/install/car_application', 'merge_install': False, 'path': '/home/xinhongwang/nav2_ws/src/car_application', 'symlink_install': True, 'test_result_base': None}
[0.604s] Level 5:colcon.colcon_core.verb:set package 'car_navigation2' build argument 'cmake_args' from command line to 'None'
[0.604s] Level 5:colcon.colcon_core.verb:set package 'car_navigation2' build argument 'cmake_target' from command line to 'None'
[0.604s] Level 5:colcon.colcon_core.verb:set package 'car_navigation2' build argument 'cmake_target_skip_unavailable' from command line to 'False'
[0.604s] Level 5:colcon.colcon_core.verb:set package 'car_navigation2' build argument 'cmake_clean_cache' from command line to 'False'
[0.604s] Level 5:colcon.colcon_core.verb:set package 'car_navigation2' build argument 'cmake_clean_first' from command line to 'False'
[0.604s] Level 5:colcon.colcon_core.verb:set package 'car_navigation2' build argument 'cmake_force_configure' from command line to 'False'
[0.604s] Level 5:colcon.colcon_core.verb:set package 'car_navigation2' build argument 'ament_cmake_args' from command line to 'None'
[0.604s] Level 5:colcon.colcon_core.verb:set package 'car_navigation2' build argument 'catkin_cmake_args' from command line to 'None'
[0.604s] Level 5:colcon.colcon_core.verb:set package 'car_navigation2' build argument 'catkin_skip_building_tests' from command line to 'False'
[0.604s] DEBUG:colcon.colcon_core.verb:Building package 'car_navigation2' with the following arguments: {'ament_cmake_args': None, 'build_base': '/home/xinhongwang/nav2_ws/build/car_navigation2', 'catkin_cmake_args': None, 'catkin_skip_building_tests': False, 'cmake_args': None, 'cmake_clean_cache': False, 'cmake_clean_first': False, 'cmake_force_configure': False, 'cmake_target': None, 'cmake_target_skip_unavailable': False, 'install_base': '/home/xinhongwang/nav2_ws/install/car_navigation2', 'merge_install': False, 'path': '/home/xinhongwang/nav2_ws/src/car_navigation2', 'symlink_install': True, 'test_result_base': None}
[0.604s] Level 5:colcon.colcon_core.verb:set package 'cpp06_urdf' build argument 'cmake_args' from command line to 'None'
[0.604s] Level 5:colcon.colcon_core.verb:set package 'cpp06_urdf' build argument 'cmake_target' from command line to 'None'
[0.604s] Level 5:colcon.colcon_core.verb:set package 'cpp06_urdf' build argument 'cmake_target_skip_unavailable' from command line to 'False'
[0.604s] Level 5:colcon.colcon_core.verb:set package 'cpp06_urdf' build argument 'cmake_clean_cache' from command line to 'False'
[0.604s] Level 5:colcon.colcon_core.verb:set package 'cpp06_urdf' build argument 'cmake_clean_first' from command line to 'False'
[0.604s] Level 5:colcon.colcon_core.verb:set package 'cpp06_urdf' build argument 'cmake_force_configure' from command line to 'False'
[0.604s] Level 5:colcon.colcon_core.verb:set package 'cpp06_urdf' build argument 'ament_cmake_args' from command line to 'None'
[0.605s] Level 5:colcon.colcon_core.verb:set package 'cpp06_urdf' build argument 'catkin_cmake_args' from command line to 'None'
[0.605s] Level 5:colcon.colcon_core.verb:set package 'cpp06_urdf' build argument 'catkin_skip_building_tests' from command line to 'False'
[0.605s] DEBUG:colcon.colcon_core.verb:Building package 'cpp06_urdf' with the following arguments: {'ament_cmake_args': None, 'build_base': '/home/xinhongwang/nav2_ws/build/cpp06_urdf', 'catkin_cmake_args': None, 'catkin_skip_building_tests': False, 'cmake_args': None, 'cmake_clean_cache': False, 'cmake_clean_first': False, 'cmake_force_configure': False, 'cmake_target': None, 'cmake_target_skip_unavailable': False, 'install_base': '/home/xinhongwang/nav2_ws/install/cpp06_urdf', 'merge_install': False, 'path': '/home/xinhongwang/nav2_ws/src/cpp06_urdf', 'symlink_install': True, 'test_result_base': None}
[0.605s] INFO:colcon.colcon_core.executor:Executing jobs using 'parallel' executor
[0.606s] DEBUG:colcon.colcon_parallel_executor.executor.parallel:run_until_complete
[0.606s] INFO:colcon.colcon_ros.task.ament_cmake.build:Building ROS package in '/home/xinhongwang/nav2_ws/src/autopartol_interfaces' with build type 'ament_cmake'
[0.606s] INFO:colcon.colcon_cmake.task.cmake.build:Building CMake package in '/home/xinhongwang/nav2_ws/src/autopartol_interfaces'
[0.611s] INFO:colcon.colcon_core.plugin_system:Skipping extension 'colcon_core.shell.bat': Not used on non-Windows systems
[0.611s] INFO:colcon.colcon_core.shell:Skip shell extension 'powershell' for command environment: Not usable outside of PowerShell
[0.611s] DEBUG:colcon.colcon_core.shell:Skip shell extension 'dsv' for command environment
[0.618s] INFO:colcon.colcon_ros.task.ament_python.build:Building ROS package in '/home/xinhongwang/nav2_ws/src/autopartol_robot' with build type 'ament_python'
[0.618s] Level 1:colcon.colcon_core.shell:create_environment_hook('autopartol_robot', 'ament_prefix_path')
[0.618s] INFO:colcon.colcon_core.shell:Creating environment hook '/home/xinhongwang/nav2_ws/install/autopartol_robot/share/autopartol_robot/hook/ament_prefix_path.ps1'
[0.620s] INFO:colcon.colcon_core.shell:Creating environment descriptor '/home/xinhongwang/nav2_ws/install/autopartol_robot/share/autopartol_robot/hook/ament_prefix_path.dsv'
[0.622s] INFO:colcon.colcon_core.shell:Creating environment hook '/home/xinhongwang/nav2_ws/install/autopartol_robot/share/autopartol_robot/hook/ament_prefix_path.sh'
[0.623s] INFO:colcon.colcon_core.shell:Skip shell extension 'powershell' for command environment: Not usable outside of PowerShell
[0.623s] DEBUG:colcon.colcon_core.shell:Skip shell extension 'dsv' for command environment
[0.632s] INFO:colcon.colcon_ros.task.ament_python.build:Building ROS package in '/home/xinhongwang/nav2_ws/src/car_application' with build type 'ament_python'
[0.633s] Level 1:colcon.colcon_core.shell:create_environment_hook('car_application', 'ament_prefix_path')
[0.633s] INFO:colcon.colcon_core.shell:Creating environment hook '/home/xinhongwang/nav2_ws/install/car_application/share/car_application/hook/ament_prefix_path.ps1'
[0.635s] INFO:colcon.colcon_core.shell:Creating environment descriptor '/home/xinhongwang/nav2_ws/install/car_application/share/car_application/hook/ament_prefix_path.dsv'
[0.635s] INFO:colcon.colcon_core.shell:Creating environment hook '/home/xinhongwang/nav2_ws/install/car_application/share/car_application/hook/ament_prefix_path.sh'
[0.636s] INFO:colcon.colcon_core.shell:Skip shell extension 'powershell' for command environment: Not usable outside of PowerShell
[0.636s] DEBUG:colcon.colcon_core.shell:Skip shell extension 'dsv' for command environment
[0.645s] INFO:colcon.colcon_ros.task.ament_cmake.build:Building ROS package in '/home/xinhongwang/nav2_ws/src/car_navigation2' with build type 'ament_cmake'
[0.645s] INFO:colcon.colcon_cmake.task.cmake.build:Building CMake package in '/home/xinhongwang/nav2_ws/src/car_navigation2'
[0.645s] INFO:colcon.colcon_core.shell:Skip shell extension 'powershell' for command environment: Not usable outside of PowerShell
[0.645s] DEBUG:colcon.colcon_core.shell:Skip shell extension 'dsv' for command environment
[0.655s] INFO:colcon.colcon_ros.task.ament_cmake.build:Building ROS package in '/home/xinhongwang/nav2_ws/src/cpp06_urdf' with build type 'ament_cmake'
[0.655s] INFO:colcon.colcon_cmake.task.cmake.build:Building CMake package in '/home/xinhongwang/nav2_ws/src/cpp06_urdf'
[0.655s] INFO:colcon.colcon_core.shell:Skip shell extension 'powershell' for command environment: Not usable outside of PowerShell
[0.655s] DEBUG:colcon.colcon_core.shell:Skip shell extension 'dsv' for command environment
[0.671s] DEBUG:colcon.colcon_core.event_handler.log_command:Invoking command in '/home/xinhongwang/nav2_ws/build/autopartol_interfaces': CMAKE_PREFIX_PATH=${CMAKE_PREFIX_PATH}:/home/xinhongwang/nav2_ws/install/car_application:/home/xinhongwang/nav2_ws/install/autopartol_robot:/home/xinhongwang/ws02_tools/install/car_application:/home/xinhongwang/ws02_tools/install/autopartol_robot:/opt/ros/humble /usr/bin/cmake /home/xinhongwang/nav2_ws/src/autopartol_interfaces -DAMENT_CMAKE_SYMLINK_INSTALL=1 -DCMAKE_INSTALL_PREFIX=/home/xinhongwang/nav2_ws/install/autopartol_interfaces
[1.105s] INFO:colcon.colcon_core.task.python.build:Building Python package in '/home/xinhongwang/nav2_ws/src/autopartol_robot'
[1.106s] INFO:colcon.colcon_core.shell:Skip shell extension 'powershell' for command environment: Not usable outside of PowerShell
[1.106s] DEBUG:colcon.colcon_core.shell:Skip shell extension 'dsv' for command environment
[1.473s] INFO:colcon.colcon_core.task.python.build:Building Python package in '/home/xinhongwang/nav2_ws/src/car_application'
[1.474s] INFO:colcon.colcon_core.shell:Skip shell extension 'powershell' for command environment: Not usable outside of PowerShell
[1.474s] DEBUG:colcon.colcon_core.shell:Skip shell extension 'dsv' for command environment
[1.491s] DEBUG:colcon.colcon_core.event_handler.log_command:Invoking command in '/home/xinhongwang/nav2_ws/build/car_navigation2': CMAKE_PREFIX_PATH=${CMAKE_PREFIX_PATH}:/home/xinhongwang/nav2_ws/install/car_application:/home/xinhongwang/nav2_ws/install/autopartol_robot:/home/xinhongwang/ws02_tools/install/car_application:/home/xinhongwang/ws02_tools/install/autopartol_robot:/opt/ros/humble /usr/bin/cmake /home/xinhongwang/nav2_ws/src/car_navigation2 -DAMENT_CMAKE_SYMLINK_INSTALL=1 -DCMAKE_INSTALL_PREFIX=/home/xinhongwang/nav2_ws/install/car_navigation2
[1.504s] DEBUG:colcon.colcon_core.event_handler.log_command:Invoking command in '/home/xinhongwang/nav2_ws/build/cpp06_urdf': CMAKE_PREFIX_PATH=${CMAKE_PREFIX_PATH}:/home/xinhongwang/nav2_ws/install/car_application:/home/xinhongwang/nav2_ws/install/autopartol_robot:/home/xinhongwang/ws02_tools/install/car_application:/home/xinhongwang/ws02_tools/install/autopartol_robot:/opt/ros/humble /usr/bin/cmake /home/xinhongwang/nav2_ws/src/cpp06_urdf -DAMENT_CMAKE_SYMLINK_INSTALL=1 -DCMAKE_INSTALL_PREFIX=/home/xinhongwang/nav2_ws/install/cpp06_urdf
[2.702s] DEBUG:colcon.colcon_core.event_handler.log_command:Invoking command in '/home/xinhongwang/nav2_ws/build/car_application': PYTHONPATH=/home/xinhongwang/nav2_ws/build/car_application/prefix_override:/usr/lib/python3/dist-packages/colcon_core/task/python/colcon_distutils_commands:/home/xinhongwang/nav2_ws/install/car_application/lib/python3.10/site-packages:${PYTHONPATH} /usr/bin/python3 -W ignore:setup.py install is deprecated -W ignore:easy_install command is deprecated setup.py develop --editable --build-directory /home/xinhongwang/nav2_ws/build/car_application/build --no-deps symlink_data
[2.722s] DEBUG:colcon.colcon_core.event_handler.log_command:Invoking command in '/home/xinhongwang/nav2_ws/build/autopartol_robot': PYTHONPATH=/home/xinhongwang/nav2_ws/build/autopartol_robot/prefix_override:/usr/lib/python3/dist-packages/colcon_core/task/python/colcon_distutils_commands:/home/xinhongwang/nav2_ws/install/autopartol_robot/lib/python3.10/site-packages:${PYTHONPATH} /usr/bin/python3 -W ignore:setup.py install is deprecated -W ignore:easy_install command is deprecated setup.py develop --editable --build-directory /home/xinhongwang/nav2_ws/build/autopartol_robot/build --no-deps symlink_data
[3.035s] DEBUG:colcon.colcon_core.event_handler.log_command:Invoked command in '/home/xinhongwang/nav2_ws/build/car_navigation2' returned '0': CMAKE_PREFIX_PATH=${CMAKE_PREFIX_PATH}:/home/xinhongwang/nav2_ws/install/car_application:/home/xinhongwang/nav2_ws/install/autopartol_robot:/home/xinhongwang/ws02_tools/install/car_application:/home/xinhongwang/ws02_tools/install/autopartol_robot:/opt/ros/humble /usr/bin/cmake /home/xinhongwang/nav2_ws/src/car_navigation2 -DAMENT_CMAKE_SYMLINK_INSTALL=1 -DCMAKE_INSTALL_PREFIX=/home/xinhongwang/nav2_ws/install/car_navigation2
[3.048s] DEBUG:colcon.colcon_core.event_handler.log_command:Invoking command in '/home/xinhongwang/nav2_ws/build/car_navigation2': CMAKE_PREFIX_PATH=${CMAKE_PREFIX_PATH}:/home/xinhongwang/nav2_ws/install/car_application:/home/xinhongwang/nav2_ws/install/autopartol_robot:/home/xinhongwang/ws02_tools/install/car_application:/home/xinhongwang/ws02_tools/install/autopartol_robot:/opt/ros/humble /usr/bin/cmake --build /home/xinhongwang/nav2_ws/build/car_navigation2 -- -j8 -l8
[3.059s] DEBUG:colcon.colcon_core.event_handler.log_command:Invoked command in '/home/xinhongwang/nav2_ws/build/cpp06_urdf' returned '0': CMAKE_PREFIX_PATH=${CMAKE_PREFIX_PATH}:/home/xinhongwang/nav2_ws/install/car_application:/home/xinhongwang/nav2_ws/install/autopartol_robot:/home/xinhongwang/ws02_tools/install/car_application:/home/xinhongwang/ws02_tools/install/autopartol_robot:/opt/ros/humble /usr/bin/cmake /home/xinhongwang/nav2_ws/src/cpp06_urdf -DAMENT_CMAKE_SYMLINK_INSTALL=1 -DCMAKE_INSTALL_PREFIX=/home/xinhongwang/nav2_ws/install/cpp06_urdf
[3.060s] DEBUG:colcon.colcon_core.event_handler.log_command:Invoking command in '/home/xinhongwang/nav2_ws/build/cpp06_urdf': CMAKE_PREFIX_PATH=${CMAKE_PREFIX_PATH}:/home/xinhongwang/nav2_ws/install/car_application:/home/xinhongwang/nav2_ws/install/autopartol_robot:/home/xinhongwang/ws02_tools/install/car_application:/home/xinhongwang/ws02_tools/install/autopartol_robot:/opt/ros/humble /usr/bin/cmake --build /home/xinhongwang/nav2_ws/build/cpp06_urdf -- -j8 -l8
[3.154s] DEBUG:colcon.colcon_core.event_handler.log_command:Invoked command in '/home/xinhongwang/nav2_ws/build/cpp06_urdf' returned '0': CMAKE_PREFIX_PATH=${CMAKE_PREFIX_PATH}:/home/xinhongwang/nav2_ws/install/car_application:/home/xinhongwang/nav2_ws/install/autopartol_robot:/home/xinhongwang/ws02_tools/install/car_application:/home/xinhongwang/ws02_tools/install/autopartol_robot:/opt/ros/humble /usr/bin/cmake --build /home/xinhongwang/nav2_ws/build/cpp06_urdf -- -j8 -l8
[3.189s] DEBUG:colcon.colcon_core.event_handler.log_command:Invoking command in '/home/xinhongwang/nav2_ws/build/cpp06_urdf': CMAKE_PREFIX_PATH=${CMAKE_PREFIX_PATH}:/home/xinhongwang/nav2_ws/install/car_application:/home/xinhongwang/nav2_ws/install/autopartol_robot:/home/xinhongwang/ws02_tools/install/car_application:/home/xinhongwang/ws02_tools/install/autopartol_robot:/opt/ros/humble /usr/bin/cmake --install /home/xinhongwang/nav2_ws/build/cpp06_urdf
[3.190s] DEBUG:colcon.colcon_core.event_handler.log_command:Invoked command in '/home/xinhongwang/nav2_ws/build/car_navigation2' returned '0': CMAKE_PREFIX_PATH=${CMAKE_PREFIX_PATH}:/home/xinhongwang/nav2_ws/install/car_application:/home/xinhongwang/nav2_ws/install/autopartol_robot:/home/xinhongwang/ws02_tools/install/car_application:/home/xinhongwang/ws02_tools/install/autopartol_robot:/opt/ros/humble /usr/bin/cmake --build /home/xinhongwang/nav2_ws/build/car_navigation2 -- -j8 -l8
[3.198s] DEBUG:colcon.colcon_core.event_handler.log_command:Invoking command in '/home/xinhongwang/nav2_ws/build/car_navigation2': CMAKE_PREFIX_PATH=${CMAKE_PREFIX_PATH}:/home/xinhongwang/nav2_ws/install/car_application:/home/xinhongwang/nav2_ws/install/autopartol_robot:/home/xinhongwang/ws02_tools/install/car_application:/home/xinhongwang/ws02_tools/install/autopartol_robot:/opt/ros/humble /usr/bin/cmake --install /home/xinhongwang/nav2_ws/build/car_navigation2
[3.720s] Level 1:colcon.colcon_core.shell:create_environment_hook('car_application', 'pythonpath_develop')
[3.721s] INFO:colcon.colcon_core.shell:Creating environment hook '/home/xinhongwang/nav2_ws/build/car_application/share/car_application/hook/pythonpath_develop.ps1'
[3.725s] DEBUG:colcon.colcon_core.event_handler.log_command:Invoked command in '/home/xinhongwang/nav2_ws/build/car_application' returned '0': PYTHONPATH=/home/xinhongwang/nav2_ws/build/car_application/prefix_override:/usr/lib/python3/dist-packages/colcon_core/task/python/colcon_distutils_commands:/home/xinhongwang/nav2_ws/install/car_application/lib/python3.10/site-packages:${PYTHONPATH} /usr/bin/python3 -W ignore:setup.py install is deprecated -W ignore:easy_install command is deprecated setup.py develop --editable --build-directory /home/xinhongwang/nav2_ws/build/car_application/build --no-deps symlink_data
[3.725s] INFO:colcon.colcon_core.shell:Creating environment descriptor '/home/xinhongwang/nav2_ws/build/car_application/share/car_application/hook/pythonpath_develop.dsv'
[3.729s] INFO:colcon.colcon_core.shell:Creating environment hook '/home/xinhongwang/nav2_ws/build/car_application/share/car_application/hook/pythonpath_develop.sh'
[3.750s] Level 1:colcon.colcon_core.environment:checking '/home/xinhongwang/nav2_ws/install/car_application' for CMake module files
[3.753s] Level 1:colcon.colcon_core.environment:checking '/home/xinhongwang/nav2_ws/install/car_application' for CMake config files
[3.757s] Level 1:colcon.colcon_core.environment:checking '/home/xinhongwang/nav2_ws/install/car_application/lib'
[3.760s] Level 1:colcon.colcon_core.environment:checking '/home/xinhongwang/nav2_ws/install/car_application/bin'
[3.761s] Level 1:colcon.colcon_core.environment:checking '/home/xinhongwang/nav2_ws/install/car_application/lib/pkgconfig/car_application.pc'
[3.762s] Level 1:colcon.colcon_core.environment:checking '/home/xinhongwang/nav2_ws/install/car_application/lib/python3.10/site-packages'
[3.762s] Level 1:colcon.colcon_core.shell:create_environment_hook('car_application', 'pythonpath')
[3.764s] INFO:colcon.colcon_core.shell:Creating environment hook '/home/xinhongwang/nav2_ws/install/car_application/share/car_application/hook/pythonpath.ps1'
[3.765s] INFO:colcon.colcon_core.shell:Creating environment descriptor '/home/xinhongwang/nav2_ws/install/car_application/share/car_application/hook/pythonpath.dsv'
[3.766s] INFO:colcon.colcon_core.shell:Creating environment hook '/home/xinhongwang/nav2_ws/install/car_application/share/car_application/hook/pythonpath.sh'
[3.771s] Level 1:colcon.colcon_core.environment:checking '/home/xinhongwang/nav2_ws/install/car_application/bin'
[3.772s] Level 1:colcon.colcon_core.environment:create_environment_scripts_only(car_application)
[3.776s] INFO:colcon.colcon_core.shell:Creating package script '/home/xinhongwang/nav2_ws/install/car_application/share/car_application/package.ps1'
[3.779s] INFO:colcon.colcon_core.shell:Creating package descriptor '/home/xinhongwang/nav2_ws/install/car_application/share/car_application/package.dsv'
[3.781s] INFO:colcon.colcon_core.shell:Creating package script '/home/xinhongwang/nav2_ws/install/car_application/share/car_application/package.sh'
[3.783s] INFO:colcon.colcon_core.shell:Creating package script '/home/xinhongwang/nav2_ws/install/car_application/share/car_application/package.bash'
[3.785s] INFO:colcon.colcon_core.shell:Creating package script '/home/xinhongwang/nav2_ws/install/car_application/share/car_application/package.zsh'
[3.787s] Level 1:colcon.colcon_core.environment:create_file_with_runtime_dependencies(/home/xinhongwang/nav2_ws/install/car_application/share/colcon-core/packages/car_application)
[3.795s] Level 1:colcon.colcon_core.shell:create_environment_hook('autopartol_robot', 'pythonpath_develop')
[3.795s] INFO:colcon.colcon_core.shell:Creating environment hook '/home/xinhongwang/nav2_ws/build/autopartol_robot/share/autopartol_robot/hook/pythonpath_develop.ps1'
[3.799s] DEBUG:colcon.colcon_core.event_handler.log_command:Invoked command in '/home/xinhongwang/nav2_ws/build/autopartol_robot' returned '0': PYTHONPATH=/home/xinhongwang/nav2_ws/build/autopartol_robot/prefix_override:/usr/lib/python3/dist-packages/colcon_core/task/python/colcon_distutils_commands:/home/xinhongwang/nav2_ws/install/autopartol_robot/lib/python3.10/site-packages:${PYTHONPATH} /usr/bin/python3 -W ignore:setup.py install is deprecated -W ignore:easy_install command is deprecated setup.py develop --editable --build-directory /home/xinhongwang/nav2_ws/build/autopartol_robot/build --no-deps symlink_data
[3.800s] INFO:colcon.colcon_core.shell:Creating environment descriptor '/home/xinhongwang/nav2_ws/build/autopartol_robot/share/autopartol_robot/hook/pythonpath_develop.dsv'
[3.800s] INFO:colcon.colcon_core.shell:Creating environment hook '/home/xinhongwang/nav2_ws/build/autopartol_robot/share/autopartol_robot/hook/pythonpath_develop.sh'
[3.801s] Level 1:colcon.colcon_core.environment:checking '/home/xinhongwang/nav2_ws/install/autopartol_robot' for CMake module files
[3.802s] Level 1:colcon.colcon_core.environment:checking '/home/xinhongwang/nav2_ws/install/autopartol_robot' for CMake config files
[3.804s] Level 1:colcon.colcon_core.environment:checking '/home/xinhongwang/nav2_ws/install/autopartol_robot/lib'
[3.804s] Level 1:colcon.colcon_core.environment:checking '/home/xinhongwang/nav2_ws/install/autopartol_robot/bin'
[3.804s] Level 1:colcon.colcon_core.environment:checking '/home/xinhongwang/nav2_ws/install/autopartol_robot/lib/pkgconfig/autopartol_robot.pc'
[3.805s] Level 1:colcon.colcon_core.environment:checking '/home/xinhongwang/nav2_ws/install/autopartol_robot/lib/python3.10/site-packages'
[3.805s] Level 1:colcon.colcon_core.shell:create_environment_hook('autopartol_robot', 'pythonpath')
[3.806s] INFO:colcon.colcon_core.shell:Creating environment hook '/home/xinhongwang/nav2_ws/install/autopartol_robot/share/autopartol_robot/hook/pythonpath.ps1'
[3.808s] INFO:colcon.colcon_core.shell:Creating environment descriptor '/home/xinhongwang/nav2_ws/install/autopartol_robot/share/autopartol_robot/hook/pythonpath.dsv'
[3.808s] INFO:colcon.colcon_core.shell:Creating environment hook '/home/xinhongwang/nav2_ws/install/autopartol_robot/share/autopartol_robot/hook/pythonpath.sh'
[3.809s] Level 1:colcon.colcon_core.environment:checking '/home/xinhongwang/nav2_ws/install/autopartol_robot/bin'
[3.809s] Level 1:colcon.colcon_core.environment:create_environment_scripts_only(autopartol_robot)
[3.810s] INFO:colcon.colcon_core.shell:Creating package script '/home/xinhongwang/nav2_ws/install/autopartol_robot/share/autopartol_robot/package.ps1'
[3.814s] INFO:colcon.colcon_core.shell:Creating package descriptor '/home/xinhongwang/nav2_ws/install/autopartol_robot/share/autopartol_robot/package.dsv'
[3.815s] INFO:colcon.colcon_core.shell:Creating package script '/home/xinhongwang/nav2_ws/install/autopartol_robot/share/autopartol_robot/package.sh'
[3.816s] INFO:colcon.colcon_core.shell:Creating package script '/home/xinhongwang/nav2_ws/install/autopartol_robot/share/autopartol_robot/package.bash'
[3.817s] INFO:colcon.colcon_core.shell:Creating package script '/home/xinhongwang/nav2_ws/install/autopartol_robot/share/autopartol_robot/package.zsh'
[3.820s] Level 1:colcon.colcon_core.environment:create_file_with_runtime_dependencies(/home/xinhongwang/nav2_ws/install/autopartol_robot/share/colcon-core/packages/autopartol_robot)
[3.875s] Level 1:colcon.colcon_core.environment:create_environment_scripts_only(car_navigation2)
[3.876s] Level 1:colcon.colcon_core.environment:checking '/home/xinhongwang/nav2_ws/install/car_navigation2' for CMake module files
[3.877s] DEBUG:colcon.colcon_core.event_handler.log_command:Invoked command in '/home/xinhongwang/nav2_ws/build/car_navigation2' returned '0': CMAKE_PREFIX_PATH=${CMAKE_PREFIX_PATH}:/home/xinhongwang/nav2_ws/install/car_application:/home/xinhongwang/nav2_ws/install/autopartol_robot:/home/xinhongwang/ws02_tools/install/car_application:/home/xinhongwang/ws02_tools/install/autopartol_robot:/opt/ros/humble /usr/bin/cmake --install /home/xinhongwang/nav2_ws/build/car_navigation2
[3.878s] Level 1:colcon.colcon_core.environment:checking '/home/xinhongwang/nav2_ws/install/car_navigation2' for CMake config files
[3.879s] Level 1:colcon.colcon_core.shell:create_environment_hook('car_navigation2', 'cmake_prefix_path')
[3.879s] INFO:colcon.colcon_core.shell:Creating environment hook '/home/xinhongwang/nav2_ws/install/car_navigation2/share/car_navigation2/hook/cmake_prefix_path.ps1'
[3.880s] INFO:colcon.colcon_core.shell:Creating environment descriptor '/home/xinhongwang/nav2_ws/install/car_navigation2/share/car_navigation2/hook/cmake_prefix_path.dsv'
[3.880s] INFO:colcon.colcon_core.shell:Creating environment hook '/home/xinhongwang/nav2_ws/install/car_navigation2/share/car_navigation2/hook/cmake_prefix_path.sh'
[3.881s] Level 1:colcon.colcon_core.environment:checking '/home/xinhongwang/nav2_ws/install/car_navigation2/bin'
[3.881s] Level 1:colcon.colcon_core.environment:checking '/home/xinhongwang/nav2_ws/install/car_navigation2/lib/pkgconfig/car_navigation2.pc'
[3.882s] Level 1:colcon.colcon_core.environment:checking '/home/xinhongwang/nav2_ws/install/car_navigation2/lib/python3.10/site-packages'
[3.884s] Level 1:colcon.colcon_core.environment:checking '/home/xinhongwang/nav2_ws/install/car_navigation2/bin'
[3.884s] INFO:colcon.colcon_core.shell:Creating package script '/home/xinhongwang/nav2_ws/install/car_navigation2/share/car_navigation2/package.ps1'
[3.885s] INFO:colcon.colcon_core.shell:Creating package descriptor '/home/xinhongwang/nav2_ws/install/car_navigation2/share/car_navigation2/package.dsv'
[3.886s] INFO:colcon.colcon_core.shell:Creating package script '/home/xinhongwang/nav2_ws/install/car_navigation2/share/car_navigation2/package.sh'
[3.886s] INFO:colcon.colcon_core.shell:Creating package script '/home/xinhongwang/nav2_ws/install/car_navigation2/share/car_navigation2/package.bash'
[3.887s] INFO:colcon.colcon_core.shell:Creating package script '/home/xinhongwang/nav2_ws/install/car_navigation2/share/car_navigation2/package.zsh'
[3.888s] Level 1:colcon.colcon_core.environment:create_file_with_runtime_dependencies(/home/xinhongwang/nav2_ws/install/car_navigation2/share/colcon-core/packages/car_navigation2)
[3.889s] Level 1:colcon.colcon_core.environment:create_environment_scripts_only(car_navigation2)
[3.889s] Level 1:colcon.colcon_core.environment:checking '/home/xinhongwang/nav2_ws/install/car_navigation2' for CMake module files
[3.890s] Level 1:colcon.colcon_core.environment:checking '/home/xinhongwang/nav2_ws/install/car_navigation2' for CMake config files
[3.891s] Level 1:colcon.colcon_core.shell:create_environment_hook('car_navigation2', 'cmake_prefix_path')
[3.891s] INFO:colcon.colcon_core.shell:Creating environment hook '/home/xinhongwang/nav2_ws/install/car_navigation2/share/car_navigation2/hook/cmake_prefix_path.ps1'
[3.892s] INFO:colcon.colcon_core.shell:Creating environment descriptor '/home/xinhongwang/nav2_ws/install/car_navigation2/share/car_navigation2/hook/cmake_prefix_path.dsv'
[3.893s] INFO:colcon.colcon_core.shell:Creating environment hook '/home/xinhongwang/nav2_ws/install/car_navigation2/share/car_navigation2/hook/cmake_prefix_path.sh'
[3.895s] Level 1:colcon.colcon_core.environment:checking '/home/xinhongwang/nav2_ws/install/car_navigation2/bin'
[3.895s] Level 1:colcon.colcon_core.environment:checking '/home/xinhongwang/nav2_ws/install/car_navigation2/lib/pkgconfig/car_navigation2.pc'
[3.895s] Level 1:colcon.colcon_core.environment:checking '/home/xinhongwang/nav2_ws/install/car_navigation2/lib/python3.10/site-packages'
[3.895s] Level 1:colcon.colcon_core.environment:checking '/home/xinhongwang/nav2_ws/install/car_navigation2/bin'
[3.896s] INFO:colcon.colcon_core.shell:Creating package script '/home/xinhongwang/nav2_ws/install/car_navigation2/share/car_navigation2/package.ps1'
[3.897s] INFO:colcon.colcon_core.shell:Creating package descriptor '/home/xinhongwang/nav2_ws/install/car_navigation2/share/car_navigation2/package.dsv'
[3.898s] INFO:colcon.colcon_core.shell:Creating package script '/home/xinhongwang/nav2_ws/install/car_navigation2/share/car_navigation2/package.sh'
[3.900s] INFO:colcon.colcon_core.shell:Creating package script '/home/xinhongwang/nav2_ws/install/car_navigation2/share/car_navigation2/package.bash'
[3.902s] INFO:colcon.colcon_core.shell:Creating package script '/home/xinhongwang/nav2_ws/install/car_navigation2/share/car_navigation2/package.zsh'
[3.903s] Level 1:colcon.colcon_core.environment:create_file_with_runtime_dependencies(/home/xinhongwang/nav2_ws/install/car_navigation2/share/colcon-core/packages/car_navigation2)
[4.318s] DEBUG:colcon.colcon_core.event_handler.log_command:Invoked command in '/home/xinhongwang/nav2_ws/build/autopartol_interfaces' returned '0': CMAKE_PREFIX_PATH=${CMAKE_PREFIX_PATH}:/home/xinhongwang/nav2_ws/install/car_application:/home/xinhongwang/nav2_ws/install/autopartol_robot:/home/xinhongwang/ws02_tools/install/car_application:/home/xinhongwang/ws02_tools/install/autopartol_robot:/opt/ros/humble /usr/bin/cmake /home/xinhongwang/nav2_ws/src/autopartol_interfaces -DAMENT_CMAKE_SYMLINK_INSTALL=1 -DCMAKE_INSTALL_PREFIX=/home/xinhongwang/nav2_ws/install/autopartol_interfaces
[4.322s] DEBUG:colcon.colcon_core.event_handler.log_command:Invoking command in '/home/xinhongwang/nav2_ws/build/autopartol_interfaces': CMAKE_PREFIX_PATH=${CMAKE_PREFIX_PATH}:/home/xinhongwang/nav2_ws/install/car_application:/home/xinhongwang/nav2_ws/install/autopartol_robot:/home/xinhongwang/ws02_tools/install/car_application:/home/xinhongwang/ws02_tools/install/autopartol_robot:/opt/ros/humble /usr/bin/cmake --build /home/xinhongwang/nav2_ws/build/autopartol_interfaces -- -j8 -l8
[4.863s] Level 1:colcon.colcon_core.environment:create_environment_scripts_only(cpp06_urdf)
[4.863s] Level 1:colcon.colcon_core.environment:checking '/home/xinhongwang/nav2_ws/install/cpp06_urdf' for CMake module files
[4.865s] DEBUG:colcon.colcon_core.event_handler.log_command:Invoked command in '/home/xinhongwang/nav2_ws/build/cpp06_urdf' returned '0': CMAKE_PREFIX_PATH=${CMAKE_PREFIX_PATH}:/home/xinhongwang/nav2_ws/install/car_application:/home/xinhongwang/nav2_ws/install/autopartol_robot:/home/xinhongwang/ws02_tools/install/car_application:/home/xinhongwang/ws02_tools/install/autopartol_robot:/opt/ros/humble /usr/bin/cmake --install /home/xinhongwang/nav2_ws/build/cpp06_urdf
[4.865s] Level 1:colcon.colcon_core.environment:checking '/home/xinhongwang/nav2_ws/install/cpp06_urdf' for CMake config files
[4.869s] Level 1:colcon.colcon_core.shell:create_environment_hook('cpp06_urdf', 'cmake_prefix_path')
[4.870s] INFO:colcon.colcon_core.shell:Creating environment hook '/home/xinhongwang/nav2_ws/install/cpp06_urdf/share/cpp06_urdf/hook/cmake_prefix_path.ps1'
[4.873s] INFO:colcon.colcon_core.shell:Creating environment descriptor '/home/xinhongwang/nav2_ws/install/cpp06_urdf/share/cpp06_urdf/hook/cmake_prefix_path.dsv'
[4.874s] INFO:colcon.colcon_core.shell:Creating environment hook '/home/xinhongwang/nav2_ws/install/cpp06_urdf/share/cpp06_urdf/hook/cmake_prefix_path.sh'
[4.875s] Level 1:colcon.colcon_core.environment:checking '/home/xinhongwang/nav2_ws/install/cpp06_urdf/bin'
[4.875s] Level 1:colcon.colcon_core.environment:checking '/home/xinhongwang/nav2_ws/install/cpp06_urdf/lib/pkgconfig/cpp06_urdf.pc'
[4.876s] Level 1:colcon.colcon_core.environment:checking '/home/xinhongwang/nav2_ws/install/cpp06_urdf/lib/python3.10/site-packages'
[4.877s] Level 1:colcon.colcon_core.environment:checking '/home/xinhongwang/nav2_ws/install/cpp06_urdf/bin'
[4.877s] INFO:colcon.colcon_core.shell:Creating package script '/home/xinhongwang/nav2_ws/install/cpp06_urdf/share/cpp06_urdf/package.ps1'
[4.879s] INFO:colcon.colcon_core.shell:Creating package descriptor '/home/xinhongwang/nav2_ws/install/cpp06_urdf/share/cpp06_urdf/package.dsv'
[4.879s] INFO:colcon.colcon_core.shell:Creating package script '/home/xinhongwang/nav2_ws/install/cpp06_urdf/share/cpp06_urdf/package.sh'
[4.880s] INFO:colcon.colcon_core.shell:Creating package script '/home/xinhongwang/nav2_ws/install/cpp06_urdf/share/cpp06_urdf/package.bash'
[4.880s] INFO:colcon.colcon_core.shell:Creating package script '/home/xinhongwang/nav2_ws/install/cpp06_urdf/share/cpp06_urdf/package.zsh'
[4.881s] Level 1:colcon.colcon_core.environment:create_file_with_runtime_dependencies(/home/xinhongwang/nav2_ws/install/cpp06_urdf/share/colcon-core/packages/cpp06_urdf)
[4.882s] Level 1:colcon.colcon_core.environment:create_environment_scripts_only(cpp06_urdf)
[4.883s] Level 1:colcon.colcon_core.environment:checking '/home/xinhongwang/nav2_ws/install/cpp06_urdf' for CMake module files
[4.884s] Level 1:colcon.colcon_core.environment:checking '/home/xinhongwang/nav2_ws/install/cpp06_urdf' for CMake config files
[4.885s] Level 1:colcon.colcon_core.shell:create_environment_hook('cpp06_urdf', 'cmake_prefix_path')
[4.885s] INFO:colcon.colcon_core.shell:Creating environment hook '/home/xinhongwang/nav2_ws/install/cpp06_urdf/share/cpp06_urdf/hook/cmake_prefix_path.ps1'
[4.886s] INFO:colcon.colcon_core.shell:Creating environment descriptor '/home/xinhongwang/nav2_ws/install/cpp06_urdf/share/cpp06_urdf/hook/cmake_prefix_path.dsv'
[4.887s] INFO:colcon.colcon_core.shell:Creating environment hook '/home/xinhongwang/nav2_ws/install/cpp06_urdf/share/cpp06_urdf/hook/cmake_prefix_path.sh'
[4.888s] Level 1:colcon.colcon_core.environment:checking '/home/xinhongwang/nav2_ws/install/cpp06_urdf/bin'
[4.888s] Level 1:colcon.colcon_core.environment:checking '/home/xinhongwang/nav2_ws/install/cpp06_urdf/lib/pkgconfig/cpp06_urdf.pc'
[4.889s] Level 1:colcon.colcon_core.environment:checking '/home/xinhongwang/nav2_ws/install/cpp06_urdf/lib/python3.10/site-packages'
[4.889s] Level 1:colcon.colcon_core.environment:checking '/home/xinhongwang/nav2_ws/install/cpp06_urdf/bin'
[4.890s] INFO:colcon.colcon_core.shell:Creating package script '/home/xinhongwang/nav2_ws/install/cpp06_urdf/share/cpp06_urdf/package.ps1'
[4.891s] INFO:colcon.colcon_core.shell:Creating package descriptor '/home/xinhongwang/nav2_ws/install/cpp06_urdf/share/cpp06_urdf/package.dsv'
[4.892s] INFO:colcon.colcon_core.shell:Creating package script '/home/xinhongwang/nav2_ws/install/cpp06_urdf/share/cpp06_urdf/package.sh'
[4.893s] INFO:colcon.colcon_core.shell:Creating package script '/home/xinhongwang/nav2_ws/install/cpp06_urdf/share/cpp06_urdf/package.bash'
[4.894s] INFO:colcon.colcon_core.shell:Creating package script '/home/xinhongwang/nav2_ws/install/cpp06_urdf/share/cpp06_urdf/package.zsh'
[4.896s] Level 1:colcon.colcon_core.environment:create_file_with_runtime_dependencies(/home/xinhongwang/nav2_ws/install/cpp06_urdf/share/colcon-core/packages/cpp06_urdf)
[8.525s] DEBUG:colcon.colcon_core.event_handler.log_command:Invoked command in '/home/xinhongwang/nav2_ws/build/autopartol_interfaces' returned '0': CMAKE_PREFIX_PATH=${CMAKE_PREFIX_PATH}:/home/xinhongwang/nav2_ws/install/car_application:/home/xinhongwang/nav2_ws/install/autopartol_robot:/home/xinhongwang/ws02_tools/install/car_application:/home/xinhongwang/ws02_tools/install/autopartol_robot:/opt/ros/humble /usr/bin/cmake --build /home/xinhongwang/nav2_ws/build/autopartol_interfaces -- -j8 -l8
[8.528s] DEBUG:colcon.colcon_core.event_handler.log_command:Invoking command in '/home/xinhongwang/nav2_ws/build/autopartol_interfaces': CMAKE_PREFIX_PATH=${CMAKE_PREFIX_PATH}:/home/xinhongwang/nav2_ws/install/car_application:/home/xinhongwang/nav2_ws/install/autopartol_robot:/home/xinhongwang/ws02_tools/install/car_application:/home/xinhongwang/ws02_tools/install/autopartol_robot:/opt/ros/humble /usr/bin/cmake --install /home/xinhongwang/nav2_ws/build/autopartol_interfaces
[9.474s] Level 1:colcon.colcon_core.environment:create_environment_scripts_only(autopartol_interfaces)
[9.474s] Level 1:colcon.colcon_core.environment:checking '/home/xinhongwang/nav2_ws/install/autopartol_interfaces' for CMake module files
[9.475s] DEBUG:colcon.colcon_core.event_handler.log_command:Invoked command in '/home/xinhongwang/nav2_ws/build/autopartol_interfaces' returned '0': CMAKE_PREFIX_PATH=${CMAKE_PREFIX_PATH}:/home/xinhongwang/nav2_ws/install/car_application:/home/xinhongwang/nav2_ws/install/autopartol_robot:/home/xinhongwang/ws02_tools/install/car_application:/home/xinhongwang/ws02_tools/install/autopartol_robot:/opt/ros/humble /usr/bin/cmake --install /home/xinhongwang/nav2_ws/build/autopartol_interfaces
[9.476s] Level 1:colcon.colcon_core.environment:checking '/home/xinhongwang/nav2_ws/install/autopartol_interfaces' for CMake config files
[9.477s] Level 1:colcon.colcon_core.shell:create_environment_hook('autopartol_interfaces', 'cmake_prefix_path')
[9.477s] INFO:colcon.colcon_core.shell:Creating environment hook '/home/xinhongwang/nav2_ws/install/autopartol_interfaces/share/autopartol_interfaces/hook/cmake_prefix_path.ps1'
[9.478s] INFO:colcon.colcon_core.shell:Creating environment descriptor '/home/xinhongwang/nav2_ws/install/autopartol_interfaces/share/autopartol_interfaces/hook/cmake_prefix_path.dsv'
[9.478s] INFO:colcon.colcon_core.shell:Creating environment hook '/home/xinhongwang/nav2_ws/install/autopartol_interfaces/share/autopartol_interfaces/hook/cmake_prefix_path.sh'
[9.479s] Level 1:colcon.colcon_core.environment:checking '/home/xinhongwang/nav2_ws/install/autopartol_interfaces/lib'
[9.479s] Level 1:colcon.colcon_core.shell:create_environment_hook('autopartol_interfaces', 'ld_library_path_lib')
[9.479s] INFO:colcon.colcon_core.shell:Creating environment hook '/home/xinhongwang/nav2_ws/install/autopartol_interfaces/share/autopartol_interfaces/hook/ld_library_path_lib.ps1'
[9.480s] INFO:colcon.colcon_core.shell:Creating environment descriptor '/home/xinhongwang/nav2_ws/install/autopartol_interfaces/share/autopartol_interfaces/hook/ld_library_path_lib.dsv'
[9.480s] INFO:colcon.colcon_core.shell:Creating environment hook '/home/xinhongwang/nav2_ws/install/autopartol_interfaces/share/autopartol_interfaces/hook/ld_library_path_lib.sh'
[9.481s] Level 1:colcon.colcon_core.environment:checking '/home/xinhongwang/nav2_ws/install/autopartol_interfaces/bin'
[9.481s] Level 1:colcon.colcon_core.environment:checking '/home/xinhongwang/nav2_ws/install/autopartol_interfaces/lib/pkgconfig/autopartol_interfaces.pc'
[9.481s] Level 1:colcon.colcon_core.environment:checking '/home/xinhongwang/nav2_ws/install/autopartol_interfaces/lib/python3.10/site-packages'
[9.482s] Level 1:colcon.colcon_core.environment:checking '/home/xinhongwang/nav2_ws/install/autopartol_interfaces/bin'
[9.482s] INFO:colcon.colcon_core.shell:Creating package script '/home/xinhongwang/nav2_ws/install/autopartol_interfaces/share/autopartol_interfaces/package.ps1'
[9.482s] INFO:colcon.colcon_core.shell:Creating package descriptor '/home/xinhongwang/nav2_ws/install/autopartol_interfaces/share/autopartol_interfaces/package.dsv'
[9.483s] INFO:colcon.colcon_core.shell:Creating package script '/home/xinhongwang/nav2_ws/install/autopartol_interfaces/share/autopartol_interfaces/package.sh'
[9.483s] INFO:colcon.colcon_core.shell:Creating package script '/home/xinhongwang/nav2_ws/install/autopartol_interfaces/share/autopartol_interfaces/package.bash'
[9.483s] INFO:colcon.colcon_core.shell:Creating package script '/home/xinhongwang/nav2_ws/install/autopartol_interfaces/share/autopartol_interfaces/package.zsh'
[9.484s] Level 1:colcon.colcon_core.environment:create_file_with_runtime_dependencies(/home/xinhongwang/nav2_ws/install/autopartol_interfaces/share/colcon-core/packages/autopartol_interfaces)
[9.485s] Level 1:colcon.colcon_core.environment:create_environment_scripts_only(autopartol_interfaces)
[9.485s] Level 1:colcon.colcon_core.environment:checking '/home/xinhongwang/nav2_ws/install/autopartol_interfaces' for CMake module files
[9.485s] Level 1:colcon.colcon_core.environment:checking '/home/xinhongwang/nav2_ws/install/autopartol_interfaces' for CMake config files
[9.487s] Level 1:colcon.colcon_core.shell:create_environment_hook('autopartol_interfaces', 'cmake_prefix_path')
[9.487s] INFO:colcon.colcon_core.shell:Creating environment hook '/home/xinhongwang/nav2_ws/install/autopartol_interfaces/share/autopartol_interfaces/hook/cmake_prefix_path.ps1'
[9.488s] INFO:colcon.colcon_core.shell:Creating environment descriptor '/home/xinhongwang/nav2_ws/install/autopartol_interfaces/share/autopartol_interfaces/hook/cmake_prefix_path.dsv'
[9.489s] INFO:colcon.colcon_core.shell:Creating environment hook '/home/xinhongwang/nav2_ws/install/autopartol_interfaces/share/autopartol_interfaces/hook/cmake_prefix_path.sh'
[9.489s] Level 1:colcon.colcon_core.environment:checking '/home/xinhongwang/nav2_ws/install/autopartol_interfaces/lib'
[9.489s] Level 1:colcon.colcon_core.shell:create_environment_hook('autopartol_interfaces', 'ld_library_path_lib')
[9.490s] INFO:colcon.colcon_core.shell:Creating environment hook '/home/xinhongwang/nav2_ws/install/autopartol_interfaces/share/autopartol_interfaces/hook/ld_library_path_lib.ps1'
[9.491s] INFO:colcon.colcon_core.shell:Creating environment descriptor '/home/xinhongwang/nav2_ws/install/autopartol_interfaces/share/autopartol_interfaces/hook/ld_library_path_lib.dsv'
[9.491s] INFO:colcon.colcon_core.shell:Creating environment hook '/home/xinhongwang/nav2_ws/install/autopartol_interfaces/share/autopartol_interfaces/hook/ld_library_path_lib.sh'
[9.492s] Level 1:colcon.colcon_core.environment:checking '/home/xinhongwang/nav2_ws/install/autopartol_interfaces/bin'
[9.492s] Level 1:colcon.colcon_core.environment:checking '/home/xinhongwang/nav2_ws/install/autopartol_interfaces/lib/pkgconfig/autopartol_interfaces.pc'
[9.493s] Level 1:colcon.colcon_core.environment:checking '/home/xinhongwang/nav2_ws/install/autopartol_interfaces/lib/python3.10/site-packages'
[9.493s] Level 1:colcon.colcon_core.environment:checking '/home/xinhongwang/nav2_ws/install/autopartol_interfaces/bin'
[9.493s] INFO:colcon.colcon_core.shell:Creating package script '/home/xinhongwang/nav2_ws/install/autopartol_interfaces/share/autopartol_interfaces/package.ps1'
[9.494s] INFO:colcon.colcon_core.shell:Creating package descriptor '/home/xinhongwang/nav2_ws/install/autopartol_interfaces/share/autopartol_interfaces/package.dsv'
[9.495s] INFO:colcon.colcon_core.shell:Creating package script '/home/xinhongwang/nav2_ws/install/autopartol_interfaces/share/autopartol_interfaces/package.sh'
[9.496s] INFO:colcon.colcon_core.shell:Creating package script '/home/xinhongwang/nav2_ws/install/autopartol_interfaces/share/autopartol_interfaces/package.bash'
[9.497s] INFO:colcon.colcon_core.shell:Creating package script '/home/xinhongwang/nav2_ws/install/autopartol_interfaces/share/autopartol_interfaces/package.zsh'
[9.497s] Level 1:colcon.colcon_core.environment:create_file_with_runtime_dependencies(/home/xinhongwang/nav2_ws/install/autopartol_interfaces/share/colcon-core/packages/autopartol_interfaces)
[9.498s] DEBUG:colcon.colcon_parallel_executor.executor.parallel:closing loop
[9.498s] DEBUG:colcon.colcon_parallel_executor.executor.parallel:loop closed
[9.499s] DEBUG:colcon.colcon_parallel_executor.executor.parallel:run_until_complete finished with '0'
[9.499s] DEBUG:colcon.colcon_core.event_reactor:joining thread
[9.511s] INFO:colcon.colcon_core.plugin_system:Skipping extension 'colcon_notification.desktop_notification.terminal_notifier': Not used on non-Darwin systems
[9.511s] INFO:colcon.colcon_core.plugin_system:Skipping extension 'colcon_notification.desktop_notification.win32': Not used on non-Windows systems
[9.511s] INFO:colcon.colcon_notification.desktop_notification:Sending desktop notification using 'notify2'
[9.548s] DEBUG:colcon.colcon_core.event_reactor:joined thread
[9.548s] INFO:colcon.colcon_core.shell:Creating prefix script '/home/xinhongwang/nav2_ws/install/local_setup.ps1'
[9.551s] INFO:colcon.colcon_core.shell:Creating prefix util module '/home/xinhongwang/nav2_ws/install/_local_setup_util_ps1.py'
[9.552s] INFO:colcon.colcon_core.shell:Creating prefix chain script '/home/xinhongwang/nav2_ws/install/setup.ps1'
[9.554s] INFO:colcon.colcon_core.shell:Creating prefix script '/home/xinhongwang/nav2_ws/install/local_setup.sh'
[9.555s] INFO:colcon.colcon_core.shell:Creating prefix util module '/home/xinhongwang/nav2_ws/install/_local_setup_util_sh.py'
[9.556s] INFO:colcon.colcon_core.shell:Creating prefix chain script '/home/xinhongwang/nav2_ws/install/setup.sh'
[9.558s] INFO:colcon.colcon_core.shell:Creating prefix script '/home/xinhongwang/nav2_ws/install/local_setup.bash'
[9.559s] INFO:colcon.colcon_core.shell:Creating prefix chain script '/home/xinhongwang/nav2_ws/install/setup.bash'
[9.562s] INFO:colcon.colcon_core.shell:Creating prefix script '/home/xinhongwang/nav2_ws/install/local_setup.zsh'
[9.563s] INFO:colcon.colcon_core.shell:Creating prefix chain script '/home/xinhongwang/nav2_ws/install/setup.zsh'
