[0.071s] Invoking command in '/home/xinhongwang/nav2_ws/build/autopartol_interfaces': CMAKE_PREFIX_PATH=${CMAKE_PREFIX_PATH}:/home/xinhongwang/nav2_ws/install/car_application:/home/xinhongwang/nav2_ws/install/autopartol_robot:/home/xinhongwang/ws02_tools/install/car_application:/home/xinhongwang/ws02_tools/install/autopartol_robot:/opt/ros/humble /usr/bin/cmake --build /home/xinhongwang/nav2_ws/build/autopartol_interfaces -- -j8 -l8
[0.829s] [  3%] Built target autopartol_interfaces__cpp
[0.832s] [  3%] Built target ament_cmake_python_symlink_autopartol_interfaces
[0.832s] [ 12%] Built target autopartol_interfaces__rosidl_typesupport_introspection_cpp
[0.833s] running egg_info
[0.834s] writing autopartol_interfaces.egg-info/PKG-INFO
[0.834s] writing dependency_links to autopartol_interfaces.egg-info/dependency_links.txt
[0.835s] writing top-level names to autopartol_interfaces.egg-info/top_level.txt
[0.835s] reading manifest file 'autopartol_interfaces.egg-info/SOURCES.txt'
[0.835s] writing manifest file 'autopartol_interfaces.egg-info/SOURCES.txt'
[0.835s] [ 12%] Built target ament_cmake_python_build_autopartol_interfaces_egg
[0.852s] [ 22%] Built target autopartol_interfaces__rosidl_typesupport_fastrtps_cpp
[0.906s] [ 32%] Built target autopartol_interfaces__rosidl_typesupport_cpp
[0.971s] [ 41%] Built target autopartol_interfaces__rosidl_generator_c
[1.025s] [ 51%] Built target autopartol_interfaces__rosidl_typesupport_fastrtps_c
[1.079s] [ 61%] Built target autopartol_interfaces__rosidl_typesupport_c
[1.135s] [ 70%] Built target autopartol_interfaces__rosidl_typesupport_introspection_c
[1.183s] [ 70%] Built target autopartol_interfaces
[1.237s] [ 74%] Built target autopartol_interfaces__py
[1.311s] [ 80%] Built target autopartol_interfaces__rosidl_generator_py
[1.410s] [ 87%] Built target autopartol_interfaces__rosidl_typesupport_fastrtps_c__pyext
[1.481s] [ 93%] Built target autopartol_interfaces__rosidl_typesupport_c__pyext
[1.556s] [100%] Built target autopartol_interfaces__rosidl_typesupport_introspection_c__pyext
[1.591s] Invoked command in '/home/xinhongwang/nav2_ws/build/autopartol_interfaces' returned '0': CMAKE_PREFIX_PATH=${CMAKE_PREFIX_PATH}:/home/xinhongwang/nav2_ws/install/car_application:/home/xinhongwang/nav2_ws/install/autopartol_robot:/home/xinhongwang/ws02_tools/install/car_application:/home/xinhongwang/ws02_tools/install/autopartol_robot:/opt/ros/humble /usr/bin/cmake --build /home/xinhongwang/nav2_ws/build/autopartol_interfaces -- -j8 -l8
[1.604s] Invoking command in '/home/xinhongwang/nav2_ws/build/autopartol_interfaces': CMAKE_PREFIX_PATH=${CMAKE_PREFIX_PATH}:/home/xinhongwang/nav2_ws/install/car_application:/home/xinhongwang/nav2_ws/install/autopartol_robot:/home/xinhongwang/ws02_tools/install/car_application:/home/xinhongwang/ws02_tools/install/autopartol_robot:/opt/ros/humble /usr/bin/cmake --install /home/xinhongwang/nav2_ws/build/autopartol_interfaces
[1.620s] -- Install configuration: ""
[1.621s] -- Execute custom install script
[1.623s] -- Up-to-date symlink: /home/xinhongwang/nav2_ws/install/autopartol_interfaces/share/ament_index/resource_index/rosidl_interfaces/autopartol_interfaces
[1.626s] -- Up-to-date symlink: /home/xinhongwang/nav2_ws/install/autopartol_interfaces/include/autopartol_interfaces/autopartol_interfaces/msg/rosidl_generator_c__visibility_control.h
[1.627s] -- Up-to-date symlink: /home/xinhongwang/nav2_ws/install/autopartol_interfaces/include/autopartol_interfaces/autopartol_interfaces/srv/detail/speech_text__functions.h
[1.627s] -- Up-to-date symlink: /home/xinhongwang/nav2_ws/install/autopartol_interfaces/include/autopartol_interfaces/autopartol_interfaces/srv/detail/speech_text__struct.h
[1.628s] -- Up-to-date symlink: /home/xinhongwang/nav2_ws/install/autopartol_interfaces/include/autopartol_interfaces/autopartol_interfaces/srv/detail/speech_text__type_support.h
[1.630s] -- Up-to-date symlink: /home/xinhongwang/nav2_ws/install/autopartol_interfaces/include/autopartol_interfaces/autopartol_interfaces/srv/speech_text.h
[1.631s] -- Up-to-date symlink: /home/xinhongwang/nav2_ws/install/autopartol_interfaces/share/autopartol_interfaces/environment/library_path.sh
[1.632s] -- Up-to-date symlink: /home/xinhongwang/nav2_ws/install/autopartol_interfaces/share/autopartol_interfaces/environment/library_path.dsv
[1.634s] -- Up-to-date symlink: /home/xinhongwang/nav2_ws/install/autopartol_interfaces/include/autopartol_interfaces/autopartol_interfaces/msg/rosidl_typesupport_fastrtps_c__visibility_control.h
[1.634s] -- Up-to-date symlink: /home/xinhongwang/nav2_ws/install/autopartol_interfaces/include/autopartol_interfaces/autopartol_interfaces/srv/detail/speech_text__rosidl_typesupport_fastrtps_c.h
[1.635s] -- Up-to-date symlink: /home/xinhongwang/nav2_ws/install/autopartol_interfaces/include/autopartol_interfaces/autopartol_interfaces/msg/rosidl_generator_cpp__visibility_control.hpp
[1.636s] -- Up-to-date symlink: /home/xinhongwang/nav2_ws/install/autopartol_interfaces/include/autopartol_interfaces/autopartol_interfaces/srv/detail/speech_text__builder.hpp
[1.637s] -- Up-to-date symlink: /home/xinhongwang/nav2_ws/install/autopartol_interfaces/include/autopartol_interfaces/autopartol_interfaces/srv/detail/speech_text__struct.hpp
[1.638s] -- Up-to-date symlink: /home/xinhongwang/nav2_ws/install/autopartol_interfaces/include/autopartol_interfaces/autopartol_interfaces/srv/detail/speech_text__traits.hpp
[1.639s] -- Up-to-date symlink: /home/xinhongwang/nav2_ws/install/autopartol_interfaces/include/autopartol_interfaces/autopartol_interfaces/srv/detail/speech_text__type_support.hpp
[1.640s] -- Up-to-date symlink: /home/xinhongwang/nav2_ws/install/autopartol_interfaces/include/autopartol_interfaces/autopartol_interfaces/srv/speech_text.hpp
[1.640s] -- Up-to-date symlink: /home/xinhongwang/nav2_ws/install/autopartol_interfaces/include/autopartol_interfaces/autopartol_interfaces/msg/rosidl_typesupport_fastrtps_cpp__visibility_control.h
[1.641s] -- Up-to-date symlink: /home/xinhongwang/nav2_ws/install/autopartol_interfaces/include/autopartol_interfaces/autopartol_interfaces/srv/detail/speech_text__rosidl_typesupport_fastrtps_cpp.hpp
[1.642s] -- Up-to-date symlink: /home/xinhongwang/nav2_ws/install/autopartol_interfaces/include/autopartol_interfaces/autopartol_interfaces/msg/rosidl_typesupport_introspection_c__visibility_control.h
[1.643s] -- Up-to-date symlink: /home/xinhongwang/nav2_ws/install/autopartol_interfaces/include/autopartol_interfaces/autopartol_interfaces/srv/detail/speech_text__rosidl_typesupport_introspection_c.h
[1.644s] -- Up-to-date symlink: /home/xinhongwang/nav2_ws/install/autopartol_interfaces/include/autopartol_interfaces/autopartol_interfaces/srv/detail/speech_text__rosidl_typesupport_introspection_cpp.hpp
[1.645s] -- Up-to-date symlink: /home/xinhongwang/nav2_ws/install/autopartol_interfaces/share/autopartol_interfaces/environment/pythonpath.sh
[1.646s] -- Up-to-date symlink: /home/xinhongwang/nav2_ws/install/autopartol_interfaces/share/autopartol_interfaces/environment/pythonpath.dsv
[1.646s] -- Up-to-date symlink: /home/xinhongwang/nav2_ws/install/autopartol_interfaces/local/lib/python3.10/dist-packages/autopartol_interfaces-0.0.0-py3.10.egg-info/PKG-INFO
[1.648s] -- Up-to-date symlink: /home/xinhongwang/nav2_ws/install/autopartol_interfaces/local/lib/python3.10/dist-packages/autopartol_interfaces-0.0.0-py3.10.egg-info/SOURCES.txt
[1.648s] -- Up-to-date symlink: /home/xinhongwang/nav2_ws/install/autopartol_interfaces/local/lib/python3.10/dist-packages/autopartol_interfaces-0.0.0-py3.10.egg-info/dependency_links.txt
[1.650s] -- Up-to-date symlink: /home/xinhongwang/nav2_ws/install/autopartol_interfaces/local/lib/python3.10/dist-packages/autopartol_interfaces-0.0.0-py3.10.egg-info/top_level.txt
[1.651s] -- Up-to-date symlink: /home/xinhongwang/nav2_ws/install/autopartol_interfaces/local/lib/python3.10/dist-packages/autopartol_interfaces/__init__.py
[1.652s] -- Up-to-date symlink: /home/xinhongwang/nav2_ws/install/autopartol_interfaces/local/lib/python3.10/dist-packages/autopartol_interfaces/_autopartol_interfaces_s.ep.rosidl_typesupport_c.c
[1.653s] -- Up-to-date symlink: /home/xinhongwang/nav2_ws/install/autopartol_interfaces/local/lib/python3.10/dist-packages/autopartol_interfaces/_autopartol_interfaces_s.ep.rosidl_typesupport_fastrtps_c.c
[1.654s] -- Up-to-date symlink: /home/xinhongwang/nav2_ws/install/autopartol_interfaces/local/lib/python3.10/dist-packages/autopartol_interfaces/_autopartol_interfaces_s.ep.rosidl_typesupport_introspection_c.c
[1.655s] -- Up-to-date symlink: /home/xinhongwang/nav2_ws/install/autopartol_interfaces/local/lib/python3.10/dist-packages/autopartol_interfaces/autopartol_interfaces_s__rosidl_typesupport_c.cpython-310-x86_64-linux-gnu.so
[1.655s] -- Up-to-date symlink: /home/xinhongwang/nav2_ws/install/autopartol_interfaces/local/lib/python3.10/dist-packages/autopartol_interfaces/autopartol_interfaces_s__rosidl_typesupport_fastrtps_c.cpython-310-x86_64-linux-gnu.so
[1.656s] -- Up-to-date symlink: /home/xinhongwang/nav2_ws/install/autopartol_interfaces/local/lib/python3.10/dist-packages/autopartol_interfaces/autopartol_interfaces_s__rosidl_typesupport_introspection_c.cpython-310-x86_64-linux-gnu.so
[1.657s] -- Up-to-date symlink: /home/xinhongwang/nav2_ws/install/autopartol_interfaces/local/lib/python3.10/dist-packages/autopartol_interfaces/libautopartol_interfaces__rosidl_generator_py.so
[1.659s] -- Up-to-date symlink: /home/xinhongwang/nav2_ws/install/autopartol_interfaces/local/lib/python3.10/dist-packages/autopartol_interfaces/srv/__init__.py
[1.659s] -- Up-to-date symlink: /home/xinhongwang/nav2_ws/install/autopartol_interfaces/local/lib/python3.10/dist-packages/autopartol_interfaces/srv/_speech_text.py
[1.659s] -- Up-to-date symlink: /home/xinhongwang/nav2_ws/install/autopartol_interfaces/local/lib/python3.10/dist-packages/autopartol_interfaces/srv/_speech_text_s.c
[1.660s] -- Up-to-date symlink: /home/xinhongwang/nav2_ws/install/autopartol_interfaces/local/lib/python3.10/dist-packages/autopartol_interfaces/autopartol_interfaces_s__rosidl_typesupport_fastrtps_c.cpython-310-x86_64-linux-gnu.so
[1.661s] -- Up-to-date symlink: /home/xinhongwang/nav2_ws/install/autopartol_interfaces/local/lib/python3.10/dist-packages/autopartol_interfaces/autopartol_interfaces_s__rosidl_typesupport_introspection_c.cpython-310-x86_64-linux-gnu.so
[1.662s] -- Up-to-date symlink: /home/xinhongwang/nav2_ws/install/autopartol_interfaces/local/lib/python3.10/dist-packages/autopartol_interfaces/autopartol_interfaces_s__rosidl_typesupport_c.cpython-310-x86_64-linux-gnu.so
[1.663s] -- Up-to-date symlink: /home/xinhongwang/nav2_ws/install/autopartol_interfaces/share/autopartol_interfaces/srv/SpeechText.idl
[1.664s] -- Up-to-date symlink: /home/xinhongwang/nav2_ws/install/autopartol_interfaces/share/autopartol_interfaces/srv/SpeechText.srv
[1.665s] -- Up-to-date symlink: /home/xinhongwang/nav2_ws/install/autopartol_interfaces/share/autopartol_interfaces/srv/SpeechText_Request.msg
[1.666s] -- Up-to-date symlink: /home/xinhongwang/nav2_ws/install/autopartol_interfaces/share/autopartol_interfaces/srv/SpeechText_Response.msg
[1.667s] -- Up-to-date symlink: /home/xinhongwang/nav2_ws/install/autopartol_interfaces/share/ament_index/resource_index/package_run_dependencies/autopartol_interfaces
[1.667s] -- Up-to-date symlink: /home/xinhongwang/nav2_ws/install/autopartol_interfaces/share/ament_index/resource_index/parent_prefix_path/autopartol_interfaces
[1.667s] -- Up-to-date symlink: /home/xinhongwang/nav2_ws/install/autopartol_interfaces/share/autopartol_interfaces/environment/ament_prefix_path.sh
[1.668s] -- Up-to-date symlink: /home/xinhongwang/nav2_ws/install/autopartol_interfaces/share/autopartol_interfaces/environment/ament_prefix_path.dsv
[1.668s] -- Up-to-date symlink: /home/xinhongwang/nav2_ws/install/autopartol_interfaces/share/autopartol_interfaces/environment/path.sh
[1.670s] -- Up-to-date symlink: /home/xinhongwang/nav2_ws/install/autopartol_interfaces/share/autopartol_interfaces/environment/path.dsv
[1.670s] -- Up-to-date symlink: /home/xinhongwang/nav2_ws/install/autopartol_interfaces/share/autopartol_interfaces/local_setup.bash
[1.671s] -- Up-to-date symlink: /home/xinhongwang/nav2_ws/install/autopartol_interfaces/share/autopartol_interfaces/local_setup.sh
[1.671s] -- Up-to-date symlink: /home/xinhongwang/nav2_ws/install/autopartol_interfaces/share/autopartol_interfaces/local_setup.zsh
[1.674s] -- Up-to-date symlink: /home/xinhongwang/nav2_ws/install/autopartol_interfaces/share/autopartol_interfaces/local_setup.dsv
[1.674s] -- Symlinking: /home/xinhongwang/nav2_ws/install/autopartol_interfaces/share/autopartol_interfaces/package.dsv
[1.693s] -- Up-to-date symlink: /home/xinhongwang/nav2_ws/install/autopartol_interfaces/share/ament_index/resource_index/packages/autopartol_interfaces
[1.694s] -- Up-to-date symlink: /home/xinhongwang/nav2_ws/install/autopartol_interfaces/share/autopartol_interfaces/cmake/rosidl_cmake-extras.cmake
[1.695s] -- Up-to-date symlink: /home/xinhongwang/nav2_ws/install/autopartol_interfaces/share/autopartol_interfaces/cmake/ament_cmake_export_dependencies-extras.cmake
[1.697s] -- Up-to-date symlink: /home/xinhongwang/nav2_ws/install/autopartol_interfaces/share/autopartol_interfaces/cmake/ament_cmake_export_include_directories-extras.cmake
[1.697s] -- Up-to-date symlink: /home/xinhongwang/nav2_ws/install/autopartol_interfaces/share/autopartol_interfaces/cmake/ament_cmake_export_libraries-extras.cmake
[1.698s] -- Up-to-date symlink: /home/xinhongwang/nav2_ws/install/autopartol_interfaces/share/autopartol_interfaces/cmake/ament_cmake_export_targets-extras.cmake
[1.699s] -- Up-to-date symlink: /home/xinhongwang/nav2_ws/install/autopartol_interfaces/share/autopartol_interfaces/cmake/rosidl_cmake_export_typesupport_targets-extras.cmake
[1.699s] -- Up-to-date symlink: /home/xinhongwang/nav2_ws/install/autopartol_interfaces/share/autopartol_interfaces/cmake/rosidl_cmake_export_typesupport_libraries-extras.cmake
[1.701s] -- Up-to-date symlink: /home/xinhongwang/nav2_ws/install/autopartol_interfaces/share/autopartol_interfaces/cmake/autopartol_interfacesConfig.cmake
[1.701s] -- Up-to-date symlink: /home/xinhongwang/nav2_ws/install/autopartol_interfaces/share/autopartol_interfaces/cmake/autopartol_interfacesConfig-version.cmake
[1.702s] -- Up-to-date symlink: /home/xinhongwang/nav2_ws/install/autopartol_interfaces/share/autopartol_interfaces/package.xml
[1.704s] -- Up-to-date: /home/xinhongwang/nav2_ws/install/autopartol_interfaces/lib/libautopartol_interfaces__rosidl_generator_c.so
[1.705s] -- Up-to-date: /home/xinhongwang/nav2_ws/install/autopartol_interfaces/lib/libautopartol_interfaces__rosidl_typesupport_fastrtps_c.so
[1.707s] -- Up-to-date: /home/xinhongwang/nav2_ws/install/autopartol_interfaces/lib/libautopartol_interfaces__rosidl_typesupport_fastrtps_cpp.so
[1.708s] -- Up-to-date: /home/xinhongwang/nav2_ws/install/autopartol_interfaces/lib/libautopartol_interfaces__rosidl_typesupport_introspection_c.so
[1.709s] -- Up-to-date: /home/xinhongwang/nav2_ws/install/autopartol_interfaces/lib/libautopartol_interfaces__rosidl_typesupport_c.so
[1.710s] -- Up-to-date: /home/xinhongwang/nav2_ws/install/autopartol_interfaces/lib/libautopartol_interfaces__rosidl_typesupport_introspection_cpp.so
[1.711s] -- Up-to-date: /home/xinhongwang/nav2_ws/install/autopartol_interfaces/lib/libautopartol_interfaces__rosidl_typesupport_cpp.so
[1.778s] Listing '/home/xinhongwang/nav2_ws/install/autopartol_interfaces/local/lib/python3.10/dist-packages/autopartol_interfaces'...
[1.778s] Listing '/home/xinhongwang/nav2_ws/install/autopartol_interfaces/local/lib/python3.10/dist-packages/autopartol_interfaces/srv'...
[1.785s] -- Up-to-date: /home/xinhongwang/nav2_ws/install/autopartol_interfaces/lib/libautopartol_interfaces__rosidl_generator_py.so
[1.786s] -- Up-to-date: /home/xinhongwang/nav2_ws/install/autopartol_interfaces/share/autopartol_interfaces/cmake/export_autopartol_interfaces__rosidl_generator_cExport.cmake
[1.786s] -- Up-to-date: /home/xinhongwang/nav2_ws/install/autopartol_interfaces/share/autopartol_interfaces/cmake/export_autopartol_interfaces__rosidl_generator_cExport-noconfig.cmake
[1.787s] -- Up-to-date: /home/xinhongwang/nav2_ws/install/autopartol_interfaces/share/autopartol_interfaces/cmake/export_autopartol_interfaces__rosidl_typesupport_fastrtps_cExport.cmake
[1.787s] -- Up-to-date: /home/xinhongwang/nav2_ws/install/autopartol_interfaces/share/autopartol_interfaces/cmake/export_autopartol_interfaces__rosidl_typesupport_fastrtps_cExport-noconfig.cmake
[1.788s] -- Up-to-date: /home/xinhongwang/nav2_ws/install/autopartol_interfaces/share/autopartol_interfaces/cmake/export_autopartol_interfaces__rosidl_generator_cppExport.cmake
[1.789s] -- Up-to-date: /home/xinhongwang/nav2_ws/install/autopartol_interfaces/share/autopartol_interfaces/cmake/export_autopartol_interfaces__rosidl_typesupport_fastrtps_cppExport.cmake
[1.789s] -- Up-to-date: /home/xinhongwang/nav2_ws/install/autopartol_interfaces/share/autopartol_interfaces/cmake/export_autopartol_interfaces__rosidl_typesupport_fastrtps_cppExport-noconfig.cmake
[1.789s] -- Up-to-date: /home/xinhongwang/nav2_ws/install/autopartol_interfaces/share/autopartol_interfaces/cmake/autopartol_interfaces__rosidl_typesupport_introspection_cExport.cmake
[1.791s] -- Up-to-date: /home/xinhongwang/nav2_ws/install/autopartol_interfaces/share/autopartol_interfaces/cmake/autopartol_interfaces__rosidl_typesupport_introspection_cExport-noconfig.cmake
[1.791s] -- Up-to-date: /home/xinhongwang/nav2_ws/install/autopartol_interfaces/share/autopartol_interfaces/cmake/autopartol_interfaces__rosidl_typesupport_cExport.cmake
[1.791s] -- Up-to-date: /home/xinhongwang/nav2_ws/install/autopartol_interfaces/share/autopartol_interfaces/cmake/autopartol_interfaces__rosidl_typesupport_cExport-noconfig.cmake
[1.792s] -- Up-to-date: /home/xinhongwang/nav2_ws/install/autopartol_interfaces/share/autopartol_interfaces/cmake/autopartol_interfaces__rosidl_typesupport_introspection_cppExport.cmake
[1.792s] -- Up-to-date: /home/xinhongwang/nav2_ws/install/autopartol_interfaces/share/autopartol_interfaces/cmake/autopartol_interfaces__rosidl_typesupport_introspection_cppExport-noconfig.cmake
[1.796s] -- Up-to-date: /home/xinhongwang/nav2_ws/install/autopartol_interfaces/share/autopartol_interfaces/cmake/autopartol_interfaces__rosidl_typesupport_cppExport.cmake
[1.796s] -- Up-to-date: /home/xinhongwang/nav2_ws/install/autopartol_interfaces/share/autopartol_interfaces/cmake/autopartol_interfaces__rosidl_typesupport_cppExport-noconfig.cmake
[1.796s] -- Up-to-date: /home/xinhongwang/nav2_ws/install/autopartol_interfaces/share/autopartol_interfaces/cmake/export_autopartol_interfaces__rosidl_generator_pyExport.cmake
[1.796s] -- Up-to-date: /home/xinhongwang/nav2_ws/install/autopartol_interfaces/share/autopartol_interfaces/cmake/export_autopartol_interfaces__rosidl_generator_pyExport-noconfig.cmake
[1.800s] Invoked command in '/home/xinhongwang/nav2_ws/build/autopartol_interfaces' returned '0': CMAKE_PREFIX_PATH=${CMAKE_PREFIX_PATH}:/home/xinhongwang/nav2_ws/install/car_application:/home/xinhongwang/nav2_ws/install/autopartol_robot:/home/xinhongwang/ws02_tools/install/car_application:/home/xinhongwang/ws02_tools/install/autopartol_robot:/opt/ros/humble /usr/bin/cmake --install /home/xinhongwang/nav2_ws/build/autopartol_interfaces
